Test ran at 2025-01-12 12:39:40.416595+00:00

SOLUTION:
semantic_versioning=2.1.0: Semantic Versioning in Ada
Origin: commit cc69201134c0a8d695b767a1fd1bf4fd8f6f3880 from https://github.com/alire-project/semantic_versioning.git
Properties:
   Author: Alejandro R. Mosteo
   Description: Semantic Versioning in Ada
   License: LGPL-3.0-only
   Maintainer: alejandro@mosteo.com
   Maintainers_Logins: mosteo
   Name: semantic_versioning
   Tag: semver
   Tag: semantic
   Tag: versioning
   Version: 2.1
   Website: https://github.com/alire-project/semantic_versioning


LOG:
Note: Deploying semantic_versioning=2.1.0...
Note: Building semantic_versioning/semantic_versioning.gpr...
Setup
   [mkdir]        object directory for project Semantic_Versioning
   [mkdir]        exec directory for project Semantic_Versioning
Compile
   [Ada]          semantic_versioning-demo.adb
   [Ada]          semantic_versioning-parser.adb
   [Ada]          semantic_versioning-extended-parser.adb
   [Ada]          semantic_versioning-extended.adb
   [Ada]          semantic_versioning.adb
   [Ada]          semantic_versioning-basic.adb
Bind
   [gprbind]      semantic_versioning-demo.bexch
   [gprbind]      semantic_versioning-parser.bexch
   [gprbind]      semantic_versioning-extended-parser.bexch
   [Ada]          semantic_versioning-demo.ali
   [Ada]          semantic_versioning-parser.ali
   [Ada]          semantic_versioning-extended-parser.ali
Link
   [link]         semantic_versioning-demo.adb
   [link]         semantic_versioning-parser.adb
   [link]         semantic_versioning-extended-parser.adb
-macosx_version_min has been renamed to -macos_version_min
-macosx_version_min has been renamed to -macos_version_min
-macosx_version_min has been renamed to -macos_version_min
ld: warning: ignoring duplicate libraries: '-lSystem'
ld: warning: ignoring duplicate libraries: '-lSystem'
ld: warning: ignoring duplicate libraries: '-lSystem'
ld: warning: Support for dylib stub (MH_DYLIB_STUB) file '/Users/runner/.config/alire/cache/dependencies/gnat_native_11.2.4_9800548d/lib/libgcc_ext.10.5.dylib' is deprecated, text-based stubs should be used instead (with `GENERATE_TEXT_BASED_STUBS` build setting, or `tapi` tool)
ld: warning: Support for dylib stub (MH_DYLIB_STUB) file '/Users/runner/.config/alire/cache/dependencies/gnat_native_11.2.4_9800548d/lib/libgcc_ext.10.5.dylib' is deprecated, text-based stubs should be used instead (with `GENERATE_TEXT_BASED_STUBS` build setting, or `tapi` tool)
ld: warning: Support for dylib stub (MH_DYLIB_STUB) file '/Users/runner/.config/alire/cache/dependencies/gnat_native_11.2.4_9800548d/lib/libgcc_ext.10.5.dylib' is deprecated, text-based stubs should be used instead (with `GENERATE_TEXT_BASED_STUBS` build setting, or `tapi` tool)
ld: malformed mach-o missing relocations, LC_DYLD_INFO, or LC_DYLD_CHAINED_FIXUPS in '/Users/runner/.config/alire/cache/dependencies/gnat_native_11.2.4_9800548d/lib/libgcc_ext.10.5.dylib'
ld: malformed mach-o missing relocations, LC_DYLD_INFO, or LC_DYLD_CHAINED_FIXUPS in '/Users/runner/.config/alire/cache/dependencies/gnat_native_11.2.4_9800548d/lib/libgcc_ext.10.5.dylib'
ld: malformed mach-o missing relocations, LC_DYLD_INFO, or LC_DYLD_CHAINED_FIXUPS in '/Users/runner/.config/alire/cache/dependencies/gnat_native_11.2.4_9800548d/lib/libgcc_ext.10.5.dylib'
collect2: error: ld returned 1 exit status
collect2: error: ld returned 1 exit status
collect2: error: ld returned 1 exit status
   link of semantic_versioning-extended-parser.adb failed
   failed command was: /users/runner/.config/alire/cache/dependencies/gnat_native_11.2.4_9800548d/bin/gcc semantic_versioning-extended-parser.o b__semantic_versioning-extended-parser.o /Users/runner/work/alire-crates-ci/alire-crates-ci/test/ed16ccc0-848c-4248-9c94-4f629584aff5/semantic_versioning_2.1.0_cc692011/obj/semantic_versioning-basic.o /Users/runner/work/alire-crates-ci/alire-crates-ci/test/ed16ccc0-848c-4248-9c94-4f629584aff5/semantic_versioning_2.1.0_cc692011/obj/semantic_versioning-extended.o /Users/runner/work/alire-crates-ci/alire-crates-ci/test/ed16ccc0-848c-4248-9c94-4f629584aff5/semantic_versioning_2.1.0_cc692011/obj/semantic_versioning.o -g -L/Users/runner/work/alire-crates-ci/alire-crates-ci/test/ed16ccc0-848c-4248-9c94-4f629584aff5/semantic_versioning_2.1.0_cc692011/obj/ -L/Users/runner/work/alire-crates-ci/alire-crates-ci/test/ed16ccc0-848c-4248-9c94-4f629584aff5/semantic_versioning_2.1.0_cc692011/obj/ -L/users/runner/.config/alire/cache/dependencies/gnat_native_11.2.4_9800548d/lib/gcc/x86_64-apple-darwin19.6.0/11.2.0/adalib/ /users/runner/.config/alire/cache/dependencies/gnat_native_11.2.4_9800548d/lib/gcc/x86_64-apple-darwin19.6.0/11.2.0/adalib/libgnat.a -Wl,-rpath,@executable_path/..//obj -Wl,-rpath,@executable_path/../../../../../../..//.config/alire/cache/dependencies/gnat_native_11.2.4_9800548d/lib/gcc/x86_64-apple-darwin19.6.0/11.2.0/adalib -o /Users/runner/work/alire-crates-ci/alire-crates-ci/test/ed16ccc0-848c-4248-9c94-4f629584aff5/semantic_versioning_2.1.0_cc692011/bin//semantic_versioning-extended-parser 
   link of semantic_versioning-parser.adb failed
   failed command was: /users/runner/.config/alire/cache/dependencies/gnat_native_11.2.4_9800548d/bin/gcc semantic_versioning-parser.o b__semantic_versioning-parser.o /Users/runner/work/alire-crates-ci/alire-crates-ci/test/ed16ccc0-848c-4248-9c94-4f629584aff5/semantic_versioning_2.1.0_cc692011/obj/semantic_versioning-basic.o /Users/runner/work/alire-crates-ci/alire-crates-ci/test/ed16ccc0-848c-4248-9c94-4f629584aff5/semantic_versioning_2.1.0_cc692011/obj/semantic_versioning-extended.o /Users/runner/work/alire-crates-ci/alire-crates-ci/test/ed16ccc0-848c-4248-9c94-4f629584aff5/semantic_versioning_2.1.0_cc692011/obj/semantic_versioning.o -g -L/Users/runner/work/alire-crates-ci/alire-crates-ci/test/ed16ccc0-848c-4248-9c94-4f629584aff5/semantic_versioning_2.1.0_cc692011/obj/ -L/Users/runner/work/alire-crates-ci/alire-crates-ci/test/ed16ccc0-848c-4248-9c94-4f629584aff5/semantic_versioning_2.1.0_cc692011/obj/ -L/users/runner/.config/alire/cache/dependencies/gnat_native_11.2.4_9800548d/lib/gcc/x86_64-apple-darwin19.6.0/11.2.0/adalib/ /users/runner/.config/alire/cache/dependencies/gnat_native_11.2.4_9800548d/lib/gcc/x86_64-apple-darwin19.6.0/11.2.0/adalib/libgnat.a -Wl,-rpath,@executable_path/..//obj -Wl,-rpath,@executable_path/../../../../../../..//.config/alire/cache/dependencies/gnat_native_11.2.4_9800548d/lib/gcc/x86_64-apple-darwin19.6.0/11.2.0/adalib -o /Users/runner/work/alire-crates-ci/alire-crates-ci/test/ed16ccc0-848c-4248-9c94-4f629584aff5/semantic_versioning_2.1.0_cc692011/bin//semantic_versioning-parser 
   link of semantic_versioning-demo.adb failed
   failed command was: /users/runner/.config/alire/cache/dependencies/gnat_native_11.2.4_9800548d/bin/gcc semantic_versioning-demo.o b__semantic_versioning-demo.o /Users/runner/work/alire-crates-ci/alire-crates-ci/test/ed16ccc0-848c-4248-9c94-4f629584aff5/semantic_versioning_2.1.0_cc692011/obj/semantic_versioning-basic.o /Users/runner/work/alire-crates-ci/alire-crates-ci/test/ed16ccc0-848c-4248-9c94-4f629584aff5/semantic_versioning_2.1.0_cc692011/obj/semantic_versioning-extended.o /Users/runner/work/alire-crates-ci/alire-crates-ci/test/ed16ccc0-848c-4248-9c94-4f629584aff5/semantic_versioning_2.1.0_cc692011/obj/semantic_versioning.o -g -L/Users/runner/work/alire-crates-ci/alire-crates-ci/test/ed16ccc0-848c-4248-9c94-4f629584aff5/semantic_versioning_2.1.0_cc692011/obj/ -L/Users/runner/work/alire-crates-ci/alire-crates-ci/test/ed16ccc0-848c-4248-9c94-4f629584aff5/semantic_versioning_2.1.0_cc692011/obj/ -L/users/runner/.config/alire/cache/dependencies/gnat_native_11.2.4_9800548d/lib/gcc/x86_64-apple-darwin19.6.0/11.2.0/adalib/ /users/runner/.config/alire/cache/dependencies/gnat_native_11.2.4_9800548d/lib/gcc/x86_64-apple-darwin19.6.0/11.2.0/adalib/libgnat.a -Wl,-rpath,@executable_path/..//obj -Wl,-rpath,@executable_path/../../../../../../..//.config/alire/cache/dependencies/gnat_native_11.2.4_9800548d/lib/gcc/x86_64-apple-darwin19.6.0/11.2.0/adalib -o /Users/runner/work/alire-crates-ci/alire-crates-ci/test/ed16ccc0-848c-4248-9c94-4f629584aff5/semantic_versioning_2.1.0_cc692011/bin//demo 
gprbuild: *** link phase failed
stderr: Command ["gprbuild", "-s", "-j0", "-p", "-P", "/Users/runner/work/alire-crates-ci/alire-crates-ci/test/ed16ccc0-848c-4248-9c94-4f629584aff5/semantic_versioning_2.1.0_cc692011/semantic_versioning.gpr"] exited with code 4
ERROR: Command ["gprbuild", "-s", "-j0", "-p", "-P", "/Users/runner/work/alire-crates-ci/alire-crates-ci/test/ed16ccc0-848c-4248-9c94-4f629584aff5/semantic_versioning_2.1.0_cc692011/semantic_versioning.gpr"] exited with code 4
stderr: ALIRE.CHECKED_ERROR
stderr: Command ["gprbuild", "-s", "-j0", "-p", "-P", "/Users/runner/work/alire-crates-ci/alire-crates-ci/test/ed16ccc0-848c-4248-9c94-4f629584aff5/semantic_versioning_2.1.0_cc692011/semantic_versioning.gpr"] exited with code 4
stderr: raised ALIRE.CHECKED_ERROR : alire-stored-error:1
Load address: 0x1024d4000
Call stack traceback locations:
0x102ddc415 0x102aafe83 0x102cc2df9 0x102cc3581 0x102c23ac3 0x102c21f99 0x102c3e873 0x102c8adc1 0x102c8981a 0x102c3e9b8 0x102c22349 0x1025339c1 0x102544578 0x10254901c 0x1025cf05c 0x1025da3b8 0x1024d5605 0x1024d8914


Warning: semantic_versioning=2.1.0 successfully retrieved but its build failed.
There are no dependencies.
ERROR: Build ended with errors
