Test ran at 2025-01-31 13:32:03.635647+00:00

SOLUTION:
ini_files=10.0.0: A standalone, portable Ada package for configuration files
Origin: source archive ini-files-10.zip at https://sourceforge.net/projects/ini-files/files/ini-files/ini-files-10.zip with hash sha512:6f2bab21ce53d8b4448d30c0fc1b0bd4ec070120f6343ff176dbec338530e8d7948e14fd8e991b26f108f60cd7dc44531a537c8ca087c66ffca4d9993de32f60
Properties:
   Author: Rolf Ebert
   Author: Gautier de Montmollin
   Description: A standalone, portable Ada package for configuration files
   License: MIT
   Maintainer: rolf.ebert.gcc@gmx.de
   Maintainer: gdemont@hotmail.com
   Maintainers_Logins: RREE
   Maintainers_Logins: zertovitch
   Name: ini_files
   Project_File: ini_files.gpr
   Tag: ini
   Tag: cfg
   Tag: config
   Version: 10.0.0
   Website: https://sourceforge.net/p/ini-files/


LOG:
Note: Deploying ini_files=10.0.0...

######################################################################## 100.0%
######################################################################## 100.0%
######################################################################## 100.0%
######################################################################## 100.0%#=#=#                                                                          
##=#=#                                                                         

######################################################################## 100.0%
Note: Building ini_files/ini_files.gpr...
Setup
   [mkdir]        object directory for project Ini_files
Compile
   [Ada]          test_config.adb
   [Ada]          rosetta_read_cfg.adb
   [Ada]          rosetta_updt_cfg.adb
   [Ada]          rosetta_updt_cfg_reset.adb
   [Ada]          config.adb
Bind
   [gprbind]      test_config.bexch
   [gprbind]      rosetta_read_cfg.bexch
   [gprbind]      rosetta_updt_cfg.bexch
   [Ada]          test_config.ali
   [Ada]          rosetta_read_cfg.ali
   [Ada]          rosetta_updt_cfg.ali
   [gprbind]      rosetta_updt_cfg_reset.bexch
   [Ada]          rosetta_updt_cfg_reset.ali
Link
   [link]         test_config.adb
   [link]         rosetta_read_cfg.adb
   [link]         rosetta_updt_cfg.adb
-macosx_version_min has been renamed to -macos_version_min
ld: warning: ignoring duplicate libraries: '-lSystem'
-macosx_version_min has been renamed to -macos_version_min
-macosx_version_min has been renamed to -macos_version_min
ld: warning: ignoring duplicate libraries: '-lSystem'
ld: warning: ignoring duplicate libraries: '-lSystem'
ld: warning: Support for dylib stub (MH_DYLIB_STUB) file '/Users/runner/.config/alire/cache/dependencies/gnat_native_11.2.4_9800548d/lib/libgcc_ext.10.5.dylib' is deprecated, text-based stubs should be used instead (with `GENERATE_TEXT_BASED_STUBS` build setting, or `tapi` tool)
ld: warning: Support for dylib stub (MH_DYLIB_STUB) file '/Users/runner/.config/alire/cache/dependencies/gnat_native_11.2.4_9800548d/lib/libgcc_ext.10.5.dylib' is deprecated, text-based stubs should be used instead (with `GENERATE_TEXT_BASED_STUBS` build setting, or `tapi` tool)
ld: warning: Support for dylib stub (MH_DYLIB_STUB) file '/Users/runner/.config/alire/cache/dependencies/gnat_native_11.2.4_9800548d/lib/libgcc_ext.10.5.dylib' is deprecated, text-based stubs should be used instead (with `GENERATE_TEXT_BASED_STUBS` build setting, or `tapi` tool)
ld: malformed mach-o missing relocations, LC_DYLD_INFO, or LC_DYLD_CHAINED_FIXUPS in '/Users/runner/.config/alire/cache/dependencies/gnat_native_11.2.4_9800548d/lib/libgcc_ext.10.5.dylib'
collect2: error: ld returned 1 exit status
ld: malformed mach-o missing relocations, LC_DYLD_INFO, or LC_DYLD_CHAINED_FIXUPS in '/Users/runner/.config/alire/cache/dependencies/gnat_native_11.2.4_9800548d/lib/libgcc_ext.10.5.dylib'
collect2: error: ld returned 1 exit status
ld: malformed mach-o missing relocations, LC_DYLD_INFO, or LC_DYLD_CHAINED_FIXUPS in '/Users/runner/.config/alire/cache/dependencies/gnat_native_11.2.4_9800548d/lib/libgcc_ext.10.5.dylib'
collect2: error: ld returned 1 exit status
   link of test_config.adb failed
   failed command was: /users/runner/.config/alire/cache/dependencies/gnat_native_11.2.4_9800548d/bin/gcc test_config.o b__test_config.o /Users/runner/work/alire-crates-ci/alire-crates-ci/test/c45b2648-ace2-467a-bd74-1a38040461d3/ini_files_10.0.0_6f2bab21/obj/config.o -L/Users/runner/work/alire-crates-ci/alire-crates-ci/test/c45b2648-ace2-467a-bd74-1a38040461d3/ini_files_10.0.0_6f2bab21/obj/ -L/Users/runner/work/alire-crates-ci/alire-crates-ci/test/c45b2648-ace2-467a-bd74-1a38040461d3/ini_files_10.0.0_6f2bab21/obj/ -L/users/runner/.config/alire/cache/dependencies/gnat_native_11.2.4_9800548d/lib/gcc/x86_64-apple-darwin19.6.0/11.2.0/adalib/ /users/runner/.config/alire/cache/dependencies/gnat_native_11.2.4_9800548d/lib/gcc/x86_64-apple-darwin19.6.0/11.2.0/adalib/libgnat.a -Wl,-rpath,@executable_path//obj -Wl,-rpath,@executable_path/../../../../../..//.config/alire/cache/dependencies/gnat_native_11.2.4_9800548d/lib/gcc/x86_64-apple-darwin19.6.0/11.2.0/adalib -o /Users/runner/work/alire-crates-ci/alire-crates-ci/test/c45b2648-ace2-467a-bd74-1a38040461d3/ini_files_10.0.0_6f2bab21//test_config 
   link of rosetta_updt_cfg.adb failed
   failed command was: /users/runner/.config/alire/cache/dependencies/gnat_native_11.2.4_9800548d/bin/gcc rosetta_updt_cfg.o b__rosetta_updt_cfg.o /Users/runner/work/alire-crates-ci/alire-crates-ci/test/c45b2648-ace2-467a-bd74-1a38040461d3/ini_files_10.0.0_6f2bab21/obj/config.o -L/Users/runner/work/alire-crates-ci/alire-crates-ci/test/c45b2648-ace2-467a-bd74-1a38040461d3/ini_files_10.0.0_6f2bab21/obj/ -L/Users/runner/work/alire-crates-ci/alire-crates-ci/test/c45b2648-ace2-467a-bd74-1a38040461d3/ini_files_10.0.0_6f2bab21/obj/ -L/users/runner/.config/alire/cache/dependencies/gnat_native_11.2.4_9800548d/lib/gcc/x86_64-apple-darwin19.6.0/11.2.0/adalib/ /users/runner/.config/alire/cache/dependencies/gnat_native_11.2.4_9800548d/lib/gcc/x86_64-apple-darwin19.6.0/11.2.0/adalib/libgnat.a -Wl,-rpath,@executable_path//obj -Wl,-rpath,@executable_path/../../../../../..//.config/alire/cache/dependencies/gnat_native_11.2.4_9800548d/lib/gcc/x86_64-apple-darwin19.6.0/11.2.0/adalib -o /Users/runner/work/alire-crates-ci/alire-crates-ci/test/c45b2648-ace2-467a-bd74-1a38040461d3/ini_files_10.0.0_6f2bab21//rosetta_updt_cfg 
   link of rosetta_read_cfg.adb failed
   failed command was: /users/runner/.config/alire/cache/dependencies/gnat_native_11.2.4_9800548d/bin/gcc rosetta_read_cfg.o b__rosetta_read_cfg.o /Users/runner/work/alire-crates-ci/alire-crates-ci/test/c45b2648-ace2-467a-bd74-1a38040461d3/ini_files_10.0.0_6f2bab21/obj/config.o -L/Users/runner/work/alire-crates-ci/alire-crates-ci/test/c45b2648-ace2-467a-bd74-1a38040461d3/ini_files_10.0.0_6f2bab21/obj/ -L/Users/runner/work/alire-crates-ci/alire-crates-ci/test/c45b2648-ace2-467a-bd74-1a38040461d3/ini_files_10.0.0_6f2bab21/obj/ -L/users/runner/.config/alire/cache/dependencies/gnat_native_11.2.4_9800548d/lib/gcc/x86_64-apple-darwin19.6.0/11.2.0/adalib/ /users/runner/.config/alire/cache/dependencies/gnat_native_11.2.4_9800548d/lib/gcc/x86_64-apple-darwin19.6.0/11.2.0/adalib/libgnat.a -Wl,-rpath,@executable_path//obj -Wl,-rpath,@executable_path/../../../../../..//.config/alire/cache/dependencies/gnat_native_11.2.4_9800548d/lib/gcc/x86_64-apple-darwin19.6.0/11.2.0/adalib -o /Users/runner/work/alire-crates-ci/alire-crates-ci/test/c45b2648-ace2-467a-bd74-1a38040461d3/ini_files_10.0.0_6f2bab21//rosetta_read_cfg 
gprbuild: *** link phase failed
stderr: Command ["gprbuild", "-s", "-j0", "-p", "-P", "/Users/runner/work/alire-crates-ci/alire-crates-ci/test/c45b2648-ace2-467a-bd74-1a38040461d3/ini_files_10.0.0_6f2bab21/ini_files.gpr"] exited with code 4
ERROR: Command ["gprbuild", "-s", "-j0", "-p", "-P", "/Users/runner/work/alire-crates-ci/alire-crates-ci/test/c45b2648-ace2-467a-bd74-1a38040461d3/ini_files_10.0.0_6f2bab21/ini_files.gpr"] exited with code 4
stderr: ALIRE.CHECKED_ERROR
stderr: Command ["gprbuild", "-s", "-j0", "-p", "-P", "/Users/runner/work/alire-crates-ci/alire-crates-ci/test/c45b2648-ace2-467a-bd74-1a38040461d3/ini_files_10.0.0_6f2bab21/ini_files.gpr"] exited with code 4
stderr: raised ALIRE.CHECKED_ERROR : alire-stored-error:1
Load address: 0x104a05000
Call stack traceback locations:
0x10530d415 0x104fe0e83 0x1051f3df9 0x1051f4581 0x105154ac3 0x105152f99 0x10516f873 0x1051bbdc1 0x1051ba81a 0x10516f9b8 0x105153349 0x104a649c1 0x104a75578 0x104a7a01c 0x104b0005c 0x104b0b3b8 0x104a06605 0x104a09914


Warning: ini_files=10.0.0 successfully retrieved but its build failed.
There are no dependencies.
ERROR: Build ended with errors
