Test ran at 2024-09-27 00:45:12.647483+00:00

SOLUTION:
lace_c_math=0.1.0: A binding to the C math code used by box2d & bullet bindings.
Origin: source archive lace_c_math-0.1.0.tgz at https://github.com/charlie5/lace-alire/releases/download/v0.1.0/lace_c_math-0.1.0.tgz with hashes sha256:e47df28c1422a9e75c430d0386c6f4ae89f049853e6cc902ec1fb8dfd7fe21be, sha512:5188f8bafe18fd1b04ad2dd5f915d4974c07ff99987aca3b5161970a7c3e6231b4710f32adc4c70fbef015128b0feff7ef138c96b8dd46d346f5cdd0826359ef
Properties:
   Author: Rod Kay
   Description: A binding to the C math code used by box2d & bullet bindings.
   License: ISC
   Maintainer: Rod Kay <rodakay5@gmail.com>
   Maintainers_Logins: charlie5
   Name: lace_c_math
   Project_File: library/c_math_thin.gpr
   Version: 0.1.0
Dependencies (direct):
   lace_math~0.1
   lace_swig~0.1
Dependencies (solution):
   lace_math=0.1.0
   lace_shared=0.1.0
   lace_swig=0.1.0
Dependencies (graph):
   lace_c_math=0.1.0 --> lace_math=0.1.0 (~0.1)  
   lace_c_math=0.1.0 --> lace_swig=0.1.0 (~0.1)  
   lace_math=0.1.0   --> lace_shared=0.1.0 (~0.1)


LOG:
Note: Deploying lace_c_math=0.1.0...
#=#=#                                                                          
##O#-#                                                                         

######################################################################## 100.0%
Note: Deploying lace_shared=0.1.0...
#=#=#                                                                          
##O#-#                                                                         

######################################################################## 100.0%
Note: Deploying lace_swig=0.1.0...
#=#=#                                                                          
##O#-#                                                                         

######################################################################## 100.0%
Note: Deploying lace_math=0.1.0...
#=#=#                                                                          
##O#-#                                                                         

##################################################                        70.0%
######################################################################## 100.0%
Note: Building lace_c_math/library/c_math_thin.gpr...
Setup
   [mkdir]        object directory for project c_Math_Thin_C
   [mkdir]        object directory for project Swig
   [mkdir]        object directory for project Math
Compile
   [Ada]          long_math.ads
   [Ada]          float_math-random.ads
   [Ada]          float_math-fast_rotation.ads
float_math-fast_rotation.ads:5:01: warning: in instantiation at cached_rotation.ads:20
float_math-fast_rotation.ads:5:01: warning: in instantiation at any_math-any_fast_rotation.adb:17
float_math-fast_rotation.ads:5:01: warning: insufficient -O value
   [Ada]          float_math-fast_trigonometry.ads
   [Ada]          float_math-analysis.ads
float_math-analysis.ads:5:01: warning: in instantiation at any_math-any_analysis.ads:6
float_math-analysis.ads:5:01: warning: insufficient -O value
   [Ada]          float_math-geometry.ads
float_math-fast_trigonometry.ads:5:01: warning: in instantiation at cached_trigonometry.ads:11
float_math-fast_trigonometry.ads:5:01: warning: in instantiation at any_math-any_fast_trigonometry.ads:8
float_math-fast_trigonometry.ads:5:01: warning: insufficient -O value
   [Ada]          float_math-algebra-linear.ads
   [Ada]          float_math-algebra.ads
   [Ada]          float_math-geometry-d3-modeller-forge.ads
   [Ada]          float_math-geometry-d3-modeller.ads
   [Ada]          float_math-arithmetic.ads
float_math-arithmetic.ads:5:01: warning: in instantiation at any_math-any_arithmetic.ads:6
float_math-arithmetic.ads:5:01: warning: insufficient -O value
   [Ada]          float_math-geometry-d2.ads
   [Ada]          float_math-algebra-linear-d3.ads
   [Ada]          float_math-algebra-linear-d2.ads
   [Ada]          float_math-geometry-d3.ads
   [Ada]          float_math-computational.ads
float_math-computational.ads:4:01: warning: in instantiation at any_math-any_computational.ads:6
float_math-computational.ads:4:01: warning: insufficient -O value
   [Ada]          float_math-statistics.ads
   [Ada]          float_math.ads
   [Ada]          short_math.ads
float_math-statistics.ads:4:01: warning: in instantiation at any_math-any_statistics.ads:6
float_math-statistics.ads:4:01: warning: insufficient -O value
   [Ada]          any_math-any_computational.ads
   [Ada]          any_math-any_statistics.ads
   [Ada]          any_math-any_fast_trigonometry.ads
   [Ada]          cached_trigonometry.adb
   [Ada]          cached_rotation.adb
   [Ada]          any_math-any_fast_rotation.adb
   [Ada]          any_math-any_geometry-any_d2.adb
   [Ada]          any_math-any_geometry-any_d3.adb
   [Ada]          any_math-any_geometry-any_d3-any_modeller.adb
   [Ada]          any_math-any_geometry.adb
   [Ada]          any_math-any_geometry-any_d3-any_modeller-any_forge.adb
any_math-any_geometry.ads:64:62: warning: others choice is redundant
any_math-any_geometry.ads:64:62: warning: previous choices cover all components
   [Ada]          any_math-any_arithmetic.ads
   [Ada]          any_math-any_analysis.ads
   [Ada]          any_math-any_algebra-any_linear.adb
   [Ada]          any_math-any_algebra.ads
   [Ada]          any_math-any_algebra-any_linear-any_d3.adb
   [Ada]          any_math-any_algebra-any_linear-any_d2.adb
   [Ada]          any_math.adb
   [Ada]          any_math-any_random.adb
   [Ada]          swig-pointers.ads
   [Ada]          swig.ads
   [c++]          c_math.cpp
   [c++]          c_math_c_wrap.cxx
   [Ada]          c_math_c-matrix_3x3.ads
   [Ada]          c_math_c-vector_3.ads
   [Ada]          c_math_c-vector_2.ads
   [Ada]          c_math_c-binding.ads
In file included from /Users/runner/work/alire-crates-ci/alire-crates-ci/test/49960b4d-a33c-4118-960f-be63a952bde0/lace_c_math_0.1.0_e47df28c/source/thin/c_math_c_wrap.cxx:157:
/Users/runner/.config/alire/cache/dependencies/gnat_native_10.3.2_e112fd3f/lib/gcc/x86_64-apple-darwin19.6.0/10.3.0/include-fixed/stdio.h:81:8: error: 'FILE' does not name a type
   81 | extern FILE *__stdinp;
      |        ^~~~
/Users/runner/.config/alire/cache/dependencies/gnat_native_10.3.2_e112fd3f/lib/gcc/x86_64-apple-darwin19.6.0/10.3.0/include-fixed/stdio.h:79:1: note: 'FILE' is defined in header '<cstdio>'; did you forget to '#include <cstdio>'?
   78 | #include <_stdio.h>
  +++ |+#include <cstdio>
   79 | 
/Users/runner/.config/alire/cache/dependencies/gnat_native_10.3.2_e112fd3f/lib/gcc/x86_64-apple-darwin19.6.0/10.3.0/include-fixed/stdio.h:82:8: error: 'FILE' does not name a type
   82 | extern FILE *__stdoutp;
      |        ^~~~
/Users/runner/.config/alire/cache/dependencies/gnat_native_10.3.2_e112fd3f/lib/gcc/x86_64-apple-darwin19.6.0/10.3.0/include-fixed/stdio.h:82:8: note: 'FILE' is defined in header '<cstdio>'; did you forget to '#include <cstdio>'?
/Users/runner/.config/alire/cache/dependencies/gnat_native_10.3.2_e112fd3f/lib/gcc/x86_64-apple-darwin19.6.0/10.3.0/include-fixed/stdio.h:83:8: error: 'FILE' does not name a type
   83 | extern FILE *__stderrp;
      |        ^~~~
/Users/runner/.config/alire/cache/dependencies/gnat_native_10.3.2_e112fd3f/lib/gcc/x86_64-apple-darwin19.6.0/10.3.0/include-fixed/stdio.h:83:8: note: 'FILE' is defined in header '<cstdio>'; did you forget to '#include <cstdio>'?
/Users/runner/.config/alire/cache/dependencies/gnat_native_10.3.2_e112fd3f/lib/gcc/x86_64-apple-darwin19.6.0/10.3.0/include-fixed/stdio.h:156:7: error: variable or field 'clearerr' declared void
  156 | void  clearerr(FILE *);
      |       ^~~~~~~~
/Users/runner/.config/alire/cache/dependencies/gnat_native_10.3.2_e112fd3f/lib/gcc/x86_64-apple-darwin19.6.0/10.3.0/include-fixed/stdio.h:156:16: error: 'FILE' was not declared in this scope
  156 | void  clearerr(FILE *);
      |                ^~~~
/Users/runner/.config/alire/cache/dependencies/gnat_native_10.3.2_e112fd3f/lib/gcc/x86_64-apple-darwin19.6.0/10.3.0/include-fixed/stdio.h:156:16: note: 'FILE' is defined in header '<cstdio>'; did you forget to '#include <cstdio>'?
/Users/runner/.config/alire/cache/dependencies/gnat_native_10.3.2_e112fd3f/lib/gcc/x86_64-apple-darwin19.6.0/10.3.0/include-fixed/stdio.h:156:22: error: expected primary-expression before ')' token
  156 | void  clearerr(FILE *);
      |                      ^
/Users/runner/.config/alire/cache/dependencies/gnat_native_10.3.2_e112fd3f/lib/gcc/x86_64-apple-darwin19.6.0/10.3.0/include-fixed/stdio.h:157:13: error: 'FILE' was not declared in this scope
  157 | int  fclose(FILE *);
      |             ^~~~
/Users/runner/.config/alire/cache/dependencies/gnat_native_10.3.2_e112fd3f/lib/gcc/x86_64-apple-darwin19.6.0/10.3.0/include-fixed/stdio.h:157:13: note: 'FILE' is defined in header '<cstdio>'; did you forget to '#include <cstdio>'?
/Users/runner/.config/alire/cache/dependencies/gnat_native_10.3.2_e112fd3f/lib/gcc/x86_64-apple-darwin19.6.0/10.3.0/include-fixed/stdio.h:157:19: error: expected primary-expression before ')' token
  157 | int  fclose(FILE *);
      |                   ^
/Users/runner/.config/alire/cache/dependencies/gnat_native_10.3.2_e112fd3f/lib/gcc/x86_64-apple-darwin19.6.0/10.3.0/include-fixed/stdio.h:158:11: error: 'FILE' was not declared in this scope
  158 | int  feof(FILE *);
      |           ^~~~
/Users/runner/.config/alire/cache/dependencies/gnat_native_10.3.2_e112fd3f/lib/gcc/x86_64-apple-darwin19.6.0/10.3.0/include-fixed/stdio.h:158:11: note: 'FILE' is defined in header '<cstdio>'; did you forget to '#include <cstdio>'?
/Users/runner/.config/alire/cache/dependencies/gnat_native_10.3.2_e112fd3f/lib/gcc/x86_64-apple-darwin19.6.0/10.3.0/include-fixed/stdio.h:158:17: error: expected primary-expression before ')' token
  158 | int  feof(FILE *);
      |                 ^
/Users/runner/.config/alire/cache/dependencies/gnat_native_10.3.2_e112fd3f/lib/gcc/x86_64-apple-darwin19.6.0/10.3.0/include-fixed/stdio.h:159:13: error: 'FILE' was not declared in this scope
  159 | int  ferror(FILE *);
      |             ^~~~
/Users/runner/.config/alire/cache/dependencies/gnat_native_10.3.2_e112fd3f/lib/gcc/x86_64-apple-darwin19.6.0/10.3.0/include-fixed/stdio.h:159:13: note: 'FILE' is defined in header '<cstdio>'; did you forget to '#include <cstdio>'?
/Users/runner/.config/alire/cache/dependencies/gnat_native_10.3.2_e112fd3f/lib/gcc/x86_64-apple-darwin19.6.0/10.3.0/include-fixed/stdio.h:159:19: error: expected primary-expression before ')' token
  159 | int  ferror(FILE *);
      |                   ^
/Users/runner/.config/alire/cache/dependencies/gnat_native_10.3.2_e112fd3f/lib/gcc/x86_64-apple-darwin19.6.0/10.3.0/include-fixed/stdio.h:160:13: error: 'FILE' was not declared in this scope
  160 | int  fflush(FILE *);
      |             ^~~~
/Users/runner/.config/alire/cache/dependencies/gnat_native_10.3.2_e112fd3f/lib/gcc/x86_64-apple-darwin19.6.0/10.3.0/include-fixed/stdio.h:160:13: note: 'FILE' is defined in header '<cstdio>'; did you forget to '#include <cstdio>'?
/Users/runner/.config/alire/cache/dependencies/gnat_native_10.3.2_e112fd3f/lib/gcc/x86_64-apple-darwin19.6.0/10.3.0/include-fixed/stdio.h:160:19: error: expected primary-expression before ')' token
  160 | int  fflush(FILE *);
      |                   ^
/Users/runner/.config/alire/cache/dependencies/gnat_native_10.3.2_e112fd3f/lib/gcc/x86_64-apple-darwin19.6.0/10.3.0/include-fixed/stdio.h:161:12: error: 'FILE' was not declared in this scope
  161 | int  fgetc(FILE *);
      |            ^~~~
/Users/runner/.config/alire/cache/dependencies/gnat_native_10.3.2_e112fd3f/lib/gcc/x86_64-apple-darwin19.6.0/10.3.0/include-fixed/stdio.h:161:12: note: 'FILE' is defined in header '<cstdio>'; did you forget to '#include <cstdio>'?
/Users/runner/.config/alire/cache/dependencies/gnat_native_10.3.2_e112fd3f/lib/gcc/x86_64-apple-darwin19.6.0/10.3.0/include-fixed/stdio.h:161:18: error: expected primary-expression before ')' token
  161 | int  fgetc(FILE *);
      |                  ^
/Users/runner/.config/alire/cache/dependencies/gnat_native_10.3.2_e112fd3f/lib/gcc/x86_64-apple-darwin19.6.0/10.3.0/include-fixed/stdio.h:162:14: error: 'FILE' was not declared in this scope
  162 | int  fgetpos(FILE * __restrict, fpos_t *);
      |              ^~~~
/Users/runner/.config/alire/cache/dependencies/gnat_native_10.3.2_e112fd3f/lib/gcc/x86_64-apple-darwin19.6.0/10.3.0/include-fixed/stdio.h:162:14: note: 'FILE' is defined in header '<cstdio>'; did you forget to '#include <cstdio>'?
/Users/runner/.config/alire/cache/dependencies/gnat_native_10.3.2_e112fd3f/lib/gcc/x86_64-apple-darwin19.6.0/10.3.0/include-fixed/stdio.h:162:31: error: expected primary-expression before ',' token
  162 | int  fgetpos(FILE * __restrict, fpos_t *);
      |                               ^
/Users/runner/.config/alire/cache/dependencies/gnat_native_10.3.2_e112fd3f/lib/gcc/x86_64-apple-darwin19.6.0/10.3.0/include-fixed/stdio.h:162:33: error: 'fpos_t' was not declared in this scope
  162 | int  fgetpos(FILE * __restrict, fpos_t *);
      |                                 ^~~~~~
/Users/runner/.config/alire/cache/dependencies/gnat_native_10.3.2_e112fd3f/lib/gcc/x86_64-apple-darwin19.6.0/10.3.0/include-fixed/stdio.h:162:33: note: 'fpos_t' is defined in header '<cstdio>'; did you forget to '#include <cstdio>'?
/Users/runner/.config/alire/cache/dependencies/gnat_native_10.3.2_e112fd3f/lib/gcc/x86_64-apple-darwin19.6.0/10.3.0/include-fixed/stdio.h:162:41: error: expected primary-expression before ')' token
  162 | int  fgetpos(FILE * __restrict, fpos_t *);
      |                                         ^
/Users/runner/.config/alire/cache/dependencies/gnat_native_10.3.2_e112fd3f/lib/gcc/x86_64-apple-darwin19.6.0/10.3.0/include-fixed/stdio.h:162:41: error: expression list treated as compound expression in initializer [-fpermissive]
/Users/runner/.config/alire/cache/dependencies/gnat_native_10.3.2_e112fd3f/lib/gcc/x86_64-apple-darwin19.6.0/10.3.0/include-fixed/stdio.h:163:37: error: 'FILE' has not been declared
  163 | char *fgets(char * __restrict, int, FILE *);
      |                                     ^~~~
In file included from /Users/runner/work/alire-crates-ci/alire-crates-ci/test/49960b4d-a33c-4118-960f-be63a952bde0/lace_c_math_0.1.0_e47df28c/source/thin/c_math_c_wrap.cxx:157:
/Users/runner/.config/alire/cache/dependencies/gnat_native_10.3.2_e112fd3f/lib/gcc/x86_64-apple-darwin19.6.0/10.3.0/include-fixed/stdio.h:167:1: error: 'FILE' does not name a type
  167 | FILE *fopen(const char * __restrict __filename, const char * __restrict __mode) __DARWIN_ALIAS_STARTING(__MAC_10_6, __IPHONE_2_0, __DARWIN_ALIAS(fopen));
      | ^~~~
/Users/runner/.config/alire/cache/dependencies/gnat_native_10.3.2_e112fd3f/lib/gcc/x86_64-apple-darwin19.6.0/10.3.0/include-fixed/stdio.h:167:1: note: 'FILE' is defined in header '<cstdio>'; did you forget to '#include <cstdio>'?
/Users/runner/.config/alire/cache/dependencies/gnat_native_10.3.2_e112fd3f/lib/gcc/x86_64-apple-darwin19.6.0/10.3.0/include-fixed/stdio.h:169:14: error: 'FILE' was not declared in this scope
  169 | int  fprintf(FILE * __restrict, const char * __restrict, ...) __printflike(2, 3);
      |              ^~~~
/Users/runner/.config/alire/cache/dependencies/gnat_native_10.3.2_e112fd3f/lib/gcc/x86_64-apple-darwin19.6.0/10.3.0/include-fixed/stdio.h:169:14: note: 'FILE' is defined in header '<cstdio>'; did you forget to '#include <cstdio>'?
/Users/runner/.config/alire/cache/dependencies/gnat_native_10.3.2_e112fd3f/lib/gcc/x86_64-apple-darwin19.6.0/10.3.0/include-fixed/stdio.h:169:31: error: expected primary-expression before ',' token
  169 | int  fprintf(FILE * __restrict, const char * __restrict, ...) __printflike(2, 3);
      |                               ^
/Users/runner/.config/alire/cache/dependencies/gnat_native_10.3.2_e112fd3f/lib/gcc/x86_64-apple-darwin19.6.0/10.3.0/include-fixed/stdio.h:169:33: error: expected primary-expression before 'const'
  169 | int  fprintf(FILE * __restrict, const char * __restrict, ...) __printflike(2, 3);
      |                                 ^~~~~
/Users/runner/.config/alire/cache/dependencies/gnat_native_10.3.2_e112fd3f/lib/gcc/x86_64-apple-darwin19.6.0/10.3.0/include-fixed/stdio.h:169:58: error: expected primary-expression before '...' token
  169 | int  fprintf(FILE * __restrict, const char * __restrict, ...) __printflike(2, 3);
      |                                                          ^~~
In file included from /Library/Developer/CommandLineTools/SDKs/MacOSX.sdk/usr/include/_stdlib.h:62,
                 from /Library/Developer/CommandLineTools/SDKs/MacOSX.sdk/usr/include/stdlib.h:58,
                 from /Users/runner/.config/alire/cache/dependencies/gnat_native_10.3.2_e112fd3f/include/c++/10.3.0/cstdlib:75,
                 from /Users/runner/.config/alire/cache/dependencies/gnat_native_10.3.2_e112fd3f/include/c++/10.3.0/stdlib.h:36,
                 from /Users/runner/work/alire-crates-ci/alire-crates-ci/test/49960b4d-a33c-4118-960f-be63a952bde0/lace_c_math_0.1.0_e47df28c/source/thin/c_math_c_wrap.cxx:155:
/Users/runner/.config/alire/cache/dependencies/gnat_native_10.3.2_e112fd3f/lib/gcc/x86_64-apple-darwin19.6.0/10.3.0/include-fixed/stdio.h:169:63: error: attributes after parenthesized initializer ignored [-fpermissive]
  169 | int  fprintf(FILE * __restrict, const char * __restrict, ...) __printflike(2, 3);
      |                                                               ^~~~~~~~~~~~
/Users/runner/.config/alire/cache/dependencies/gnat_native_10.3.2_e112fd3f/lib/gcc/x86_64-apple-darwin19.6.0/10.3.0/include-fixed/stdio.h:169:63: error: expression list treated as compound expression in initializer [-fpermissive]
In file included from /Users/runner/work/alire-crates-ci/alire-crates-ci/test/49960b4d-a33c-4118-960f-be63a952bde0/lace_c_math_0.1.0_e47df28c/source/thin/c_math_c_wrap.cxx:157:
/Users/runner/.config/alire/cache/dependencies/gnat_native_10.3.2_e112fd3f/lib/gcc/x86_64-apple-darwin19.6.0/10.3.0/include-fixed/stdio.h:170:17: error: 'FILE' has not been declared
  170 | int  fputc(int, FILE *);
      |                 ^~~~
/Users/runner/.config/alire/cache/dependencies/gnat_native_10.3.2_e112fd3f/lib/gcc/x86_64-apple-darwin19.6.0/10.3.0/include-fixed/stdio.h:171:37: error: 'FILE' has not been declared
  171 | int  fputs(const char * __restrict, FILE * __restrict) __DARWIN_ALIAS(fputs);
      |                                     ^~~~
/Users/runner/.config/alire/cache/dependencies/gnat_native_10.3.2_e112fd3f/lib/gcc/x86_64-apple-darwin19.6.0/10.3.0/include-fixed/stdio.h:172:72: error: 'FILE' has not been declared
  172 | size_t  fread(void * __restrict __ptr, size_t __size, size_t __nitems, FILE * __restrict __stream);
      |                                                                        ^~~~
/Users/runner/.config/alire/cache/dependencies/gnat_native_10.3.2_e112fd3f/lib/gcc/x86_64-apple-darwin19.6.0/10.3.0/include-fixed/stdio.h:173:1: error: 'FILE' does not name a type
  173 | FILE *freopen(const char * __restrict, const char * __restrict,
      | ^~~~
/Users/runner/.config/alire/cache/dependencies/gnat_native_10.3.2_e112fd3f/lib/gcc/x86_64-apple-darwin19.6.0/10.3.0/include-fixed/stdio.h:173:1: note: 'FILE' is defined in header '<cstdio>'; did you forget to '#include <cstdio>'?
/Users/runner/.config/alire/cache/dependencies/gnat_native_10.3.2_e112fd3f/lib/gcc/x86_64-apple-darwin19.6.0/10.3.0/include-fixed/stdio.h:175:13: error: 'FILE' was not declared in this scope
  175 | int  fscanf(FILE * __restrict, const char * __restrict, ...) __scanflike(2, 3);
      |             ^~~~
/Users/runner/.config/alire/cache/dependencies/gnat_native_10.3.2_e112fd3f/lib/gcc/x86_64-apple-darwin19.6.0/10.3.0/include-fixed/stdio.h:175:13: note: 'FILE' is defined in header '<cstdio>'; did you forget to '#include <cstdio>'?
/Users/runner/.config/alire/cache/dependencies/gnat_native_10.3.2_e112fd3f/lib/gcc/x86_64-apple-darwin19.6.0/10.3.0/include-fixed/stdio.h:175:30: error: expected primary-expression before ',' token
  175 | int  fscanf(FILE * __restrict, const char * __restrict, ...) __scanflike(2, 3);
      |                              ^
/Users/runner/.config/alire/cache/dependencies/gnat_native_10.3.2_e112fd3f/lib/gcc/x86_64-apple-darwin19.6.0/10.3.0/include-fixed/stdio.h:175:32: error: expected primary-expression before 'const'
  175 | int  fscanf(FILE * __restrict, const char * __restrict, ...) __scanflike(2, 3);
      |                                ^~~~~
/Users/runner/.config/alire/cache/dependencies/gnat_native_10.3.2_e112fd3f/lib/gcc/x86_64-apple-darwin19.6.0/10.3.0/include-fixed/stdio.h:175:57: error: expected primary-expression before '...' token
  175 | int  fscanf(FILE * __restrict, const char * __restrict, ...) __scanflike(2, 3);
      |                                                         ^~~
In file included from /Library/Developer/CommandLineTools/SDKs/MacOSX.sdk/usr/include/_stdlib.h:62,
                 from /Library/Developer/CommandLineTools/SDKs/MacOSX.sdk/usr/include/stdlib.h:58,
                 from /Users/runner/.config/alire/cache/dependencies/gnat_native_10.3.2_e112fd3f/include/c++/10.3.0/cstdlib:75,
                 from /Users/runner/.config/alire/cache/dependencies/gnat_native_10.3.2_e112fd3f/include/c++/10.3.0/stdlib.h:36,
                 from /Users/runner/work/alire-crates-ci/alire-crates-ci/test/49960b4d-a33c-4118-960f-be63a952bde0/lace_c_math_0.1.0_e47df28c/source/thin/c_math_c_wrap.cxx:155:
/Users/runner/.config/alire/cache/dependencies/gnat_native_10.3.2_e112fd3f/lib/gcc/x86_64-apple-darwin19.6.0/10.3.0/include-fixed/stdio.h:175:62: error: attributes after parenthesized initializer ignored [-fpermissive]
  175 | int  fscanf(FILE * __restrict, const char * __restrict, ...) __scanflike(2, 3);
      |                                                              ^~~~~~~~~~~
/Users/runner/.config/alire/cache/dependencies/gnat_native_10.3.2_e112fd3f/lib/gcc/x86_64-apple-darwin19.6.0/10.3.0/include-fixed/stdio.h:175:62: error: expression list treated as compound expression in initializer [-fpermissive]
In file included from /Users/runner/work/alire-crates-ci/alire-crates-ci/test/49960b4d-a33c-4118-960f-be63a952bde0/lace_c_math_0.1.0_e47df28c/source/thin/c_math_c_wrap.cxx:157:
/Users/runner/.config/alire/cache/dependencies/gnat_native_10.3.2_e112fd3f/lib/gcc/x86_64-apple-darwin19.6.0/10.3.0/include-fixed/stdio.h:176:12: error: 'FILE' was not declared in this scope
  176 | int  fseek(FILE *, long, int);
      |            ^~~~
/Users/runner/.config/alire/cache/dependencies/gnat_native_10.3.2_e112fd3f/lib/gcc/x86_64-apple-darwin19.6.0/10.3.0/include-fixed/stdio.h:176:12: note: 'FILE' is defined in header '<cstdio>'; did you forget to '#include <cstdio>'?
/Users/runner/.config/alire/cache/dependencies/gnat_native_10.3.2_e112fd3f/lib/gcc/x86_64-apple-darwin19.6.0/10.3.0/include-fixed/stdio.h:176:18: error: expected primary-expression before ',' token
  176 | int  fseek(FILE *, long, int);
      |                  ^
/Users/runner/.config/alire/cache/dependencies/gnat_native_10.3.2_e112fd3f/lib/gcc/x86_64-apple-darwin19.6.0/10.3.0/include-fixed/stdio.h:176:20: error: expected primary-expression before 'long'
  176 | int  fseek(FILE *, long, int);
      |                    ^~~~
/Users/runner/.config/alire/cache/dependencies/gnat_native_10.3.2_e112fd3f/lib/gcc/x86_64-apple-darwin19.6.0/10.3.0/include-fixed/stdio.h:176:26: error: expected primary-expression before 'int'
  176 | int  fseek(FILE *, long, int);
      |                          ^~~
/Users/runner/.config/alire/cache/dependencies/gnat_native_10.3.2_e112fd3f/lib/gcc/x86_64-apple-darwin19.6.0/10.3.0/include-fixed/stdio.h:176:29: error: expression list treated as compound expression in initializer [-fpermissive]
  176 | int  fseek(FILE *, long, int);
      |                             ^
/Users/runner/.config/alire/cache/dependencies/gnat_native_10.3.2_e112fd3f/lib/gcc/x86_64-apple-darwin19.6.0/10.3.0/include-fixed/stdio.h:177:14: error: 'FILE' was not declared in this scope
  177 | int  fsetpos(FILE *, const fpos_t *);
      |              ^~~~
/Users/runner/.config/alire/cache/dependencies/gnat_native_10.3.2_e112fd3f/lib/gcc/x86_64-apple-darwin19.6.0/10.3.0/include-fixed/stdio.h:177:14: note: 'FILE' is defined in header '<cstdio>'; did you forget to '#include <cstdio>'?
/Users/runner/.config/alire/cache/dependencies/gnat_native_10.3.2_e112fd3f/lib/gcc/x86_64-apple-darwin19.6.0/10.3.0/include-fixed/stdio.h:177:20: error: expected primary-expression before ',' token
  177 | int  fsetpos(FILE *, const fpos_t *);
      |                    ^
/Users/runner/.config/alire/cache/dependencies/gnat_native_10.3.2_e112fd3f/lib/gcc/x86_64-apple-darwin19.6.0/10.3.0/include-fixed/stdio.h:177:22: error: expected primary-expression before 'const'
  177 | int  fsetpos(FILE *, const fpos_t *);
      |                      ^~~~~
/Users/runner/.config/alire/cache/dependencies/gnat_native_10.3.2_e112fd3f/lib/gcc/x86_64-apple-darwin19.6.0/10.3.0/include-fixed/stdio.h:177:36: error: expression list treated as compound expression in initializer [-fpermissive]
  177 | int  fsetpos(FILE *, const fpos_t *);
      |                                    ^
/Users/runner/.config/alire/cache/dependencies/gnat_native_10.3.2_e112fd3f/lib/gcc/x86_64-apple-darwin19.6.0/10.3.0/include-fixed/stdio.h:178:13: error: 'FILE' was not declared in this scope
  178 | long  ftell(FILE *);
      |             ^~~~
/Users/runner/.config/alire/cache/dependencies/gnat_native_10.3.2_e112fd3f/lib/gcc/x86_64-apple-darwin19.6.0/10.3.0/include-fixed/stdio.h:178:13: note: 'FILE' is defined in header '<cstdio>'; did you forget to '#include <cstdio>'?
/Users/runner/.config/alire/cache/dependencies/gnat_native_10.3.2_e112fd3f/lib/gcc/x86_64-apple-darwin19.6.0/10.3.0/include-fixed/stdio.h:178:19: error: expected primary-expression before ')' token
  178 | long  ftell(FILE *);
      |                   ^
/Users/runner/.config/alire/cache/dependencies/gnat_native_10.3.2_e112fd3f/lib/gcc/x86_64-apple-darwin19.6.0/10.3.0/include-fixed/stdio.h:179:79: error: 'FILE' has not been declared
  179 | size_t  fwrite(const void * __restrict __ptr, size_t __size, size_t __nitems, FILE * __restrict __stream) __DARWIN_ALIAS(fwrite);
      |                                                                               ^~~~
/Users/runner/.config/alire/cache/dependencies/gnat_native_10.3.2_e112fd3f/lib/gcc/x86_64-apple-darwin19.6.0/10.3.0/include-fixed/stdio.h:180:11: error: 'FILE' was not declared in this scope
  180 | int  getc(FILE *);
      |           ^~~~
/Users/runner/.config/alire/cache/dependencies/gnat_native_10.3.2_e112fd3f/lib/gcc/x86_64-apple-darwin19.6.0/10.3.0/include-fixed/stdio.h:180:11: note: 'FILE' is defined in header '<cstdio>'; did you forget to '#include <cstdio>'?
/Users/runner/.config/alire/cache/dependencies/gnat_native_10.3.2_e112fd3f/lib/gcc/x86_64-apple-darwin19.6.0/10.3.0/include-fixed/stdio.h:180:17: error: expected primary-expression before ')' token
  180 | int  getc(FILE *);
      |                 ^
/Users/runner/.config/alire/cache/dependencies/gnat_native_10.3.2_e112fd3f/lib/gcc/x86_64-apple-darwin19.6.0/10.3.0/include-fixed/stdio.h:185:16: error: 'FILE' has not been declared
  185 | int  putc(int, FILE *);
      |                ^~~~
/Users/runner/.config/alire/cache/dependencies/gnat_native_10.3.2_e112fd3f/lib/gcc/x86_64-apple-darwin19.6.0/10.3.0/include-fixed/stdio.h:190:7: error: variable or field 'rewind' declared void
  190 | void  rewind(FILE *);
      |       ^~~~~~
/Users/runner/.config/alire/cache/dependencies/gnat_native_10.3.2_e112fd3f/lib/gcc/x86_64-apple-darwin19.6.0/10.3.0/include-fixed/stdio.h:190:14: error: 'FILE' was not declared in this scope
  190 | void  rewind(FILE *);
      |              ^~~~
/Users/runner/.config/alire/cache/dependencies/gnat_native_10.3.2_e112fd3f/lib/gcc/x86_64-apple-darwin19.6.0/10.3.0/include-fixed/stdio.h:190:14: note: 'FILE' is defined in header '<cstdio>'; did you forget to '#include <cstdio>'?
/Users/runner/.config/alire/cache/dependencies/gnat_native_10.3.2_e112fd3f/lib/gcc/x86_64-apple-darwin19.6.0/10.3.0/include-fixed/stdio.h:190:20: error: expected primary-expression before ')' token
  190 | void  rewind(FILE *);
      |                    ^
/Users/runner/.config/alire/cache/dependencies/gnat_native_10.3.2_e112fd3f/lib/gcc/x86_64-apple-darwin19.6.0/10.3.0/include-fixed/stdio.h:192:7: error: variable or field 'setbuf' declared void
  192 | void  setbuf(FILE * __restrict, char * __restrict);
      |       ^~~~~~
/Users/runner/.config/alire/cache/dependencies/gnat_native_10.3.2_e112fd3f/lib/gcc/x86_64-apple-darwin19.6.0/10.3.0/include-fixed/stdio.h:192:14: error: 'FILE' was not declared in this scope
  192 | void  setbuf(FILE * __restrict, char * __restrict);
      |              ^~~~
/Users/runner/.config/alire/cache/dependencies/gnat_native_10.3.2_e112fd3f/lib/gcc/x86_64-apple-darwin19.6.0/10.3.0/include-fixed/stdio.h:192:14: note: 'FILE' is defined in header '<cstdio>'; did you forget to '#include <cstdio>'?
/Users/runner/.config/alire/cache/dependencies/gnat_native_10.3.2_e112fd3f/lib/gcc/x86_64-apple-darwin19.6.0/10.3.0/include-fixed/stdio.h:192:31: error: expected primary-expression before ',' token
  192 | void  setbuf(FILE * __restrict, char * __restrict);
      |                               ^
/Users/runner/.config/alire/cache/dependencies/gnat_native_10.3.2_e112fd3f/lib/gcc/x86_64-apple-darwin19.6.0/10.3.0/include-fixed/stdio.h:192:33: error: expected primary-expression before 'char'
  192 | void  setbuf(FILE * __restrict, char * __restrict);
      |                                 ^~~~
/Users/runner/.config/alire/cache/dependencies/gnat_native_10.3.2_e112fd3f/lib/gcc/x86_64-apple-darwin19.6.0/10.3.0/include-fixed/stdio.h:193:14: error: 'FILE' was not declared in this scope
  193 | int  setvbuf(FILE * __restrict, char * __restrict, int, size_t);
      |              ^~~~
/Users/runner/.config/alire/cache/dependencies/gnat_native_10.3.2_e112fd3f/lib/gcc/x86_64-apple-darwin19.6.0/10.3.0/include-fixed/stdio.h:193:14: note: 'FILE' is defined in header '<cstdio>'; did you forget to '#include <cstdio>'?
/Users/runner/.config/alire/cache/dependencies/gnat_native_10.3.2_e112fd3f/lib/gcc/x86_64-apple-darwin19.6.0/10.3.0/include-fixed/stdio.h:193:31: error: expected primary-expression before ',' token
  193 | int  setvbuf(FILE * __restrict, char * __restrict, int, size_t);
      |                               ^
/Users/runner/.config/alire/cache/dependencies/gnat_native_10.3.2_e112fd3f/lib/gcc/x86_64-apple-darwin19.6.0/10.3.0/include-fixed/stdio.h:193:33: error: expected primary-expression before 'char'
  193 | int  setvbuf(FILE * __restrict, char * __restrict, int, size_t);
      |                                 ^~~~
/Users/runner/.config/alire/cache/dependencies/gnat_native_10.3.2_e112fd3f/lib/gcc/x86_64-apple-darwin19.6.0/10.3.0/include-fixed/stdio.h:193:52: error: expected primary-expression before 'int'
  193 | int  setvbuf(FILE * __restrict, char * __restrict, int, size_t);
      |                                                    ^~~
/Users/runner/.config/alire/cache/dependencies/gnat_native_10.3.2_e112fd3f/lib/gcc/x86_64-apple-darwin19.6.0/10.3.0/include-fixed/stdio.h:193:63: error: expected primary-expression before ')' token
  193 | int  setvbuf(FILE * __restrict, char * __restrict, int, size_t);
      |                                                               ^
/Users/runner/.config/alire/cache/dependencies/gnat_native_10.3.2_e112fd3f/lib/gcc/x86_64-apple-darwin19.6.0/10.3.0/include-fixed/stdio.h:193:63: error: expression list treated as compound expression in initializer [-fpermissive]
/Users/runner/.config/alire/cache/dependencies/gnat_native_10.3.2_e112fd3f/lib/gcc/x86_64-apple-darwin19.6.0/10.3.0/include-fixed/stdio.h:196:1: error: 'FILE' does not name a type
  196 | FILE *tmpfile(void);
      | ^~~~
/Users/runner/.config/alire/cache/dependencies/gnat_native_10.3.2_e112fd3f/lib/gcc/x86_64-apple-darwin19.6.0/10.3.0/include-fixed/stdio.h:196:1: note: 'FILE' is defined in header '<cstdio>'; did you forget to '#include <cstdio>'?
/Users/runner/.config/alire/cache/dependencies/gnat_native_10.3.2_e112fd3f/lib/gcc/x86_64-apple-darwin19.6.0/10.3.0/include-fixed/stdio.h:203:18: error: 'FILE' has not been declared
  203 | int  ungetc(int, FILE *);
      |                  ^~~~
/Users/runner/.config/alire/cache/dependencies/gnat_native_10.3.2_e112fd3f/lib/gcc/x86_64-apple-darwin19.6.0/10.3.0/include-fixed/stdio.h:204:15: error: 'FILE' was not declared in this scope
  204 | int  vfprintf(FILE * __restrict, const char * __restrict, __gnuc_va_list) __printflike(2, 0);
      |               ^~~~
/Users/runner/.config/alire/cache/dependencies/gnat_native_10.3.2_e112fd3f/lib/gcc/x86_64-apple-darwin19.6.0/10.3.0/include-fixed/stdio.h:204:15: note: 'FILE' is defined in header '<cstdio>'; did you forget to '#include <cstdio>'?
/Users/runner/.config/alire/cache/dependencies/gnat_native_10.3.2_e112fd3f/lib/gcc/x86_64-apple-darwin19.6.0/10.3.0/include-fixed/stdio.h:204:32: error: expected primary-expression before ',' token
  204 | int  vfprintf(FILE * __restrict, const char * __restrict, __gnuc_va_list) __printflike(2, 0);
      |                                ^
/Users/runner/.config/alire/cache/dependencies/gnat_native_10.3.2_e112fd3f/lib/gcc/x86_64-apple-darwin19.6.0/10.3.0/include-fixed/stdio.h:204:34: error: expected primary-expression before 'const'
  204 | int  vfprintf(FILE * __restrict, const char * __restrict, __gnuc_va_list) __printflike(2, 0);
      |                                  ^~~~~
/Users/runner/.config/alire/cache/dependencies/gnat_native_10.3.2_e112fd3f/lib/gcc/x86_64-apple-darwin19.6.0/10.3.0/include-fixed/stdio.h:204:73: error: expected primary-expression before ')' token
  204 | int  vfprintf(FILE * __restrict, const char * __restrict, __gnuc_va_list) __printflike(2, 0);
      |                                                                         ^
In file included from /Library/Developer/CommandLineTools/SDKs/MacOSX.sdk/usr/include/_stdlib.h:62,
                 from /Library/Developer/CommandLineTools/SDKs/MacOSX.sdk/usr/include/stdlib.h:58,
                 from /Users/runner/.config/alire/cache/dependencies/gnat_native_10.3.2_e112fd3f/include/c++/10.3.0/cstdlib:75,
                 from /Users/runner/.config/alire/cache/dependencies/gnat_native_10.3.2_e112fd3f/include/c++/10.3.0/stdlib.h:36,
                 from /Users/runner/work/alire-crates-ci/alire-crates-ci/test/49960b4d-a33c-4118-960f-be63a952bde0/lace_c_math_0.1.0_e47df28c/source/thin/c_math_c_wrap.cxx:155:
/Users/runner/.config/alire/cache/dependencies/gnat_native_10.3.2_e112fd3f/lib/gcc/x86_64-apple-darwin19.6.0/10.3.0/include-fixed/stdio.h:204:75: error: attributes after parenthesized initializer ignored [-fpermissive]
  204 | int  vfprintf(FILE * __restrict, const char * __restrict, __gnuc_va_list) __printflike(2, 0);
      |                                                                           ^~~~~~~~~~~~
/Users/runner/.config/alire/cache/dependencies/gnat_native_10.3.2_e112fd3f/lib/gcc/x86_64-apple-darwin19.6.0/10.3.0/include-fixed/stdio.h:204:75: error: expression list treated as compound expression in initializer [-fpermissive]
In file included from /Users/runner/work/alire-crates-ci/alire-crates-ci/test/49960b4d-a33c-4118-960f-be63a952bde0/lace_c_math_0.1.0_e47df28c/source/thin/c_math_c_wrap.cxx:157:
/Users/runner/.config/alire/cache/dependencies/gnat_native_10.3.2_e112fd3f/lib/gcc/x86_64-apple-darwin19.6.0/10.3.0/include-fixed/stdio.h:224:1: error: 'FILE' does not name a type
  224 | FILE *fdopen(int, const char *) __DARWIN_ALIAS_STARTING(__MAC_10_6, __IPHONE_2_0, __DARWIN_ALIAS(fdopen));
      | ^~~~
/Users/runner/.config/alire/cache/dependencies/gnat_native_10.3.2_e112fd3f/lib/gcc/x86_64-apple-darwin19.6.0/10.3.0/include-fixed/stdio.h:224:1: note: 'FILE' is defined in header '<cstdio>'; did you forget to '#include <cstdio>'?
/Users/runner/.config/alire/cache/dependencies/gnat_native_10.3.2_e112fd3f/lib/gcc/x86_64-apple-darwin19.6.0/10.3.0/include-fixed/stdio.h:226:13: error: 'FILE' was not declared in this scope
  226 | int  fileno(FILE *);
      |             ^~~~
/Users/runner/.config/alire/cache/dependencies/gnat_native_10.3.2_e112fd3f/lib/gcc/x86_64-apple-darwin19.6.0/10.3.0/include-fixed/stdio.h:226:13: note: 'FILE' is defined in header '<cstdio>'; did you forget to '#include <cstdio>'?
/Users/runner/.config/alire/cache/dependencies/gnat_native_10.3.2_e112fd3f/lib/gcc/x86_64-apple-darwin19.6.0/10.3.0/include-fixed/stdio.h:226:19: error: expected primary-expression before ')' token
  226 | int  fileno(FILE *);
      |                   ^
/Users/runner/.config/alire/cache/dependencies/gnat_native_10.3.2_e112fd3f/lib/gcc/x86_64-apple-darwin19.6.0/10.3.0/include-fixed/stdio.h:242:13: error: 'FILE' was not declared in this scope
  242 | int  pclose(FILE *) __swift_unavailable_on("Use posix_spawn APIs or NSTask instead.", "Process spawning is unavailable.");
      |             ^~~~
/Users/runner/.config/alire/cache/dependencies/gnat_native_10.3.2_e112fd3f/lib/gcc/x86_64-apple-darwin19.6.0/10.3.0/include-fixed/stdio.h:242:13: note: 'FILE' is defined in header '<cstdio>'; did you forget to '#include <cstdio>'?
/Users/runner/.config/alire/cache/dependencies/gnat_native_10.3.2_e112fd3f/lib/gcc/x86_64-apple-darwin19.6.0/10.3.0/include-fixed/stdio.h:242:19: error: expected primary-expression before ')' token
  242 | int  pclose(FILE *) __swift_unavailable_on("Use posix_spawn APIs or NSTask instead.", "Process spawning is unavailable.");
      |                   ^
In file included from /Users/runner/work/alire-crates-ci/alire-crates-ci/test/49960b4d-a33c-4118-960f-be63a952bde0/lace_c_math_0.1.0_e47df28c/source/thin/c_math_c_wrap.cxx:157:
/Users/runner/.config/alire/cache/dependencies/gnat_native_10.3.2_e112fd3f/lib/gcc/x86_64-apple-darwin19.6.0/10.3.0/include-fixed/stdio.h:246:1: error: 'FILE' does not name a type
  246 | FILE *popen(const char *, const char *) __DARWIN_ALIAS_STARTING(__MAC_10_6, __IPHONE_2_0, __DARWIN_ALIAS(popen)) __swift_unavailable_on("Use posix_spawn APIs or NSTask instead.", "Process spawning is unavailable.");
      | ^~~~
/Users/runner/.config/alire/cache/dependencies/gnat_native_10.3.2_e112fd3f/lib/gcc/x86_64-apple-darwin19.6.0/10.3.0/include-fixed/stdio.h:246:1: note: 'FILE' is defined in header '<cstdio>'; did you forget to '#include <cstdio>'?
/Users/runner/.config/alire/cache/dependencies/gnat_native_10.3.2_e112fd3f/lib/gcc/x86_64-apple-darwin19.6.0/10.3.0/include-fixed/stdio.h:263:13: error: 'FILE' was not declared in this scope
  263 | int __srget(FILE *);
      |             ^~~~
/Users/runner/.config/alire/cache/dependencies/gnat_native_10.3.2_e112fd3f/lib/gcc/x86_64-apple-darwin19.6.0/10.3.0/include-fixed/stdio.h:263:13: note: 'FILE' is defined in header '<cstdio>'; did you forget to '#include <cstdio>'?
/Users/runner/.config/alire/cache/dependencies/gnat_native_10.3.2_e112fd3f/lib/gcc/x86_64-apple-darwin19.6.0/10.3.0/include-fixed/stdio.h:263:19: error: expected primary-expression before ')' token
  263 | int __srget(FILE *);
      |                   ^
/Users/runner/.config/alire/cache/dependencies/gnat_native_10.3.2_e112fd3f/lib/gcc/x86_64-apple-darwin19.6.0/10.3.0/include-fixed/stdio.h:264:16: error: 'FILE' was not declared in this scope
  264 | int __svfscanf(FILE *, const char *, __gnuc_va_list) __scanflike(2, 0);
      |                ^~~~
/Users/runner/.config/alire/cache/dependencies/gnat_native_10.3.2_e112fd3f/lib/gcc/x86_64-apple-darwin19.6.0/10.3.0/include-fixed/stdio.h:264:16: note: 'FILE' is defined in header '<cstdio>'; did you forget to '#include <cstdio>'?
/Users/runner/.config/alire/cache/dependencies/gnat_native_10.3.2_e112fd3f/lib/gcc/x86_64-apple-darwin19.6.0/10.3.0/include-fixed/stdio.h:264:22: error: expected primary-expression before ',' token
  264 | int __svfscanf(FILE *, const char *, __gnuc_va_list) __scanflike(2, 0);
      |                      ^
/Users/runner/.config/alire/cache/dependencies/gnat_native_10.3.2_e112fd3f/lib/gcc/x86_64-apple-darwin19.6.0/10.3.0/include-fixed/stdio.h:264:24: error: expected primary-expression before 'const'
  264 | int __svfscanf(FILE *, const char *, __gnuc_va_list) __scanflike(2, 0);
      |                        ^~~~~
/Users/runner/.config/alire/cache/dependencies/gnat_native_10.3.2_e112fd3f/lib/gcc/x86_64-apple-darwin19.6.0/10.3.0/include-fixed/stdio.h:264:52: error: expected primary-expression before ')' token
  264 | int __svfscanf(FILE *, const char *, __gnuc_va_list) __scanflike(2, 0);
      |                                                    ^
In file included from /Library/Developer/CommandLineTools/SDKs/MacOSX.sdk/usr/include/_stdlib.h:62,
                 from /Library/Developer/CommandLineTools/SDKs/MacOSX.sdk/usr/include/stdlib.h:58,
                 from /Users/runner/.config/alire/cache/dependencies/gnat_native_10.3.2_e112fd3f/include/c++/10.3.0/cstdlib:75,
                 from /Users/runner/.config/alire/cache/dependencies/gnat_native_10.3.2_e112fd3f/include/c++/10.3.0/stdlib.h:36,
                 from /Users/runner/work/alire-crates-ci/alire-crates-ci/test/49960b4d-a33c-4118-960f-be63a952bde0/lace_c_math_0.1.0_e47df28c/source/thin/c_math_c_wrap.cxx:155:
/Users/runner/.config/alire/cache/dependencies/gnat_native_10.3.2_e112fd3f/lib/gcc/x86_64-apple-darwin19.6.0/10.3.0/include-fixed/stdio.h:264:54: error: attributes after parenthesized initializer ignored [-fpermissive]
  264 | int __svfscanf(FILE *, const char *, __gnuc_va_list) __scanflike(2, 0);
      |                                                      ^~~~~~~~~~~
/Users/runner/.config/alire/cache/dependencies/gnat_native_10.3.2_e112fd3f/lib/gcc/x86_64-apple-darwin19.6.0/10.3.0/include-fixed/stdio.h:264:54: error: expression list treated as compound expression in initializer [-fpermissive]
In file included from /Users/runner/work/alire-crates-ci/alire-crates-ci/test/49960b4d-a33c-4118-960f-be63a952bde0/lace_c_math_0.1.0_e47df28c/source/thin/c_math_c_wrap.cxx:157:
/Users/runner/.config/alire/cache/dependencies/gnat_native_10.3.2_e112fd3f/lib/gcc/x86_64-apple-darwin19.6.0/10.3.0/include-fixed/stdio.h:265:18: error: 'FILE' has not been declared
  265 | int __swbuf(int, FILE *);
      |                  ^~~~
/Users/runner/.config/alire/cache/dependencies/gnat_native_10.3.2_e112fd3f/lib/gcc/x86_64-apple-darwin19.6.0/10.3.0/include-fixed/stdio.h:274:44: error: 'FILE' has not been declared
  274 | __header_always_inline int __sputc(int _c, FILE *_p) {
      |                                            ^~~~
/Users/runner/.config/alire/cache/dependencies/gnat_native_10.3.2_e112fd3f/lib/gcc/x86_64-apple-darwin19.6.0/10.3.0/include-fixed/stdio.h: In function 'int __sputc(int, int*)':
/Users/runner/.config/alire/cache/dependencies/gnat_native_10.3.2_e112fd3f/lib/gcc/x86_64-apple-darwin19.6.0/10.3.0/include-fixed/stdio.h:275:12: error: request for member '_w' in '* _p', which is of non-class type 'int'
  275 |  if (--_p->_w >= 0 || (_p->_w >= _p->_lbfsize && (char)_c != '\n'))
      |            ^~
/Users/runner/.config/alire/cache/dependencies/gnat_native_10.3.2_e112fd3f/lib/gcc/x86_64-apple-darwin19.6.0/10.3.0/include-fixed/stdio.h:275:28: error: request for member '_w' in '* _p', which is of non-class type 'int'
  275 |  if (--_p->_w >= 0 || (_p->_w >= _p->_lbfsize && (char)_c != '\n'))
      |                            ^~
/Users/runner/.config/alire/cache/dependencies/gnat_native_10.3.2_e112fd3f/lib/gcc/x86_64-apple-darwin19.6.0/10.3.0/include-fixed/stdio.h:275:38: error: request for member '_lbfsize' in '* _p', which is of non-class type 'int'
  275 |  if (--_p->_w >= 0 || (_p->_w >= _p->_lbfsize && (char)_c != '\n'))
      |                                      ^~~~~~~~
/Users/runner/.config/alire/cache/dependencies/gnat_native_10.3.2_e112fd3f/lib/gcc/x86_64-apple-darwin19.6.0/10.3.0/include-fixed/stdio.h:276:16: error: request for member '_p' in '* _p', which is of non-class type 'int'
  276 |   return (*_p->_p++ = _c);
      |                ^~
/Users/runner/.config/alire/cache/dependencies/gnat_native_10.3.2_e112fd3f/lib/gcc/x86_64-apple-darwin19.6.0/10.3.0/include-fixed/stdio.h: At global scope:
/Users/runner/.config/alire/cache/dependencies/gnat_native_10.3.2_e112fd3f/lib/gcc/x86_64-apple-darwin19.6.0/10.3.0/include-fixed/stdio.h:300:7: error: variable or field 'flockfile' declared void
  300 | void  flockfile(FILE *);
      |       ^~~~~~~~~
/Users/runner/.config/alire/cache/dependencies/gnat_native_10.3.2_e112fd3f/lib/gcc/x86_64-apple-darwin19.6.0/10.3.0/include-fixed/stdio.h:300:17: error: 'FILE' was not declared in this scope
  300 | void  flockfile(FILE *);
      |                 ^~~~
/Users/runner/.config/alire/cache/dependencies/gnat_native_10.3.2_e112fd3f/lib/gcc/x86_64-apple-darwin19.6.0/10.3.0/include-fixed/stdio.h:300:17: note: 'FILE' is defined in header '<cstdio>'; did you forget to '#include <cstdio>'?
/Users/runner/.config/alire/cache/dependencies/gnat_native_10.3.2_e112fd3f/lib/gcc/x86_64-apple-darwin19.6.0/10.3.0/include-fixed/stdio.h:300:23: error: expected primary-expression before ')' token
  300 | void  flockfile(FILE *);
      |                       ^
/Users/runner/.config/alire/cache/dependencies/gnat_native_10.3.2_e112fd3f/lib/gcc/x86_64-apple-darwin19.6.0/10.3.0/include-fixed/stdio.h:301:19: error: 'FILE' was not declared in this scope
  301 | int  ftrylockfile(FILE *);
      |                   ^~~~
/Users/runner/.config/alire/cache/dependencies/gnat_native_10.3.2_e112fd3f/lib/gcc/x86_64-apple-darwin19.6.0/10.3.0/include-fixed/stdio.h:301:19: note: 'FILE' is defined in header '<cstdio>'; did you forget to '#include <cstdio>'?
/Users/runner/.config/alire/cache/dependencies/gnat_native_10.3.2_e112fd3f/lib/gcc/x86_64-apple-darwin19.6.0/10.3.0/include-fixed/stdio.h:301:25: error: expected primary-expression before ')' token
  301 | int  ftrylockfile(FILE *);
      |                         ^
/Users/runner/.config/alire/cache/dependencies/gnat_native_10.3.2_e112fd3f/lib/gcc/x86_64-apple-darwin19.6.0/10.3.0/include-fixed/stdio.h:302:7: error: variable or field 'funlockfile' declared void
  302 | void  funlockfile(FILE *);
      |       ^~~~~~~~~~~
/Users/runner/.config/alire/cache/dependencies/gnat_native_10.3.2_e112fd3f/lib/gcc/x86_64-apple-darwin19.6.0/10.3.0/include-fixed/stdio.h:302:19: error: 'FILE' was not declared in this scope
  302 | void  funlockfile(FILE *);
      |                   ^~~~
/Users/runner/.config/alire/cache/dependencies/gnat_native_10.3.2_e112fd3f/lib/gcc/x86_64-apple-darwin19.6.0/10.3.0/include-fixed/stdio.h:302:19: note: 'FILE' is defined in header '<cstdio>'; did you forget to '#include <cstdio>'?
/Users/runner/.config/alire/cache/dependencies/gnat_native_10.3.2_e112fd3f/lib/gcc/x86_64-apple-darwin19.6.0/10.3.0/include-fixed/stdio.h:302:25: error: expected primary-expression before ')' token
  302 | void  funlockfile(FILE *);
      |                         ^
/Users/runner/.config/alire/cache/dependencies/gnat_native_10.3.2_e112fd3f/lib/gcc/x86_64-apple-darwin19.6.0/10.3.0/include-fixed/stdio.h:303:20: error: 'FILE' was not declared in this scope
  303 | int  getc_unlocked(FILE *);
      |                    ^~~~
/Users/runner/.config/alire/cache/dependencies/gnat_native_10.3.2_e112fd3f/lib/gcc/x86_64-apple-darwin19.6.0/10.3.0/include-fixed/stdio.h:303:20: note: 'FILE' is defined in header '<cstdio>'; did you forget to '#include <cstdio>'?
/Users/runner/.config/alire/cache/dependencies/gnat_native_10.3.2_e112fd3f/lib/gcc/x86_64-apple-darwin19.6.0/10.3.0/include-fixed/stdio.h:303:26: error: expected primary-expression before ')' token
  303 | int  getc_unlocked(FILE *);
      |                          ^
/Users/runner/.config/alire/cache/dependencies/gnat_native_10.3.2_e112fd3f/lib/gcc/x86_64-apple-darwin19.6.0/10.3.0/include-fixed/stdio.h:305:25: error: 'FILE' has not been declared
  305 | int  putc_unlocked(int, FILE *);
      |                         ^~~~
/Users/runner/.config/alire/cache/dependencies/gnat_native_10.3.2_e112fd3f/lib/gcc/x86_64-apple-darwin19.6.0/10.3.0/include-fixed/stdio.h:310:11: error: 'FILE' was not declared in this scope
  310 | int  getw(FILE *);
      |           ^~~~
/Users/runner/.config/alire/cache/dependencies/gnat_native_10.3.2_e112fd3f/lib/gcc/x86_64-apple-darwin19.6.0/10.3.0/include-fixed/stdio.h:310:11: note: 'FILE' is defined in header '<cstdio>'; did you forget to '#include <cstdio>'?
/Users/runner/.config/alire/cache/dependencies/gnat_native_10.3.2_e112fd3f/lib/gcc/x86_64-apple-darwin19.6.0/10.3.0/include-fixed/stdio.h:310:17: error: expected primary-expression before ')' token
  310 | int  getw(FILE *);
      |                 ^
/Users/runner/.config/alire/cache/dependencies/gnat_native_10.3.2_e112fd3f/lib/gcc/x86_64-apple-darwin19.6.0/10.3.0/include-fixed/stdio.h:311:16: error: 'FILE' has not been declared
  311 | int  putw(int, FILE *);
      |                ^~~~
In file included from /Users/runner/work/alire-crates-ci/alire-crates-ci/test/49960b4d-a33c-4118-960f-be63a952bde0/lace_c_math_0.1.0_e47df28c/source/thin/c_math_c_wrap.cxx:157:
/Users/runner/.config/alire/cache/dependencies/gnat_native_10.3.2_e112fd3f/lib/gcc/x86_64-apple-darwin19.6.0/10.3.0/include-fixed/stdio.h:341:13: error: 'FILE' was not declared in this scope
  341 | int  fseeko(FILE * __stream, off_t __offset, int __whence);
      |             ^~~~
/Users/runner/.config/alire/cache/dependencies/gnat_native_10.3.2_e112fd3f/lib/gcc/x86_64-apple-darwin19.6.0/10.3.0/include-fixed/stdio.h:341:13: note: 'FILE' is defined in header '<cstdio>'; did you forget to '#include <cstdio>'?
/Users/runner/.config/alire/cache/dependencies/gnat_native_10.3.2_e112fd3f/lib/gcc/x86_64-apple-darwin19.6.0/10.3.0/include-fixed/stdio.h:341:20: error: '__stream' was not declared in this scope
  341 | int  fseeko(FILE * __stream, off_t __offset, int __whence);
      |                    ^~~~~~~~
/Users/runner/.config/alire/cache/dependencies/gnat_native_10.3.2_e112fd3f/lib/gcc/x86_64-apple-darwin19.6.0/10.3.0/include-fixed/stdio.h:341:36: error: expected primary-expression before '__offset'
  341 | int  fseeko(FILE * __stream, off_t __offset, int __whence);
      |                                    ^~~~~~~~
/Users/runner/.config/alire/cache/dependencies/gnat_native_10.3.2_e112fd3f/lib/gcc/x86_64-apple-darwin19.6.0/10.3.0/include-fixed/stdio.h:341:46: error: expected primary-expression before 'int'
  341 | int  fseeko(FILE * __stream, off_t __offset, int __whence);
      |                                              ^~~
/Users/runner/.config/alire/cache/dependencies/gnat_native_10.3.2_e112fd3f/lib/gcc/x86_64-apple-darwin19.6.0/10.3.0/include-fixed/stdio.h:341:58: error: expression list treated as compound expression in initializer [-fpermissive]
  341 | int  fseeko(FILE * __stream, off_t __offset, int __whence);
      |                                                          ^
/Users/runner/.config/alire/cache/dependencies/gnat_native_10.3.2_e112fd3f/lib/gcc/x86_64-apple-darwin19.6.0/10.3.0/include-fixed/stdio.h:342:15: error: 'FILE' was not declared in this scope
  342 | off_t  ftello(FILE * __stream);
      |               ^~~~
/Users/runner/.config/alire/cache/dependencies/gnat_native_10.3.2_e112fd3f/lib/gcc/x86_64-apple-darwin19.6.0/10.3.0/include-fixed/stdio.h:342:15: note: 'FILE' is defined in header '<cstdio>'; did you forget to '#include <cstdio>'?
/Users/runner/.config/alire/cache/dependencies/gnat_native_10.3.2_e112fd3f/lib/gcc/x86_64-apple-darwin19.6.0/10.3.0/include-fixed/stdio.h:342:22: error: '__stream' was not declared in this scope
  342 | off_t  ftello(FILE * __stream);
      |                      ^~~~~~~~
/Users/runner/.config/alire/cache/dependencies/gnat_native_10.3.2_e112fd3f/lib/gcc/x86_64-apple-darwin19.6.0/10.3.0/include-fixed/stdio.h:349:14: error: 'FILE' was not declared in this scope
  349 | int  vfscanf(FILE * __restrict __stream, const char * __restrict __format, __gnuc_va_list) __scanflike(2, 0);
      |              ^~~~
/Users/runner/.config/alire/cache/dependencies/gnat_native_10.3.2_e112fd3f/lib/gcc/x86_64-apple-darwin19.6.0/10.3.0/include-fixed/stdio.h:349:14: note: 'FILE' is defined in header '<cstdio>'; did you forget to '#include <cstdio>'?
/Users/runner/.config/alire/cache/dependencies/gnat_native_10.3.2_e112fd3f/lib/gcc/x86_64-apple-darwin19.6.0/10.3.0/include-fixed/stdio.h:349:32: error: '__stream' was not declared in this scope
  349 | int  vfscanf(FILE * __restrict __stream, const char * __restrict __format, __gnuc_va_list) __scanflike(2, 0);
      |                                ^~~~~~~~
/Users/runner/.config/alire/cache/dependencies/gnat_native_10.3.2_e112fd3f/lib/gcc/x86_64-apple-darwin19.6.0/10.3.0/include-fixed/stdio.h:349:42: error: expected primary-expression before 'const'
  349 | int  vfscanf(FILE * __restrict __stream, const char * __restrict __format, __gnuc_va_list) __scanflike(2, 0);
      |                                          ^~~~~
/Users/runner/.config/alire/cache/dependencies/gnat_native_10.3.2_e112fd3f/lib/gcc/x86_64-apple-darwin19.6.0/10.3.0/include-fixed/stdio.h:349:90: error: expected primary-expression before ')' token
  349 | int  vfscanf(FILE * __restrict __stream, const char * __restrict __format, __gnuc_va_list) __scanflike(2, 0);
      |                                                                                          ^
In file included from /Library/Developer/CommandLineTools/SDKs/MacOSX.sdk/usr/include/_stdlib.h:62,
                 from /Library/Developer/CommandLineTools/SDKs/MacOSX.sdk/usr/include/stdlib.h:58,
                 from /Users/runner/.config/alire/cache/dependencies/gnat_native_10.3.2_e112fd3f/include/c++/10.3.0/cstdlib:75,
                 from /Users/runner/.config/alire/cache/dependencies/gnat_native_10.3.2_e112fd3f/include/c++/10.3.0/stdlib.h:36,
                 from /Users/runner/work/alire-crates-ci/alire-crates-ci/test/49960b4d-a33c-4118-960f-be63a952bde0/lace_c_math_0.1.0_e47df28c/source/thin/c_math_c_wrap.cxx:155:
/Users/runner/.config/alire/cache/dependencies/gnat_native_10.3.2_e112fd3f/lib/gcc/x86_64-apple-darwin19.6.0/10.3.0/include-fixed/stdio.h:349:92: error: attributes after parenthesized initializer ignored [-fpermissive]
  349 | int  vfscanf(FILE * __restrict __stream, const char * __restrict __format, __gnuc_va_list) __scanflike(2, 0);
      |                                                                                            ^~~~~~~~~~~
/Users/runner/.config/alire/cache/dependencies/gnat_native_10.3.2_e112fd3f/lib/gcc/x86_64-apple-darwin19.6.0/10.3.0/include-fixed/stdio.h:349:92: error: expression list treated as compound expression in initializer [-fpermissive]
In file included from /Users/runner/work/alire-crates-ci/alire-crates-ci/test/49960b4d-a33c-4118-960f-be63a952bde0/lace_c_math_0.1.0_e47df28c/source/thin/c_math_c_wrap.cxx:157:
/Users/runner/.config/alire/cache/dependencies/gnat_native_10.3.2_e112fd3f/lib/gcc/x86_64-apple-darwin19.6.0/10.3.0/include-fixed/stdio.h:368:95: error: 'FILE' has not been declared
  368 | ssize_t getdelim(char ** __restrict __linep, size_t * __restrict __linecapp, int __delimiter, FILE * __restrict __stream) __OSX_AVAILABLE_STARTING(__MAC_10_7, __IPHONE_4_3);
      |                                                                                               ^~~~
/Users/runner/.config/alire/cache/dependencies/gnat_native_10.3.2_e112fd3f/lib/gcc/x86_64-apple-darwin19.6.0/10.3.0/include-fixed/stdio.h:369:77: error: 'FILE' has not been declared
  369 | ssize_t getline(char ** __restrict __linep, size_t * __restrict __linecapp, FILE * __restrict __stream) __OSX_AVAILABLE_STARTING(__MAC_10_7, __IPHONE_4_3);
      |                                                                             ^~~~
/Users/runner/.config/alire/cache/dependencies/gnat_native_10.3.2_e112fd3f/lib/gcc/x86_64-apple-darwin19.6.0/10.3.0/include-fixed/stdio.h:370:1: error: 'FILE' does not name a type
  370 | FILE *fmemopen(void * __restrict __buf, size_t __size, const char * __restrict __mode) __API_AVAILABLE(macos(10.13), ios(11.0), tvos(11.0), watchos(4.0));
      | ^~~~
/Users/runner/.config/alire/cache/dependencies/gnat_native_10.3.2_e112fd3f/lib/gcc/x86_64-apple-darwin19.6.0/10.3.0/include-fixed/stdio.h:370:1: note: 'FILE' is defined in header '<cstdio>'; did you forget to '#include <cstdio>'?
/Users/runner/.config/alire/cache/dependencies/gnat_native_10.3.2_e112fd3f/lib/gcc/x86_64-apple-darwin19.6.0/10.3.0/include-fixed/stdio.h:371:1: error: 'FILE' does not name a type
  371 | FILE *open_memstream(char **__bufp, size_t *__sizep) __API_AVAILABLE(macos(10.13), ios(11.0), tvos(11.0), watchos(4.0));
      | ^~~~
/Users/runner/.config/alire/cache/dependencies/gnat_native_10.3.2_e112fd3f/lib/gcc/x86_64-apple-darwin19.6.0/10.3.0/include-fixed/stdio.h:371:1: note: 'FILE' is defined in header '<cstdio>'; did you forget to '#include <cstdio>'?
/Users/runner/.config/alire/cache/dependencies/gnat_native_10.3.2_e112fd3f/lib/gcc/x86_64-apple-darwin19.6.0/10.3.0/include-fixed/stdio.h:386:14: error: 'FILE' was not declared in this scope
  386 | char *fgetln(FILE *, size_t *);
      |              ^~~~
/Users/runner/.config/alire/cache/dependencies/gnat_native_10.3.2_e112fd3f/lib/gcc/x86_64-apple-darwin19.6.0/10.3.0/include-fixed/stdio.h:386:14: note: 'FILE' is defined in header '<cstdio>'; did you forget to '#include <cstdio>'?
/Users/runner/.config/alire/cache/dependencies/gnat_native_10.3.2_e112fd3f/lib/gcc/x86_64-apple-darwin19.6.0/10.3.0/include-fixed/stdio.h:386:20: error: expected primary-expression before ',' token
  386 | char *fgetln(FILE *, size_t *);
      |                    ^
/Users/runner/.config/alire/cache/dependencies/gnat_native_10.3.2_e112fd3f/lib/gcc/x86_64-apple-darwin19.6.0/10.3.0/include-fixed/stdio.h:386:29: error: expected primary-expression before '*' token
  386 | char *fgetln(FILE *, size_t *);
      |                             ^
/Users/runner/.config/alire/cache/dependencies/gnat_native_10.3.2_e112fd3f/lib/gcc/x86_64-apple-darwin19.6.0/10.3.0/include-fixed/stdio.h:386:30: error: expected primary-expression before ')' token
  386 | char *fgetln(FILE *, size_t *);
      |                              ^
/Users/runner/.config/alire/cache/dependencies/gnat_native_10.3.2_e112fd3f/lib/gcc/x86_64-apple-darwin19.6.0/10.3.0/include-fixed/stdio.h:386:30: error: expression list treated as compound expression in initializer [-fpermissive]
/Users/runner/.config/alire/cache/dependencies/gnat_native_10.3.2_e112fd3f/lib/gcc/x86_64-apple-darwin19.6.0/10.3.0/include-fixed/stdio.h:388:13: error: 'FILE' was not declared in this scope
  388 | int  fpurge(FILE *);
      |             ^~~~
/Users/runner/.config/alire/cache/dependencies/gnat_native_10.3.2_e112fd3f/lib/gcc/x86_64-apple-darwin19.6.0/10.3.0/include-fixed/stdio.h:388:13: note: 'FILE' is defined in header '<cstdio>'; did you forget to '#include <cstdio>'?
/Users/runner/.config/alire/cache/dependencies/gnat_native_10.3.2_e112fd3f/lib/gcc/x86_64-apple-darwin19.6.0/10.3.0/include-fixed/stdio.h:388:19: error: expected primary-expression before ')' token
  388 | int  fpurge(FILE *);
      |                   ^
/Users/runner/.config/alire/cache/dependencies/gnat_native_10.3.2_e112fd3f/lib/gcc/x86_64-apple-darwin19.6.0/10.3.0/include-fixed/stdio.h:389:7: error: variable or field 'setbuffer' declared void
  389 | void  setbuffer(FILE *, char *, int);
      |       ^~~~~~~~~
/Users/runner/.config/alire/cache/dependencies/gnat_native_10.3.2_e112fd3f/lib/gcc/x86_64-apple-darwin19.6.0/10.3.0/include-fixed/stdio.h:389:17: error: 'FILE' was not declared in this scope
  389 | void  setbuffer(FILE *, char *, int);
      |                 ^~~~
/Users/runner/.config/alire/cache/dependencies/gnat_native_10.3.2_e112fd3f/lib/gcc/x86_64-apple-darwin19.6.0/10.3.0/include-fixed/stdio.h:389:17: note: 'FILE' is defined in header '<cstdio>'; did you forget to '#include <cstdio>'?
/Users/runner/.config/alire/cache/dependencies/gnat_native_10.3.2_e112fd3f/lib/gcc/x86_64-apple-darwin19.6.0/10.3.0/include-fixed/stdio.h:389:23: error: expected primary-expression before ',' token
  389 | void  setbuffer(FILE *, char *, int);
      |                       ^
/Users/runner/.config/alire/cache/dependencies/gnat_native_10.3.2_e112fd3f/lib/gcc/x86_64-apple-darwin19.6.0/10.3.0/include-fixed/stdio.h:389:25: error: expected primary-expression before 'char'
  389 | void  setbuffer(FILE *, char *, int);
      |                         ^~~~
/Users/runner/.config/alire/cache/dependencies/gnat_native_10.3.2_e112fd3f/lib/gcc/x86_64-apple-darwin19.6.0/10.3.0/include-fixed/stdio.h:389:33: error: expected primary-expression before 'int'
  389 | void  setbuffer(FILE *, char *, int);
      |                                 ^~~
/Users/runner/.config/alire/cache/dependencies/gnat_native_10.3.2_e112fd3f/lib/gcc/x86_64-apple-darwin19.6.0/10.3.0/include-fixed/stdio.h:390:17: error: 'FILE' was not declared in this scope
  390 | int  setlinebuf(FILE *);
      |                 ^~~~
/Users/runner/.config/alire/cache/dependencies/gnat_native_10.3.2_e112fd3f/lib/gcc/x86_64-apple-darwin19.6.0/10.3.0/include-fixed/stdio.h:390:17: note: 'FILE' is defined in header '<cstdio>'; did you forget to '#include <cstdio>'?
/Users/runner/.config/alire/cache/dependencies/gnat_native_10.3.2_e112fd3f/lib/gcc/x86_64-apple-darwin19.6.0/10.3.0/include-fixed/stdio.h:390:23: error: expected primary-expression before ')' token
  390 | int  setlinebuf(FILE *);
      |                       ^
/Users/runner/.config/alire/cache/dependencies/gnat_native_10.3.2_e112fd3f/lib/gcc/x86_64-apple-darwin19.6.0/10.3.0/include-fixed/stdio.h:392:1: error: 'FILE' does not name a type
  392 | FILE *zopen(const char *, const char *, int);
      | ^~~~
/Users/runner/.config/alire/cache/dependencies/gnat_native_10.3.2_e112fd3f/lib/gcc/x86_64-apple-darwin19.6.0/10.3.0/include-fixed/stdio.h:392:1: note: 'FILE' is defined in header '<cstdio>'; did you forget to '#include <cstdio>'?
/Users/runner/.config/alire/cache/dependencies/gnat_native_10.3.2_e112fd3f/lib/gcc/x86_64-apple-darwin19.6.0/10.3.0/include-fixed/stdio.h:398:1: error: 'FILE' does not name a type
  398 | FILE *funopen(const void *,
      | ^~~~
/Users/runner/.config/alire/cache/dependencies/gnat_native_10.3.2_e112fd3f/lib/gcc/x86_64-apple-darwin19.6.0/10.3.0/include-fixed/stdio.h:398:1: note: 'FILE' is defined in header '<cstdio>'; did you forget to '#include <cstdio>'?
cc1plus: note: unrecognized command-line option '-Wno-return-type-c-linkage' may have been intended to silence earlier diagnostics

   compilation of c_math_c_wrap.cxx failed

gprbuild: *** compilation phase failed
stderr: Command ["gprbuild", "-s", "-j0", "-p", "-P", "/Users/runner/work/alire-crates-ci/alire-crates-ci/test/49960b4d-a33c-4118-960f-be63a952bde0/lace_c_math_0.1.0_e47df28c/library/c_math_thin.gpr"] exited with code 4
ERROR: Command ["gprbuild", "-s", "-j0", "-p", "-P", "/Users/runner/work/alire-crates-ci/alire-crates-ci/test/49960b4d-a33c-4118-960f-be63a952bde0/lace_c_math_0.1.0_e47df28c/library/c_math_thin.gpr"] exited with code 4
stderr: ALIRE.CHECKED_ERROR
stderr: Command ["gprbuild", "-s", "-j0", "-p", "-P", "/Users/runner/work/alire-crates-ci/alire-crates-ci/test/49960b4d-a33c-4118-960f-be63a952bde0/lace_c_math_0.1.0_e47df28c/library/c_math_thin.gpr"] exited with code 4
stderr: raised ALIRE.CHECKED_ERROR : alire-stored-error:1
Load address: 0x1046c4000
Call stack traceback locations:
0x104fcc415 0x104c9fe83 0x104eb2df9 0x104eb3581 0x104e13ac3 0x104e11f99 0x104e2e873 0x104e7adc1 0x104e7981a 0x104e2e9b8 0x104e12349 0x1047239c1 0x104734578 0x10473901c 0x1047bf05c 0x1047ca3b8 0x1046c5605 0x1046c8914


Warning: lace_c_math=0.1.0 successfully retrieved but its build failed.
Dependencies were solved as follows:

   + lace_math   0.1.0 (new)         
   + lace_shared 0.1.0 (new,indirect)
   + lace_swig   0.1.0 (new)         
ERROR: Build ended with errors
