Test ran at 2024-12-11 12:29:06.511349+00:00

SOLUTION:
utilada_aws=2.5.0: Utility Library REST support on top of AWS
Origin: commit f65f9ba9cd38c57d11b1248e17207338026b49af from https://gitlab.com/stcarrez/ada-util.git
Properties:
   Author: Stephane.Carrez@gmail.com
   Configuration: no modifiers
   Description: Utility Library REST support on top of AWS
   GPR Scenario: BUILD := distrib | debug | optimize | profile | coverage
   GPR Scenario: UTIL_AWS_IMPL := 1 | 2 | 3
   GPR Scenario: UTIL_LIBRARY_TYPE := relocatable | static | static-pic
   GPR External: UTIL_AWS_IMPL := 2
   License: Apache-2.0
   Long_Description: 
[![Build Status](https://img.shields.io/jenkins/s/https/jenkins.vacs.fr/Ada-Util.svg)](https://jenkins.vacs.fr/job/Ada-Util/)
[![Test Status](https://img.shields.io/jenkins/t/https/jenkins.vacs.fr/Ada-Util.svg)](https://jenkins.vacs.fr/job/Ada-Util/)
[![codecov](https://codecov.io/gh/stcarrez/ada-util/branch/master/graph/badge.svg)](https://codecov.io/gh/stcarrez/ada-util)


This small library provides an HTTP backend on top of AWS.
It is can be used by the `Util.Http` package.

An alternate HTTP backend is provided by CURL with utilada_curl.


   Maintainer: Stephane.Carrez@gmail.com
   Maintainers_Logins: stcarrez
   Name: utilada_aws
   Project_File: .alire/aws/utilada_aws.gpr
   Tag: web
   Tag: http
   Version: 2.5.0
   Website: https://gitlab.com/stcarrez/ada-util
Dependencies (direct):
   aws~21.0
   utilada^2.5.0
Dependencies (solution):
   aws=21.0.0
   gnat=10.3.2 (gnat_native) (installed)
   make=4.3.0
   openssl=3.0.13
   utilada=2.5.0
   xmlada=21.0.0
Dependencies (graph):
   aws=21.0.0        --> gnat=10.3.2 (gnat_native) (>=9)
   aws=21.0.0        --> make=4.3.0 (*)                 
   aws=21.0.0        --> openssl=3.0.13 (*)             
   aws=21.0.0        --> xmlada=21.0.0 (~21.0.0)        
   utilada_aws=2.5.0 --> aws=21.0.0 (~21.0)             
   utilada_aws=2.5.0 --> utilada=2.5.0 (^2.5.0)         


LOG:
Note: Deploying utilada_aws=2.5.0...
Note: Deploying make=4.3.0...
Note: Deploying openssl=3.0.13...
Note: Deploying utilada=2.5.0...
Note: Deploying xmlada=21.0.0...
#=#=#                                                                          
##O#-#                                                                         
##=O#- #                                                                       
Note: Running post_fetch actions for xmlada=21.0.0...
checking build system type... x86_64-unknown-linux-gnu
checking host system type... x86_64-unknown-linux-gnu
checking target system type... x86_64-unknown-linux-gnu
checking whether gnat can build shared libs... yes
checking for a BSD-compatible install... /usr/bin/install -c
checking whether ln -s works... yes
configure: creating ./config.status
config.status: creating xmlada_shared.gpr
config.status: creating Makefile
config.status: creating tests/dom/default.gpr
Note: Deploying aws=21.0.0...
#=#=#                                                                          

######################################################################## 100.0%
Note: Running post_fetch actions for aws=21.0.0...
make[1]: Entering directory '/home/runner/work/alire-crates-ci/alire-crates-ci/test/04264ca3-d20c-4b19-8237-f680736ae5e1/utilada_aws_2.5.0_f65f9ba9/alire/cache/dependencies/aws_21.0.0_57fddf8f/config'
Bind
   [gprbind]      xoscons.bexch
   [Ada]          xoscons.ali
Link
   [link]         xoscons.adb
/home/runner/.config/alire/cache/dependencies/gnat_native_10.3.2_d7078088/bin/../lib/gcc/x86_64-pc-linux-gnu/10.3.0/../../../../x86_64-pc-linux-gnu/bin/ld: /lib/x86_64-linux-gnu/libc.so.6: unknown type [0x13] section `.relr.dyn'
/home/runner/.config/alire/cache/dependencies/gnat_native_10.3.2_d7078088/bin/../lib/gcc/x86_64-pc-linux-gnu/10.3.0/../../../../x86_64-pc-linux-gnu/bin/ld: skipping incompatible /lib/x86_64-linux-gnu/libc.so.6 when searching for /lib/x86_64-linux-gnu/libc.so.6
/home/runner/.config/alire/cache/dependencies/gnat_native_10.3.2_d7078088/bin/../lib/gcc/x86_64-pc-linux-gnu/10.3.0/../../../../x86_64-pc-linux-gnu/bin/ld: cannot find /lib/x86_64-linux-gnu/libc.so.6
/home/runner/.config/alire/cache/dependencies/gnat_native_10.3.2_d7078088/bin/../lib/gcc/x86_64-pc-linux-gnu/10.3.0/../../../../x86_64-pc-linux-gnu/bin/ld: /lib/x86_64-linux-gnu/libc.so.6: unknown type [0x13] section `.relr.dyn'
/home/runner/.config/alire/cache/dependencies/gnat_native_10.3.2_d7078088/bin/../lib/gcc/x86_64-pc-linux-gnu/10.3.0/../../../../x86_64-pc-linux-gnu/bin/ld: skipping incompatible /lib/x86_64-linux-gnu/libc.so.6 when searching for /lib/x86_64-linux-gnu/libc.so.6
/home/runner/.config/alire/cache/dependencies/gnat_native_10.3.2_d7078088/bin/../lib/gcc/x86_64-pc-linux-gnu/10.3.0/../../../../x86_64-pc-linux-gnu/bin/ld: /lib64/ld-linux-x86-64.so.2: unknown type [0x13] section `.relr.dyn'
/home/runner/.config/alire/cache/dependencies/gnat_native_10.3.2_d7078088/bin/../lib/gcc/x86_64-pc-linux-gnu/10.3.0/../../../../x86_64-pc-linux-gnu/bin/ld: skipping incompatible /lib64/ld-linux-x86-64.so.2 when searching for /lib64/ld-linux-x86-64.so.2
/home/runner/.config/alire/cache/dependencies/gnat_native_10.3.2_d7078088/bin/../lib/gcc/x86_64-pc-linux-gnu/10.3.0/../../../../x86_64-pc-linux-gnu/bin/ld: cannot find /lib64/ld-linux-x86-64.so.2
/home/runner/.config/alire/cache/dependencies/gnat_native_10.3.2_d7078088/bin/../lib/gcc/x86_64-pc-linux-gnu/10.3.0/../../../../x86_64-pc-linux-gnu/bin/ld: /lib64/ld-linux-x86-64.so.2: unknown type [0x13] section `.relr.dyn'
/home/runner/.config/alire/cache/dependencies/gnat_native_10.3.2_d7078088/bin/../lib/gcc/x86_64-pc-linux-gnu/10.3.0/../../../../x86_64-pc-linux-gnu/bin/ld: skipping incompatible /lib64/ld-linux-x86-64.so.2 when searching for /lib64/ld-linux-x86-64.so.2
collect2: error: ld returned 1 exit status
gprbuild: link of xoscons.adb failed
gprbuild: failed command was: /home/runner/.config/alire/cache/dependencies/gnat_native_10.3.2_d7078088/bin/gcc xoscons.o b__xoscons.o /home/runner/work/alire-crates-ci/alire-crates-ci/test/04264ca3-d20c-4b19-8237-f680736ae5e1/utilada_aws_2.5.0_f65f9ba9/alire/cache/dependencies/aws_21.0.0_57fddf8f/.build/x86_64-pc-linux-gnu/setup/obj/xutil.o -L/home/runner/work/alire-crates-ci/alire-crates-ci/test/04264ca3-d20c-4b19-8237-f680736ae5e1/utilada_aws_2.5.0_f65f9ba9/alire/cache/dependencies/aws_21.0.0_57fddf8f/.build/x86_64-pc-linux-gnu/setup/obj/ -L/home/runner/work/alire-crates-ci/alire-crates-ci/test/04264ca3-d20c-4b19-8237-f680736ae5e1/utilada_aws_2.5.0_f65f9ba9/alire/cache/dependencies/aws_21.0.0_57fddf8f/.build/x86_64-pc-linux-gnu/setup/obj/ -L/home/runner/.config/alire/cache/dependencies/gnat_native_10.3.2_d7078088/lib/gcc/x86_64-pc-linux-gnu/10.3.0/adalib/ -static-libgcc /home/runner/.config/alire/cache/dependencies/gnat_native_10.3.2_d7078088/lib/gcc/x86_64-pc-linux-gnu/10.3.0/adalib/libgnat.a -ldl -Wl,-rpath-link,/home/runner/.config/alire/cache/dependencies/gnat_native_10.3.2_d7078088/lib/gcc/x86_64-pc-linux-gnu/10.3.0//adalib -Wl,-z,origin,-rpath,$ORIGIN//obj:$ORIGIN/../../../../../../../../../../../../..//.config/alire/cache/dependencies/gnat_native_10.3.2_d7078088/lib/gcc/x86_64-pc-linux-gnu/10.3.0/adalib -o /home/runner/work/alire-crates-ci/alire-crates-ci/test/04264ca3-d20c-4b19-8237-f680736ae5e1/utilada_aws_2.5.0_f65f9ba9/alire/cache/dependencies/aws_21.0.0_57fddf8f/.build/x86_64-pc-linux-gnu/setup//xoscons
Setup OS specific definitions
/bin/sh: 5: ../xoscons: not found
make[1]: *** [Makefile:90: ../.build/x86_64-pc-linux-gnu/debug/../setup/src/aws-os_lib.ads] Error 127
make[1]: Leaving directory '/home/runner/work/alire-crates-ci/alire-crates-ci/test/04264ca3-d20c-4b19-8237-f680736ae5e1/utilada_aws_2.5.0_f65f9ba9/alire/cache/dependencies/aws_21.0.0_57fddf8f/config'
make: *** [Makefile:158: config_setup] Error 2
stderr: Command ["make", "setup", "build", "install", "ZLIB=false", "DEMOS=false", "LAL=false", "XMLADA=false", "prefix=install_dir", "PRJ_BUILD=Release"] exited with code 2
stderr: ALIRE.CHECKED_ERROR
stderr: Command ["make", "setup", "build", "install", "ZLIB=false", "DEMOS=false", "LAL=false", "XMLADA=false", "prefix=install_dir", "PRJ_BUILD=Release"] exited with code 2
stderr: raised ALIRE.CHECKED_ERROR : alire-stored-error:1
[/home/runner/work/alire-crates-ci/alire-crates-ci/alire_install/bin/alr]
0xd7ada2 Alire.Raise_Checked_Error at alire.adb:251
0xa423cf Alire.Os_Lib.Subprocess.Checked_Spawn at alire-os_lib-subprocess.adb:110
0xa4a085 Alire.Properties.Actions.Executor.Execute_Run at alire-properties-actions-executor.adb:40
0xa4b07f Alire.Properties.Actions.Executor.Execute_Actions at alire-properties-actions-executor.adb:94
0xa4a689 Alire.Properties.Actions.Executor.Execute_Actions at alire-properties-actions-executor.adb:58
0xbc4d2c Alire.Roots.Deploy_Dependencies.Deploy_Release.Run_Post_Fetch at alire-roots.adb:346
0xbc5a0c Alire.Roots.Deploy_Dependencies.Deploy_Release at alire-roots.adb:418
0xbdb95e Alire.Roots.Traverse.Traverse_Wrap at alire-roots.adb:1364
0xc25a8b Alire.Solutions.Traverse.Visit at alire-solutions.adb:1443
0xc241fa Alire.Solutions.Traverse at alire-solutions.adb:1502
0xbdbaac Alire.Roots.Traverse at alire-roots.adb:1368
0xbc5d8e Alire.Roots.Deploy_Dependencies at alire-roots.adb:434
0x4b0337 Alr.Commands.Get.Retrieve at alr-commands-get.adb:173
0x4b4e77 Alr.Commands.Get.Execute at alr-commands-get.adb:348
0x53bb7e Alr.Commands.Sub_Cmd.Execute at clic-subcommand-instance.adb:742
0x54756f Alr.Commands.Execute at alr-commands.adb:492
0x43cb1a Alr.Main at alr-main.adb:10
0x43f3e7 Main at b__alr-main.adb:2132
[/lib/x86_64-linux-gnu/libc.so.6]
0x7f1fa442a1c8
0x7f1fa442a289
[/home/runner/work/alire-crates-ci/alire-crates-ci/alire_install/bin/alr]
0x43c9f8 _start at ???
0xfffffffffffffffe

stderr: A post-fetch action failed, re-run with -vv -d for details
ERROR: A post-fetch action failed, re-run with -vv -d for details
