Test ran at 2024-12-26 13:27:14.982643+00:00

SOLUTION:
linenoise_ada=1.1.1: Bindings to the Linenoise line editing library
Origin: source archive v1.1.1.tar.gz at https://git.sr.ht/~nytpu/linenoise-ada/archive/v1.1.1.tar.gz with hashes sha256:09aa2452b34c2714858e06cceeae52f366a79f452fec667d5a78d3252a31b40f, sha512:c098d1281992702d8fd889e73d19feeaa10770f00bdb40ad0cb1627cd6cb48bf8272e8cfe8fc5fb4a0fa64125f9b4d4a04e43012a06ba9dda1ff21695b11cf04
Available when: (case OS is Linux => True, Macos => True, Windows => False, others => False)
Properties:
   Author: nytpu
   Description: Bindings to the Linenoise line editing library
   GPR Scenario: BUILD_MODE := debug | optimize
   GPR Scenario: COMPILE_CHECKS := enabled | disabled
   GPR Scenario: CONTRACTS := enabled | disabled
   GPR Scenario: LIBRARY_TYPE := dynamic | relocatable | static | static-pic
   GPR Scenario: RUNTIME_CHECKS := enabled | disabled
   GPR Scenario: STYLE_CHECKS := enabled | disabled
   License: BSD-2-Clause
   Maintainer: nytpu <alex@nytpu.com>
   Maintainers_Logins: nytpu
   Name: linenoise_ada
   Project_File: linenoise.gpr
   Tag: linenoise
   Tag: readline
   Tag: line-editing
   Version: 1.1.1
   Website: https://git.sr.ht/~nytpu/linenoise-ada


LOG:
Note: Deploying linenoise_ada=1.1.1...
#=#=#                                                                          
##O#-#                                                                         
##O=#  #                                                                       
#=#=-#  #                                                                      
Note: Building linenoise_ada/linenoise.gpr...
Setup
   [mkdir]        object directory for project Linenoise
   [mkdir]        library directory for project Linenoise
Compile
   [C]            linenoise-c.c
   [C]            utf8.c
   [C]            helpers.c
In file included from /Library/Developer/CommandLineTools/SDKs/MacOSX.sdk/usr/include/_stdlib.h:62,
                 from /Library/Developer/CommandLineTools/SDKs/MacOSX.sdk/usr/include/stdlib.h:58,
                 from /Users/runner/work/alire-crates-ci/alire-crates-ci/test/8a3fd2ff-49fe-44d0-893a-39573dc5135c/linenoise_ada_1.1.1_09aa2452/src/helpers.c:5:
/Library/Developer/CommandLineTools/SDKs/MacOSX.sdk/usr/include/sys/cdefs.h:567:30: error: missing ')' after "__has_attribute"
  567 | #if __has_cpp_attribute(clang::unsafe_buffer_usage)
      |                              ^~
/Library/Developer/CommandLineTools/SDKs/MacOSX.sdk/usr/include/sys/cdefs.h:567:32: error: missing binary operator before token "unsafe_buffer_usage"
  567 | #if __has_cpp_attribute(clang::unsafe_buffer_usage)
      |                                ^~~~~~~~~~~~~~~~~~~
In file included from /Library/Developer/CommandLineTools/SDKs/MacOSX.sdk/usr/include/sys/_types.h:32,
                 from /Library/Developer/CommandLineTools/SDKs/MacOSX.sdk/usr/include/_types.h:27,
                 from /Library/Developer/CommandLineTools/SDKs/MacOSX.sdk/usr/include/unistd.h:71,
                 from /Users/runner/work/alire-crates-ci/alire-crates-ci/test/8a3fd2ff-49fe-44d0-893a-39573dc5135c/linenoise_ada_1.1.1_09aa2452/src/linenoise/utf8.c:44:
/Library/Developer/CommandLineTools/SDKs/MacOSX.sdk/usr/include/sys/cdefs.h:567:30: error: missing ')' after "__has_attribute"
  567 | #if __has_cpp_attribute(clang::unsafe_buffer_usage)
      |                              ^~
/Library/Developer/CommandLineTools/SDKs/MacOSX.sdk/usr/include/sys/cdefs.h:567:32: error: missing binary operator before token "unsafe_buffer_usage"
  567 | #if __has_cpp_attribute(clang::unsafe_buffer_usage)
      |                                ^~~~~~~~~~~~~~~~~~~
In file included from /Users/runner/work/alire-crates-ci/alire-crates-ci/test/8a3fd2ff-49fe-44d0-893a-39573dc5135c/linenoise_ada_1.1.1_09aa2452/src/linenoise/utf8.c:45:
/Users/runner/.config/alire/cache/dependencies/gnat_native_10.3.2_e112fd3f/lib/gcc/x86_64-apple-darwin19.6.0/10.3.0/include-fixed/stdio.h:81:8: error: unknown type name 'FILE'
   81 | extern FILE *__stdinp;
      |        ^~~~
/Users/runner/.config/alire/cache/dependencies/gnat_native_10.3.2_e112fd3f/lib/gcc/x86_64-apple-darwin19.6.0/10.3.0/include-fixed/stdio.h:82:8: error: unknown type name 'FILE'
   82 | extern FILE *__stdoutp;
      |        ^~~~
/Users/runner/.config/alire/cache/dependencies/gnat_native_10.3.2_e112fd3f/lib/gcc/x86_64-apple-darwin19.6.0/10.3.0/include-fixed/stdio.h:83:8: error: unknown type name 'FILE'
   83 | extern FILE *__stderrp;
      |        ^~~~
/Users/runner/.config/alire/cache/dependencies/gnat_native_10.3.2_e112fd3f/lib/gcc/x86_64-apple-darwin19.6.0/10.3.0/include-fixed/stdio.h:156:16: error: unknown type name 'FILE'
  156 | void  clearerr(FILE *);
      |                ^~~~
/Users/runner/.config/alire/cache/dependencies/gnat_native_10.3.2_e112fd3f/lib/gcc/x86_64-apple-darwin19.6.0/10.3.0/include-fixed/stdio.h:79:1: note: 'FILE' is defined in header '<stdio.h>'; did you forget to '#include <stdio.h>'?
   78 | #include <_stdio.h>
  +++ |+#include <stdio.h>
   79 | 
/Users/runner/.config/alire/cache/dependencies/gnat_native_10.3.2_e112fd3f/lib/gcc/x86_64-apple-darwin19.6.0/10.3.0/include-fixed/stdio.h:157:13: error: unknown type name 'FILE'
  157 | int  fclose(FILE *);
      |             ^~~~
/Users/runner/.config/alire/cache/dependencies/gnat_native_10.3.2_e112fd3f/lib/gcc/x86_64-apple-darwin19.6.0/10.3.0/include-fixed/stdio.h:157:13: note: 'FILE' is defined in header '<stdio.h>'; did you forget to '#include <stdio.h>'?
/Users/runner/.config/alire/cache/dependencies/gnat_native_10.3.2_e112fd3f/lib/gcc/x86_64-apple-darwin19.6.0/10.3.0/include-fixed/stdio.h:158:11: error: unknown type name 'FILE'
  158 | int  feof(FILE *);
      |           ^~~~
/Users/runner/.config/alire/cache/dependencies/gnat_native_10.3.2_e112fd3f/lib/gcc/x86_64-apple-darwin19.6.0/10.3.0/include-fixed/stdio.h:158:11: note: 'FILE' is defined in header '<stdio.h>'; did you forget to '#include <stdio.h>'?
/Users/runner/.config/alire/cache/dependencies/gnat_native_10.3.2_e112fd3f/lib/gcc/x86_64-apple-darwin19.6.0/10.3.0/include-fixed/stdio.h:159:13: error: unknown type name 'FILE'
  159 | int  ferror(FILE *);
      |             ^~~~
/Users/runner/.config/alire/cache/dependencies/gnat_native_10.3.2_e112fd3f/lib/gcc/x86_64-apple-darwin19.6.0/10.3.0/include-fixed/stdio.h:159:13: note: 'FILE' is defined in header '<stdio.h>'; did you forget to '#include <stdio.h>'?
/Users/runner/.config/alire/cache/dependencies/gnat_native_10.3.2_e112fd3f/lib/gcc/x86_64-apple-darwin19.6.0/10.3.0/include-fixed/stdio.h:160:13: error: unknown type name 'FILE'
  160 | int  fflush(FILE *);
      |             ^~~~
/Users/runner/.config/alire/cache/dependencies/gnat_native_10.3.2_e112fd3f/lib/gcc/x86_64-apple-darwin19.6.0/10.3.0/include-fixed/stdio.h:160:13: note: 'FILE' is defined in header '<stdio.h>'; did you forget to '#include <stdio.h>'?
/Users/runner/.config/alire/cache/dependencies/gnat_native_10.3.2_e112fd3f/lib/gcc/x86_64-apple-darwin19.6.0/10.3.0/include-fixed/stdio.h:161:12: error: unknown type name 'FILE'
  161 | int  fgetc(FILE *);
      |            ^~~~
/Users/runner/.config/alire/cache/dependencies/gnat_native_10.3.2_e112fd3f/lib/gcc/x86_64-apple-darwin19.6.0/10.3.0/include-fixed/stdio.h:161:12: note: 'FILE' is defined in header '<stdio.h>'; did you forget to '#include <stdio.h>'?
/Users/runner/.config/alire/cache/dependencies/gnat_native_10.3.2_e112fd3f/lib/gcc/x86_64-apple-darwin19.6.0/10.3.0/include-fixed/stdio.h:162:14: error: unknown type name 'FILE'
  162 | int  fgetpos(FILE * __restrict, fpos_t *);
      |              ^~~~
/Users/runner/.config/alire/cache/dependencies/gnat_native_10.3.2_e112fd3f/lib/gcc/x86_64-apple-darwin19.6.0/10.3.0/include-fixed/stdio.h:162:14: note: 'FILE' is defined in header '<stdio.h>'; did you forget to '#include <stdio.h>'?
/Users/runner/.config/alire/cache/dependencies/gnat_native_10.3.2_e112fd3f/lib/gcc/x86_64-apple-darwin19.6.0/10.3.0/include-fixed/stdio.h:162:33: error: unknown type name 'fpos_t'
  162 | int  fgetpos(FILE * __restrict, fpos_t *);
      |                                 ^~~~~~
/Users/runner/.config/alire/cache/dependencies/gnat_native_10.3.2_e112fd3f/lib/gcc/x86_64-apple-darwin19.6.0/10.3.0/include-fixed/stdio.h:162:33: note: 'fpos_t' is defined in header '<stdio.h>'; did you forget to '#include <stdio.h>'?
/Users/runner/.config/alire/cache/dependencies/gnat_native_10.3.2_e112fd3f/lib/gcc/x86_64-apple-darwin19.6.0/10.3.0/include-fixed/stdio.h:163:37: error: unknown type name 'FILE'
  163 | char *fgets(char * __restrict, int, FILE *);
      |                                     ^~~~
/Users/runner/.config/alire/cache/dependencies/gnat_native_10.3.2_e112fd3f/lib/gcc/x86_64-apple-darwin19.6.0/10.3.0/include-fixed/stdio.h:163:37: note: 'FILE' is defined in header '<stdio.h>'; did you forget to '#include <stdio.h>'?
In file included from /Users/runner/work/alire-crates-ci/alire-crates-ci/test/8a3fd2ff-49fe-44d0-893a-39573dc5135c/linenoise_ada_1.1.1_09aa2452/src/linenoise/utf8.c:45:
/Users/runner/.config/alire/cache/dependencies/gnat_native_10.3.2_e112fd3f/lib/gcc/x86_64-apple-darwin19.6.0/10.3.0/include-fixed/stdio.h:167:1: error: unknown type name 'FILE'
  167 | FILE *fopen(const char * __restrict __filename, const char * __restrict __mode) __DARWIN_ALIAS_STARTING(__MAC_10_6, __IPHONE_2_0, __DARWIN_ALIAS(fopen));
      | ^~~~
/Users/runner/.config/alire/cache/dependencies/gnat_native_10.3.2_e112fd3f/lib/gcc/x86_64-apple-darwin19.6.0/10.3.0/include-fixed/stdio.h:167:1: note: 'FILE' is defined in header '<stdio.h>'; did you forget to '#include <stdio.h>'?
/Users/runner/.config/alire/cache/dependencies/gnat_native_10.3.2_e112fd3f/lib/gcc/x86_64-apple-darwin19.6.0/10.3.0/include-fixed/stdio.h:169:14: error: unknown type name 'FILE'
  169 | int  fprintf(FILE * __restrict, const char * __restrict, ...) __printflike(2, 3);
      |              ^~~~
/Users/runner/.config/alire/cache/dependencies/gnat_native_10.3.2_e112fd3f/lib/gcc/x86_64-apple-darwin19.6.0/10.3.0/include-fixed/stdio.h:169:14: note: 'FILE' is defined in header '<stdio.h>'; did you forget to '#include <stdio.h>'?
/Users/runner/.config/alire/cache/dependencies/gnat_native_10.3.2_e112fd3f/lib/gcc/x86_64-apple-darwin19.6.0/10.3.0/include-fixed/stdio.h:170:17: error: unknown type name 'FILE'
  170 | int  fputc(int, FILE *);
      |                 ^~~~
/Users/runner/.config/alire/cache/dependencies/gnat_native_10.3.2_e112fd3f/lib/gcc/x86_64-apple-darwin19.6.0/10.3.0/include-fixed/stdio.h:170:17: note: 'FILE' is defined in header '<stdio.h>'; did you forget to '#include <stdio.h>'?
/Users/runner/.config/alire/cache/dependencies/gnat_native_10.3.2_e112fd3f/lib/gcc/x86_64-apple-darwin19.6.0/10.3.0/include-fixed/stdio.h:171:37: error: unknown type name 'FILE'
  171 | int  fputs(const char * __restrict, FILE * __restrict) __DARWIN_ALIAS(fputs);
      |                                     ^~~~
/Users/runner/.config/alire/cache/dependencies/gnat_native_10.3.2_e112fd3f/lib/gcc/x86_64-apple-darwin19.6.0/10.3.0/include-fixed/stdio.h:171:37: note: 'FILE' is defined in header '<stdio.h>'; did you forget to '#include <stdio.h>'?
/Users/runner/.config/alire/cache/dependencies/gnat_native_10.3.2_e112fd3f/lib/gcc/x86_64-apple-darwin19.6.0/10.3.0/include-fixed/stdio.h:172:72: error: unknown type name 'FILE'
  172 | size_t  fread(void * __restrict __ptr, size_t __size, size_t __nitems, FILE * __restrict __stream);
      |                                                                        ^~~~
/Users/runner/.config/alire/cache/dependencies/gnat_native_10.3.2_e112fd3f/lib/gcc/x86_64-apple-darwin19.6.0/10.3.0/include-fixed/stdio.h:172:72: note: 'FILE' is defined in header '<stdio.h>'; did you forget to '#include <stdio.h>'?
/Users/runner/.config/alire/cache/dependencies/gnat_native_10.3.2_e112fd3f/lib/gcc/x86_64-apple-darwin19.6.0/10.3.0/include-fixed/stdio.h:173:1: error: unknown type name 'FILE'
  173 | FILE *freopen(const char * __restrict, const char * __restrict,
      | ^~~~
/Users/runner/.config/alire/cache/dependencies/gnat_native_10.3.2_e112fd3f/lib/gcc/x86_64-apple-darwin19.6.0/10.3.0/include-fixed/stdio.h:173:1: note: 'FILE' is defined in header '<stdio.h>'; did you forget to '#include <stdio.h>'?
/Users/runner/.config/alire/cache/dependencies/gnat_native_10.3.2_e112fd3f/lib/gcc/x86_64-apple-darwin19.6.0/10.3.0/include-fixed/stdio.h:174:18: error: unknown type name 'FILE'
  174 |                  FILE * __restrict) __DARWIN_ALIAS(freopen);
      |                  ^~~~
/Users/runner/.config/alire/cache/dependencies/gnat_native_10.3.2_e112fd3f/lib/gcc/x86_64-apple-darwin19.6.0/10.3.0/include-fixed/stdio.h:174:18: note: 'FILE' is defined in header '<stdio.h>'; did you forget to '#include <stdio.h>'?
/Users/runner/.config/alire/cache/dependencies/gnat_native_10.3.2_e112fd3f/lib/gcc/x86_64-apple-darwin19.6.0/10.3.0/include-fixed/stdio.h:175:13: error: unknown type name 'FILE'
  175 | int  fscanf(FILE * __restrict, const char * __restrict, ...) __scanflike(2, 3);
      |             ^~~~
/Users/runner/.config/alire/cache/dependencies/gnat_native_10.3.2_e112fd3f/lib/gcc/x86_64-apple-darwin19.6.0/10.3.0/include-fixed/stdio.h:175:13: note: 'FILE' is defined in header '<stdio.h>'; did you forget to '#include <stdio.h>'?
/Users/runner/.config/alire/cache/dependencies/gnat_native_10.3.2_e112fd3f/lib/gcc/x86_64-apple-darwin19.6.0/10.3.0/include-fixed/stdio.h:176:12: error: unknown type name 'FILE'
  176 | int  fseek(FILE *, long, int);
      |            ^~~~
/Users/runner/.config/alire/cache/dependencies/gnat_native_10.3.2_e112fd3f/lib/gcc/x86_64-apple-darwin19.6.0/10.3.0/include-fixed/stdio.h:176:12: note: 'FILE' is defined in header '<stdio.h>'; did you forget to '#include <stdio.h>'?
/Users/runner/.config/alire/cache/dependencies/gnat_native_10.3.2_e112fd3f/lib/gcc/x86_64-apple-darwin19.6.0/10.3.0/include-fixed/stdio.h:177:14: error: unknown type name 'FILE'
  177 | int  fsetpos(FILE *, const fpos_t *);
      |              ^~~~
/Users/runner/.config/alire/cache/dependencies/gnat_native_10.3.2_e112fd3f/lib/gcc/x86_64-apple-darwin19.6.0/10.3.0/include-fixed/stdio.h:177:14: note: 'FILE' is defined in header '<stdio.h>'; did you forget to '#include <stdio.h>'?
/Users/runner/.config/alire/cache/dependencies/gnat_native_10.3.2_e112fd3f/lib/gcc/x86_64-apple-darwin19.6.0/10.3.0/include-fixed/stdio.h:177:28: error: unknown type name 'fpos_t'
  177 | int  fsetpos(FILE *, const fpos_t *);
      |                            ^~~~~~
/Users/runner/.config/alire/cache/dependencies/gnat_native_10.3.2_e112fd3f/lib/gcc/x86_64-apple-darwin19.6.0/10.3.0/include-fixed/stdio.h:178:13: error: unknown type name 'FILE'
  178 | long  ftell(FILE *);
      |             ^~~~
/Users/runner/.config/alire/cache/dependencies/gnat_native_10.3.2_e112fd3f/lib/gcc/x86_64-apple-darwin19.6.0/10.3.0/include-fixed/stdio.h:178:13: note: 'FILE' is defined in header '<stdio.h>'; did you forget to '#include <stdio.h>'?
/Users/runner/.config/alire/cache/dependencies/gnat_native_10.3.2_e112fd3f/lib/gcc/x86_64-apple-darwin19.6.0/10.3.0/include-fixed/stdio.h:179:79: error: unknown type name 'FILE'
  179 | size_t  fwrite(const void * __restrict __ptr, size_t __size, size_t __nitems, FILE * __restrict __stream) __DARWIN_ALIAS(fwrite);
      |                                                                               ^~~~
/Users/runner/.config/alire/cache/dependencies/gnat_native_10.3.2_e112fd3f/lib/gcc/x86_64-apple-darwin19.6.0/10.3.0/include-fixed/stdio.h:179:79: note: 'FILE' is defined in header '<stdio.h>'; did you forget to '#include <stdio.h>'?
/Users/runner/.config/alire/cache/dependencies/gnat_native_10.3.2_e112fd3f/lib/gcc/x86_64-apple-darwin19.6.0/10.3.0/include-fixed/stdio.h:180:11: error: unknown type name 'FILE'
  180 | int  getc(FILE *);
      |           ^~~~
/Users/runner/.config/alire/cache/dependencies/gnat_native_10.3.2_e112fd3f/lib/gcc/x86_64-apple-darwin19.6.0/10.3.0/include-fixed/stdio.h:180:11: note: 'FILE' is defined in header '<stdio.h>'; did you forget to '#include <stdio.h>'?
/Users/runner/.config/alire/cache/dependencies/gnat_native_10.3.2_e112fd3f/lib/gcc/x86_64-apple-darwin19.6.0/10.3.0/include-fixed/stdio.h:185:16: error: unknown type name 'FILE'
  185 | int  putc(int, FILE *);
      |                ^~~~
/Users/runner/.config/alire/cache/dependencies/gnat_native_10.3.2_e112fd3f/lib/gcc/x86_64-apple-darwin19.6.0/10.3.0/include-fixed/stdio.h:185:16: note: 'FILE' is defined in header '<stdio.h>'; did you forget to '#include <stdio.h>'?
/Users/runner/.config/alire/cache/dependencies/gnat_native_10.3.2_e112fd3f/lib/gcc/x86_64-apple-darwin19.6.0/10.3.0/include-fixed/stdio.h:190:14: error: unknown type name 'FILE'
  190 | void  rewind(FILE *);
      |              ^~~~
/Users/runner/.config/alire/cache/dependencies/gnat_native_10.3.2_e112fd3f/lib/gcc/x86_64-apple-darwin19.6.0/10.3.0/include-fixed/stdio.h:190:14: note: 'FILE' is defined in header '<stdio.h>'; did you forget to '#include <stdio.h>'?
/Users/runner/.config/alire/cache/dependencies/gnat_native_10.3.2_e112fd3f/lib/gcc/x86_64-apple-darwin19.6.0/10.3.0/include-fixed/stdio.h:192:14: error: unknown type name 'FILE'
  192 | void  setbuf(FILE * __restrict, char * __restrict);
      |              ^~~~
/Users/runner/.config/alire/cache/dependencies/gnat_native_10.3.2_e112fd3f/lib/gcc/x86_64-apple-darwin19.6.0/10.3.0/include-fixed/stdio.h:192:14: note: 'FILE' is defined in header '<stdio.h>'; did you forget to '#include <stdio.h>'?
/Users/runner/.config/alire/cache/dependencies/gnat_native_10.3.2_e112fd3f/lib/gcc/x86_64-apple-darwin19.6.0/10.3.0/include-fixed/stdio.h:193:14: error: unknown type name 'FILE'
  193 | int  setvbuf(FILE * __restrict, char * __restrict, int, size_t);
      |              ^~~~
/Users/runner/.config/alire/cache/dependencies/gnat_native_10.3.2_e112fd3f/lib/gcc/x86_64-apple-darwin19.6.0/10.3.0/include-fixed/stdio.h:193:14: note: 'FILE' is defined in header '<stdio.h>'; did you forget to '#include <stdio.h>'?
/Users/runner/.config/alire/cache/dependencies/gnat_native_10.3.2_e112fd3f/lib/gcc/x86_64-apple-darwin19.6.0/10.3.0/include-fixed/stdio.h:196:1: error: unknown type name 'FILE'
  196 | FILE *tmpfile(void);
      | ^~~~
/Users/runner/.config/alire/cache/dependencies/gnat_native_10.3.2_e112fd3f/lib/gcc/x86_64-apple-darwin19.6.0/10.3.0/include-fixed/stdio.h:196:1: note: 'FILE' is defined in header '<stdio.h>'; did you forget to '#include <stdio.h>'?
/Users/runner/.config/alire/cache/dependencies/gnat_native_10.3.2_e112fd3f/lib/gcc/x86_64-apple-darwin19.6.0/10.3.0/include-fixed/stdio.h:203:18: error: unknown type name 'FILE'
  203 | int  ungetc(int, FILE *);
      |                  ^~~~
/Users/runner/.config/alire/cache/dependencies/gnat_native_10.3.2_e112fd3f/lib/gcc/x86_64-apple-darwin19.6.0/10.3.0/include-fixed/stdio.h:203:18: note: 'FILE' is defined in header '<stdio.h>'; did you forget to '#include <stdio.h>'?
/Users/runner/.config/alire/cache/dependencies/gnat_native_10.3.2_e112fd3f/lib/gcc/x86_64-apple-darwin19.6.0/10.3.0/include-fixed/stdio.h:204:15: error: unknown type name 'FILE'
  204 | int  vfprintf(FILE * __restrict, const char * __restrict, __gnuc_va_list) __printflike(2, 0);
      |               ^~~~
/Users/runner/.config/alire/cache/dependencies/gnat_native_10.3.2_e112fd3f/lib/gcc/x86_64-apple-darwin19.6.0/10.3.0/include-fixed/stdio.h:204:15: note: 'FILE' is defined in header '<stdio.h>'; did you forget to '#include <stdio.h>'?
/Users/runner/.config/alire/cache/dependencies/gnat_native_10.3.2_e112fd3f/lib/gcc/x86_64-apple-darwin19.6.0/10.3.0/include-fixed/stdio.h:224:1: error: unknown type name 'FILE'
  224 | FILE *fdopen(int, const char *) __DARWIN_ALIAS_STARTING(__MAC_10_6, __IPHONE_2_0, __DARWIN_ALIAS(fdopen));
      | ^~~~
/Users/runner/.config/alire/cache/dependencies/gnat_native_10.3.2_e112fd3f/lib/gcc/x86_64-apple-darwin19.6.0/10.3.0/include-fixed/stdio.h:224:1: note: 'FILE' is defined in header '<stdio.h>'; did you forget to '#include <stdio.h>'?
/Users/runner/.config/alire/cache/dependencies/gnat_native_10.3.2_e112fd3f/lib/gcc/x86_64-apple-darwin19.6.0/10.3.0/include-fixed/stdio.h:226:13: error: unknown type name 'FILE'
  226 | int  fileno(FILE *);
      |             ^~~~
/Users/runner/.config/alire/cache/dependencies/gnat_native_10.3.2_e112fd3f/lib/gcc/x86_64-apple-darwin19.6.0/10.3.0/include-fixed/stdio.h:226:13: note: 'FILE' is defined in header '<stdio.h>'; did you forget to '#include <stdio.h>'?
/Users/runner/.config/alire/cache/dependencies/gnat_native_10.3.2_e112fd3f/lib/gcc/x86_64-apple-darwin19.6.0/10.3.0/include-fixed/stdio.h:242:13: error: unknown type name 'FILE'
  242 | int  pclose(FILE *) __swift_unavailable_on("Use posix_spawn APIs or NSTask instead.", "Process spawning is unavailable.");
      |             ^~~~
/Users/runner/.config/alire/cache/dependencies/gnat_native_10.3.2_e112fd3f/lib/gcc/x86_64-apple-darwin19.6.0/10.3.0/include-fixed/stdio.h:242:13: note: 'FILE' is defined in header '<stdio.h>'; did you forget to '#include <stdio.h>'?
/Users/runner/.config/alire/cache/dependencies/gnat_native_10.3.2_e112fd3f/lib/gcc/x86_64-apple-darwin19.6.0/10.3.0/include-fixed/stdio.h:246:1: error: unknown type name 'FILE'
  246 | FILE *popen(const char *, const char *) __DARWIN_ALIAS_STARTING(__MAC_10_6, __IPHONE_2_0, __DARWIN_ALIAS(popen)) __swift_unavailable_on("Use posix_spawn APIs or NSTask instead.", "Process spawning is unavailable.");
      | ^~~~
/Users/runner/.config/alire/cache/dependencies/gnat_native_10.3.2_e112fd3f/lib/gcc/x86_64-apple-darwin19.6.0/10.3.0/include-fixed/stdio.h:246:1: note: 'FILE' is defined in header '<stdio.h>'; did you forget to '#include <stdio.h>'?
/Users/runner/.config/alire/cache/dependencies/gnat_native_10.3.2_e112fd3f/lib/gcc/x86_64-apple-darwin19.6.0/10.3.0/include-fixed/stdio.h:263:13: error: unknown type name 'FILE'
  263 | int __srget(FILE *);
      |             ^~~~
/Users/runner/.config/alire/cache/dependencies/gnat_native_10.3.2_e112fd3f/lib/gcc/x86_64-apple-darwin19.6.0/10.3.0/include-fixed/stdio.h:263:13: note: 'FILE' is defined in header '<stdio.h>'; did you forget to '#include <stdio.h>'?
/Users/runner/.config/alire/cache/dependencies/gnat_native_10.3.2_e112fd3f/lib/gcc/x86_64-apple-darwin19.6.0/10.3.0/include-fixed/stdio.h:264:16: error: unknown type name 'FILE'
  264 | int __svfscanf(FILE *, const char *, __gnuc_va_list) __scanflike(2, 0);
      |                ^~~~
/Users/runner/.config/alire/cache/dependencies/gnat_native_10.3.2_e112fd3f/lib/gcc/x86_64-apple-darwin19.6.0/10.3.0/include-fixed/stdio.h:264:16: note: 'FILE' is defined in header '<stdio.h>'; did you forget to '#include <stdio.h>'?
/Users/runner/.config/alire/cache/dependencies/gnat_native_10.3.2_e112fd3f/lib/gcc/x86_64-apple-darwin19.6.0/10.3.0/include-fixed/stdio.h:265:18: error: unknown type name 'FILE'
  265 | int __swbuf(int, FILE *);
      |                  ^~~~
/Users/runner/.config/alire/cache/dependencies/gnat_native_10.3.2_e112fd3f/lib/gcc/x86_64-apple-darwin19.6.0/10.3.0/include-fixed/stdio.h:265:18: note: 'FILE' is defined in header '<stdio.h>'; did you forget to '#include <stdio.h>'?
/Users/runner/.config/alire/cache/dependencies/gnat_native_10.3.2_e112fd3f/lib/gcc/x86_64-apple-darwin19.6.0/10.3.0/include-fixed/stdio.h:274:44: error: unknown type name 'FILE'
  274 | __header_always_inline int __sputc(int _c, FILE *_p) {
      |                                            ^~~~
/Users/runner/.config/alire/cache/dependencies/gnat_native_10.3.2_e112fd3f/lib/gcc/x86_64-apple-darwin19.6.0/10.3.0/include-fixed/stdio.h:274:44: note: 'FILE' is defined in header '<stdio.h>'; did you forget to '#include <stdio.h>'?
/Users/runner/.config/alire/cache/dependencies/gnat_native_10.3.2_e112fd3f/lib/gcc/x86_64-apple-darwin19.6.0/10.3.0/include-fixed/stdio.h:300:17: error: unknown type name 'FILE'
  300 | void  flockfile(FILE *);
      |                 ^~~~
/Users/runner/.config/alire/cache/dependencies/gnat_native_10.3.2_e112fd3f/lib/gcc/x86_64-apple-darwin19.6.0/10.3.0/include-fixed/stdio.h:300:17: note: 'FILE' is defined in header '<stdio.h>'; did you forget to '#include <stdio.h>'?
/Users/runner/.config/alire/cache/dependencies/gnat_native_10.3.2_e112fd3f/lib/gcc/x86_64-apple-darwin19.6.0/10.3.0/include-fixed/stdio.h:301:19: error: unknown type name 'FILE'
  301 | int  ftrylockfile(FILE *);
      |                   ^~~~
/Users/runner/.config/alire/cache/dependencies/gnat_native_10.3.2_e112fd3f/lib/gcc/x86_64-apple-darwin19.6.0/10.3.0/include-fixed/stdio.h:301:19: note: 'FILE' is defined in header '<stdio.h>'; did you forget to '#include <stdio.h>'?
/Users/runner/.config/alire/cache/dependencies/gnat_native_10.3.2_e112fd3f/lib/gcc/x86_64-apple-darwin19.6.0/10.3.0/include-fixed/stdio.h:302:19: error: unknown type name 'FILE'
  302 | void  funlockfile(FILE *);
      |                   ^~~~
/Users/runner/.config/alire/cache/dependencies/gnat_native_10.3.2_e112fd3f/lib/gcc/x86_64-apple-darwin19.6.0/10.3.0/include-fixed/stdio.h:302:19: note: 'FILE' is defined in header '<stdio.h>'; did you forget to '#include <stdio.h>'?
/Users/runner/.config/alire/cache/dependencies/gnat_native_10.3.2_e112fd3f/lib/gcc/x86_64-apple-darwin19.6.0/10.3.0/include-fixed/stdio.h:303:20: error: unknown type name 'FILE'
  303 | int  getc_unlocked(FILE *);
      |                    ^~~~
/Users/runner/.config/alire/cache/dependencies/gnat_native_10.3.2_e112fd3f/lib/gcc/x86_64-apple-darwin19.6.0/10.3.0/include-fixed/stdio.h:303:20: note: 'FILE' is defined in header '<stdio.h>'; did you forget to '#include <stdio.h>'?
/Users/runner/.config/alire/cache/dependencies/gnat_native_10.3.2_e112fd3f/lib/gcc/x86_64-apple-darwin19.6.0/10.3.0/include-fixed/stdio.h:305:25: error: unknown type name 'FILE'
  305 | int  putc_unlocked(int, FILE *);
      |                         ^~~~
/Users/runner/.config/alire/cache/dependencies/gnat_native_10.3.2_e112fd3f/lib/gcc/x86_64-apple-darwin19.6.0/10.3.0/include-fixed/stdio.h:305:25: note: 'FILE' is defined in header '<stdio.h>'; did you forget to '#include <stdio.h>'?
/Users/runner/.config/alire/cache/dependencies/gnat_native_10.3.2_e112fd3f/lib/gcc/x86_64-apple-darwin19.6.0/10.3.0/include-fixed/stdio.h:310:11: error: unknown type name 'FILE'
  310 | int  getw(FILE *);
      |           ^~~~
/Users/runner/.config/alire/cache/dependencies/gnat_native_10.3.2_e112fd3f/lib/gcc/x86_64-apple-darwin19.6.0/10.3.0/include-fixed/stdio.h:310:11: note: 'FILE' is defined in header '<stdio.h>'; did you forget to '#include <stdio.h>'?
/Users/runner/.config/alire/cache/dependencies/gnat_native_10.3.2_e112fd3f/lib/gcc/x86_64-apple-darwin19.6.0/10.3.0/include-fixed/stdio.h:311:16: error: unknown type name 'FILE'
  311 | int  putw(int, FILE *);
      |                ^~~~
/Users/runner/.config/alire/cache/dependencies/gnat_native_10.3.2_e112fd3f/lib/gcc/x86_64-apple-darwin19.6.0/10.3.0/include-fixed/stdio.h:311:16: note: 'FILE' is defined in header '<stdio.h>'; did you forget to '#include <stdio.h>'?
/Users/runner/.config/alire/cache/dependencies/gnat_native_10.3.2_e112fd3f/lib/gcc/x86_64-apple-darwin19.6.0/10.3.0/include-fixed/stdio.h:341:13: error: unknown type name 'FILE'
  341 | int  fseeko(FILE * __stream, off_t __offset, int __whence);
      |             ^~~~
/Users/runner/.config/alire/cache/dependencies/gnat_native_10.3.2_e112fd3f/lib/gcc/x86_64-apple-darwin19.6.0/10.3.0/include-fixed/stdio.h:341:13: note: 'FILE' is defined in header '<stdio.h>'; did you forget to '#include <stdio.h>'?
/Users/runner/.config/alire/cache/dependencies/gnat_native_10.3.2_e112fd3f/lib/gcc/x86_64-apple-darwin19.6.0/10.3.0/include-fixed/stdio.h:342:15: error: unknown type name 'FILE'
  342 | off_t  ftello(FILE * __stream);
      |               ^~~~
/Users/runner/.config/alire/cache/dependencies/gnat_native_10.3.2_e112fd3f/lib/gcc/x86_64-apple-darwin19.6.0/10.3.0/include-fixed/stdio.h:342:15: note: 'FILE' is defined in header '<stdio.h>'; did you forget to '#include <stdio.h>'?
/Users/runner/.config/alire/cache/dependencies/gnat_native_10.3.2_e112fd3f/lib/gcc/x86_64-apple-darwin19.6.0/10.3.0/include-fixed/stdio.h:349:14: error: unknown type name 'FILE'
  349 | int  vfscanf(FILE * __restrict __stream, const char * __restrict __format, __gnuc_va_list) __scanflike(2, 0);
      |              ^~~~
/Users/runner/.config/alire/cache/dependencies/gnat_native_10.3.2_e112fd3f/lib/gcc/x86_64-apple-darwin19.6.0/10.3.0/include-fixed/stdio.h:349:14: note: 'FILE' is defined in header '<stdio.h>'; did you forget to '#include <stdio.h>'?
/Users/runner/.config/alire/cache/dependencies/gnat_native_10.3.2_e112fd3f/lib/gcc/x86_64-apple-darwin19.6.0/10.3.0/include-fixed/stdio.h:368:95: error: unknown type name 'FILE'
  368 | ssize_t getdelim(char ** __restrict __linep, size_t * __restrict __linecapp, int __delimiter, FILE * __restrict __stream) __OSX_AVAILABLE_STARTING(__MAC_10_7, __IPHONE_4_3);
      |                                                                                               ^~~~
/Users/runner/.config/alire/cache/dependencies/gnat_native_10.3.2_e112fd3f/lib/gcc/x86_64-apple-darwin19.6.0/10.3.0/include-fixed/stdio.h:368:95: note: 'FILE' is defined in header '<stdio.h>'; did you forget to '#include <stdio.h>'?
/Users/runner/.config/alire/cache/dependencies/gnat_native_10.3.2_e112fd3f/lib/gcc/x86_64-apple-darwin19.6.0/10.3.0/include-fixed/stdio.h:369:77: error: unknown type name 'FILE'
  369 | ssize_t getline(char ** __restrict __linep, size_t * __restrict __linecapp, FILE * __restrict __stream) __OSX_AVAILABLE_STARTING(__MAC_10_7, __IPHONE_4_3);
      |                                                                             ^~~~
/Users/runner/.config/alire/cache/dependencies/gnat_native_10.3.2_e112fd3f/lib/gcc/x86_64-apple-darwin19.6.0/10.3.0/include-fixed/stdio.h:369:77: note: 'FILE' is defined in header '<stdio.h>'; did you forget to '#include <stdio.h>'?
/Users/runner/.config/alire/cache/dependencies/gnat_native_10.3.2_e112fd3f/lib/gcc/x86_64-apple-darwin19.6.0/10.3.0/include-fixed/stdio.h:370:1: error: unknown type name 'FILE'
  370 | FILE *fmemopen(void * __restrict __buf, size_t __size, const char * __restrict __mode) __API_AVAILABLE(macos(10.13), ios(11.0), tvos(11.0), watchos(4.0));
      | ^~~~
/Users/runner/.config/alire/cache/dependencies/gnat_native_10.3.2_e112fd3f/lib/gcc/x86_64-apple-darwin19.6.0/10.3.0/include-fixed/stdio.h:370:1: note: 'FILE' is defined in header '<stdio.h>'; did you forget to '#include <stdio.h>'?
/Users/runner/.config/alire/cache/dependencies/gnat_native_10.3.2_e112fd3f/lib/gcc/x86_64-apple-darwin19.6.0/10.3.0/include-fixed/stdio.h:371:1: error: unknown type name 'FILE'
  371 | FILE *open_memstream(char **__bufp, size_t *__sizep) __API_AVAILABLE(macos(10.13), ios(11.0), tvos(11.0), watchos(4.0));
      | ^~~~
/Users/runner/.config/alire/cache/dependencies/gnat_native_10.3.2_e112fd3f/lib/gcc/x86_64-apple-darwin19.6.0/10.3.0/include-fixed/stdio.h:371:1: note: 'FILE' is defined in header '<stdio.h>'; did you forget to '#include <stdio.h>'?
/Users/runner/.config/alire/cache/dependencies/gnat_native_10.3.2_e112fd3f/lib/gcc/x86_64-apple-darwin19.6.0/10.3.0/include-fixed/stdio.h:386:14: error: unknown type name 'FILE'
  386 | char *fgetln(FILE *, size_t *);
      |              ^~~~
/Users/runner/.config/alire/cache/dependencies/gnat_native_10.3.2_e112fd3f/lib/gcc/x86_64-apple-darwin19.6.0/10.3.0/include-fixed/stdio.h:386:14: note: 'FILE' is defined in header '<stdio.h>'; did you forget to '#include <stdio.h>'?
/Users/runner/.config/alire/cache/dependencies/gnat_native_10.3.2_e112fd3f/lib/gcc/x86_64-apple-darwin19.6.0/10.3.0/include-fixed/stdio.h:388:13: error: unknown type name 'FILE'
  388 | int  fpurge(FILE *);
      |             ^~~~
/Users/runner/.config/alire/cache/dependencies/gnat_native_10.3.2_e112fd3f/lib/gcc/x86_64-apple-darwin19.6.0/10.3.0/include-fixed/stdio.h:388:13: note: 'FILE' is defined in header '<stdio.h>'; did you forget to '#include <stdio.h>'?
/Users/runner/.config/alire/cache/dependencies/gnat_native_10.3.2_e112fd3f/lib/gcc/x86_64-apple-darwin19.6.0/10.3.0/include-fixed/stdio.h:389:17: error: unknown type name 'FILE'
  389 | void  setbuffer(FILE *, char *, int);
      |                 ^~~~
/Users/runner/.config/alire/cache/dependencies/gnat_native_10.3.2_e112fd3f/lib/gcc/x86_64-apple-darwin19.6.0/10.3.0/include-fixed/stdio.h:389:17: note: 'FILE' is defined in header '<stdio.h>'; did you forget to '#include <stdio.h>'?
/Users/runner/.config/alire/cache/dependencies/gnat_native_10.3.2_e112fd3f/lib/gcc/x86_64-apple-darwin19.6.0/10.3.0/include-fixed/stdio.h:390:17: error: unknown type name 'FILE'
  390 | int  setlinebuf(FILE *);
      |                 ^~~~
/Users/runner/.config/alire/cache/dependencies/gnat_native_10.3.2_e112fd3f/lib/gcc/x86_64-apple-darwin19.6.0/10.3.0/include-fixed/stdio.h:390:17: note: 'FILE' is defined in header '<stdio.h>'; did you forget to '#include <stdio.h>'?
/Users/runner/.config/alire/cache/dependencies/gnat_native_10.3.2_e112fd3f/lib/gcc/x86_64-apple-darwin19.6.0/10.3.0/include-fixed/stdio.h:392:1: error: unknown type name 'FILE'
  392 | FILE *zopen(const char *, const char *, int);
      | ^~~~
/Users/runner/.config/alire/cache/dependencies/gnat_native_10.3.2_e112fd3f/lib/gcc/x86_64-apple-darwin19.6.0/10.3.0/include-fixed/stdio.h:392:1: note: 'FILE' is defined in header '<stdio.h>'; did you forget to '#include <stdio.h>'?
/Users/runner/.config/alire/cache/dependencies/gnat_native_10.3.2_e112fd3f/lib/gcc/x86_64-apple-darwin19.6.0/10.3.0/include-fixed/stdio.h:398:1: error: unknown type name 'FILE'
  398 | FILE *funopen(const void *,
      | ^~~~
/Users/runner/.config/alire/cache/dependencies/gnat_native_10.3.2_e112fd3f/lib/gcc/x86_64-apple-darwin19.6.0/10.3.0/include-fixed/stdio.h:398:1: note: 'FILE' is defined in header '<stdio.h>'; did you forget to '#include <stdio.h>'?
/Users/runner/.config/alire/cache/dependencies/gnat_native_10.3.2_e112fd3f/lib/gcc/x86_64-apple-darwin19.6.0/10.3.0/include-fixed/stdio.h:401:18: error: unknown type name 'fpos_t'
  401 |                  fpos_t (* _Nullable)(void *, fpos_t, int),
      |                  ^~~~~~
/Users/runner/.config/alire/cache/dependencies/gnat_native_10.3.2_e112fd3f/lib/gcc/x86_64-apple-darwin19.6.0/10.3.0/include-fixed/stdio.h:401:18: note: 'fpos_t' is defined in header '<stdio.h>'; did you forget to '#include <stdio.h>'?
In file included from /Users/runner/.config/alire/cache/dependencies/gnat_native_10.3.2_e112fd3f/lib/gcc/x86_64-apple-darwin19.6.0/10.3.0/include-fixed/stdio.h:421,
                 from /Users/runner/work/alire-crates-ci/alire-crates-ci/test/8a3fd2ff-49fe-44d0-893a-39573dc5135c/linenoise_ada_1.1.1_09aa2452/src/linenoise/utf8.c:45:
/Library/Developer/CommandLineTools/SDKs/MacOSX.sdk/usr/include/secure/_stdio.h:62:32: error: unknown type name 'va_list'
   62 |       const char * __restrict, va_list);
      |                                ^~~~~~~
/Library/Developer/CommandLineTools/SDKs/MacOSX.sdk/usr/include/secure/_stdio.h:32:1: note: 'va_list' is defined in header '<stdarg.h>'; did you forget to '#include <stdarg.h>'?
   31 | #include <secure/_common.h>
  +++ |+#include <stdarg.h>
   32 | 
/Library/Developer/CommandLineTools/SDKs/MacOSX.sdk/usr/include/secure/_stdio.h:71:33: error: unknown type name 'va_list'
   71 |        const char * __restrict, va_list);
      |                                 ^~~~~~~
/Library/Developer/CommandLineTools/SDKs/MacOSX.sdk/usr/include/secure/_stdio.h:71:33: note: 'va_list' is defined in header '<stdarg.h>'; did you forget to '#include <stdarg.h>'?
In file included from /Library/Developer/CommandLineTools/SDKs/MacOSX.sdk/usr/include/termios.h:26,
                 from /Users/runner/work/alire-crates-ci/alire-crates-ci/test/8a3fd2ff-49fe-44d0-893a-39573dc5135c/linenoise_ada_1.1.1_09aa2452/src/linenoise/linenoise-c.c:106:
/Library/Developer/CommandLineTools/SDKs/MacOSX.sdk/usr/include/sys/cdefs.h:567:30: error: missing ')' after "__has_attribute"
  567 | #if __has_cpp_attribute(clang::unsafe_buffer_usage)
      |                              ^~
/Library/Developer/CommandLineTools/SDKs/MacOSX.sdk/usr/include/sys/cdefs.h:567:32: error: missing binary operator before token "unsafe_buffer_usage"
  567 | #if __has_cpp_attribute(clang::unsafe_buffer_usage)
      |                                ^~~~~~~~~~~~~~~~~~~
In file included from /Users/runner/work/alire-crates-ci/alire-crates-ci/test/8a3fd2ff-49fe-44d0-893a-39573dc5135c/linenoise_ada_1.1.1_09aa2452/src/linenoise/linenoise-c.c:109:
/Users/runner/.config/alire/cache/dependencies/gnat_native_10.3.2_e112fd3f/lib/gcc/x86_64-apple-darwin19.6.0/10.3.0/include-fixed/stdio.h:81:8: error: unknown type name 'FILE'
   81 | extern FILE *__stdinp;
      |        ^~~~
/Users/runner/.config/alire/cache/dependencies/gnat_native_10.3.2_e112fd3f/lib/gcc/x86_64-apple-darwin19.6.0/10.3.0/include-fixed/stdio.h:82:8: error: unknown type name 'FILE'
   82 | extern FILE *__stdoutp;
      |        ^~~~
/Users/runner/.config/alire/cache/dependencies/gnat_native_10.3.2_e112fd3f/lib/gcc/x86_64-apple-darwin19.6.0/10.3.0/include-fixed/stdio.h:83:8: error: unknown type name 'FILE'
   83 | extern FILE *__stderrp;
      |        ^~~~
/Users/runner/.config/alire/cache/dependencies/gnat_native_10.3.2_e112fd3f/lib/gcc/x86_64-apple-darwin19.6.0/10.3.0/include-fixed/stdio.h:156:16: error: unknown type name 'FILE'
  156 | void  clearerr(FILE *);
      |                ^~~~
/Users/runner/.config/alire/cache/dependencies/gnat_native_10.3.2_e112fd3f/lib/gcc/x86_64-apple-darwin19.6.0/10.3.0/include-fixed/stdio.h:79:1: note: 'FILE' is defined in header '<stdio.h>'; did you forget to '#include <stdio.h>'?
   78 | #include <_stdio.h>
  +++ |+#include <stdio.h>
   79 | 
/Users/runner/.config/alire/cache/dependencies/gnat_native_10.3.2_e112fd3f/lib/gcc/x86_64-apple-darwin19.6.0/10.3.0/include-fixed/stdio.h:157:13: error: unknown type name 'FILE'
  157 | int  fclose(FILE *);
      |             ^~~~
/Users/runner/.config/alire/cache/dependencies/gnat_native_10.3.2_e112fd3f/lib/gcc/x86_64-apple-darwin19.6.0/10.3.0/include-fixed/stdio.h:157:13: note: 'FILE' is defined in header '<stdio.h>'; did you forget to '#include <stdio.h>'?
/Users/runner/.config/alire/cache/dependencies/gnat_native_10.3.2_e112fd3f/lib/gcc/x86_64-apple-darwin19.6.0/10.3.0/include-fixed/stdio.h:158:11: error: unknown type name 'FILE'
  158 | int  feof(FILE *);
      |           ^~~~
/Users/runner/.config/alire/cache/dependencies/gnat_native_10.3.2_e112fd3f/lib/gcc/x86_64-apple-darwin19.6.0/10.3.0/include-fixed/stdio.h:158:11: note: 'FILE' is defined in header '<stdio.h>'; did you forget to '#include <stdio.h>'?
/Users/runner/.config/alire/cache/dependencies/gnat_native_10.3.2_e112fd3f/lib/gcc/x86_64-apple-darwin19.6.0/10.3.0/include-fixed/stdio.h:159:13: error: unknown type name 'FILE'
  159 | int  ferror(FILE *);
      |             ^~~~
/Users/runner/.config/alire/cache/dependencies/gnat_native_10.3.2_e112fd3f/lib/gcc/x86_64-apple-darwin19.6.0/10.3.0/include-fixed/stdio.h:159:13: note: 'FILE' is defined in header '<stdio.h>'; did you forget to '#include <stdio.h>'?
/Users/runner/.config/alire/cache/dependencies/gnat_native_10.3.2_e112fd3f/lib/gcc/x86_64-apple-darwin19.6.0/10.3.0/include-fixed/stdio.h:160:13: error: unknown type name 'FILE'
  160 | int  fflush(FILE *);
      |             ^~~~
/Users/runner/.config/alire/cache/dependencies/gnat_native_10.3.2_e112fd3f/lib/gcc/x86_64-apple-darwin19.6.0/10.3.0/include-fixed/stdio.h:160:13: note: 'FILE' is defined in header '<stdio.h>'; did you forget to '#include <stdio.h>'?
/Users/runner/.config/alire/cache/dependencies/gnat_native_10.3.2_e112fd3f/lib/gcc/x86_64-apple-darwin19.6.0/10.3.0/include-fixed/stdio.h:161:12: error: unknown type name 'FILE'
  161 | int  fgetc(FILE *);
      |            ^~~~
/Users/runner/.config/alire/cache/dependencies/gnat_native_10.3.2_e112fd3f/lib/gcc/x86_64-apple-darwin19.6.0/10.3.0/include-fixed/stdio.h:161:12: note: 'FILE' is defined in header '<stdio.h>'; did you forget to '#include <stdio.h>'?
/Users/runner/.config/alire/cache/dependencies/gnat_native_10.3.2_e112fd3f/lib/gcc/x86_64-apple-darwin19.6.0/10.3.0/include-fixed/stdio.h:162:14: error: unknown type name 'FILE'
  162 | int  fgetpos(FILE * __restrict, fpos_t *);
      |              ^~~~
/Users/runner/.config/alire/cache/dependencies/gnat_native_10.3.2_e112fd3f/lib/gcc/x86_64-apple-darwin19.6.0/10.3.0/include-fixed/stdio.h:162:14: note: 'FILE' is defined in header '<stdio.h>'; did you forget to '#include <stdio.h>'?
/Users/runner/.config/alire/cache/dependencies/gnat_native_10.3.2_e112fd3f/lib/gcc/x86_64-apple-darwin19.6.0/10.3.0/include-fixed/stdio.h:162:33: error: unknown type name 'fpos_t'
  162 | int  fgetpos(FILE * __restrict, fpos_t *);
      |                                 ^~~~~~
/Users/runner/.config/alire/cache/dependencies/gnat_native_10.3.2_e112fd3f/lib/gcc/x86_64-apple-darwin19.6.0/10.3.0/include-fixed/stdio.h:162:33: note: 'fpos_t' is defined in header '<stdio.h>'; did you forget to '#include <stdio.h>'?
/Users/runner/.config/alire/cache/dependencies/gnat_native_10.3.2_e112fd3f/lib/gcc/x86_64-apple-darwin19.6.0/10.3.0/include-fixed/stdio.h:163:37: error: unknown type name 'FILE'
  163 | char *fgets(char * __restrict, int, FILE *);
      |                                     ^~~~
/Users/runner/.config/alire/cache/dependencies/gnat_native_10.3.2_e112fd3f/lib/gcc/x86_64-apple-darwin19.6.0/10.3.0/include-fixed/stdio.h:163:37: note: 'FILE' is defined in header '<stdio.h>'; did you forget to '#include <stdio.h>'?
In file included from /Users/runner/work/alire-crates-ci/alire-crates-ci/test/8a3fd2ff-49fe-44d0-893a-39573dc5135c/linenoise_ada_1.1.1_09aa2452/src/linenoise/linenoise-c.c:109:
/Users/runner/.config/alire/cache/dependencies/gnat_native_10.3.2_e112fd3f/lib/gcc/x86_64-apple-darwin19.6.0/10.3.0/include-fixed/stdio.h:167:1: error: unknown type name 'FILE'
  167 | FILE *fopen(const char * __restrict __filename, const char * __restrict __mode) __DARWIN_ALIAS_STARTING(__MAC_10_6, __IPHONE_2_0, __DARWIN_ALIAS(fopen));
      | ^~~~
/Users/runner/.config/alire/cache/dependencies/gnat_native_10.3.2_e112fd3f/lib/gcc/x86_64-apple-darwin19.6.0/10.3.0/include-fixed/stdio.h:167:1: note: 'FILE' is defined in header '<stdio.h>'; did you forget to '#include <stdio.h>'?
/Users/runner/.config/alire/cache/dependencies/gnat_native_10.3.2_e112fd3f/lib/gcc/x86_64-apple-darwin19.6.0/10.3.0/include-fixed/stdio.h:169:14: error: unknown type name 'FILE'
  169 | int  fprintf(FILE * __restrict, const char * __restrict, ...) __printflike(2, 3);
      |              ^~~~
/Users/runner/.config/alire/cache/dependencies/gnat_native_10.3.2_e112fd3f/lib/gcc/x86_64-apple-darwin19.6.0/10.3.0/include-fixed/stdio.h:169:14: note: 'FILE' is defined in header '<stdio.h>'; did you forget to '#include <stdio.h>'?
/Users/runner/.config/alire/cache/dependencies/gnat_native_10.3.2_e112fd3f/lib/gcc/x86_64-apple-darwin19.6.0/10.3.0/include-fixed/stdio.h:170:17: error: unknown type name 'FILE'
  170 | int  fputc(int, FILE *);
      |                 ^~~~
/Users/runner/.config/alire/cache/dependencies/gnat_native_10.3.2_e112fd3f/lib/gcc/x86_64-apple-darwin19.6.0/10.3.0/include-fixed/stdio.h:170:17: note: 'FILE' is defined in header '<stdio.h>'; did you forget to '#include <stdio.h>'?
/Users/runner/.config/alire/cache/dependencies/gnat_native_10.3.2_e112fd3f/lib/gcc/x86_64-apple-darwin19.6.0/10.3.0/include-fixed/stdio.h:171:37: error: unknown type name 'FILE'
  171 | int  fputs(const char * __restrict, FILE * __restrict) __DARWIN_ALIAS(fputs);
      |                                     ^~~~
/Users/runner/.config/alire/cache/dependencies/gnat_native_10.3.2_e112fd3f/lib/gcc/x86_64-apple-darwin19.6.0/10.3.0/include-fixed/stdio.h:171:37: note: 'FILE' is defined in header '<stdio.h>'; did you forget to '#include <stdio.h>'?
/Users/runner/.config/alire/cache/dependencies/gnat_native_10.3.2_e112fd3f/lib/gcc/x86_64-apple-darwin19.6.0/10.3.0/include-fixed/stdio.h:172:72: error: unknown type name 'FILE'
  172 | size_t  fread(void * __restrict __ptr, size_t __size, size_t __nitems, FILE * __restrict __stream);
      |                                                                        ^~~~
/Users/runner/.config/alire/cache/dependencies/gnat_native_10.3.2_e112fd3f/lib/gcc/x86_64-apple-darwin19.6.0/10.3.0/include-fixed/stdio.h:172:72: note: 'FILE' is defined in header '<stdio.h>'; did you forget to '#include <stdio.h>'?
/Users/runner/.config/alire/cache/dependencies/gnat_native_10.3.2_e112fd3f/lib/gcc/x86_64-apple-darwin19.6.0/10.3.0/include-fixed/stdio.h:173:1: error: unknown type name 'FILE'
  173 | FILE *freopen(const char * __restrict, const char * __restrict,
      | ^~~~
/Users/runner/.config/alire/cache/dependencies/gnat_native_10.3.2_e112fd3f/lib/gcc/x86_64-apple-darwin19.6.0/10.3.0/include-fixed/stdio.h:173:1: note: 'FILE' is defined in header '<stdio.h>'; did you forget to '#include <stdio.h>'?
/Users/runner/.config/alire/cache/dependencies/gnat_native_10.3.2_e112fd3f/lib/gcc/x86_64-apple-darwin19.6.0/10.3.0/include-fixed/stdio.h:174:18: error: unknown type name 'FILE'
  174 |                  FILE * __restrict) __DARWIN_ALIAS(freopen);
      |                  ^~~~
/Users/runner/.config/alire/cache/dependencies/gnat_native_10.3.2_e112fd3f/lib/gcc/x86_64-apple-darwin19.6.0/10.3.0/include-fixed/stdio.h:174:18: note: 'FILE' is defined in header '<stdio.h>'; did you forget to '#include <stdio.h>'?
/Users/runner/.config/alire/cache/dependencies/gnat_native_10.3.2_e112fd3f/lib/gcc/x86_64-apple-darwin19.6.0/10.3.0/include-fixed/stdio.h:175:13: error: unknown type name 'FILE'
  175 | int  fscanf(FILE * __restrict, const char * __restrict, ...) __scanflike(2, 3);
      |             ^~~~
/Users/runner/.config/alire/cache/dependencies/gnat_native_10.3.2_e112fd3f/lib/gcc/x86_64-apple-darwin19.6.0/10.3.0/include-fixed/stdio.h:175:13: note: 'FILE' is defined in header '<stdio.h>'; did you forget to '#include <stdio.h>'?
/Users/runner/.config/alire/cache/dependencies/gnat_native_10.3.2_e112fd3f/lib/gcc/x86_64-apple-darwin19.6.0/10.3.0/include-fixed/stdio.h:176:12: error: unknown type name 'FILE'
  176 | int  fseek(FILE *, long, int);
      |            ^~~~
/Users/runner/.config/alire/cache/dependencies/gnat_native_10.3.2_e112fd3f/lib/gcc/x86_64-apple-darwin19.6.0/10.3.0/include-fixed/stdio.h:176:12: note: 'FILE' is defined in header '<stdio.h>'; did you forget to '#include <stdio.h>'?
/Users/runner/.config/alire/cache/dependencies/gnat_native_10.3.2_e112fd3f/lib/gcc/x86_64-apple-darwin19.6.0/10.3.0/include-fixed/stdio.h:177:14: error: unknown type name 'FILE'
  177 | int  fsetpos(FILE *, const fpos_t *);
      |              ^~~~
/Users/runner/.config/alire/cache/dependencies/gnat_native_10.3.2_e112fd3f/lib/gcc/x86_64-apple-darwin19.6.0/10.3.0/include-fixed/stdio.h:177:14: note: 'FILE' is defined in header '<stdio.h>'; did you forget to '#include <stdio.h>'?
/Users/runner/.config/alire/cache/dependencies/gnat_native_10.3.2_e112fd3f/lib/gcc/x86_64-apple-darwin19.6.0/10.3.0/include-fixed/stdio.h:177:28: error: unknown type name 'fpos_t'
  177 | int  fsetpos(FILE *, const fpos_t *);
      |                            ^~~~~~
/Users/runner/.config/alire/cache/dependencies/gnat_native_10.3.2_e112fd3f/lib/gcc/x86_64-apple-darwin19.6.0/10.3.0/include-fixed/stdio.h:178:13: error: unknown type name 'FILE'
  178 | long  ftell(FILE *);
      |             ^~~~
/Users/runner/.config/alire/cache/dependencies/gnat_native_10.3.2_e112fd3f/lib/gcc/x86_64-apple-darwin19.6.0/10.3.0/include-fixed/stdio.h:178:13: note: 'FILE' is defined in header '<stdio.h>'; did you forget to '#include <stdio.h>'?
/Users/runner/.config/alire/cache/dependencies/gnat_native_10.3.2_e112fd3f/lib/gcc/x86_64-apple-darwin19.6.0/10.3.0/include-fixed/stdio.h:179:79: error: unknown type name 'FILE'
  179 | size_t  fwrite(const void * __restrict __ptr, size_t __size, size_t __nitems, FILE * __restrict __stream) __DARWIN_ALIAS(fwrite);
      |                                                                               ^~~~
/Users/runner/.config/alire/cache/dependencies/gnat_native_10.3.2_e112fd3f/lib/gcc/x86_64-apple-darwin19.6.0/10.3.0/include-fixed/stdio.h:179:79: note: 'FILE' is defined in header '<stdio.h>'; did you forget to '#include <stdio.h>'?
/Users/runner/.config/alire/cache/dependencies/gnat_native_10.3.2_e112fd3f/lib/gcc/x86_64-apple-darwin19.6.0/10.3.0/include-fixed/stdio.h:180:11: error: unknown type name 'FILE'
  180 | int  getc(FILE *);
      |           ^~~~
/Users/runner/.config/alire/cache/dependencies/gnat_native_10.3.2_e112fd3f/lib/gcc/x86_64-apple-darwin19.6.0/10.3.0/include-fixed/stdio.h:180:11: note: 'FILE' is defined in header '<stdio.h>'; did you forget to '#include <stdio.h>'?
/Users/runner/.config/alire/cache/dependencies/gnat_native_10.3.2_e112fd3f/lib/gcc/x86_64-apple-darwin19.6.0/10.3.0/include-fixed/stdio.h:185:16: error: unknown type name 'FILE'
  185 | int  putc(int, FILE *);
      |                ^~~~
/Users/runner/.config/alire/cache/dependencies/gnat_native_10.3.2_e112fd3f/lib/gcc/x86_64-apple-darwin19.6.0/10.3.0/include-fixed/stdio.h:185:16: note: 'FILE' is defined in header '<stdio.h>'; did you forget to '#include <stdio.h>'?
/Users/runner/.config/alire/cache/dependencies/gnat_native_10.3.2_e112fd3f/lib/gcc/x86_64-apple-darwin19.6.0/10.3.0/include-fixed/stdio.h:190:14: error: unknown type name 'FILE'
  190 | void  rewind(FILE *);
      |              ^~~~
/Users/runner/.config/alire/cache/dependencies/gnat_native_10.3.2_e112fd3f/lib/gcc/x86_64-apple-darwin19.6.0/10.3.0/include-fixed/stdio.h:190:14: note: 'FILE' is defined in header '<stdio.h>'; did you forget to '#include <stdio.h>'?
/Users/runner/.config/alire/cache/dependencies/gnat_native_10.3.2_e112fd3f/lib/gcc/x86_64-apple-darwin19.6.0/10.3.0/include-fixed/stdio.h:192:14: error: unknown type name 'FILE'
  192 | void  setbuf(FILE * __restrict, char * __restrict);
      |              ^~~~
/Users/runner/.config/alire/cache/dependencies/gnat_native_10.3.2_e112fd3f/lib/gcc/x86_64-apple-darwin19.6.0/10.3.0/include-fixed/stdio.h:192:14: note: 'FILE' is defined in header '<stdio.h>'; did you forget to '#include <stdio.h>'?
/Users/runner/.config/alire/cache/dependencies/gnat_native_10.3.2_e112fd3f/lib/gcc/x86_64-apple-darwin19.6.0/10.3.0/include-fixed/stdio.h:193:14: error: unknown type name 'FILE'
  193 | int  setvbuf(FILE * __restrict, char * __restrict, int, size_t);
      |              ^~~~
/Users/runner/.config/alire/cache/dependencies/gnat_native_10.3.2_e112fd3f/lib/gcc/x86_64-apple-darwin19.6.0/10.3.0/include-fixed/stdio.h:193:14: note: 'FILE' is defined in header '<stdio.h>'; did you forget to '#include <stdio.h>'?
/Users/runner/.config/alire/cache/dependencies/gnat_native_10.3.2_e112fd3f/lib/gcc/x86_64-apple-darwin19.6.0/10.3.0/include-fixed/stdio.h:196:1: error: unknown type name 'FILE'
  196 | FILE *tmpfile(void);
      | ^~~~
/Users/runner/.config/alire/cache/dependencies/gnat_native_10.3.2_e112fd3f/lib/gcc/x86_64-apple-darwin19.6.0/10.3.0/include-fixed/stdio.h:196:1: note: 'FILE' is defined in header '<stdio.h>'; did you forget to '#include <stdio.h>'?
/Users/runner/.config/alire/cache/dependencies/gnat_native_10.3.2_e112fd3f/lib/gcc/x86_64-apple-darwin19.6.0/10.3.0/include-fixed/stdio.h:203:18: error: unknown type name 'FILE'
  203 | int  ungetc(int, FILE *);
      |                  ^~~~
/Users/runner/.config/alire/cache/dependencies/gnat_native_10.3.2_e112fd3f/lib/gcc/x86_64-apple-darwin19.6.0/10.3.0/include-fixed/stdio.h:203:18: note: 'FILE' is defined in header '<stdio.h>'; did you forget to '#include <stdio.h>'?
/Users/runner/.config/alire/cache/dependencies/gnat_native_10.3.2_e112fd3f/lib/gcc/x86_64-apple-darwin19.6.0/10.3.0/include-fixed/stdio.h:204:15: error: unknown type name 'FILE'
  204 | int  vfprintf(FILE * __restrict, const char * __restrict, __gnuc_va_list) __printflike(2, 0);
      |               ^~~~
/Users/runner/.config/alire/cache/dependencies/gnat_native_10.3.2_e112fd3f/lib/gcc/x86_64-apple-darwin19.6.0/10.3.0/include-fixed/stdio.h:204:15: note: 'FILE' is defined in header '<stdio.h>'; did you forget to '#include <stdio.h>'?
/Users/runner/.config/alire/cache/dependencies/gnat_native_10.3.2_e112fd3f/lib/gcc/x86_64-apple-darwin19.6.0/10.3.0/include-fixed/stdio.h:224:1: error: unknown type name 'FILE'
  224 | FILE *fdopen(int, const char *) __DARWIN_ALIAS_STARTING(__MAC_10_6, __IPHONE_2_0, __DARWIN_ALIAS(fdopen));
      | ^~~~
/Users/runner/.config/alire/cache/dependencies/gnat_native_10.3.2_e112fd3f/lib/gcc/x86_64-apple-darwin19.6.0/10.3.0/include-fixed/stdio.h:224:1: note: 'FILE' is defined in header '<stdio.h>'; did you forget to '#include <stdio.h>'?
/Users/runner/.config/alire/cache/dependencies/gnat_native_10.3.2_e112fd3f/lib/gcc/x86_64-apple-darwin19.6.0/10.3.0/include-fixed/stdio.h:226:13: error: unknown type name 'FILE'
  226 | int  fileno(FILE *);
      |             ^~~~
/Users/runner/.config/alire/cache/dependencies/gnat_native_10.3.2_e112fd3f/lib/gcc/x86_64-apple-darwin19.6.0/10.3.0/include-fixed/stdio.h:226:13: note: 'FILE' is defined in header '<stdio.h>'; did you forget to '#include <stdio.h>'?
/Users/runner/.config/alire/cache/dependencies/gnat_native_10.3.2_e112fd3f/lib/gcc/x86_64-apple-darwin19.6.0/10.3.0/include-fixed/stdio.h:242:13: error: unknown type name 'FILE'
  242 | int  pclose(FILE *) __swift_unavailable_on("Use posix_spawn APIs or NSTask instead.", "Process spawning is unavailable.");
      |             ^~~~
/Users/runner/.config/alire/cache/dependencies/gnat_native_10.3.2_e112fd3f/lib/gcc/x86_64-apple-darwin19.6.0/10.3.0/include-fixed/stdio.h:242:13: note: 'FILE' is defined in header '<stdio.h>'; did you forget to '#include <stdio.h>'?
/Users/runner/.config/alire/cache/dependencies/gnat_native_10.3.2_e112fd3f/lib/gcc/x86_64-apple-darwin19.6.0/10.3.0/include-fixed/stdio.h:246:1: error: unknown type name 'FILE'
  246 | FILE *popen(const char *, const char *) __DARWIN_ALIAS_STARTING(__MAC_10_6, __IPHONE_2_0, __DARWIN_ALIAS(popen)) __swift_unavailable_on("Use posix_spawn APIs or NSTask instead.", "Process spawning is unavailable.");
      | ^~~~
/Users/runner/.config/alire/cache/dependencies/gnat_native_10.3.2_e112fd3f/lib/gcc/x86_64-apple-darwin19.6.0/10.3.0/include-fixed/stdio.h:246:1: note: 'FILE' is defined in header '<stdio.h>'; did you forget to '#include <stdio.h>'?
/Users/runner/.config/alire/cache/dependencies/gnat_native_10.3.2_e112fd3f/lib/gcc/x86_64-apple-darwin19.6.0/10.3.0/include-fixed/stdio.h:263:13: error: unknown type name 'FILE'
  263 | int __srget(FILE *);
      |             ^~~~
/Users/runner/.config/alire/cache/dependencies/gnat_native_10.3.2_e112fd3f/lib/gcc/x86_64-apple-darwin19.6.0/10.3.0/include-fixed/stdio.h:263:13: note: 'FILE' is defined in header '<stdio.h>'; did you forget to '#include <stdio.h>'?
/Users/runner/.config/alire/cache/dependencies/gnat_native_10.3.2_e112fd3f/lib/gcc/x86_64-apple-darwin19.6.0/10.3.0/include-fixed/stdio.h:264:16: error: unknown type name 'FILE'
  264 | int __svfscanf(FILE *, const char *, __gnuc_va_list) __scanflike(2, 0);
      |                ^~~~
/Users/runner/.config/alire/cache/dependencies/gnat_native_10.3.2_e112fd3f/lib/gcc/x86_64-apple-darwin19.6.0/10.3.0/include-fixed/stdio.h:264:16: note: 'FILE' is defined in header '<stdio.h>'; did you forget to '#include <stdio.h>'?
/Users/runner/.config/alire/cache/dependencies/gnat_native_10.3.2_e112fd3f/lib/gcc/x86_64-apple-darwin19.6.0/10.3.0/include-fixed/stdio.h:265:18: error: unknown type name 'FILE'
  265 | int __swbuf(int, FILE *);
      |                  ^~~~
/Users/runner/.config/alire/cache/dependencies/gnat_native_10.3.2_e112fd3f/lib/gcc/x86_64-apple-darwin19.6.0/10.3.0/include-fixed/stdio.h:265:18: note: 'FILE' is defined in header '<stdio.h>'; did you forget to '#include <stdio.h>'?
/Users/runner/.config/alire/cache/dependencies/gnat_native_10.3.2_e112fd3f/lib/gcc/x86_64-apple-darwin19.6.0/10.3.0/include-fixed/stdio.h:274:44: error: unknown type name 'FILE'
  274 | __header_always_inline int __sputc(int _c, FILE *_p) {
      |                                            ^~~~
/Users/runner/.config/alire/cache/dependencies/gnat_native_10.3.2_e112fd3f/lib/gcc/x86_64-apple-darwin19.6.0/10.3.0/include-fixed/stdio.h:274:44: note: 'FILE' is defined in header '<stdio.h>'; did you forget to '#include <stdio.h>'?
/Users/runner/.config/alire/cache/dependencies/gnat_native_10.3.2_e112fd3f/lib/gcc/x86_64-apple-darwin19.6.0/10.3.0/include-fixed/stdio.h:300:17: error: unknown type name 'FILE'
  300 | void  flockfile(FILE *);
      |                 ^~~~
/Users/runner/.config/alire/cache/dependencies/gnat_native_10.3.2_e112fd3f/lib/gcc/x86_64-apple-darwin19.6.0/10.3.0/include-fixed/stdio.h:300:17: note: 'FILE' is defined in header '<stdio.h>'; did you forget to '#include <stdio.h>'?
/Users/runner/.config/alire/cache/dependencies/gnat_native_10.3.2_e112fd3f/lib/gcc/x86_64-apple-darwin19.6.0/10.3.0/include-fixed/stdio.h:301:19: error: unknown type name 'FILE'
  301 | int  ftrylockfile(FILE *);
      |                   ^~~~
/Users/runner/.config/alire/cache/dependencies/gnat_native_10.3.2_e112fd3f/lib/gcc/x86_64-apple-darwin19.6.0/10.3.0/include-fixed/stdio.h:301:19: note: 'FILE' is defined in header '<stdio.h>'; did you forget to '#include <stdio.h>'?
/Users/runner/.config/alire/cache/dependencies/gnat_native_10.3.2_e112fd3f/lib/gcc/x86_64-apple-darwin19.6.0/10.3.0/include-fixed/stdio.h:302:19: error: unknown type name 'FILE'
  302 | void  funlockfile(FILE *);
      |                   ^~~~
/Users/runner/.config/alire/cache/dependencies/gnat_native_10.3.2_e112fd3f/lib/gcc/x86_64-apple-darwin19.6.0/10.3.0/include-fixed/stdio.h:302:19: note: 'FILE' is defined in header '<stdio.h>'; did you forget to '#include <stdio.h>'?
/Users/runner/.config/alire/cache/dependencies/gnat_native_10.3.2_e112fd3f/lib/gcc/x86_64-apple-darwin19.6.0/10.3.0/include-fixed/stdio.h:303:20: error: unknown type name 'FILE'
  303 | int  getc_unlocked(FILE *);
      |                    ^~~~
/Users/runner/.config/alire/cache/dependencies/gnat_native_10.3.2_e112fd3f/lib/gcc/x86_64-apple-darwin19.6.0/10.3.0/include-fixed/stdio.h:303:20: note: 'FILE' is defined in header '<stdio.h>'; did you forget to '#include <stdio.h>'?
/Users/runner/.config/alire/cache/dependencies/gnat_native_10.3.2_e112fd3f/lib/gcc/x86_64-apple-darwin19.6.0/10.3.0/include-fixed/stdio.h:305:25: error: unknown type name 'FILE'
  305 | int  putc_unlocked(int, FILE *);
      |                         ^~~~
/Users/runner/.config/alire/cache/dependencies/gnat_native_10.3.2_e112fd3f/lib/gcc/x86_64-apple-darwin19.6.0/10.3.0/include-fixed/stdio.h:305:25: note: 'FILE' is defined in header '<stdio.h>'; did you forget to '#include <stdio.h>'?
/Users/runner/.config/alire/cache/dependencies/gnat_native_10.3.2_e112fd3f/lib/gcc/x86_64-apple-darwin19.6.0/10.3.0/include-fixed/stdio.h:310:11: error: unknown type name 'FILE'
  310 | int  getw(FILE *);
      |           ^~~~
/Users/runner/.config/alire/cache/dependencies/gnat_native_10.3.2_e112fd3f/lib/gcc/x86_64-apple-darwin19.6.0/10.3.0/include-fixed/stdio.h:310:11: note: 'FILE' is defined in header '<stdio.h>'; did you forget to '#include <stdio.h>'?
/Users/runner/.config/alire/cache/dependencies/gnat_native_10.3.2_e112fd3f/lib/gcc/x86_64-apple-darwin19.6.0/10.3.0/include-fixed/stdio.h:311:16: error: unknown type name 'FILE'
  311 | int  putw(int, FILE *);
      |                ^~~~
/Users/runner/.config/alire/cache/dependencies/gnat_native_10.3.2_e112fd3f/lib/gcc/x86_64-apple-darwin19.6.0/10.3.0/include-fixed/stdio.h:311:16: note: 'FILE' is defined in header '<stdio.h>'; did you forget to '#include <stdio.h>'?
/Users/runner/.config/alire/cache/dependencies/gnat_native_10.3.2_e112fd3f/lib/gcc/x86_64-apple-darwin19.6.0/10.3.0/include-fixed/stdio.h:341:13: error: unknown type name 'FILE'
  341 | int  fseeko(FILE * __stream, off_t __offset, int __whence);
      |             ^~~~
/Users/runner/.config/alire/cache/dependencies/gnat_native_10.3.2_e112fd3f/lib/gcc/x86_64-apple-darwin19.6.0/10.3.0/include-fixed/stdio.h:341:13: note: 'FILE' is defined in header '<stdio.h>'; did you forget to '#include <stdio.h>'?
/Users/runner/.config/alire/cache/dependencies/gnat_native_10.3.2_e112fd3f/lib/gcc/x86_64-apple-darwin19.6.0/10.3.0/include-fixed/stdio.h:342:15: error: unknown type name 'FILE'
  342 | off_t  ftello(FILE * __stream);
      |               ^~~~
/Users/runner/.config/alire/cache/dependencies/gnat_native_10.3.2_e112fd3f/lib/gcc/x86_64-apple-darwin19.6.0/10.3.0/include-fixed/stdio.h:342:15: note: 'FILE' is defined in header '<stdio.h>'; did you forget to '#include <stdio.h>'?
/Users/runner/.config/alire/cache/dependencies/gnat_native_10.3.2_e112fd3f/lib/gcc/x86_64-apple-darwin19.6.0/10.3.0/include-fixed/stdio.h:349:14: error: unknown type name 'FILE'
  349 | int  vfscanf(FILE * __restrict __stream, const char * __restrict __format, __gnuc_va_list) __scanflike(2, 0);
      |              ^~~~
/Users/runner/.config/alire/cache/dependencies/gnat_native_10.3.2_e112fd3f/lib/gcc/x86_64-apple-darwin19.6.0/10.3.0/include-fixed/stdio.h:349:14: note: 'FILE' is defined in header '<stdio.h>'; did you forget to '#include <stdio.h>'?
/Users/runner/.config/alire/cache/dependencies/gnat_native_10.3.2_e112fd3f/lib/gcc/x86_64-apple-darwin19.6.0/10.3.0/include-fixed/stdio.h:368:95: error: unknown type name 'FILE'
  368 | ssize_t getdelim(char ** __restrict __linep, size_t * __restrict __linecapp, int __delimiter, FILE * __restrict __stream) __OSX_AVAILABLE_STARTING(__MAC_10_7, __IPHONE_4_3);
      |                                                                                               ^~~~
/Users/runner/.config/alire/cache/dependencies/gnat_native_10.3.2_e112fd3f/lib/gcc/x86_64-apple-darwin19.6.0/10.3.0/include-fixed/stdio.h:368:95: note: 'FILE' is defined in header '<stdio.h>'; did you forget to '#include <stdio.h>'?
/Users/runner/.config/alire/cache/dependencies/gnat_native_10.3.2_e112fd3f/lib/gcc/x86_64-apple-darwin19.6.0/10.3.0/include-fixed/stdio.h:369:77: error: unknown type name 'FILE'
  369 | ssize_t getline(char ** __restrict __linep, size_t * __restrict __linecapp, FILE * __restrict __stream) __OSX_AVAILABLE_STARTING(__MAC_10_7, __IPHONE_4_3);
      |                                                                             ^~~~
/Users/runner/.config/alire/cache/dependencies/gnat_native_10.3.2_e112fd3f/lib/gcc/x86_64-apple-darwin19.6.0/10.3.0/include-fixed/stdio.h:369:77: note: 'FILE' is defined in header '<stdio.h>'; did you forget to '#include <stdio.h>'?
/Users/runner/.config/alire/cache/dependencies/gnat_native_10.3.2_e112fd3f/lib/gcc/x86_64-apple-darwin19.6.0/10.3.0/include-fixed/stdio.h:370:1: error: unknown type name 'FILE'
  370 | FILE *fmemopen(void * __restrict __buf, size_t __size, const char * __restrict __mode) __API_AVAILABLE(macos(10.13), ios(11.0), tvos(11.0), watchos(4.0));
      | ^~~~
/Users/runner/.config/alire/cache/dependencies/gnat_native_10.3.2_e112fd3f/lib/gcc/x86_64-apple-darwin19.6.0/10.3.0/include-fixed/stdio.h:370:1: note: 'FILE' is defined in header '<stdio.h>'; did you forget to '#include <stdio.h>'?
/Users/runner/.config/alire/cache/dependencies/gnat_native_10.3.2_e112fd3f/lib/gcc/x86_64-apple-darwin19.6.0/10.3.0/include-fixed/stdio.h:371:1: error: unknown type name 'FILE'
  371 | FILE *open_memstream(char **__bufp, size_t *__sizep) __API_AVAILABLE(macos(10.13), ios(11.0), tvos(11.0), watchos(4.0));
      | ^~~~
/Users/runner/.config/alire/cache/dependencies/gnat_native_10.3.2_e112fd3f/lib/gcc/x86_64-apple-darwin19.6.0/10.3.0/include-fixed/stdio.h:371:1: note: 'FILE' is defined in header '<stdio.h>'; did you forget to '#include <stdio.h>'?
/Users/runner/.config/alire/cache/dependencies/gnat_native_10.3.2_e112fd3f/lib/gcc/x86_64-apple-darwin19.6.0/10.3.0/include-fixed/stdio.h:386:14: error: unknown type name 'FILE'
  386 | char *fgetln(FILE *, size_t *);
      |              ^~~~
/Users/runner/.config/alire/cache/dependencies/gnat_native_10.3.2_e112fd3f/lib/gcc/x86_64-apple-darwin19.6.0/10.3.0/include-fixed/stdio.h:386:14: note: 'FILE' is defined in header '<stdio.h>'; did you forget to '#include <stdio.h>'?
/Users/runner/.config/alire/cache/dependencies/gnat_native_10.3.2_e112fd3f/lib/gcc/x86_64-apple-darwin19.6.0/10.3.0/include-fixed/stdio.h:388:13: error: unknown type name 'FILE'
  388 | int  fpurge(FILE *);
      |             ^~~~
/Users/runner/.config/alire/cache/dependencies/gnat_native_10.3.2_e112fd3f/lib/gcc/x86_64-apple-darwin19.6.0/10.3.0/include-fixed/stdio.h:388:13: note: 'FILE' is defined in header '<stdio.h>'; did you forget to '#include <stdio.h>'?
/Users/runner/.config/alire/cache/dependencies/gnat_native_10.3.2_e112fd3f/lib/gcc/x86_64-apple-darwin19.6.0/10.3.0/include-fixed/stdio.h:389:17: error: unknown type name 'FILE'
  389 | void  setbuffer(FILE *, char *, int);
      |                 ^~~~
/Users/runner/.config/alire/cache/dependencies/gnat_native_10.3.2_e112fd3f/lib/gcc/x86_64-apple-darwin19.6.0/10.3.0/include-fixed/stdio.h:389:17: note: 'FILE' is defined in header '<stdio.h>'; did you forget to '#include <stdio.h>'?
/Users/runner/.config/alire/cache/dependencies/gnat_native_10.3.2_e112fd3f/lib/gcc/x86_64-apple-darwin19.6.0/10.3.0/include-fixed/stdio.h:390:17: error: unknown type name 'FILE'
  390 | int  setlinebuf(FILE *);
      |                 ^~~~
/Users/runner/.config/alire/cache/dependencies/gnat_native_10.3.2_e112fd3f/lib/gcc/x86_64-apple-darwin19.6.0/10.3.0/include-fixed/stdio.h:390:17: note: 'FILE' is defined in header '<stdio.h>'; did you forget to '#include <stdio.h>'?
/Users/runner/.config/alire/cache/dependencies/gnat_native_10.3.2_e112fd3f/lib/gcc/x86_64-apple-darwin19.6.0/10.3.0/include-fixed/stdio.h:392:1: error: unknown type name 'FILE'
  392 | FILE *zopen(const char *, const char *, int);
      | ^~~~
/Users/runner/.config/alire/cache/dependencies/gnat_native_10.3.2_e112fd3f/lib/gcc/x86_64-apple-darwin19.6.0/10.3.0/include-fixed/stdio.h:392:1: note: 'FILE' is defined in header '<stdio.h>'; did you forget to '#include <stdio.h>'?
/Users/runner/.config/alire/cache/dependencies/gnat_native_10.3.2_e112fd3f/lib/gcc/x86_64-apple-darwin19.6.0/10.3.0/include-fixed/stdio.h:398:1: error: unknown type name 'FILE'
  398 | FILE *funopen(const void *,
      | ^~~~
/Users/runner/.config/alire/cache/dependencies/gnat_native_10.3.2_e112fd3f/lib/gcc/x86_64-apple-darwin19.6.0/10.3.0/include-fixed/stdio.h:398:1: note: 'FILE' is defined in header '<stdio.h>'; did you forget to '#include <stdio.h>'?
/Users/runner/.config/alire/cache/dependencies/gnat_native_10.3.2_e112fd3f/lib/gcc/x86_64-apple-darwin19.6.0/10.3.0/include-fixed/stdio.h:401:18: error: unknown type name 'fpos_t'
  401 |                  fpos_t (* _Nullable)(void *, fpos_t, int),
      |                  ^~~~~~
/Users/runner/.config/alire/cache/dependencies/gnat_native_10.3.2_e112fd3f/lib/gcc/x86_64-apple-darwin19.6.0/10.3.0/include-fixed/stdio.h:401:18: note: 'fpos_t' is defined in header '<stdio.h>'; did you forget to '#include <stdio.h>'?
In file included from /Users/runner/.config/alire/cache/dependencies/gnat_native_10.3.2_e112fd3f/lib/gcc/x86_64-apple-darwin19.6.0/10.3.0/include-fixed/stdio.h:421,
                 from /Users/runner/work/alire-crates-ci/alire-crates-ci/test/8a3fd2ff-49fe-44d0-893a-39573dc5135c/linenoise_ada_1.1.1_09aa2452/src/linenoise/linenoise-c.c:109:
/Library/Developer/CommandLineTools/SDKs/MacOSX.sdk/usr/include/secure/_stdio.h:62:32: error: unknown type name 'va_list'
   62 |       const char * __restrict, va_list);
      |                                ^~~~~~~
/Library/Developer/CommandLineTools/SDKs/MacOSX.sdk/usr/include/secure/_stdio.h:32:1: note: 'va_list' is defined in header '<stdarg.h>'; did you forget to '#include <stdarg.h>'?
   31 | #include <secure/_common.h>
  +++ |+#include <stdarg.h>
   32 | 
/Library/Developer/CommandLineTools/SDKs/MacOSX.sdk/usr/include/secure/_stdio.h:71:33: error: unknown type name 'va_list'
   71 |        const char * __restrict, va_list);
      |                                 ^~~~~~~
/Library/Developer/CommandLineTools/SDKs/MacOSX.sdk/usr/include/secure/_stdio.h:71:33: note: 'va_list' is defined in header '<stdarg.h>'; did you forget to '#include <stdarg.h>'?
/Users/runner/work/alire-crates-ci/alire-crates-ci/test/8a3fd2ff-49fe-44d0-893a-39573dc5135c/linenoise_ada_1.1.1_09aa2452/src/linenoise/linenoise-c.c: In function 'linenoiseBeep':
/Users/runner/work/alire-crates-ci/alire-crates-ci/test/8a3fd2ff-49fe-44d0-893a-39573dc5135c/linenoise_ada_1.1.1_09aa2452/src/linenoise/linenoise-c.c:425:5: warning: implicit declaration of function 'fprintf' [-Wimplicit-function-declaration]
  425 |     fprintf(stderr, "\x7");
      |     ^~~~~~~
/Users/runner/work/alire-crates-ci/alire-crates-ci/test/8a3fd2ff-49fe-44d0-893a-39573dc5135c/linenoise_ada_1.1.1_09aa2452/src/linenoise/linenoise-c.c:425:5: warning: incompatible implicit declaration of built-in function 'fprintf'
/Users/runner/work/alire-crates-ci/alire-crates-ci/test/8a3fd2ff-49fe-44d0-893a-39573dc5135c/linenoise_ada_1.1.1_09aa2452/src/linenoise/linenoise-c.c:120:1: note: include '<stdio.h>' or provide a declaration of 'fprintf'
  119 | #include "utf8.h"
  +++ |+#include <stdio.h>
  120 | 
/Users/runner/work/alire-crates-ci/alire-crates-ci/test/8a3fd2ff-49fe-44d0-893a-39573dc5135c/linenoise_ada_1.1.1_09aa2452/src/linenoise/linenoise-c.c:426:5: warning: implicit declaration of function 'fflush'; did you mean 'tcflush'? [-Wimplicit-function-declaration]
  426 |     fflush(stderr);
      |     ^~~~~~
      |     tcflush
/Users/runner/work/alire-crates-ci/alire-crates-ci/test/8a3fd2ff-49fe-44d0-893a-39573dc5135c/linenoise_ada_1.1.1_09aa2452/src/linenoise/linenoise-c.c: In function 'linenoiseNoTTY':
/Users/runner/work/alire-crates-ci/alire-crates-ci/test/8a3fd2ff-49fe-44d0-893a-39573dc5135c/linenoise_ada_1.1.1_09aa2452/src/linenoise/linenoise-c.c:1175:17: warning: implicit declaration of function 'fgetc' [-Wimplicit-function-declaration]
 1175 |         int c = fgetc(stdin);
      |                 ^~~~~
/Users/runner/work/alire-crates-ci/alire-crates-ci/test/8a3fd2ff-49fe-44d0-893a-39573dc5135c/linenoise_ada_1.1.1_09aa2452/src/linenoise/linenoise-c.c: In function 'linenoise':
/Users/runner/work/alire-crates-ci/alire-crates-ci/test/8a3fd2ff-49fe-44d0-893a-39573dc5135c/linenoise_ada_1.1.1_09aa2452/src/linenoise/linenoise-c.c:1209:13: warning: implicit declaration of function 'fgets'; did you mean 'gets'? [-Wimplicit-function-declaration]
 1209 |         if (fgets(buf,LINENOISE_MAX_LINE,stdin) == NULL) return NULL;
      |             ^~~~~
      |             gets
/Users/runner/work/alire-crates-ci/alire-crates-ci/test/8a3fd2ff-49fe-44d0-893a-39573dc5135c/linenoise_ada_1.1.1_09aa2452/src/linenoise/linenoise-c.c:1209:49: warning: comparison between pointer and integer
 1209 |         if (fgets(buf,LINENOISE_MAX_LINE,stdin) == NULL) return NULL;
      |                                                 ^~
/Users/runner/work/alire-crates-ci/alire-crates-ci/test/8a3fd2ff-49fe-44d0-893a-39573dc5135c/linenoise_ada_1.1.1_09aa2452/src/linenoise/linenoise-c.c: In function 'linenoiseHistorySave':
/Users/runner/work/alire-crates-ci/alire-crates-ci/test/8a3fd2ff-49fe-44d0-893a-39573dc5135c/linenoise_ada_1.1.1_09aa2452/src/linenoise/linenoise-c.c:1323:5: error: unknown type name 'FILE'
 1323 |     FILE *fp;
      |     ^~~~
/Users/runner/work/alire-crates-ci/alire-crates-ci/test/8a3fd2ff-49fe-44d0-893a-39573dc5135c/linenoise_ada_1.1.1_09aa2452/src/linenoise/linenoise-c.c:1323:5: note: 'FILE' is defined in header '<stdio.h>'; did you forget to '#include <stdio.h>'?
/Users/runner/work/alire-crates-ci/alire-crates-ci/test/8a3fd2ff-49fe-44d0-893a-39573dc5135c/linenoise_ada_1.1.1_09aa2452/src/linenoise/linenoise-c.c:1331:9: warning: incompatible implicit declaration of built-in function 'fprintf'
 1331 |         fprintf(fp,"%s\n",history[j]);
      |         ^~~~~~~
/Users/runner/work/alire-crates-ci/alire-crates-ci/test/8a3fd2ff-49fe-44d0-893a-39573dc5135c/linenoise_ada_1.1.1_09aa2452/src/linenoise/linenoise-c.c:1331:9: note: include '<stdio.h>' or provide a declaration of 'fprintf'
/Users/runner/work/alire-crates-ci/alire-crates-ci/test/8a3fd2ff-49fe-44d0-893a-39573dc5135c/linenoise_ada_1.1.1_09aa2452/src/linenoise/linenoise-c.c:1332:5: warning: implicit declaration of function 'fclose'; did you mean 'close'? [-Wimplicit-function-declaration]
 1332 |     fclose(fp);
      |     ^~~~~~
      |     close
/Users/runner/work/alire-crates-ci/alire-crates-ci/test/8a3fd2ff-49fe-44d0-893a-39573dc5135c/linenoise_ada_1.1.1_09aa2452/src/linenoise/linenoise-c.c: In function 'linenoiseHistoryLoad':
/Users/runner/work/alire-crates-ci/alire-crates-ci/test/8a3fd2ff-49fe-44d0-893a-39573dc5135c/linenoise_ada_1.1.1_09aa2452/src/linenoise/linenoise-c.c:1342:5: error: unknown type name 'FILE'
 1342 |     FILE *fp = fopen(filename,"r");
      |     ^~~~
/Users/runner/work/alire-crates-ci/alire-crates-ci/test/8a3fd2ff-49fe-44d0-893a-39573dc5135c/linenoise_ada_1.1.1_09aa2452/src/linenoise/linenoise-c.c:1342:5: note: 'FILE' is defined in header '<stdio.h>'; did you forget to '#include <stdio.h>'?
/Users/runner/work/alire-crates-ci/alire-crates-ci/test/8a3fd2ff-49fe-44d0-893a-39573dc5135c/linenoise_ada_1.1.1_09aa2452/src/linenoise/linenoise-c.c:1347:45: warning: comparison between pointer and integer
 1347 |     while (fgets(buf,LINENOISE_MAX_LINE,fp) != NULL) {
      |                                             ^~

   compilation of helpers.c failed
   compilation of utf8.c failed
   compilation of linenoise-c.c failed

gprbuild: *** compilation phase failed
stderr: Command ["gprbuild", "-s", "-j0", "-p", "-P", "/Users/runner/work/alire-crates-ci/alire-crates-ci/test/8a3fd2ff-49fe-44d0-893a-39573dc5135c/linenoise_ada_1.1.1_09aa2452/linenoise.gpr"] exited with code 4
ERROR: Command ["gprbuild", "-s", "-j0", "-p", "-P", "/Users/runner/work/alire-crates-ci/alire-crates-ci/test/8a3fd2ff-49fe-44d0-893a-39573dc5135c/linenoise_ada_1.1.1_09aa2452/linenoise.gpr"] exited with code 4
stderr: ALIRE.CHECKED_ERROR
stderr: Command ["gprbuild", "-s", "-j0", "-p", "-P", "/Users/runner/work/alire-crates-ci/alire-crates-ci/test/8a3fd2ff-49fe-44d0-893a-39573dc5135c/linenoise_ada_1.1.1_09aa2452/linenoise.gpr"] exited with code 4
stderr: raised ALIRE.CHECKED_ERROR : alire-stored-error:1
Load address: 0x104064000
Call stack traceback locations:
0x10496c415 0x10463fe83 0x104852df9 0x104853581 0x1047b3ac3 0x1047b1f99 0x1047ce873 0x10481adc1 0x10481981a 0x1047ce9b8 0x1047b2349 0x1040c39c1 0x1040d4578 0x1040d901c 0x10415f05c 0x10416a3b8 0x104065605 0x104068914


Warning: linenoise_ada=1.1.1 successfully retrieved but its build failed.
There are no dependencies.
ERROR: Build ended with errors
