Test ran at 2024-12-28 13:26:06.048186+00:00

SOLUTION:
semantic_versioning=2.1.0: Semantic Versioning in Ada
Origin: commit cc69201134c0a8d695b767a1fd1bf4fd8f6f3880 from https://github.com/alire-project/semantic_versioning.git
Properties:
   Author: Alejandro R. Mosteo
   Description: Semantic Versioning in Ada
   License: LGPL-3.0-only
   Maintainer: alejandro@mosteo.com
   Maintainers_Logins: mosteo
   Name: semantic_versioning
   Tag: semver
   Tag: semantic
   Tag: versioning
   Version: 2.1
   Website: https://github.com/alire-project/semantic_versioning


LOG:
Note: Deploying semantic_versioning=2.1.0...
Note: Building semantic_versioning/semantic_versioning.gpr...
Setup
   [mkdir]        object directory for project Semantic_Versioning
   [mkdir]        exec directory for project Semantic_Versioning
Compile
   [Ada]          semantic_versioning-demo.adb
   [Ada]          semantic_versioning-parser.adb
   [Ada]          semantic_versioning-extended-parser.adb
   [Ada]          semantic_versioning-extended.adb
   [Ada]          semantic_versioning.adb
   [Ada]          semantic_versioning-basic.adb
Bind
   [gprbind]      semantic_versioning-demo.bexch
   [gprbind]      semantic_versioning-parser.bexch
   [gprbind]      semantic_versioning-extended-parser.bexch
   [Ada]          semantic_versioning-extended-parser.ali
   [Ada]          semantic_versioning-parser.ali
   [Ada]          semantic_versioning-demo.ali
Link
   [link]         semantic_versioning-demo.adb
   [link]         semantic_versioning-parser.adb
   [link]         semantic_versioning-extended-parser.adb
-macosx_version_min has been renamed to -macos_version_min
-macosx_version_min has been renamed to -macos_version_min
-macosx_version_min has been renamed to -macos_version_min
ld: warning: ignoring duplicate libraries: '-lSystem'
ld: warning: ignoring duplicate libraries: '-lSystem'
ld: warning: ignoring duplicate libraries: '-lSystem'
ld: warning: Support for dylib stub (MH_DYLIB_STUB) file '/Users/runner/.config/alire/cache/dependencies/gnat_native_10.3.2_e112fd3f/lib/libgcc_ext.10.5.dylib' is deprecated, text-based stubs should be used instead (with `GENERATE_TEXT_BASED_STUBS` build setting, or `tapi` tool)
ld: warning: Support for dylib stub (MH_DYLIB_STUB) file '/Users/runner/.config/alire/cache/dependencies/gnat_native_10.3.2_e112fd3f/lib/libgcc_ext.10.5.dylib' is deprecated, text-based stubs should be used instead (with `GENERATE_TEXT_BASED_STUBS` build setting, or `tapi` tool)
ld: warning: Support for dylib stub (MH_DYLIB_STUB) file '/Users/runner/.config/alire/cache/dependencies/gnat_native_10.3.2_e112fd3f/lib/libgcc_ext.10.5.dylib' is deprecated, text-based stubs should be used instead (with `GENERATE_TEXT_BASED_STUBS` build setting, or `tapi` tool)
ld: malformed mach-o missing relocations, LC_DYLD_INFO, or LC_DYLD_CHAINED_FIXUPS in '/Users/runner/.config/alire/cache/dependencies/gnat_native_10.3.2_e112fd3f/lib/libgcc_ext.10.5.dylib'
ld: malformed mach-o missing relocations, LC_DYLD_INFO, or LC_DYLD_CHAINED_FIXUPS in '/Users/runner/.config/alire/cache/dependencies/gnat_native_10.3.2_e112fd3f/lib/libgcc_ext.10.5.dylib'
ld: malformed mach-o missing relocations, LC_DYLD_INFO, or LC_DYLD_CHAINED_FIXUPS in '/Users/runner/.config/alire/cache/dependencies/gnat_native_10.3.2_e112fd3f/lib/libgcc_ext.10.5.dylib'
collect2: error: ld returned 1 exit status
collect2: error: ld returned 1 exit status
collect2: error: ld returned 1 exit status
   link of semantic_versioning-extended-parser.adb failed
   failed command was: /users/runner/.config/alire/cache/dependencies/gnat_native_10.3.2_e112fd3f/bin/gcc semantic_versioning-extended-parser.o b__semantic_versioning-extended-parser.o /Users/runner/work/alire-crates-ci/alire-crates-ci/test/1f0e6942-befa-456a-8422-75d909e2e38a/semantic_versioning_2.1.0_cc692011/obj/semantic_versioning-basic.o /Users/runner/work/alire-crates-ci/alire-crates-ci/test/1f0e6942-befa-456a-8422-75d909e2e38a/semantic_versioning_2.1.0_cc692011/obj/semantic_versioning-extended.o /Users/runner/work/alire-crates-ci/alire-crates-ci/test/1f0e6942-befa-456a-8422-75d909e2e38a/semantic_versioning_2.1.0_cc692011/obj/semantic_versioning.o -g -L/Users/runner/work/alire-crates-ci/alire-crates-ci/test/1f0e6942-befa-456a-8422-75d909e2e38a/semantic_versioning_2.1.0_cc692011/obj/ -L/Users/runner/work/alire-crates-ci/alire-crates-ci/test/1f0e6942-befa-456a-8422-75d909e2e38a/semantic_versioning_2.1.0_cc692011/obj/ -L/users/runner/.config/alire/cache/dependencies/gnat_native_10.3.2_e112fd3f/lib/gcc/x86_64-apple-darwin19.6.0/10.3.0/adalib/ /users/runner/.config/alire/cache/dependencies/gnat_native_10.3.2_e112fd3f/lib/gcc/x86_64-apple-darwin19.6.0/10.3.0/adalib/libgnat.a -Wl,-rpath,@executable_path/..//obj -Wl,-rpath,@executable_path/../../../../../../..//.config/alire/cache/dependencies/gnat_native_10.3.2_e112fd3f/lib/gcc/x86_64-apple-darwin19.6.0/10.3.0/adalib -o /Users/runner/work/alire-crates-ci/alire-crates-ci/test/1f0e6942-befa-456a-8422-75d909e2e38a/semantic_versioning_2.1.0_cc692011/bin//semantic_versioning-extended-parser 
   link of semantic_versioning-parser.adb failed
   failed command was: /users/runner/.config/alire/cache/dependencies/gnat_native_10.3.2_e112fd3f/bin/gcc semantic_versioning-parser.o b__semantic_versioning-parser.o /Users/runner/work/alire-crates-ci/alire-crates-ci/test/1f0e6942-befa-456a-8422-75d909e2e38a/semantic_versioning_2.1.0_cc692011/obj/semantic_versioning-basic.o /Users/runner/work/alire-crates-ci/alire-crates-ci/test/1f0e6942-befa-456a-8422-75d909e2e38a/semantic_versioning_2.1.0_cc692011/obj/semantic_versioning-extended.o /Users/runner/work/alire-crates-ci/alire-crates-ci/test/1f0e6942-befa-456a-8422-75d909e2e38a/semantic_versioning_2.1.0_cc692011/obj/semantic_versioning.o -g -L/Users/runner/work/alire-crates-ci/alire-crates-ci/test/1f0e6942-befa-456a-8422-75d909e2e38a/semantic_versioning_2.1.0_cc692011/obj/ -L/Users/runner/work/alire-crates-ci/alire-crates-ci/test/1f0e6942-befa-456a-8422-75d909e2e38a/semantic_versioning_2.1.0_cc692011/obj/ -L/users/runner/.config/alire/cache/dependencies/gnat_native_10.3.2_e112fd3f/lib/gcc/x86_64-apple-darwin19.6.0/10.3.0/adalib/ /users/runner/.config/alire/cache/dependencies/gnat_native_10.3.2_e112fd3f/lib/gcc/x86_64-apple-darwin19.6.0/10.3.0/adalib/libgnat.a -Wl,-rpath,@executable_path/..//obj -Wl,-rpath,@executable_path/../../../../../../..//.config/alire/cache/dependencies/gnat_native_10.3.2_e112fd3f/lib/gcc/x86_64-apple-darwin19.6.0/10.3.0/adalib -o /Users/runner/work/alire-crates-ci/alire-crates-ci/test/1f0e6942-befa-456a-8422-75d909e2e38a/semantic_versioning_2.1.0_cc692011/bin//semantic_versioning-parser 
   link of semantic_versioning-demo.adb failed
   failed command was: /users/runner/.config/alire/cache/dependencies/gnat_native_10.3.2_e112fd3f/bin/gcc semantic_versioning-demo.o b__semantic_versioning-demo.o /Users/runner/work/alire-crates-ci/alire-crates-ci/test/1f0e6942-befa-456a-8422-75d909e2e38a/semantic_versioning_2.1.0_cc692011/obj/semantic_versioning-basic.o /Users/runner/work/alire-crates-ci/alire-crates-ci/test/1f0e6942-befa-456a-8422-75d909e2e38a/semantic_versioning_2.1.0_cc692011/obj/semantic_versioning-extended.o /Users/runner/work/alire-crates-ci/alire-crates-ci/test/1f0e6942-befa-456a-8422-75d909e2e38a/semantic_versioning_2.1.0_cc692011/obj/semantic_versioning.o -g -L/Users/runner/work/alire-crates-ci/alire-crates-ci/test/1f0e6942-befa-456a-8422-75d909e2e38a/semantic_versioning_2.1.0_cc692011/obj/ -L/Users/runner/work/alire-crates-ci/alire-crates-ci/test/1f0e6942-befa-456a-8422-75d909e2e38a/semantic_versioning_2.1.0_cc692011/obj/ -L/users/runner/.config/alire/cache/dependencies/gnat_native_10.3.2_e112fd3f/lib/gcc/x86_64-apple-darwin19.6.0/10.3.0/adalib/ /users/runner/.config/alire/cache/dependencies/gnat_native_10.3.2_e112fd3f/lib/gcc/x86_64-apple-darwin19.6.0/10.3.0/adalib/libgnat.a -Wl,-rpath,@executable_path/..//obj -Wl,-rpath,@executable_path/../../../../../../..//.config/alire/cache/dependencies/gnat_native_10.3.2_e112fd3f/lib/gcc/x86_64-apple-darwin19.6.0/10.3.0/adalib -o /Users/runner/work/alire-crates-ci/alire-crates-ci/test/1f0e6942-befa-456a-8422-75d909e2e38a/semantic_versioning_2.1.0_cc692011/bin//demo 
gprbuild: *** link phase failed
stderr: Command ["gprbuild", "-s", "-j0", "-p", "-P", "/Users/runner/work/alire-crates-ci/alire-crates-ci/test/1f0e6942-befa-456a-8422-75d909e2e38a/semantic_versioning_2.1.0_cc692011/semantic_versioning.gpr"] exited with code 4
ERROR: Command ["gprbuild", "-s", "-j0", "-p", "-P", "/Users/runner/work/alire-crates-ci/alire-crates-ci/test/1f0e6942-befa-456a-8422-75d909e2e38a/semantic_versioning_2.1.0_cc692011/semantic_versioning.gpr"] exited with code 4
stderr: ALIRE.CHECKED_ERROR
stderr: Command ["gprbuild", "-s", "-j0", "-p", "-P", "/Users/runner/work/alire-crates-ci/alire-crates-ci/test/1f0e6942-befa-456a-8422-75d909e2e38a/semantic_versioning_2.1.0_cc692011/semantic_versioning.gpr"] exited with code 4
stderr: raised ALIRE.CHECKED_ERROR : alire-stored-error:1
Load address: 0x1040b2000
Call stack traceback locations:
0x1049ba415 0x10468de83 0x1048a0df9 0x1048a1581 0x104801ac3 0x1047fff99 0x10481c873 0x104868dc1 0x10486781a 0x10481c9b8 0x104800349 0x1041119c1 0x104122578 0x10412701c 0x1041ad05c 0x1041b83b8 0x1040b3605 0x1040b6914


Warning: semantic_versioning=2.1.0 successfully retrieved but its build failed.
There are no dependencies.
ERROR: Build ended with errors
