Test ran at 2024-12-11 12:29:51.753518+00:00

SOLUTION:
excel_writer=17.0.1: Produce Excel spreadsheets
Origin: source archive excel_writer_17_r2.zip at https://sourceforge.net/projects/excel-writer/files/excel-writer/excel_writer_17_r2.zip with hash sha512:acea6a01ff44f28ea57a53ea62d0d167daf2de26eb2b220c5b10503d53da144a38fb3363a789901356baa74f9617f03993527b63e4120f4291b8d24a413581e0
Properties:
   Author: Gautier de Montmollin
   Description: Produce Excel spreadsheets
   License: MIT
   Maintainer: alejandro@mosteo.com
   Maintainers_Logins: mosteo
   Maintainers_Logins: zertovitch
   Name: excel_writer
   Project_File: excel_out_gnat.gpr
   Tag: excel
   Tag: spreadsheet
   Version: 17.0.1


LOG:
Note: Deploying excel_writer=17.0.1...

######################################################################## 100.0%
######################################################################## 100.0%
######################################################################## 100.0%#=#=#                                                                          

######################################################################## 100.0%##=#=#                                                                         
##-=#=-#                                                                       

###########################################                               61.0%
######################################################################## 100.0%
Note: Building excel_writer/excel_out_gnat.gpr...
Setup
   [mkdir]        object directory for project Excel_Out_Gnat
Compile
   [Ada]          excel_out_demo.adb
   [Ada]          biff_dump.adb
   [Ada]          spreadsheet_references_demo.adb
   [Ada]          csv2tex.adb
   [Ada]          csv2html.adb
   [Ada]          csv2xls.adb
   [Ada]          ew_test.adb
   [Ada]          spreadsheet_references.adb
   [Ada]          csv.adb
   [Ada]          excel_out.adb
   [Ada]          ieee_754.ads
   [Ada]          ieee_754-generic_double_precision.adb
Bind
   [gprbind]      excel_out_demo.bexch
   [gprbind]      biff_dump.bexch
   [gprbind]      spreadsheet_references_demo.bexch
   [gprbind]      csv2tex.bexch
   [Ada]          excel_out_demo.ali
   [Ada]          biff_dump.ali
   [Ada]          spreadsheet_references_demo.ali
   [Ada]          csv2tex.ali
   [gprbind]      csv2html.bexch
   [gprbind]      csv2xls.bexch
   [Ada]          csv2html.ali
   [Ada]          csv2xls.ali
   [gprbind]      ew_test.bexch
   [Ada]          ew_test.ali
Link
   [link]         excel_out_demo.adb
   [link]         biff_dump.adb
   [link]         spreadsheet_references_demo.adb
   [link]         csv2tex.adb
/home/runner/.config/alire/cache/dependencies/gnat_native_11.2.4_2f37a10b/bin/../lib/gcc/x86_64-pc-linux-gnu/11.2.0/../../../..//home/runner/.config/alire/cache/dependencies/gnat_native_11.2.4_2f37a10b/bin/../lib/gcc/x86_64-pc-linux-gnu/11.2.0/../../../..//home/runner/.config/alire/cache/dependencies/gnat_native_11.2.4_2f37a10b/bin/../lib/gcc/x86_64-pc-linux-gnu/11.2.0/../../../../x86_64-pc-linux-gnu/bin/ld: x86_64-pc-linux-gnu/bin/ld: x86_64-pc-linux-gnu/bin/ld: /lib/x86_64-linux-gnu/libc.so.6/lib/x86_64-linux-gnu/libc.so.6/lib/x86_64-linux-gnu/libc.so.6: unknown type [: unknown type [: unknown type [0x130x130x13] section `] section `] section `.relr.dyn.relr.dyn.relr.dyn'''


/home/runner/.config/alire/cache/dependencies/gnat_native_11.2.4_2f37a10b/bin/../lib/gcc/x86_64-pc-linux-gnu/11.2.0/../../../../x86_64-pc-linux-gnu/bin/ld: /lib/x86_64-linux-gnu/libc.so.6: unknown type [0x13] section `.relr.dyn'
/home/runner/.config/alire/cache/dependencies/gnat_native_11.2.4_2f37a10b/bin/../lib/gcc/x86_64-pc-linux-gnu/11.2.0/../../../../x86_64-pc-linux-gnu/bin/ld/home/runner/.config/alire/cache/dependencies/gnat_native_11.2.4_2f37a10b/bin/../lib/gcc/x86_64-pc-linux-gnu/11.2.0/../../../../x86_64-pc-linux-gnu/bin/ld: skipping incompatible : skipping incompatible /lib/x86_64-linux-gnu/libc.so.6/lib/x86_64-linux-gnu/libc.so.6 when searching for  when searching for /lib/x86_64-linux-gnu/libc.so.6/home/runner/.config/alire/cache/dependencies/gnat_native_11.2.4_2f37a10b/bin/../lib/gcc/x86_64-pc-linux-gnu/11.2.0/../../../../x86_64-pc-linux-gnu/bin/ld/lib/x86_64-linux-gnu/libc.so.6
: skipping incompatible 
/lib/x86_64-linux-gnu/libc.so.6 when searching for /lib/x86_64-linux-gnu/libc.so.6
/home/runner/.config/alire/cache/dependencies/gnat_native_11.2.4_2f37a10b/bin/../lib/gcc/x86_64-pc-linux-gnu/11.2.0/../../../../x86_64-pc-linux-gnu/bin/ld/home/runner/.config/alire/cache/dependencies/gnat_native_11.2.4_2f37a10b/bin/../lib/gcc/x86_64-pc-linux-gnu/11.2.0/../../../../x86_64-pc-linux-gnu/bin/ld: cannot find : cannot find /lib/x86_64-linux-gnu/libc.so.6/lib/x86_64-linux-gnu/libc.so.6

/home/runner/.config/alire/cache/dependencies/gnat_native_11.2.4_2f37a10b/bin/../lib/gcc/x86_64-pc-linux-gnu/11.2.0/../../../../x86_64-pc-linux-gnu/bin/ld: cannot find /lib/x86_64-linux-gnu/libc.so.6
/home/runner/.config/alire/cache/dependencies/gnat_native_11.2.4_2f37a10b/bin/../lib/gcc/x86_64-pc-linux-gnu/11.2.0/../../../../x86_64-pc-linux-gnu/bin/ld: skipping incompatible /lib/x86_64-linux-gnu/libc.so.6 when searching for /lib/x86_64-linux-gnu/libc.so.6
/home/runner/.config/alire/cache/dependencies/gnat_native_11.2.4_2f37a10b/bin/../lib/gcc/x86_64-pc-linux-gnu/11.2.0/../../../..//home/runner/.config/alire/cache/dependencies/gnat_native_11.2.4_2f37a10b/bin/../lib/gcc/x86_64-pc-linux-gnu/11.2.0/../../../../x86_64-pc-linux-gnu/bin/ld: x86_64-pc-linux-gnu/bin/ld: /lib/x86_64-linux-gnu/libc.so.6/lib/x86_64-linux-gnu/libc.so.6: unknown type [: unknown type [0x130x13] section `] section `.relr.dyn.relr.dyn''

/home/runner/.config/alire/cache/dependencies/gnat_native_11.2.4_2f37a10b/bin/../lib/gcc/x86_64-pc-linux-gnu/11.2.0/../../../../x86_64-pc-linux-gnu/bin/ld: cannot find /home/runner/.config/alire/cache/dependencies/gnat_native_11.2.4_2f37a10b/bin/../lib/gcc/x86_64-pc-linux-gnu/11.2.0/../../../..//lib/x86_64-linux-gnu/libc.so.6x86_64-pc-linux-gnu/bin/ld: 
/lib/x86_64-linux-gnu/libc.so.6: unknown type [0x13] section `.relr.dyn'
/home/runner/.config/alire/cache/dependencies/gnat_native_11.2.4_2f37a10b/bin/../lib/gcc/x86_64-pc-linux-gnu/11.2.0/../../../../x86_64-pc-linux-gnu/bin/ld: /lib/x86_64-linux-gnu/libc.so.6: unknown type [0x13/home/runner/.config/alire/cache/dependencies/gnat_native_11.2.4_2f37a10b/bin/../lib/gcc/x86_64-pc-linux-gnu/11.2.0/../../../../x86_64-pc-linux-gnu/bin/ld/home/runner/.config/alire/cache/dependencies/gnat_native_11.2.4_2f37a10b/bin/../lib/gcc/x86_64-pc-linux-gnu/11.2.0/../../../../x86_64-pc-linux-gnu/bin/ld] section `: skipping incompatible : skipping incompatible .relr.dyn/lib/x86_64-linux-gnu/libc.so.6/lib/x86_64-linux-gnu/libc.so.6' when searching for  when searching for 
/lib/x86_64-linux-gnu/libc.so.6/lib/x86_64-linux-gnu/libc.so.6

/home/runner/.config/alire/cache/dependencies/gnat_native_11.2.4_2f37a10b/bin/../lib/gcc/x86_64-pc-linux-gnu/11.2.0/../../../../x86_64-pc-linux-gnu/bin/ld: skipping incompatible /lib/x86_64-linux-gnu/libc.so.6 when searching for /lib/x86_64-linux-gnu/libc.so.6
/home/runner/.config/alire/cache/dependencies/gnat_native_11.2.4_2f37a10b/bin/../lib/gcc/x86_64-pc-linux-gnu/11.2.0/../../../../x86_64-pc-linux-gnu/bin/ld: skipping incompatible /lib/x86_64-linux-gnu/libc.so.6 when searching for /lib/x86_64-linux-gnu/libc.so.6
/home/runner/.config/alire/cache/dependencies/gnat_native_11.2.4_2f37a10b/bin/../lib/gcc/x86_64-pc-linux-gnu/11.2.0/../../../..//home/runner/.config/alire/cache/dependencies/gnat_native_11.2.4_2f37a10b/bin/../lib/gcc/x86_64-pc-linux-gnu/11.2.0/../../../..//home/runner/.config/alire/cache/dependencies/gnat_native_11.2.4_2f37a10b/bin/../lib/gcc/x86_64-pc-linux-gnu/11.2.0/../../../..//home/runner/.config/alire/cache/dependencies/gnat_native_11.2.4_2f37a10b/bin/../lib/gcc/x86_64-pc-linux-gnu/11.2.0/../../../../x86_64-pc-linux-gnu/bin/ld: x86_64-pc-linux-gnu/bin/ld: x86_64-pc-linux-gnu/bin/ld: x86_64-pc-linux-gnu/bin/ld: /lib64/ld-linux-x86-64.so.2/lib64/ld-linux-x86-64.so.2/lib64/ld-linux-x86-64.so.2/lib64/ld-linux-x86-64.so.2: unknown type [: unknown type [: unknown type [: unknown type [0x130x130x130x13] section `] section `] section `] section `.relr.dyn.relr.dyn.relr.dyn.relr.dyn''''



/home/runner/.config/alire/cache/dependencies/gnat_native_11.2.4_2f37a10b/bin/../lib/gcc/x86_64-pc-linux-gnu/11.2.0/../../../../x86_64-pc-linux-gnu/bin/ld/home/runner/.config/alire/cache/dependencies/gnat_native_11.2.4_2f37a10b/bin/../lib/gcc/x86_64-pc-linux-gnu/11.2.0/../../../../x86_64-pc-linux-gnu/bin/ld/home/runner/.config/alire/cache/dependencies/gnat_native_11.2.4_2f37a10b/bin/../lib/gcc/x86_64-pc-linux-gnu/11.2.0/../../../../x86_64-pc-linux-gnu/bin/ld/home/runner/.config/alire/cache/dependencies/gnat_native_11.2.4_2f37a10b/bin/../lib/gcc/x86_64-pc-linux-gnu/11.2.0/../../../../x86_64-pc-linux-gnu/bin/ld: skipping incompatible : skipping incompatible : skipping incompatible : skipping incompatible /lib64/ld-linux-x86-64.so.2/lib64/ld-linux-x86-64.so.2/lib64/ld-linux-x86-64.so.2/lib64/ld-linux-x86-64.so.2 when searching for  when searching for  when searching for  when searching for /lib64/ld-linux-x86-64.so.2/lib64/ld-linux-x86-64.so.2/lib64/ld-linux-x86-64.so.2/lib64/ld-linux-x86-64.so.2



/home/runner/.config/alire/cache/dependencies/gnat_native_11.2.4_2f37a10b/bin/../lib/gcc/x86_64-pc-linux-gnu/11.2.0/../../../../x86_64-pc-linux-gnu/bin/ld/home/runner/.config/alire/cache/dependencies/gnat_native_11.2.4_2f37a10b/bin/../lib/gcc/x86_64-pc-linux-gnu/11.2.0/../../../../x86_64-pc-linux-gnu/bin/ld/home/runner/.config/alire/cache/dependencies/gnat_native_11.2.4_2f37a10b/bin/../lib/gcc/x86_64-pc-linux-gnu/11.2.0/../../../../x86_64-pc-linux-gnu/bin/ld/home/runner/.config/alire/cache/dependencies/gnat_native_11.2.4_2f37a10b/bin/../lib/gcc/x86_64-pc-linux-gnu/11.2.0/../../../../x86_64-pc-linux-gnu/bin/ld: cannot find : cannot find : cannot find : cannot find /lib64/ld-linux-x86-64.so.2/lib64/ld-linux-x86-64.so.2/lib64/ld-linux-x86-64.so.2/lib64/ld-linux-x86-64.so.2



/home/runner/.config/alire/cache/dependencies/gnat_native_11.2.4_2f37a10b/bin/../lib/gcc/x86_64-pc-linux-gnu/11.2.0/../../../..//home/runner/.config/alire/cache/dependencies/gnat_native_11.2.4_2f37a10b/bin/../lib/gcc/x86_64-pc-linux-gnu/11.2.0/../../../..//home/runner/.config/alire/cache/dependencies/gnat_native_11.2.4_2f37a10b/bin/../lib/gcc/x86_64-pc-linux-gnu/11.2.0/../../../..//home/runner/.config/alire/cache/dependencies/gnat_native_11.2.4_2f37a10b/bin/../lib/gcc/x86_64-pc-linux-gnu/11.2.0/../../../../x86_64-pc-linux-gnu/bin/ld: x86_64-pc-linux-gnu/bin/ld: x86_64-pc-linux-gnu/bin/ld: x86_64-pc-linux-gnu/bin/ld: /lib64/ld-linux-x86-64.so.2/lib64/ld-linux-x86-64.so.2/lib64/ld-linux-x86-64.so.2/lib64/ld-linux-x86-64.so.2: unknown type [: unknown type [: unknown type [: unknown type [0x130x130x130x13] section `] section `] section `] section `.relr.dyn.relr.dyn.relr.dyn.relr.dyn''''



/home/runner/.config/alire/cache/dependencies/gnat_native_11.2.4_2f37a10b/bin/../lib/gcc/x86_64-pc-linux-gnu/11.2.0/../../../../x86_64-pc-linux-gnu/bin/ld/home/runner/.config/alire/cache/dependencies/gnat_native_11.2.4_2f37a10b/bin/../lib/gcc/x86_64-pc-linux-gnu/11.2.0/../../../../x86_64-pc-linux-gnu/bin/ld/home/runner/.config/alire/cache/dependencies/gnat_native_11.2.4_2f37a10b/bin/../lib/gcc/x86_64-pc-linux-gnu/11.2.0/../../../../x86_64-pc-linux-gnu/bin/ld/home/runner/.config/alire/cache/dependencies/gnat_native_11.2.4_2f37a10b/bin/../lib/gcc/x86_64-pc-linux-gnu/11.2.0/../../../../x86_64-pc-linux-gnu/bin/ld: skipping incompatible : skipping incompatible : skipping incompatible : skipping incompatible /lib64/ld-linux-x86-64.so.2/lib64/ld-linux-x86-64.so.2/lib64/ld-linux-x86-64.so.2/lib64/ld-linux-x86-64.so.2 when searching for  when searching for  when searching for  when searching for /lib64/ld-linux-x86-64.so.2/lib64/ld-linux-x86-64.so.2/lib64/ld-linux-x86-64.so.2/lib64/ld-linux-x86-64.so.2



collect2: error: ld returned 1 exit status
collect2: error: ld returned 1 exit status
collect2: error: ld returned 1 exit status
collect2: error: ld returned 1 exit status
   link of spreadsheet_references_demo.adb failed
   failed command was: /home/runner/.config/alire/cache/dependencies/gnat_native_11.2.4_2f37a10b/bin/gcc spreadsheet_references_demo.o b__spreadsheet_references_demo.o /home/runner/work/alire-crates-ci/alire-crates-ci/test/84621f08-c155-4f77-8dba-d8c99abea1e5/excel_writer_17.0.1_acea6a01/obj_debug/spreadsheet_references.o -L/home/runner/work/alire-crates-ci/alire-crates-ci/test/84621f08-c155-4f77-8dba-d8c99abea1e5/excel_writer_17.0.1_acea6a01/obj_debug/ -L/home/runner/work/alire-crates-ci/alire-crates-ci/test/84621f08-c155-4f77-8dba-d8c99abea1e5/excel_writer_17.0.1_acea6a01/obj_debug/ -L/home/runner/.config/alire/cache/dependencies/gnat_native_11.2.4_2f37a10b/lib/gcc/x86_64-pc-linux-gnu/11.2.0/adalib/ -static-libgcc /home/runner/.config/alire/cache/dependencies/gnat_native_11.2.4_2f37a10b/lib/gcc/x86_64-pc-linux-gnu/11.2.0/adalib/libgnat.a -ldl -Wl,-rpath-link,/home/runner/.config/alire/cache/dependencies/gnat_native_11.2.4_2f37a10b/lib/gcc/x86_64-pc-linux-gnu/11.2.0//adalib -Wl,-z,origin,-rpath,$ORIGIN//obj_debug:$ORIGIN/../../../../../..//.config/alire/cache/dependencies/gnat_native_11.2.4_2f37a10b/lib/gcc/x86_64-pc-linux-gnu/11.2.0/adalib -o /home/runner/work/alire-crates-ci/alire-crates-ci/test/84621f08-c155-4f77-8dba-d8c99abea1e5/excel_writer_17.0.1_acea6a01//spreadsheet_references_demo 
   link of csv2tex.adb failed
   failed command was: /home/runner/.config/alire/cache/dependencies/gnat_native_11.2.4_2f37a10b/bin/gcc csv2tex.o b__csv2tex.o /home/runner/work/alire-crates-ci/alire-crates-ci/test/84621f08-c155-4f77-8dba-d8c99abea1e5/excel_writer_17.0.1_acea6a01/obj_debug/csv.o -L/home/runner/work/alire-crates-ci/alire-crates-ci/test/84621f08-c155-4f77-8dba-d8c99abea1e5/excel_writer_17.0.1_acea6a01/obj_debug/ -L/home/runner/work/alire-crates-ci/alire-crates-ci/test/84621f08-c155-4f77-8dba-d8c99abea1e5/excel_writer_17.0.1_acea6a01/obj_debug/ -L/home/runner/.config/alire/cache/dependencies/gnat_native_11.2.4_2f37a10b/lib/gcc/x86_64-pc-linux-gnu/11.2.0/adalib/ -static-libgcc /home/runner/.config/alire/cache/dependencies/gnat_native_11.2.4_2f37a10b/lib/gcc/x86_64-pc-linux-gnu/11.2.0/adalib/libgnat.a -ldl -Wl,-rpath-link,/home/runner/.config/alire/cache/dependencies/gnat_native_11.2.4_2f37a10b/lib/gcc/x86_64-pc-linux-gnu/11.2.0//adalib -Wl,-z,origin,-rpath,$ORIGIN//obj_debug:$ORIGIN/../../../../../..//.config/alire/cache/dependencies/gnat_native_11.2.4_2f37a10b/lib/gcc/x86_64-pc-linux-gnu/11.2.0/adalib -o /home/runner/work/alire-crates-ci/alire-crates-ci/test/84621f08-c155-4f77-8dba-d8c99abea1e5/excel_writer_17.0.1_acea6a01//csv2tex 
   link of excel_out_demo.adb failed
   failed command was: /home/runner/.config/alire/cache/dependencies/gnat_native_11.2.4_2f37a10b/bin/gcc excel_out_demo.o b__excel_out_demo.o /home/runner/work/alire-crates-ci/alire-crates-ci/test/84621f08-c155-4f77-8dba-d8c99abea1e5/excel_writer_17.0.1_acea6a01/obj_debug/ieee_754.o /home/runner/work/alire-crates-ci/alire-crates-ci/test/84621f08-c155-4f77-8dba-d8c99abea1e5/excel_writer_17.0.1_acea6a01/obj_debug/ieee_754-generic_double_precision.o /home/runner/work/alire-crates-ci/alire-crates-ci/test/84621f08-c155-4f77-8dba-d8c99abea1e5/excel_writer_17.0.1_acea6a01/obj_debug/excel_out.o -L/home/runner/work/alire-crates-ci/alire-crates-ci/test/84621f08-c155-4f77-8dba-d8c99abea1e5/excel_writer_17.0.1_acea6a01/obj_debug/ -L/home/runner/work/alire-crates-ci/alire-crates-ci/test/84621f08-c155-4f77-8dba-d8c99abea1e5/excel_writer_17.0.1_acea6a01/obj_debug/ -L/home/runner/.config/alire/cache/dependencies/gnat_native_11.2.4_2f37a10b/lib/gcc/x86_64-pc-linux-gnu/11.2.0/adalib/ -static-libgcc /home/runner/.config/alire/cache/dependencies/gnat_native_11.2.4_2f37a10b/lib/gcc/x86_64-pc-linux-gnu/11.2.0/adalib/libgnat.a -ldl -Wl,-rpath-link,/home/runner/.config/alire/cache/dependencies/gnat_native_11.2.4_2f37a10b/lib/gcc/x86_64-pc-linux-gnu/11.2.0//adalib -Wl,-z,origin,-rpath,$ORIGIN//obj_debug:$ORIGIN/../../../../../..//.config/alire/cache/dependencies/gnat_native_11.2.4_2f37a10b/lib/gcc/x86_64-pc-linux-gnu/11.2.0/adalib -o /home/runner/work/alire-crates-ci/alire-crates-ci/test/84621f08-c155-4f77-8dba-d8c99abea1e5/excel_writer_17.0.1_acea6a01//excel_out_demo 
   link of biff_dump.adb failed
   failed command was: /home/runner/.config/alire/cache/dependencies/gnat_native_11.2.4_2f37a10b/bin/gcc biff_dump.o b__biff_dump.o /home/runner/work/alire-crates-ci/alire-crates-ci/test/84621f08-c155-4f77-8dba-d8c99abea1e5/excel_writer_17.0.1_acea6a01/obj_debug/ieee_754.o /home/runner/work/alire-crates-ci/alire-crates-ci/test/84621f08-c155-4f77-8dba-d8c99abea1e5/excel_writer_17.0.1_acea6a01/obj_debug/ieee_754-generic_double_precision.o /home/runner/work/alire-crates-ci/alire-crates-ci/test/84621f08-c155-4f77-8dba-d8c99abea1e5/excel_writer_17.0.1_acea6a01/obj_debug/excel_out.o -L/home/runner/work/alire-crates-ci/alire-crates-ci/test/84621f08-c155-4f77-8dba-d8c99abea1e5/excel_writer_17.0.1_acea6a01/obj_debug/ -L/home/runner/work/alire-crates-ci/alire-crates-ci/test/84621f08-c155-4f77-8dba-d8c99abea1e5/excel_writer_17.0.1_acea6a01/obj_debug/ -L/home/runner/.config/alire/cache/dependencies/gnat_native_11.2.4_2f37a10b/lib/gcc/x86_64-pc-linux-gnu/11.2.0/adalib/ -static-libgcc /home/runner/.config/alire/cache/dependencies/gnat_native_11.2.4_2f37a10b/lib/gcc/x86_64-pc-linux-gnu/11.2.0/adalib/libgnat.a -ldl -Wl,-rpath-link,/home/runner/.config/alire/cache/dependencies/gnat_native_11.2.4_2f37a10b/lib/gcc/x86_64-pc-linux-gnu/11.2.0//adalib -Wl,-z,origin,-rpath,$ORIGIN//obj_debug:$ORIGIN/../../../../../..//.config/alire/cache/dependencies/gnat_native_11.2.4_2f37a10b/lib/gcc/x86_64-pc-linux-gnu/11.2.0/adalib -o /home/runner/work/alire-crates-ci/alire-crates-ci/test/84621f08-c155-4f77-8dba-d8c99abea1e5/excel_writer_17.0.1_acea6a01//biff_dump 
gprbuild: *** link phase failed
stderr: Command ["gprbuild", "-s", "-j0", "-p", "-P", "/home/runner/work/alire-crates-ci/alire-crates-ci/test/84621f08-c155-4f77-8dba-d8c99abea1e5/excel_writer_17.0.1_acea6a01/excel_out_gnat.gpr"] exited with code 4
ERROR: Command ["gprbuild", "-s", "-j0", "-p", "-P", "/home/runner/work/alire-crates-ci/alire-crates-ci/test/84621f08-c155-4f77-8dba-d8c99abea1e5/excel_writer_17.0.1_acea6a01/excel_out_gnat.gpr"] exited with code 4
stderr: ALIRE.CHECKED_ERROR
stderr: Command ["gprbuild", "-s", "-j0", "-p", "-P", "/home/runner/work/alire-crates-ci/alire-crates-ci/test/84621f08-c155-4f77-8dba-d8c99abea1e5/excel_writer_17.0.1_acea6a01/excel_out_gnat.gpr"] exited with code 4
stderr: raised ALIRE.CHECKED_ERROR : alire-stored-error:1
[/home/runner/work/alire-crates-ci/alire-crates-ci/alire_install/bin/alr]
0xd7ada2 Alire.Raise_Checked_Error at alire.adb:251
0xa423cf Alire.Os_Lib.Subprocess.Checked_Spawn at alire-os_lib-subprocess.adb:110
0xc5cdee Alire.Spawn.Command at alire-spawn.adb:21
0xc5d51c Alire.Spawn.Gprbuild at alire-spawn.adb:41
0xbc1550 Alire.Roots.Build.Build_Single_Release.Call_Gprbuild at alire-roots.adb:140
0xbbfbaf Alire.Roots.Build.Build_Single_Release at alire-roots.adb:171
0xbdb95e Alire.Roots.Traverse.Traverse_Wrap at alire-roots.adb:1364
0xc25a8b Alire.Solutions.Traverse.Visit at alire-solutions.adb:1443
0xc246a2 Alire.Solutions.Traverse at alire-solutions.adb:1518
0xbdbaac Alire.Roots.Traverse at alire-roots.adb:1368
0xbbff40 Alire.Roots.Build at alire-roots.adb:196
0x4a0334 Alr.Commands.Build.Execute at alr-commands-build.adb:58
0x4b065a Alr.Commands.Get.Retrieve at alr-commands-get.adb:187
0x4b4e77 Alr.Commands.Get.Execute at alr-commands-get.adb:348
0x53bb7e Alr.Commands.Sub_Cmd.Execute at clic-subcommand-instance.adb:742
0x54756f Alr.Commands.Execute at alr-commands.adb:492
0x43cb1a Alr.Main at alr-main.adb:10
0x43f3e7 Main at b__alr-main.adb:2132
[/lib/x86_64-linux-gnu/libc.so.6]
0x7fae7762a1c8
0x7fae7762a289
[/home/runner/work/alire-crates-ci/alire-crates-ci/alire_install/bin/alr]
0x43c9f8 _start at ???
0xfffffffffffffffe


Warning: excel_writer=17.0.1 successfully retrieved but its build failed.
There are no dependencies.
ERROR: Build ended with errors
