Test ran at 2024-10-16 13:09:22.055764+00:00

SOLUTION:
adayaml=0.3.0: Experimental YAML 1.3 implementation in Ada
Origin: source archive v0.3.0.tar.gz at https://github.com/yaml/AdaYaml/archive/v0.3.0.tar.gz with hash sha512:ab19e38704e5d51a3f66da2fb9f86571ab08a6793a5d5f42ca29c3271bc754a1a845cc831d7fb24bb19c2caaf0d355ba250d0dca2959607a19936b0a91739d33
Properties:
   Author: Felix Krause
   Description: Experimental YAML 1.3 implementation in Ada
   Executable: yaml-server
   GPR Scenario: Mode := debug | release
   License: MIT
   Maintainer: alejandro@mosteo.com
   Maintainers_Logins: mosteo
   Name: adayaml
   Project_File: yaml.gpr
   Project_File: yaml-utils.gpr
   Project_File: yaml-annotation_processor.gpr
   Project_File: yaml-server.gpr
   Version: 0.3.0
   Website: https://ada.yaml.io/
Dependencies (direct):
   simple_components^4.27
Dependencies (solution):
   gnat=12.2.0 (gnat_external) (installed)
   libgnutls=3.7.9
   simple_components=4.68.0
   unixodbc=2.3.11
Dependencies (graph):
   adayaml=0.3.0            --> simple_components=4.68.0 (^4.27)                     
   simple_components=4.68.0 --> gnat=12.2.0 (gnat_external) (>=2021 | (>=12 & <2000))
   simple_components=4.68.0 --> libgnutls=3.7.9 (^3.7)                               
   simple_components=4.68.0 --> unixodbc=2.3.11 (^2.3)                               


LOG:
Note: Deploying adayaml=0.3.0...
#=#=#                                                                         
##O#-#                                                                        
##O=#  #                                                                      
Note: Deploying libgnutls=3.7.9...
The system package 'libgnutls28-dev' is about to be installed.
This action might require admin privileges and impact your system installation.
Do you want Alire to install this system package?
Using default: Yes
debconf: delaying package configuration, since apt-utils is not installed
Selecting previously unselected package libevent-2.1-7:amd64.
(Reading database ... 
(Reading database ... 5%
(Reading database ... 10%
(Reading database ... 15%
(Reading database ... 20%
(Reading database ... 25%
(Reading database ... 30%
(Reading database ... 35%
(Reading database ... 40%
(Reading database ... 45%
(Reading database ... 50%
(Reading database ... 55%
(Reading database ... 60%
(Reading database ... 65%
(Reading database ... 70%
(Reading database ... 75%
(Reading database ... 80%
(Reading database ... 85%
(Reading database ... 90%
(Reading database ... 95%
(Reading database ... 100%
(Reading database ... 25746 files and directories currently installed.)
Preparing to unpack .../00-libevent-2.1-7_2.1.12-stable-8_amd64.deb ...
Unpacking libevent-2.1-7:amd64 (2.1.12-stable-8) ...
Selecting previously unselected package libgmpxx4ldbl:amd64.
Preparing to unpack .../01-libgmpxx4ldbl_2%3a6.2.1+dfsg1-1.1_amd64.deb ...
Unpacking libgmpxx4ldbl:amd64 (2:6.2.1+dfsg1-1.1) ...
Selecting previously unselected package libgmp-dev:amd64.
Preparing to unpack .../02-libgmp-dev_2%3a6.2.1+dfsg1-1.1_amd64.deb ...
Unpacking libgmp-dev:amd64 (2:6.2.1+dfsg1-1.1) ...
Selecting previously unselected package libunbound8:amd64.
Preparing to unpack .../03-libunbound8_1.17.1-2+deb12u2_amd64.deb ...
Unpacking libunbound8:amd64 (1.17.1-2+deb12u2) ...
Selecting previously unselected package libgnutls-dane0:amd64.
Preparing to unpack .../04-libgnutls-dane0_3.7.9-2+deb12u3_amd64.deb ...
Unpacking libgnutls-dane0:amd64 (3.7.9-2+deb12u3) ...
Selecting previously unselected package libgnutls-openssl27:amd64.
Preparing to unpack .../05-libgnutls-openssl27_3.7.9-2+deb12u3_amd64.deb ...
Unpacking libgnutls-openssl27:amd64 (3.7.9-2+deb12u3) ...
Selecting previously unselected package libgnutlsxx30:amd64.
Preparing to unpack .../06-libgnutlsxx30_3.7.9-2+deb12u3_amd64.deb ...
Unpacking libgnutlsxx30:amd64 (3.7.9-2+deb12u3) ...
Selecting previously unselected package libidn2-dev:amd64.
Preparing to unpack .../07-libidn2-dev_2.3.3-1+b1_amd64.deb ...
Unpacking libidn2-dev:amd64 (2.3.3-1+b1) ...
Selecting previously unselected package libp11-kit-dev:amd64.
Preparing to unpack .../08-libp11-kit-dev_0.24.1-2_amd64.deb ...
Unpacking libp11-kit-dev:amd64 (0.24.1-2) ...
Selecting previously unselected package libtasn1-6-dev:amd64.
Preparing to unpack .../09-libtasn1-6-dev_4.19.0-2_amd64.deb ...
Unpacking libtasn1-6-dev:amd64 (4.19.0-2) ...
Selecting previously unselected package nettle-dev:amd64.
Preparing to unpack .../10-nettle-dev_3.8.1-2_amd64.deb ...
Unpacking nettle-dev:amd64 (3.8.1-2) ...
Selecting previously unselected package libgnutls28-dev:amd64.
Preparing to unpack .../11-libgnutls28-dev_3.7.9-2+deb12u3_amd64.deb ...
Unpacking libgnutls28-dev:amd64 (3.7.9-2+deb12u3) ...
Selecting previously unselected package libtasn1-doc.
Preparing to unpack .../12-libtasn1-doc_4.19.0-2_all.deb ...
Unpacking libtasn1-doc (4.19.0-2) ...
Setting up libgnutls-openssl27:amd64 (3.7.9-2+deb12u3) ...
Setting up libtasn1-doc (4.19.0-2) ...
Setting up libgmpxx4ldbl:amd64 (2:6.2.1+dfsg1-1.1) ...
Setting up libgnutlsxx30:amd64 (3.7.9-2+deb12u3) ...
Setting up libevent-2.1-7:amd64 (2.1.12-stable-8) ...
Setting up libidn2-dev:amd64 (2.3.3-1+b1) ...
Setting up libtasn1-6-dev:amd64 (4.19.0-2) ...
Setting up libp11-kit-dev:amd64 (0.24.1-2) ...
Setting up libgmp-dev:amd64 (2:6.2.1+dfsg1-1.1) ...
Setting up nettle-dev:amd64 (3.8.1-2) ...
Setting up libunbound8:amd64 (1.17.1-2+deb12u2) ...
Setting up libgnutls-dane0:amd64 (3.7.9-2+deb12u3) ...
Setting up libgnutls28-dev:amd64 (3.7.9-2+deb12u3) ...
Processing triggers for libc-bin (2.36-9+deb12u8) ...
Note: Deploying unixodbc=2.3.11...
The system package 'unixodbc-dev' is about to be installed.
This action might require admin privileges and impact your system installation.
Do you want Alire to install this system package?
Using default: Yes
debconf: delaying package configuration, since apt-utils is not installed
Selecting previously unselected package libltdl7:amd64.
(Reading database ... 
(Reading database ... 5%
(Reading database ... 10%
(Reading database ... 15%
(Reading database ... 20%
(Reading database ... 25%
(Reading database ... 30%
(Reading database ... 35%
(Reading database ... 40%
(Reading database ... 45%
(Reading database ... 50%
(Reading database ... 55%
(Reading database ... 60%
(Reading database ... 65%
(Reading database ... 70%
(Reading database ... 75%
(Reading database ... 80%
(Reading database ... 85%
(Reading database ... 90%
(Reading database ... 95%
(Reading database ... 100%
(Reading database ... 26070 files and directories currently installed.)
Preparing to unpack .../0-libltdl7_2.4.7-7~deb12u1_amd64.deb ...
Unpacking libltdl7:amd64 (2.4.7-7~deb12u1) ...
Selecting previously unselected package libodbc2:amd64.
Preparing to unpack .../1-libodbc2_2.3.11-2+deb12u1_amd64.deb ...
Unpacking libodbc2:amd64 (2.3.11-2+deb12u1) ...
Selecting previously unselected package libodbccr2:amd64.
Preparing to unpack .../2-libodbccr2_2.3.11-2+deb12u1_amd64.deb ...
Unpacking libodbccr2:amd64 (2.3.11-2+deb12u1) ...
Selecting previously unselected package unixodbc-common.
Preparing to unpack .../3-unixodbc-common_2.3.11-2+deb12u1_all.deb ...
Unpacking unixodbc-common (2.3.11-2+deb12u1) ...
Selecting previously unselected package libodbcinst2:amd64.
Preparing to unpack .../4-libodbcinst2_2.3.11-2+deb12u1_amd64.deb ...
Unpacking libodbcinst2:amd64 (2.3.11-2+deb12u1) ...
Selecting previously unselected package unixodbc-dev:amd64.
Preparing to unpack .../5-unixodbc-dev_2.3.11-2+deb12u1_amd64.deb ...
Unpacking unixodbc-dev:amd64 (2.3.11-2+deb12u1) ...
Setting up unixodbc-common (2.3.11-2+deb12u1) ...
Setting up libltdl7:amd64 (2.4.7-7~deb12u1) ...
Setting up libodbc2:amd64 (2.3.11-2+deb12u1) ...
Setting up libodbccr2:amd64 (2.3.11-2+deb12u1) ...
Setting up libodbcinst2:amd64 (2.3.11-2+deb12u1) ...
Setting up unixodbc-dev:amd64 (2.3.11-2+deb12u1) ...
Processing triggers for libc-bin (2.36-9+deb12u8) ...
Note: Deploying simple_components=4.68.0...
Note: Building adayaml/yaml.gpr (1/4)...
Setup
   [mkdir]        object directory for project Parser_Tools
   [mkdir]        library directory for project Parser_Tools
   [mkdir]        object directory for project Yaml
   [mkdir]        library directory for project Yaml
Compile
   [ada]          text-builder.adb
   [ada]          lexer-base.adb
   [ada]          lexer-source-text_io.adb
   [ada]          text.adb
   [ada]          text-pool.adb
   [ada]          lexer-source-file.adb
   [ada]          lexer.ads
   [ada]          text-sets.ads
   [ada]          lexer-source.ads
lexer-source-file.adb:26:09: warning: object designated by anonymous access object might not be finalized until its enclosing library unit goes out of scope [enabled by default]
lexer-source-file.adb:26:09: warning: use named access type instead [enabled by default]
lexer-source-file.adb:26:09: warning: use of an anonymous access type allocator [-gnatw_a]
lexer-source-file.adb:33:23: warning: accessibility check fails [enabled by default]
lexer-source-file.adb:33:23: warning: Program_Error will be raised at run time [enabled by default]
   [ada]          yaml-transformator-canonical.adb
   [ada]          yaml-events-store.adb
   [ada]          yaml-lexer-evaluation.adb
   [ada]          yaml-destination-text_io.adb
   [ada]          yaml-events-queue.adb
   [ada]          yaml-presenter-analysis.adb
yaml-events-queue.adb:83:50: warning: object designated by anonymous access object might not be finalized until its enclosing library unit goes out of scope [enabled by default]
yaml-events-queue.adb:83:50: warning: use named access type instead [enabled by default]
yaml-events-queue.adb:83:50: warning: use of an anonymous access type allocator [-gnatw_a]
yaml-events-queue.adb:100:09: warning: object designated by anonymous access object might not be finalized until its enclosing library unit goes out of scope [enabled by default]
yaml-events-queue.adb:100:09: warning: use named access type instead [enabled by default]
yaml-events-queue.adb:100:09: warning: use of an anonymous access type allocator [-gnatw_a]
   [ada]          yaml-dom-dumping.adb
   [ada]          yaml-presenter.adb
   [ada]          yaml.adb
yaml-events-store.adb:6:50: warning: object designated by anonymous access object might not be finalized until its enclosing library unit goes out of scope [enabled by default]
yaml-events-store.adb:6:50: warning: use named access type instead [enabled by default]
yaml-events-store.adb:6:50: warning: use of an anonymous access type allocator [-gnatw_a]
yaml-events-store.adb:212:09: warning: object designated by anonymous access object might not be finalized until its enclosing library unit goes out of scope [enabled by default]
yaml-events-store.adb:212:09: warning: use named access type instead [enabled by default]
yaml-events-store.adb:212:09: warning: use of an anonymous access type allocator [-gnatw_a]
yaml-events-store.adb:223:09: warning: object designated by anonymous access object might not be finalized until its enclosing library unit goes out of scope [enabled by default]
yaml-events-store.adb:223:09: warning: use named access type instead [enabled by default]
yaml-events-store.adb:223:09: warning: use of an anonymous access type allocator [-gnatw_a]
   [ada]          yaml-transformation.adb
yaml-transformation.adb:38:09: warning: object designated by anonymous access object might not be finalized until its enclosing library unit goes out of scope [enabled by default]
yaml-transformation.adb:38:09: warning: use named access type instead [enabled by default]
   [ada]          yaml-stacks.adb
   [ada]          yaml-lexer.adb
   [ada]          yaml-dom-mapping_data.adb
yaml-dom-mapping_data.adb:147:33: error: implicit conversion of anonymous access parameter not allowed
yaml-dom-mapping_data.adb:147:38: error: implicit conversion of anonymous access parameter not allowed
yaml-presenter.adb:89:45: warning: formal parameter "In_Flow" is not referenced [-gnatwu]
yaml-presenter.adb:503:10: warning: use clause for type "Scalar_Style_Type" defined at yaml.ads:54 has no effect [-gnatwu]
yaml-lexer.adb:7:04: warning: use clause for private type "Reference" defined at text.ads:56 has no effect [-gnatwu]

   compilation of yaml-dom-mapping_data.adb failed

gprbuild: *** compilation phase failed
stderr: Command ["gprbuild", "-s", "-j0", "-p", "-P", "/home/runner/work/alire-crates-ci/alire-crates-ci/test/b089da48-3b2b-4065-9605-2bb4665a1238/adayaml_0.3.0_ab19e387/yaml.gpr"] exited with code 4
ERROR: Command ["gprbuild", "-s", "-j0", "-p", "-P", "/home/runner/work/alire-crates-ci/alire-crates-ci/test/b089da48-3b2b-4065-9605-2bb4665a1238/adayaml_0.3.0_ab19e387/yaml.gpr"] exited with code 4
stderr: ALIRE.CHECKED_ERROR
stderr: Command ["gprbuild", "-s", "-j0", "-p", "-P", "/home/runner/work/alire-crates-ci/alire-crates-ci/test/b089da48-3b2b-4065-9605-2bb4665a1238/adayaml_0.3.0_ab19e387/yaml.gpr"] exited with code 4
stderr: raised ALIRE.CHECKED_ERROR : alire-stored-error:1
[/usr/bin/alr]
0xd7ada2 Alire.Raise_Checked_Error at alire.adb:251
0xa423cf Alire.Os_Lib.Subprocess.Checked_Spawn at alire-os_lib-subprocess.adb:110
0xc5cdee Alire.Spawn.Command at alire-spawn.adb:21
0xc5d51c Alire.Spawn.Gprbuild at alire-spawn.adb:41
0xbc1550 Alire.Roots.Build.Build_Single_Release.Call_Gprbuild at alire-roots.adb:140
0xbbfbaf Alire.Roots.Build.Build_Single_Release at alire-roots.adb:171
0xbdb95e Alire.Roots.Traverse.Traverse_Wrap at alire-roots.adb:1364
0xc25a8b Alire.Solutions.Traverse.Visit at alire-solutions.adb:1443
0xc246a2 Alire.Solutions.Traverse at alire-solutions.adb:1518
0xbdbaac Alire.Roots.Traverse at alire-roots.adb:1368
0xbbff40 Alire.Roots.Build at alire-roots.adb:196
0x4a0334 Alr.Commands.Build.Execute at alr-commands-build.adb:58
0x4b065a Alr.Commands.Get.Retrieve at alr-commands-get.adb:187
0x4b4e77 Alr.Commands.Get.Execute at alr-commands-get.adb:348
0x53bb7e Alr.Commands.Sub_Cmd.Execute at clic-subcommand-instance.adb:742
0x54756f Alr.Commands.Execute at alr-commands.adb:492
0x43cb1a Alr.Main at alr-main.adb:10
0x43f3e7 Main at b__alr-main.adb:2132
[/lib/x86_64-linux-gnu/libc.so.6]
0x7fd5c6aea248
0x7fd5c6aea303
[/usr/bin/alr]
0x43c9f8 _start at ???
0xfffffffffffffffe


Warning: adayaml=0.3.0 successfully retrieved but its build failed.
Dependencies were solved as follows:

   +i gnat              12.2.0 (new,installed,gnat_external,indirect)
   +  libgnutls         3.7.9  (new,indirect)                        
   +  simple_components 4.68.0 (new)                                 
   +  unixodbc          2.3.11 (new,indirect)                        
ERROR: Build ended with errors
