Test ran at 2024-07-21 00:48:49.511940+00:00

SOLUTION:
semantic_versioning=2.1.0: Semantic Versioning in Ada
Origin: commit cc69201134c0a8d695b767a1fd1bf4fd8f6f3880 from https://github.com/alire-project/semantic_versioning.git
Properties:
   Author: Alejandro R. Mosteo
   Description: Semantic Versioning in Ada
   License: LGPL-3.0-only
   Maintainer: alejandro@mosteo.com
   Maintainers_Logins: mosteo
   Name: semantic_versioning
   Tag: semver
   Tag: semantic
   Tag: versioning
   Version: 2.1
   Website: https://github.com/alire-project/semantic_versioning


LOG:
Note: Deploying semantic_versioning=2.1.0...
Note: Building semantic_versioning/semantic_versioning.gpr...
Setup
   [mkdir]        object directory for project Semantic_Versioning
   [mkdir]        exec directory for project Semantic_Versioning
Compile
   [Ada]          semantic_versioning-demo.adb
   [Ada]          semantic_versioning-parser.adb
   [Ada]          semantic_versioning-extended-parser.adb
   [Ada]          semantic_versioning-extended.adb
   [Ada]          semantic_versioning.adb
   [Ada]          semantic_versioning-basic.adb
Bind
   [gprbind]      semantic_versioning-demo.bexch
   [gprbind]      semantic_versioning-parser.bexch
   [gprbind]      semantic_versioning-extended-parser.bexch
   [Ada]          semantic_versioning-parser.ali
   [Ada]          semantic_versioning-extended-parser.ali
   [Ada]          semantic_versioning-demo.ali
Link
   [link]         semantic_versioning-demo.adb
   [link]         semantic_versioning-parser.adb
   [link]         semantic_versioning-extended-parser.adb
-macosx_version_min has been renamed to -macos_version_min
-macosx_version_min has been renamed to -macos_version_min
-macosx_version_min has been renamed to -macos_version_min
0  0x102569f43  __assert_rtn + 64
0  0x1022baf43  __assert_rtn + 64
1  0x1021bcf43  ld::AtomPlacement::findAtom(unsigned char, unsigned long long, ld::AtomPlacement::AtomLoc const*&, long long&) const + 1411
2  0x1021d9431  ld::InputFiles::SliceParser::parseObjectFile(mach_o::Header const*) const + 19745
3  0x1021e9b71  ld::InputFiles::parseAllFiles(void (ld::AtomFile const*) block_pointer)::$_7::operator()(unsigned long, ld::FileInfo const&) const + 657
1  0x10246bf43  ld::AtomPlacement::findAtom(unsigned char, unsigned long long, ld::AtomPlacement::AtomLoc const*&, long long&) const + 1411
2  0x102488431  ld::InputFiles::SliceParser::parseObjectFile(mach_o::Header const*) const + 19745
3  0x102498b71  ld::InputFiles::parseAllFiles(void (ld::AtomFile const*) block_pointer)::$_7::operator()(unsigned long, ld::FileInfo const&) const + 657
0  0x102c16f43  __assert_rtn + 64
1  0x102b18f43  ld::AtomPlacement::findAtom(unsigned char, unsigned long long, ld::AtomPlacement::AtomLoc const*&, long long&) const + 1411
2  0x102b35431  ld::InputFiles::SliceParser::parseObjectFile(mach_o::Header const*) const + 19745
3  0x102b45b71  ld::InputFiles::parseAllFiles(void (ld::AtomFile const*) block_pointer)::$_7::operator()(unsigned long, ld::FileInfo const&) const + 657
4  0x7ff81af12def  _dispatch_client_callout2 + 8
5  0x7ff81af24547  _dispatch_apply_invoke3 + 431
6  0x7ff81af12dbc  _dispatch_client_callout + 8
7  0x7ff81af1404e  _dispatch_once_callout + 20
8  0x7ff81af24a9b  _dispatch_apply_invoke_and_wait + 278
9  0x7ff81af23cf8  _dispatch_apply_with_attr_f + 1225
4  0x7ff81af12def  _dispatch_client_callout2 + 8
4  0x7ff81af12def  _dispatch_client_callout2 + 8
5  0x7ff81af24547  _dispatch_apply_invoke3 + 431
5  0x7ff81af24547  _dispatch_apply_invoke3 + 431
6  0x7ff81af12dbc  _dispatch_client_callout + 8
6  0x7ff81af12dbc  _dispatch_client_callout + 8
7  0x7ff81af1404e  _dispatch_once_callout + 20
7  0x7ff81af1404e  _dispatch_once_callout + 20
8  0x7ff81af24a9b  _dispatch_apply_invoke_and_wait + 278
8  0x7ff81af23740  _dispatch_apply_invoke + 184
9  0x7ff81af23cf8  _dispatch_apply_with_attr_f + 1225
9  0x7ff81af12dbc  _dispatch_client_callout + 8
10  0x7ff81af222ca  _dispatch_root_queue_drain + 871
11  0x7ff81af2284f  _dispatch_worker_thread2 + 152
12  0x7ff81b0b0b43  _pthread_wqthread + 262
10  0x7ff81af23eaf  dispatch_apply + 45
ld: Assertion failed: (resultIndex < sectData.atoms.size()), function findAtom, file Relocations.cpp, line 1336.
11  0x102282972  ld::AtomFileConsolidator::parseFiles(bool) + 370
12  0x102209d67  main + 12263
ld: Assertion failed: (resultIndex < sectData.atoms.size()), function findAtom, file Relocations.cpp, line 1336.
10  0x7ff81af23eaf  dispatch_apply + 45
11  0x102bde972  ld::AtomFileConsolidator::parseFiles(bool) + 370
12  0x102b65d67  main + 12263
ld: Assertion failed: (resultIndex < sectData.atoms.size()), function findAtom, file Relocations.cpp, line 1336.
collect2: error: ld returned 1 exit status
collect2: error: ld returned 1 exit status
collect2: error: ld returned 1 exit status
   link of semantic_versioning-demo.adb failed
   failed command was: /users/runner/.config/alire/cache/dependencies/gnat_native_13.1.0_071d715c/bin/gcc semantic_versioning-demo.o b__semantic_versioning-demo.o /Users/runner/work/alire-crates-ci/alire-crates-ci/test/8323692a-f4f9-4810-a3f4-b512457b42b9/semantic_versioning_2.1.0_cc692011/obj/semantic_versioning-basic.o /Users/runner/work/alire-crates-ci/alire-crates-ci/test/8323692a-f4f9-4810-a3f4-b512457b42b9/semantic_versioning_2.1.0_cc692011/obj/semantic_versioning-extended.o /Users/runner/work/alire-crates-ci/alire-crates-ci/test/8323692a-f4f9-4810-a3f4-b512457b42b9/semantic_versioning_2.1.0_cc692011/obj/semantic_versioning.o -g -L/Users/runner/work/alire-crates-ci/alire-crates-ci/test/8323692a-f4f9-4810-a3f4-b512457b42b9/semantic_versioning_2.1.0_cc692011/obj/ -L/Users/runner/work/alire-crates-ci/alire-crates-ci/test/8323692a-f4f9-4810-a3f4-b512457b42b9/semantic_versioning_2.1.0_cc692011/obj/ -L/users/runner/.config/alire/cache/dependencies/gnat_native_13.1.0_071d715c/lib/gcc/x86_64-apple-darwin21.6.0/13.1.0/adalib/ /users/runner/.config/alire/cache/dependencies/gnat_native_13.1.0_071d715c/lib/gcc/x86_64-apple-darwin21.6.0/13.1.0/adalib/libgnat.a -Wl,-rpath,@executable_path/..//obj -Wl,-rpath,@executable_path/../../../../../../..//.config/alire/cache/dependencies/gnat_native_13.1.0_071d715c/lib/gcc/x86_64-apple-darwin21.6.0/13.1.0/adalib -o /Users/runner/work/alire-crates-ci/alire-crates-ci/test/8323692a-f4f9-4810-a3f4-b512457b42b9/semantic_versioning_2.1.0_cc692011/bin//demo 
   link of semantic_versioning-extended-parser.adb failed
   failed command was: /users/runner/.config/alire/cache/dependencies/gnat_native_13.1.0_071d715c/bin/gcc semantic_versioning-extended-parser.o b__semantic_versioning-extended-parser.o /Users/runner/work/alire-crates-ci/alire-crates-ci/test/8323692a-f4f9-4810-a3f4-b512457b42b9/semantic_versioning_2.1.0_cc692011/obj/semantic_versioning-basic.o /Users/runner/work/alire-crates-ci/alire-crates-ci/test/8323692a-f4f9-4810-a3f4-b512457b42b9/semantic_versioning_2.1.0_cc692011/obj/semantic_versioning-extended.o /Users/runner/work/alire-crates-ci/alire-crates-ci/test/8323692a-f4f9-4810-a3f4-b512457b42b9/semantic_versioning_2.1.0_cc692011/obj/semantic_versioning.o -g -L/Users/runner/work/alire-crates-ci/alire-crates-ci/test/8323692a-f4f9-4810-a3f4-b512457b42b9/semantic_versioning_2.1.0_cc692011/obj/ -L/Users/runner/work/alire-crates-ci/alire-crates-ci/test/8323692a-f4f9-4810-a3f4-b512457b42b9/semantic_versioning_2.1.0_cc692011/obj/ -L/users/runner/.config/alire/cache/dependencies/gnat_native_13.1.0_071d715c/lib/gcc/x86_64-apple-darwin21.6.0/13.1.0/adalib/ /users/runner/.config/alire/cache/dependencies/gnat_native_13.1.0_071d715c/lib/gcc/x86_64-apple-darwin21.6.0/13.1.0/adalib/libgnat.a -Wl,-rpath,@executable_path/..//obj -Wl,-rpath,@executable_path/../../../../../../..//.config/alire/cache/dependencies/gnat_native_13.1.0_071d715c/lib/gcc/x86_64-apple-darwin21.6.0/13.1.0/adalib -o /Users/runner/work/alire-crates-ci/alire-crates-ci/test/8323692a-f4f9-4810-a3f4-b512457b42b9/semantic_versioning_2.1.0_cc692011/bin//semantic_versioning-extended-parser 
   link of semantic_versioning-parser.adb failed
   failed command was: /users/runner/.config/alire/cache/dependencies/gnat_native_13.1.0_071d715c/bin/gcc semantic_versioning-parser.o b__semantic_versioning-parser.o /Users/runner/work/alire-crates-ci/alire-crates-ci/test/8323692a-f4f9-4810-a3f4-b512457b42b9/semantic_versioning_2.1.0_cc692011/obj/semantic_versioning-basic.o /Users/runner/work/alire-crates-ci/alire-crates-ci/test/8323692a-f4f9-4810-a3f4-b512457b42b9/semantic_versioning_2.1.0_cc692011/obj/semantic_versioning-extended.o /Users/runner/work/alire-crates-ci/alire-crates-ci/test/8323692a-f4f9-4810-a3f4-b512457b42b9/semantic_versioning_2.1.0_cc692011/obj/semantic_versioning.o -g -L/Users/runner/work/alire-crates-ci/alire-crates-ci/test/8323692a-f4f9-4810-a3f4-b512457b42b9/semantic_versioning_2.1.0_cc692011/obj/ -L/Users/runner/work/alire-crates-ci/alire-crates-ci/test/8323692a-f4f9-4810-a3f4-b512457b42b9/semantic_versioning_2.1.0_cc692011/obj/ -L/users/runner/.config/alire/cache/dependencies/gnat_native_13.1.0_071d715c/lib/gcc/x86_64-apple-darwin21.6.0/13.1.0/adalib/ /users/runner/.config/alire/cache/dependencies/gnat_native_13.1.0_071d715c/lib/gcc/x86_64-apple-darwin21.6.0/13.1.0/adalib/libgnat.a -Wl,-rpath,@executable_path/..//obj -Wl,-rpath,@executable_path/../../../../../../..//.config/alire/cache/dependencies/gnat_native_13.1.0_071d715c/lib/gcc/x86_64-apple-darwin21.6.0/13.1.0/adalib -o /Users/runner/work/alire-crates-ci/alire-crates-ci/test/8323692a-f4f9-4810-a3f4-b512457b42b9/semantic_versioning_2.1.0_cc692011/bin//semantic_versioning-parser 
gprbuild: *** link phase failed
stderr: Command ["gprbuild", "-s", "-j0", "-p", "-P", "/Users/runner/work/alire-crates-ci/alire-crates-ci/test/8323692a-f4f9-4810-a3f4-b512457b42b9/semantic_versioning_2.1.0_cc692011/semantic_versioning.gpr"] exited with code 4
ERROR: Command ["gprbuild", "-s", "-j0", "-p", "-P", "/Users/runner/work/alire-crates-ci/alire-crates-ci/test/8323692a-f4f9-4810-a3f4-b512457b42b9/semantic_versioning_2.1.0_cc692011/semantic_versioning.gpr"] exited with code 4
stderr: ALIRE.CHECKED_ERROR
stderr: Command ["gprbuild", "-s", "-j0", "-p", "-P", "/Users/runner/work/alire-crates-ci/alire-crates-ci/test/8323692a-f4f9-4810-a3f4-b512457b42b9/semantic_versioning_2.1.0_cc692011/semantic_versioning.gpr"] exited with code 4
stderr: raised ALIRE.CHECKED_ERROR : alire-stored-error:1
Load address: 0x104ba6000
Call stack traceback locations:
0x1054ae415 0x105181e83 0x105394df9 0x105395581 0x1052f5ac3 0x1052f3f99 0x105310873 0x10535cdc1 0x10535b81a 0x1053109b8 0x1052f4349 0x104c059c1 0x104c16578 0x104c1b01c 0x104ca105c 0x104cac3b8 0x104ba7605 0x104baa914


Warning: semantic_versioning=2.1.0 successfully retrieved but its build failed.
There are no dependencies.
ERROR: Build ended with errors
