Test ran at 2024-07-09 01:41:17.679314+00:00

SOLUTION:
ini_files=10.0.0: A standalone, portable Ada package for configuration files
Origin: source archive ini-files-10.zip at https://sourceforge.net/projects/ini-files/files/ini-files/ini-files-10.zip with hash sha512:6f2bab21ce53d8b4448d30c0fc1b0bd4ec070120f6343ff176dbec338530e8d7948e14fd8e991b26f108f60cd7dc44531a537c8ca087c66ffca4d9993de32f60
Properties:
   Author: Rolf Ebert
   Author: Gautier de Montmollin
   Description: A standalone, portable Ada package for configuration files
   License: MIT
   Maintainer: rolf.ebert.gcc@gmx.de
   Maintainer: gdemont@hotmail.com
   Maintainers_Logins: RREE
   Maintainers_Logins: zertovitch
   Name: ini_files
   Project_File: ini_files.gpr
   Tag: ini
   Tag: cfg
   Tag: config
   Version: 10.0.0
   Website: https://sourceforge.net/p/ini-files/


LOG:
Note: Deploying ini_files=10.0.0...
#=#=#                                                                          
##=#=#                                                                         

######################################################################## 100.0%##-=#=-#                                                                       
# #-=#=-#                                                                      

######################################################################## 100.0%
Note: Building ini_files/ini_files.gpr...
Setup
   [mkdir]        object directory for project Ini_files
Compile
   [Ada]          test_config.adb
   [Ada]          rosetta_read_cfg.adb
   [Ada]          rosetta_updt_cfg.adb
   [Ada]          rosetta_updt_cfg_reset.adb
   [Ada]          config.adb
Bind
   [gprbind]      test_config.bexch
   [gprbind]      rosetta_read_cfg.bexch
   [gprbind]      rosetta_updt_cfg.bexch
   [Ada]          test_config.ali
   [Ada]          rosetta_read_cfg.ali
   [Ada]          rosetta_updt_cfg.ali
   [gprbind]      rosetta_updt_cfg_reset.bexch
   [Ada]          rosetta_updt_cfg_reset.ali
Link
   [link]         test_config.adb
   [link]         rosetta_read_cfg.adb
   [link]         rosetta_updt_cfg.adb
-macosx_version_min has been renamed to -macos_version_min
-macosx_version_min has been renamed to -macos_version_min
-macosx_version_min has been renamed to -macos_version_min
ld: warning: ignoring duplicate libraries: '-lSystem'
ld: warning: ignoring duplicate libraries: '-lSystem'
ld: warning: ignoring duplicate libraries: '-lSystem'
0  0x100abdf43  __assert_rtn + 64
1  0x1009bff43  ld::AtomPlacement::findAtom(unsigned char, unsigned long long, ld::AtomPlacement::AtomLoc const*&, long long&) const + 1411
2  0x1009dc431  ld::InputFiles::SliceParser::parseObjectFile(mach_o::Header const*) const + 19745
3  0x1009ecb71  ld::InputFiles::parseAllFiles(void (ld::AtomFile const*) block_pointer)::$_7::operator()(unsigned long, ld::FileInfo const&) const + 657
4  0x7ff80c15edef  _dispatch_client_callout2 + 8
5  0x7ff80c170547  _dispatch_apply_invoke3 + 431
6  0x7ff80c15edbc  _dispatch_client_callout + 8
7  0x7ff80c16004e  _dispatch_once_callout + 20
8  0x7ff80c170a9b  _dispatch_apply_invoke_and_wait + 278
9  0x7ff80c16fcf8  _dispatch_apply_with_attr_f + 1225
10  0x7ff80c16feaf  dispatch_apply + 45
11  0x100a85972  ld::AtomFileConsolidator::parseFiles(bool) + 370
0  0x10441ef43  __assert_rtn + 64
12  0x100a0cd67  main + 12263
ld: Assertion failed: (resultIndex < sectData.atoms.size()), function findAtom, file Relocations.cpp, line 1336.
1  0x104320f43  ld::AtomPlacement::findAtom(unsigned char, unsigned long long, ld::AtomPlacement::AtomLoc const*&, long long&) const + 1411
2  0x10433d431  ld::InputFiles::SliceParser::parseObjectFile(mach_o::Header const*) const + 19745
3  0x10434db71  ld::InputFiles::parseAllFiles(void (ld::AtomFile const*) block_pointer)::$_7::operator()(unsigned long, ld::FileInfo const&) const + 657
4  0x7ff80c15edef  _dispatch_client_callout2 + 8
5  0x7ff80c170547  _dispatch_apply_invoke3 + 431
6  0x7ff80c15edbc  _dispatch_client_callout + 8
7  0x7ff80c16004e  _dispatch_once_callout + 20
8  0x7ff80c170a9b  _dispatch_apply_invoke_and_wait + 278
9  0x7ff80c16fcf8  _dispatch_apply_with_attr_f + 1225
10  0x7ff80c16feaf  dispatch_apply + 45
11  0x1043e6972  ld::AtomFileConsolidator::parseFiles(bool) + 370
12  0x10436dd67  main + 12263
ld: Assertion failed: (resultIndex < sectData.atoms.size()), function findAtom, file Relocations.cpp, line 1336.
0  0x104426f43  __assert_rtn + 64
1  0x104328f43  ld::AtomPlacement::findAtom(unsigned char, unsigned long long, ld::AtomPlacement::AtomLoc const*&, long long&) const + 1411
2  0x104345431  ld::InputFiles::SliceParser::parseObjectFile(mach_o::Header const*) const + 19745
3  0x104355b71  ld::InputFiles::parseAllFiles(void (ld::AtomFile const*) block_pointer)::$_7::operator()(unsigned long, ld::FileInfo const&) const + 657
4  0x7ff80c15edef  _dispatch_client_callout2 + 8
5  0x7ff80c170547  _dispatch_apply_invoke3 + 431
6  0x7ff80c15edbc  _dispatch_client_callout + 8
7  0x7ff80c16004e  _dispatch_once_callout + 20
8  0x7ff80c16f740  _dispatch_apply_invoke + 184
9  0x7ff80c15edbc  _dispatch_client_callout + 8
10  0x7ff80c16e2ca  _dispatch_root_queue_drain + 871
11  0x7ff80c16e84f  _dispatch_worker_thread2 + 152
12  0x7ff80c2fcb43  _pthread_wqthread + 262
ld: Assertion failed: (resultIndex < sectData.atoms.size()), function findAtom, file Relocations.cpp, line 1336.
collect2: error: ld returned 1 exit status
collect2: error: ld returned 1 exit status
collect2: error: ld returned 1 exit status
   link of rosetta_updt_cfg.adb failed
   failed command was: /users/runner/.config/alire/cache/dependencies/gnat_native_10.3.2_e112fd3f/bin/gcc rosetta_updt_cfg.o b__rosetta_updt_cfg.o /Users/runner/work/alire-crates-ci/alire-crates-ci/test/976a46b5-77dd-4f86-bf4e-0a2b916cbd3d/ini_files_10.0.0_6f2bab21/obj/config.o -L/Users/runner/work/alire-crates-ci/alire-crates-ci/test/976a46b5-77dd-4f86-bf4e-0a2b916cbd3d/ini_files_10.0.0_6f2bab21/obj/ -L/Users/runner/work/alire-crates-ci/alire-crates-ci/test/976a46b5-77dd-4f86-bf4e-0a2b916cbd3d/ini_files_10.0.0_6f2bab21/obj/ -L/users/runner/.config/alire/cache/dependencies/gnat_native_10.3.2_e112fd3f/lib/gcc/x86_64-apple-darwin19.6.0/10.3.0/adalib/ /users/runner/.config/alire/cache/dependencies/gnat_native_10.3.2_e112fd3f/lib/gcc/x86_64-apple-darwin19.6.0/10.3.0/adalib/libgnat.a -Wl,-rpath,@executable_path//obj -Wl,-rpath,@executable_path/../../../../../..//.config/alire/cache/dependencies/gnat_native_10.3.2_e112fd3f/lib/gcc/x86_64-apple-darwin19.6.0/10.3.0/adalib -o /Users/runner/work/alire-crates-ci/alire-crates-ci/test/976a46b5-77dd-4f86-bf4e-0a2b916cbd3d/ini_files_10.0.0_6f2bab21//rosetta_updt_cfg 
   link of test_config.adb failed
   failed command was: /users/runner/.config/alire/cache/dependencies/gnat_native_10.3.2_e112fd3f/bin/gcc test_config.o b__test_config.o /Users/runner/work/alire-crates-ci/alire-crates-ci/test/976a46b5-77dd-4f86-bf4e-0a2b916cbd3d/ini_files_10.0.0_6f2bab21/obj/config.o -L/Users/runner/work/alire-crates-ci/alire-crates-ci/test/976a46b5-77dd-4f86-bf4e-0a2b916cbd3d/ini_files_10.0.0_6f2bab21/obj/ -L/Users/runner/work/alire-crates-ci/alire-crates-ci/test/976a46b5-77dd-4f86-bf4e-0a2b916cbd3d/ini_files_10.0.0_6f2bab21/obj/ -L/users/runner/.config/alire/cache/dependencies/gnat_native_10.3.2_e112fd3f/lib/gcc/x86_64-apple-darwin19.6.0/10.3.0/adalib/ /users/runner/.config/alire/cache/dependencies/gnat_native_10.3.2_e112fd3f/lib/gcc/x86_64-apple-darwin19.6.0/10.3.0/adalib/libgnat.a -Wl,-rpath,@executable_path//obj -Wl,-rpath,@executable_path/../../../../../..//.config/alire/cache/dependencies/gnat_native_10.3.2_e112fd3f/lib/gcc/x86_64-apple-darwin19.6.0/10.3.0/adalib -o /Users/runner/work/alire-crates-ci/alire-crates-ci/test/976a46b5-77dd-4f86-bf4e-0a2b916cbd3d/ini_files_10.0.0_6f2bab21//test_config 
   link of rosetta_read_cfg.adb failed
   failed command was: /users/runner/.config/alire/cache/dependencies/gnat_native_10.3.2_e112fd3f/bin/gcc rosetta_read_cfg.o b__rosetta_read_cfg.o /Users/runner/work/alire-crates-ci/alire-crates-ci/test/976a46b5-77dd-4f86-bf4e-0a2b916cbd3d/ini_files_10.0.0_6f2bab21/obj/config.o -L/Users/runner/work/alire-crates-ci/alire-crates-ci/test/976a46b5-77dd-4f86-bf4e-0a2b916cbd3d/ini_files_10.0.0_6f2bab21/obj/ -L/Users/runner/work/alire-crates-ci/alire-crates-ci/test/976a46b5-77dd-4f86-bf4e-0a2b916cbd3d/ini_files_10.0.0_6f2bab21/obj/ -L/users/runner/.config/alire/cache/dependencies/gnat_native_10.3.2_e112fd3f/lib/gcc/x86_64-apple-darwin19.6.0/10.3.0/adalib/ /users/runner/.config/alire/cache/dependencies/gnat_native_10.3.2_e112fd3f/lib/gcc/x86_64-apple-darwin19.6.0/10.3.0/adalib/libgnat.a -Wl,-rpath,@executable_path//obj -Wl,-rpath,@executable_path/../../../../../..//.config/alire/cache/dependencies/gnat_native_10.3.2_e112fd3f/lib/gcc/x86_64-apple-darwin19.6.0/10.3.0/adalib -o /Users/runner/work/alire-crates-ci/alire-crates-ci/test/976a46b5-77dd-4f86-bf4e-0a2b916cbd3d/ini_files_10.0.0_6f2bab21//rosetta_read_cfg 
gprbuild: *** link phase failed
stderr: Command ["gprbuild", "-s", "-j0", "-p", "-P", "/Users/runner/work/alire-crates-ci/alire-crates-ci/test/976a46b5-77dd-4f86-bf4e-0a2b916cbd3d/ini_files_10.0.0_6f2bab21/ini_files.gpr"] exited with code 4
ERROR: Command ["gprbuild", "-s", "-j0", "-p", "-P", "/Users/runner/work/alire-crates-ci/alire-crates-ci/test/976a46b5-77dd-4f86-bf4e-0a2b916cbd3d/ini_files_10.0.0_6f2bab21/ini_files.gpr"] exited with code 4
stderr: ALIRE.CHECKED_ERROR
stderr: Command ["gprbuild", "-s", "-j0", "-p", "-P", "/Users/runner/work/alire-crates-ci/alire-crates-ci/test/976a46b5-77dd-4f86-bf4e-0a2b916cbd3d/ini_files_10.0.0_6f2bab21/ini_files.gpr"] exited with code 4
stderr: raised ALIRE.CHECKED_ERROR : alire-stored-error:1
Load address: 0x100f3c000
Call stack traceback locations:
0x101844415 0x101517e83 0x10172adf9 0x10172b581 0x10168bac3 0x101689f99 0x1016a6873 0x1016f2dc1 0x1016f181a 0x1016a69b8 0x10168a349 0x100f9b9c1 0x100fac578 0x100fb101c 0x10103705c 0x1010423b8 0x100f3d605 0x100f40914


Warning: ini_files=10.0.0 successfully retrieved but its build failed.
There are no dependencies.
ERROR: Build ended with errors
