Test ran at 2024-10-09 13:09:56.599449+00:00

SOLUTION:
dummyserver=1.0.0: DummyServer is a terminal program that serves dummy content
Origin: commit 9a6e8708b748fc1f16b8fdd69c3944ae4e7ebcb3 from https://github.com/bracke/dummyserver.git
Properties:
   Author: Bent Bracke
   Description: DummyServer is a terminal program that serves dummy content
   Executable: dummyserver
   License: CC0-1.0
   Long_Description: DummyServer is a terminal program that serves dummy content (resources). These resources are defined in a single JSON configuration and configuration is thus very simple and fast. The prime purpose of DummyServer is to serve content to test client applications.
   Maintainer: Bent Bracke <bent@bracke.dk>
   Maintainers_Logins: bracke
   Name: dummyserver
   Tag: http
   Tag: server
   Tag: test
   Tag: terminal
   Tag: console
   Version: 1.0.0
   Website: https://github.com/bracke/dummyserver
Dependencies (direct):
   json^5.0.3
Dependencies (solution):
   json=5.0.3
Dependencies (graph):
   dummyserver=1.0.0 --> json=5.0.3 (^5.0.3)


LOG:
Note: Deploying dummyserver=1.0.0...
Note: Deploying json=5.0.3...
Note: Building json/json.gpr (1/2)...
Setup
   [mkdir]        object directory for project JSON
   [mkdir]        library directory for project JSON
Compile
   [Ada]          json-streams.adb
   [Ada]          json-parsers.adb
   [Ada]          json-tokenizers.adb
   [Ada]          json.ads
   [Ada]          json-types.adb
json-streams.ads:32:29: error: function cannot have parameter of mode "out" or "in out" in SPARK [E0015]
json-streams.ads:32:29: error: launch "gnatprove --explain=E0015" for more information
json-streams.ads:36:07: error: function cannot have parameter of mode "out" or "in out" in SPARK [E0015]
json-streams.ads:36:07: error: launch "gnatprove --explain=E0015" for more information
json-streams.ads:37:07: error: function cannot have parameter of mode "out" or "in out" in SPARK [E0015]
json-streams.ads:37:07: error: launch "gnatprove --explain=E0015" for more information
json-parsers.ads:48:20: error: function cannot have parameter of mode "out" or "in out" in SPARK [E0015]
json-parsers.ads:48:20: error: launch "gnatprove --explain=E0015" for more information
json-parsers.ads:54:04: error: instantiation error at a-coinho.ads:92
json-parsers.ads:54:04: error: launch "gnatprove --explain=E0015" for more information
json-parsers.ads:54:04: error: function cannot have parameter of mode "out" or "in out" in SPARK [E0015]
json-parsers.ads:57:04: error: instantiation error at a-coinho.ads:92
json-parsers.ads:57:04: error: launch "gnatprove --explain=E0015" for more information
json-parsers.ads:57:04: error: function cannot have parameter of mode "out" or "in out" in SPARK [E0015]
json-streams.ads:32:29: error: function cannot have parameter of mode "out" or "in out" in SPARK [E0015]
json-streams.ads:32:29: error: launch "gnatprove --explain=E0015" for more information
json-streams.ads:36:07: error: function cannot have parameter of mode "out" or "in out" in SPARK [E0015]
json-streams.ads:36:07: error: launch "gnatprove --explain=E0015" for more information
json-streams.ads:37:07: error: function cannot have parameter of mode "out" or "in out" in SPARK [E0015]
json-streams.ads:37:07: error: launch "gnatprove --explain=E0015" for more information
json-streams.ads:32:29: error: function cannot have parameter of mode "out" or "in out" in SPARK [E0015]
json-streams.ads:32:29: error: launch "gnatprove --explain=E0015" for more information
json-streams.ads:36:07: error: function cannot have parameter of mode "out" or "in out" in SPARK [E0015]
json-streams.ads:36:07: error: launch "gnatprove --explain=E0015" for more information
json-streams.ads:37:07: error: function cannot have parameter of mode "out" or "in out" in SPARK [E0015]
json-streams.ads:37:07: error: launch "gnatprove --explain=E0015" for more information
json-streams.ads:32:29: error: function cannot have parameter of mode "out" or "in out" in SPARK [E0015]
json-streams.ads:32:29: error: launch "gnatprove --explain=E0015" for more information
json-streams.ads:36:07: error: function cannot have parameter of mode "out" or "in out" in SPARK [E0015]
json-streams.ads:36:07: error: launch "gnatprove --explain=E0015" for more information
json-streams.ads:37:07: error: function cannot have parameter of mode "out" or "in out" in SPARK [E0015]
json-streams.ads:37:07: error: launch "gnatprove --explain=E0015" for more information

   compilation of json-types.adb failed
   compilation of json-tokenizers.adb failed
   compilation of json-parsers.adb failed
   compilation of json-streams.adb failed

gprbuild: *** compilation phase failed
stderr: Command ["gprbuild", "-s", "-j0", "-p", "-P", "/home/runner/work/alire-crates-ci/alire-crates-ci/test/afcf4f9b-83ef-48d0-89d0-a79625372630/dummyserver_1.0.0_9a6e8708/alire/cache/dependencies/json_ada_fda3e8b1/json/json.gpr"] exited with code 4
ERROR: Command ["gprbuild", "-s", "-j0", "-p", "-P", "/home/runner/work/alire-crates-ci/alire-crates-ci/test/afcf4f9b-83ef-48d0-89d0-a79625372630/dummyserver_1.0.0_9a6e8708/alire/cache/dependencies/json_ada_fda3e8b1/json/json.gpr"] exited with code 4
stderr: ALIRE.CHECKED_ERROR
stderr: Command ["gprbuild", "-s", "-j0", "-p", "-P", "/home/runner/work/alire-crates-ci/alire-crates-ci/test/afcf4f9b-83ef-48d0-89d0-a79625372630/dummyserver_1.0.0_9a6e8708/alire/cache/dependencies/json_ada_fda3e8b1/json/json.gpr"] exited with code 4
stderr: raised ALIRE.CHECKED_ERROR : alire-stored-error:1
[/usr/bin/alr]
0xd7ada2 Alire.Raise_Checked_Error at alire.adb:251
0xa423cf Alire.Os_Lib.Subprocess.Checked_Spawn at alire-os_lib-subprocess.adb:110
0xc5cdee Alire.Spawn.Command at alire-spawn.adb:21
0xc5d51c Alire.Spawn.Gprbuild at alire-spawn.adb:41
0xbc1550 Alire.Roots.Build.Build_Single_Release.Call_Gprbuild at alire-roots.adb:140
0xbbfbaf Alire.Roots.Build.Build_Single_Release at alire-roots.adb:171
0xbdb95e Alire.Roots.Traverse.Traverse_Wrap at alire-roots.adb:1364
0xc25a8b Alire.Solutions.Traverse.Visit at alire-solutions.adb:1443
0xc241fa Alire.Solutions.Traverse at alire-solutions.adb:1502
0xbdbaac Alire.Roots.Traverse at alire-roots.adb:1368
0xbbff40 Alire.Roots.Build at alire-roots.adb:196
0x4a0334 Alr.Commands.Build.Execute at alr-commands-build.adb:58
0x4b065a Alr.Commands.Get.Retrieve at alr-commands-get.adb:187
0x4b4e77 Alr.Commands.Get.Execute at alr-commands-get.adb:348
0x53bb7e Alr.Commands.Sub_Cmd.Execute at clic-subcommand-instance.adb:742
0x54756f Alr.Commands.Execute at alr-commands.adb:492
0x43cb1a Alr.Main at alr-main.adb:10
0x43f3e7 Main at b__alr-main.adb:2132
[/lib64/libc.so.6]
0x7f9063c9d086
0x7f9063c9d149
[/usr/bin/alr]
0x43c9f8 _start at ???
0xfffffffffffffffe


Warning: dummyserver=1.0.0 successfully retrieved but its build failed.
Dependencies were solved as follows:

   + json 5.0.3 (new)
ERROR: Build ended with errors
