Test ran at 2024-07-04 00:29:53.075937+00:00

SOLUTION:
bar_codes=2.0.0: Generate various types of bar codes on different output formats
Origin: source archive abc_002.zip at https://sourceforge.net/projects/ada-bar-codes/files/abc_002.zip with hash sha512:d2aec096122c0b3b2c78a78df03b8ecc62216724b4d6f37b24f36df32244792202986b1f384db68db121693c1c5a761e11d129f6f9b2812c9cf25610033b4054
Properties:
   Author: Gautier de Montmollin
   Description: Generate various types of bar codes on different output formats
   GPR Scenario: Build_Mode := Debug | Fast | Check_2005 | Check_Style
   License: MIT
   Maintainer: fabien.chouteau@gmail.com
   Maintainers_Logins: zertovitch
   Maintainers_Logins: Fabien-Chouteau
   Name: bar_codes
   Project_File: bar_codes_gnat.gpr
   Tag: bar
   Tag: code
   Tag: qr
   Version: 2.0.0


LOG:
Note: Deploying bar_codes=2.0.0...
#=#=#                                                                          
##O#-#                                                                         
##=O#- #                                                                       
# #=O#- #                                                                      

######################################################################## 100.0% # #=O#-  #                                                                    
  # #=O=#   #                                                                  

######################################################################## 100.0%
Note: Building bar_codes/bar_codes_gnat.gpr...
Setup
   [mkdir]        object directory for project Bar_Codes_GNAT
Compile
   [Ada]          bar_codes_demo.adb
   [Ada]          gnat_demo.ads
   [Ada]          bar_codes_test.adb
   [Ada]          gnat_test.ads
   [Ada]          bar_codes.adb
   [Ada]          bar_codes-impl.adb
   [Ada]          tb_wrap.adb
   [Ada]          bar_codes-encode_code_128.adb
   [Ada]          bar_codes-encode_qr.adb
Bind
   [gprbind]      bar_codes_demo.bexch
   [gprbind]      gnat_demo.bexch
   [gprbind]      bar_codes_test.bexch
   [Ada]          bar_codes_demo.ali
   [Ada]          bar_codes_test.ali
   [Ada]          gnat_demo.ali
   [gprbind]      gnat_test.bexch
   [Ada]          gnat_test.ali
Link
   [link]         bar_codes_demo.adb
   [link]         gnat_demo.ads
   [link]         bar_codes_test.adb
-macosx_version_min has been renamed to -macos_version_min
-macosx_version_min has been renamed to -macos_version_min
-macosx_version_min has been renamed to -macos_version_min
ld: warning: ignoring duplicate libraries: '-lSystem'
ld: warning: ignoring duplicate libraries: '-lSystem'
ld: warning: ignoring duplicate libraries: '-lSystem'
0  0x1029c1f43  __assert_rtn + 64
0  0x100ba9f43  __assert_rtn + 64
0  0x102f83f43  __assert_rtn + 64
1  0x102e85f43  ld::AtomPlacement::findAtom(unsigned char, unsigned long long, ld::AtomPlacement::AtomLoc const*&, long long&) const + 1411
2  0x102ea2431  ld::InputFiles::SliceParser::parseObjectFile(mach_o::Header const*) const + 19745
1  0x100aabf43  ld::AtomPlacement::findAtom(unsigned char, unsigned long long, ld::AtomPlacement::AtomLoc const*&, long long&) const + 1411
3  0x102eb2b71  ld::InputFiles::parseAllFiles(void (ld::AtomFile const*) block_pointer)::$_7::operator()(unsigned long, ld::FileInfo const&) const + 657
2  0x100ac8431  ld::InputFiles::SliceParser::parseObjectFile(mach_o::Header const*) const + 19745
3  0x100ad8b71  ld::InputFiles::parseAllFiles(void (ld::AtomFile const*) block_pointer)::$_7::operator()(unsigned long, ld::FileInfo const&) const + 657
1  0x1028c3f43  ld::AtomPlacement::findAtom(unsigned char, unsigned long long, ld::AtomPlacement::AtomLoc const*&, long long&) const + 1411
2  0x1028e0431  ld::InputFiles::SliceParser::parseObjectFile(mach_o::Header const*) const + 19745
3  0x1028f0b71  ld::InputFiles::parseAllFiles(void (ld::AtomFile const*) block_pointer)::$_7::operator()(unsigned long, ld::FileInfo const&) const + 657
4  0x7ff815952def  _dispatch_client_callout2 + 8
4  0x7ff815952def  _dispatch_client_callout2 + 8
5  0x7ff815964547  _dispatch_apply_invoke3 + 431
4  0x7ff815952def  _dispatch_client_callout2 + 8
5  0x7ff815964547  _dispatch_apply_invoke3 + 431
6  0x7ff815952dbc  _dispatch_client_callout + 8
6  0x7ff815952dbc  _dispatch_client_callout + 8
5  0x7ff815964547  _dispatch_apply_invoke3 + 431
7  0x7ff81595404e  _dispatch_once_callout + 20
6  0x7ff815952dbc  _dispatch_client_callout + 8
7  0x7ff81595404e  _dispatch_once_callout + 20
7  0x7ff81595404e  _dispatch_once_callout + 20
8  0x7ff815964a9b  _dispatch_apply_invoke_and_wait + 278
8  0x7ff815964a9b  _dispatch_apply_invoke_and_wait + 278
9  0x7ff815963cf8  _dispatch_apply_with_attr_f + 1225
8  0x7ff815964a9b  _dispatch_apply_invoke_and_wait + 278
9  0x7ff815963cf8  _dispatch_apply_with_attr_f + 1225
9  0x7ff815963cf8  _dispatch_apply_with_attr_f + 1225
10  0x7ff815963eaf  dispatch_apply + 45
10  0x7ff815963eaf  dispatch_apply + 45
11  0x102989972  ld::AtomFileConsolidator::parseFiles(bool) + 370
10  0x7ff815963eaf  dispatch_apply + 45
11  0x100b71972  ld::AtomFileConsolidator::parseFiles(bool) + 370
12  0x102910d67  main + 12263
12  0x100af8d67  main + 12263
11  0x102f4b972  ld::AtomFileConsolidator::parseFiles(bool) + 370
ld: Assertion failed: (resultIndex < sectData.atoms.size()), function findAtom, file Relocations.cpp, line 1336.
ld: Assertion failed: (resultIndex < sectData.atoms.size()), function findAtom, file Relocations.cpp, line 1336.
12  0x102ed2d67  main + 12263
ld: Assertion failed: (resultIndex < sectData.atoms.size()), function findAtom, file Relocations.cpp, line 1336.
collect2: error: ld returned 1 exit status
collect2: error: ld returned 1 exit status
collect2: error: ld returned 1 exit status
   link of gnat_demo.ads failed
   failed command was: /users/runner/.config/alire/cache/dependencies/gnat_native_10.3.2_e112fd3f/bin/gcc gnat_demo.o b__gnat_demo.o /Users/runner/work/alire-crates-ci/alire-crates-ci/test/6aac8567-780f-4e99-a35c-4551c280159e/bar_codes_2.0.0_d2aec096/obj_debug/bar_codes-encode_code_128.o /Users/runner/work/alire-crates-ci/alire-crates-ci/test/6aac8567-780f-4e99-a35c-4551c280159e/bar_codes_2.0.0_d2aec096/obj_debug/bar_codes-encode_qr.o /Users/runner/work/alire-crates-ci/alire-crates-ci/test/6aac8567-780f-4e99-a35c-4551c280159e/bar_codes_2.0.0_d2aec096/obj_debug/bar_codes.o /Users/runner/work/alire-crates-ci/alire-crates-ci/test/6aac8567-780f-4e99-a35c-4551c280159e/bar_codes_2.0.0_d2aec096/obj_debug/bar_codes-impl.o /Users/runner/work/alire-crates-ci/alire-crates-ci/test/6aac8567-780f-4e99-a35c-4551c280159e/bar_codes_2.0.0_d2aec096/obj_debug/bar_codes_demo.o /Users/runner/work/alire-crates-ci/alire-crates-ci/test/6aac8567-780f-4e99-a35c-4551c280159e/bar_codes_2.0.0_d2aec096/obj_debug/tb_wrap.o -L/Users/runner/work/alire-crates-ci/alire-crates-ci/test/6aac8567-780f-4e99-a35c-4551c280159e/bar_codes_2.0.0_d2aec096/obj_debug/ -L/Users/runner/work/alire-crates-ci/alire-crates-ci/test/6aac8567-780f-4e99-a35c-4551c280159e/bar_codes_2.0.0_d2aec096/obj_debug/ -L/users/runner/.config/alire/cache/dependencies/gnat_native_10.3.2_e112fd3f/lib/gcc/x86_64-apple-darwin19.6.0/10.3.0/adalib/ /users/runner/.config/alire/cache/dependencies/gnat_native_10.3.2_e112fd3f/lib/gcc/x86_64-apple-darwin19.6.0/10.3.0/adalib/libgnat.a -Wl,-rpath,@executable_path//obj_debug -Wl,-rpath,@executable_path/../../../../../..//.config/alire/cache/dependencies/gnat_native_10.3.2_e112fd3f/lib/gcc/x86_64-apple-darwin19.6.0/10.3.0/adalib -o /Users/runner/work/alire-crates-ci/alire-crates-ci/test/6aac8567-780f-4e99-a35c-4551c280159e/bar_codes_2.0.0_d2aec096//gnat_demo 
   link of bar_codes_test.adb failed
   failed command was: /users/runner/.config/alire/cache/dependencies/gnat_native_10.3.2_e112fd3f/bin/gcc bar_codes_test.o b__bar_codes_test.o /Users/runner/work/alire-crates-ci/alire-crates-ci/test/6aac8567-780f-4e99-a35c-4551c280159e/bar_codes_2.0.0_d2aec096/obj_debug/bar_codes-encode_code_128.o /Users/runner/work/alire-crates-ci/alire-crates-ci/test/6aac8567-780f-4e99-a35c-4551c280159e/bar_codes_2.0.0_d2aec096/obj_debug/bar_codes-encode_qr.o /Users/runner/work/alire-crates-ci/alire-crates-ci/test/6aac8567-780f-4e99-a35c-4551c280159e/bar_codes_2.0.0_d2aec096/obj_debug/bar_codes.o /Users/runner/work/alire-crates-ci/alire-crates-ci/test/6aac8567-780f-4e99-a35c-4551c280159e/bar_codes_2.0.0_d2aec096/obj_debug/bar_codes-impl.o -L/Users/runner/work/alire-crates-ci/alire-crates-ci/test/6aac8567-780f-4e99-a35c-4551c280159e/bar_codes_2.0.0_d2aec096/obj_debug/ -L/Users/runner/work/alire-crates-ci/alire-crates-ci/test/6aac8567-780f-4e99-a35c-4551c280159e/bar_codes_2.0.0_d2aec096/obj_debug/ -L/users/runner/.config/alire/cache/dependencies/gnat_native_10.3.2_e112fd3f/lib/gcc/x86_64-apple-darwin19.6.0/10.3.0/adalib/ /users/runner/.config/alire/cache/dependencies/gnat_native_10.3.2_e112fd3f/lib/gcc/x86_64-apple-darwin19.6.0/10.3.0/adalib/libgnat.a -Wl,-rpath,@executable_path//obj_debug -Wl,-rpath,@executable_path/../../../../../..//.config/alire/cache/dependencies/gnat_native_10.3.2_e112fd3f/lib/gcc/x86_64-apple-darwin19.6.0/10.3.0/adalib -o /Users/runner/work/alire-crates-ci/alire-crates-ci/test/6aac8567-780f-4e99-a35c-4551c280159e/bar_codes_2.0.0_d2aec096//bar_codes_test 
   link of bar_codes_demo.adb failed
   failed command was: /users/runner/.config/alire/cache/dependencies/gnat_native_10.3.2_e112fd3f/bin/gcc bar_codes_demo.o b__bar_codes_demo.o /Users/runner/work/alire-crates-ci/alire-crates-ci/test/6aac8567-780f-4e99-a35c-4551c280159e/bar_codes_2.0.0_d2aec096/obj_debug/bar_codes-encode_code_128.o /Users/runner/work/alire-crates-ci/alire-crates-ci/test/6aac8567-780f-4e99-a35c-4551c280159e/bar_codes_2.0.0_d2aec096/obj_debug/bar_codes-encode_qr.o /Users/runner/work/alire-crates-ci/alire-crates-ci/test/6aac8567-780f-4e99-a35c-4551c280159e/bar_codes_2.0.0_d2aec096/obj_debug/bar_codes.o /Users/runner/work/alire-crates-ci/alire-crates-ci/test/6aac8567-780f-4e99-a35c-4551c280159e/bar_codes_2.0.0_d2aec096/obj_debug/bar_codes-impl.o -L/Users/runner/work/alire-crates-ci/alire-crates-ci/test/6aac8567-780f-4e99-a35c-4551c280159e/bar_codes_2.0.0_d2aec096/obj_debug/ -L/Users/runner/work/alire-crates-ci/alire-crates-ci/test/6aac8567-780f-4e99-a35c-4551c280159e/bar_codes_2.0.0_d2aec096/obj_debug/ -L/users/runner/.config/alire/cache/dependencies/gnat_native_10.3.2_e112fd3f/lib/gcc/x86_64-apple-darwin19.6.0/10.3.0/adalib/ /users/runner/.config/alire/cache/dependencies/gnat_native_10.3.2_e112fd3f/lib/gcc/x86_64-apple-darwin19.6.0/10.3.0/adalib/libgnat.a -Wl,-rpath,@executable_path//obj_debug -Wl,-rpath,@executable_path/../../../../../..//.config/alire/cache/dependencies/gnat_native_10.3.2_e112fd3f/lib/gcc/x86_64-apple-darwin19.6.0/10.3.0/adalib -o /Users/runner/work/alire-crates-ci/alire-crates-ci/test/6aac8567-780f-4e99-a35c-4551c280159e/bar_codes_2.0.0_d2aec096//bar_codes_demo 
gprbuild: *** link phase failed
stderr: Command ["gprbuild", "-s", "-j0", "-p", "-P", "/Users/runner/work/alire-crates-ci/alire-crates-ci/test/6aac8567-780f-4e99-a35c-4551c280159e/bar_codes_2.0.0_d2aec096/bar_codes_gnat.gpr"] exited with code 4
ERROR: Command ["gprbuild", "-s", "-j0", "-p", "-P", "/Users/runner/work/alire-crates-ci/alire-crates-ci/test/6aac8567-780f-4e99-a35c-4551c280159e/bar_codes_2.0.0_d2aec096/bar_codes_gnat.gpr"] exited with code 4
stderr: ALIRE.CHECKED_ERROR
stderr: Command ["gprbuild", "-s", "-j0", "-p", "-P", "/Users/runner/work/alire-crates-ci/alire-crates-ci/test/6aac8567-780f-4e99-a35c-4551c280159e/bar_codes_2.0.0_d2aec096/bar_codes_gnat.gpr"] exited with code 4
stderr: raised ALIRE.CHECKED_ERROR : alire-stored-error:1
Load address: 0x1008ec000
Call stack traceback locations:
0x1011f4415 0x100ec7e83 0x1010dadf9 0x1010db581 0x10103bac3 0x101039f99 0x101056873 0x1010a2dc1 0x1010a181a 0x1010569b8 0x10103a349 0x10094b9c1 0x10095c578 0x10096101c 0x1009e705c 0x1009f23b8 0x1008ed605 0x1008f0914


Warning: bar_codes=2.0.0 successfully retrieved but its build failed.
There are no dependencies.
ERROR: Build ended with errors
