Test ran at 2025-01-15 12:25:13.477006+00:00

SOLUTION:
bar_codes=2.0.0: Generate various types of bar codes on different output formats
Origin: source archive abc_002.zip at https://sourceforge.net/projects/ada-bar-codes/files/abc_002.zip with hash sha512:d2aec096122c0b3b2c78a78df03b8ecc62216724b4d6f37b24f36df32244792202986b1f384db68db121693c1c5a761e11d129f6f9b2812c9cf25610033b4054
Properties:
   Author: Gautier de Montmollin
   Description: Generate various types of bar codes on different output formats
   GPR Scenario: Build_Mode := Debug | Fast | Check_2005 | Check_Style
   License: MIT
   Maintainer: fabien.chouteau@gmail.com
   Maintainers_Logins: zertovitch
   Maintainers_Logins: Fabien-Chouteau
   Name: bar_codes
   Project_File: bar_codes_gnat.gpr
   Tag: bar
   Tag: code
   Tag: qr
   Version: 2.0.0


LOG:
Note: Deploying bar_codes=2.0.0...
#=#=#                                                                          

######################################################################## 100.0%
######################################################################## 100.0%
######################################################################## 100.0%
######################################################################## 100.0%##O#-#                                                                         
##=O#- #                                                                       

######################################################################## 100.0%
Note: Building bar_codes/bar_codes_gnat.gpr...
Setup
   [mkdir]        object directory for project Bar_Codes_GNAT
Compile
   [Ada]          bar_codes_demo.adb
   [Ada]          gnat_demo.ads
   [Ada]          bar_codes_test.adb
   [Ada]          gnat_test.ads
   [Ada]          tb_wrap.adb
   [Ada]          bar_codes.adb
   [Ada]          bar_codes-impl.adb
   [Ada]          bar_codes-encode_code_128.adb
   [Ada]          bar_codes-encode_qr.adb
Bind
   [gprbind]      bar_codes_demo.bexch
   [gprbind]      gnat_demo.bexch
   [gprbind]      bar_codes_test.bexch
   [Ada]          bar_codes_test.ali
   [Ada]          gnat_demo.ali
   [Ada]          bar_codes_demo.ali
   [gprbind]      gnat_test.bexch
   [Ada]          gnat_test.ali
Link
   [link]         bar_codes_demo.adb
   [link]         gnat_demo.ads
   [link]         bar_codes_test.adb
-macosx_version_min has been renamed to -macos_version_min
ld: warning: ignoring duplicate libraries: '-lSystem'
-macosx_version_min has been renamed to -macos_version_min
ld: warning: ignoring duplicate libraries: '-lSystem'
-macosx_version_min has been renamed to -macos_version_min
ld: warning: ignoring duplicate libraries: '-lSystem'
ld: warning: Support for dylib stub (MH_DYLIB_STUB) file '/Users/runner/.config/alire/cache/dependencies/gnat_native_11.2.4_9800548d/lib/libgcc_ext.10.5.dylib' is deprecated, text-based stubs should be used instead (with `GENERATE_TEXT_BASED_STUBS` build setting, or `tapi` tool)
ld: warning: Support for dylib stub (MH_DYLIB_STUB) file '/Users/runner/.config/alire/cache/dependencies/gnat_native_11.2.4_9800548d/lib/libgcc_ext.10.5.dylib' is deprecated, text-based stubs should be used instead (with `GENERATE_TEXT_BASED_STUBS` build setting, or `tapi` tool)
ld: warning: Support for dylib stub (MH_DYLIB_STUB) file '/Users/runner/.config/alire/cache/dependencies/gnat_native_11.2.4_9800548d/lib/libgcc_ext.10.5.dylib' is deprecated, text-based stubs should be used instead (with `GENERATE_TEXT_BASED_STUBS` build setting, or `tapi` tool)
ld: malformed mach-o missing relocations, LC_DYLD_INFO, or LC_DYLD_CHAINED_FIXUPS in '/Users/runner/.config/alire/cache/dependencies/gnat_native_11.2.4_9800548d/lib/libgcc_ext.10.5.dylib'
ld: malformed mach-o missing relocations, LC_DYLD_INFO, or LC_DYLD_CHAINED_FIXUPS in '/Users/runner/.config/alire/cache/dependencies/gnat_native_11.2.4_9800548d/lib/libgcc_ext.10.5.dylib'
ld: malformed mach-o missing relocations, LC_DYLD_INFO, or LC_DYLD_CHAINED_FIXUPS in '/Users/runner/.config/alire/cache/dependencies/gnat_native_11.2.4_9800548d/lib/libgcc_ext.10.5.dylib'
collect2: error: ld returned 1 exit status
collect2: error: ld returned 1 exit status
collect2: error: ld returned 1 exit status
   link of gnat_demo.ads failed
   failed command was: /users/runner/.config/alire/cache/dependencies/gnat_native_11.2.4_9800548d/bin/gcc gnat_demo.o b__gnat_demo.o /Users/runner/work/alire-crates-ci/alire-crates-ci/test/7e9dfb27-a90b-45ad-a04b-8e67750941b4/bar_codes_2.0.0_d2aec096/obj_debug/bar_codes-encode_code_128.o /Users/runner/work/alire-crates-ci/alire-crates-ci/test/7e9dfb27-a90b-45ad-a04b-8e67750941b4/bar_codes_2.0.0_d2aec096/obj_debug/bar_codes-encode_qr.o /Users/runner/work/alire-crates-ci/alire-crates-ci/test/7e9dfb27-a90b-45ad-a04b-8e67750941b4/bar_codes_2.0.0_d2aec096/obj_debug/bar_codes.o /Users/runner/work/alire-crates-ci/alire-crates-ci/test/7e9dfb27-a90b-45ad-a04b-8e67750941b4/bar_codes_2.0.0_d2aec096/obj_debug/bar_codes-impl.o /Users/runner/work/alire-crates-ci/alire-crates-ci/test/7e9dfb27-a90b-45ad-a04b-8e67750941b4/bar_codes_2.0.0_d2aec096/obj_debug/bar_codes_demo.o /Users/runner/work/alire-crates-ci/alire-crates-ci/test/7e9dfb27-a90b-45ad-a04b-8e67750941b4/bar_codes_2.0.0_d2aec096/obj_debug/tb_wrap.o -L/Users/runner/work/alire-crates-ci/alire-crates-ci/test/7e9dfb27-a90b-45ad-a04b-8e67750941b4/bar_codes_2.0.0_d2aec096/obj_debug/ -L/Users/runner/work/alire-crates-ci/alire-crates-ci/test/7e9dfb27-a90b-45ad-a04b-8e67750941b4/bar_codes_2.0.0_d2aec096/obj_debug/ -L/users/runner/.config/alire/cache/dependencies/gnat_native_11.2.4_9800548d/lib/gcc/x86_64-apple-darwin19.6.0/11.2.0/adalib/ /users/runner/.config/alire/cache/dependencies/gnat_native_11.2.4_9800548d/lib/gcc/x86_64-apple-darwin19.6.0/11.2.0/adalib/libgnat.a -Wl,-rpath,@executable_path//obj_debug -Wl,-rpath,@executable_path/../../../../../..//.config/alire/cache/dependencies/gnat_native_11.2.4_9800548d/lib/gcc/x86_64-apple-darwin19.6.0/11.2.0/adalib -o /Users/runner/work/alire-crates-ci/alire-crates-ci/test/7e9dfb27-a90b-45ad-a04b-8e67750941b4/bar_codes_2.0.0_d2aec096//gnat_demo 
   link of bar_codes_test.adb failed
   failed command was: /users/runner/.config/alire/cache/dependencies/gnat_native_11.2.4_9800548d/bin/gcc bar_codes_test.o b__bar_codes_test.o /Users/runner/work/alire-crates-ci/alire-crates-ci/test/7e9dfb27-a90b-45ad-a04b-8e67750941b4/bar_codes_2.0.0_d2aec096/obj_debug/bar_codes-encode_code_128.o /Users/runner/work/alire-crates-ci/alire-crates-ci/test/7e9dfb27-a90b-45ad-a04b-8e67750941b4/bar_codes_2.0.0_d2aec096/obj_debug/bar_codes-encode_qr.o /Users/runner/work/alire-crates-ci/alire-crates-ci/test/7e9dfb27-a90b-45ad-a04b-8e67750941b4/bar_codes_2.0.0_d2aec096/obj_debug/bar_codes.o /Users/runner/work/alire-crates-ci/alire-crates-ci/test/7e9dfb27-a90b-45ad-a04b-8e67750941b4/bar_codes_2.0.0_d2aec096/obj_debug/bar_codes-impl.o -L/Users/runner/work/alire-crates-ci/alire-crates-ci/test/7e9dfb27-a90b-45ad-a04b-8e67750941b4/bar_codes_2.0.0_d2aec096/obj_debug/ -L/Users/runner/work/alire-crates-ci/alire-crates-ci/test/7e9dfb27-a90b-45ad-a04b-8e67750941b4/bar_codes_2.0.0_d2aec096/obj_debug/ -L/users/runner/.config/alire/cache/dependencies/gnat_native_11.2.4_9800548d/lib/gcc/x86_64-apple-darwin19.6.0/11.2.0/adalib/ /users/runner/.config/alire/cache/dependencies/gnat_native_11.2.4_9800548d/lib/gcc/x86_64-apple-darwin19.6.0/11.2.0/adalib/libgnat.a -Wl,-rpath,@executable_path//obj_debug -Wl,-rpath,@executable_path/../../../../../..//.config/alire/cache/dependencies/gnat_native_11.2.4_9800548d/lib/gcc/x86_64-apple-darwin19.6.0/11.2.0/adalib -o /Users/runner/work/alire-crates-ci/alire-crates-ci/test/7e9dfb27-a90b-45ad-a04b-8e67750941b4/bar_codes_2.0.0_d2aec096//bar_codes_test 
   link of bar_codes_demo.adb failed
   failed command was: /users/runner/.config/alire/cache/dependencies/gnat_native_11.2.4_9800548d/bin/gcc bar_codes_demo.o b__bar_codes_demo.o /Users/runner/work/alire-crates-ci/alire-crates-ci/test/7e9dfb27-a90b-45ad-a04b-8e67750941b4/bar_codes_2.0.0_d2aec096/obj_debug/bar_codes-encode_code_128.o /Users/runner/work/alire-crates-ci/alire-crates-ci/test/7e9dfb27-a90b-45ad-a04b-8e67750941b4/bar_codes_2.0.0_d2aec096/obj_debug/bar_codes-encode_qr.o /Users/runner/work/alire-crates-ci/alire-crates-ci/test/7e9dfb27-a90b-45ad-a04b-8e67750941b4/bar_codes_2.0.0_d2aec096/obj_debug/bar_codes.o /Users/runner/work/alire-crates-ci/alire-crates-ci/test/7e9dfb27-a90b-45ad-a04b-8e67750941b4/bar_codes_2.0.0_d2aec096/obj_debug/bar_codes-impl.o -L/Users/runner/work/alire-crates-ci/alire-crates-ci/test/7e9dfb27-a90b-45ad-a04b-8e67750941b4/bar_codes_2.0.0_d2aec096/obj_debug/ -L/Users/runner/work/alire-crates-ci/alire-crates-ci/test/7e9dfb27-a90b-45ad-a04b-8e67750941b4/bar_codes_2.0.0_d2aec096/obj_debug/ -L/users/runner/.config/alire/cache/dependencies/gnat_native_11.2.4_9800548d/lib/gcc/x86_64-apple-darwin19.6.0/11.2.0/adalib/ /users/runner/.config/alire/cache/dependencies/gnat_native_11.2.4_9800548d/lib/gcc/x86_64-apple-darwin19.6.0/11.2.0/adalib/libgnat.a -Wl,-rpath,@executable_path//obj_debug -Wl,-rpath,@executable_path/../../../../../..//.config/alire/cache/dependencies/gnat_native_11.2.4_9800548d/lib/gcc/x86_64-apple-darwin19.6.0/11.2.0/adalib -o /Users/runner/work/alire-crates-ci/alire-crates-ci/test/7e9dfb27-a90b-45ad-a04b-8e67750941b4/bar_codes_2.0.0_d2aec096//bar_codes_demo 
gprbuild: *** link phase failed
stderr: Command ["gprbuild", "-s", "-j0", "-p", "-P", "/Users/runner/work/alire-crates-ci/alire-crates-ci/test/7e9dfb27-a90b-45ad-a04b-8e67750941b4/bar_codes_2.0.0_d2aec096/bar_codes_gnat.gpr"] exited with code 4
ERROR: Command ["gprbuild", "-s", "-j0", "-p", "-P", "/Users/runner/work/alire-crates-ci/alire-crates-ci/test/7e9dfb27-a90b-45ad-a04b-8e67750941b4/bar_codes_2.0.0_d2aec096/bar_codes_gnat.gpr"] exited with code 4
stderr: ALIRE.CHECKED_ERROR
stderr: Command ["gprbuild", "-s", "-j0", "-p", "-P", "/Users/runner/work/alire-crates-ci/alire-crates-ci/test/7e9dfb27-a90b-45ad-a04b-8e67750941b4/bar_codes_2.0.0_d2aec096/bar_codes_gnat.gpr"] exited with code 4
stderr: raised ALIRE.CHECKED_ERROR : alire-stored-error:1
Load address: 0x104d04000
Call stack traceback locations:
0x10560c415 0x1052dfe83 0x1054f2df9 0x1054f3581 0x105453ac3 0x105451f99 0x10546e873 0x1054badc1 0x1054b981a 0x10546e9b8 0x105452349 0x104d639c1 0x104d74578 0x104d7901c 0x104dff05c 0x104e0a3b8 0x104d05605 0x104d08914


Warning: bar_codes=2.0.0 successfully retrieved but its build failed.
There are no dependencies.
ERROR: Build ended with errors
