Test ran at 2024-12-11 01:55:16.224785+00:00

SOLUTION:
bar_codes=2.0.0: Generate various types of bar codes on different output formats
Origin: source archive abc_002.zip at https://sourceforge.net/projects/ada-bar-codes/files/abc_002.zip with hash sha512:d2aec096122c0b3b2c78a78df03b8ecc62216724b4d6f37b24f36df32244792202986b1f384db68db121693c1c5a761e11d129f6f9b2812c9cf25610033b4054
Properties:
   Author: Gautier de Montmollin
   Description: Generate various types of bar codes on different output formats
   GPR Scenario: Build_Mode := Debug | Fast | Check_2005 | Check_Style
   License: MIT
   Maintainer: fabien.chouteau@gmail.com
   Maintainers_Logins: zertovitch
   Maintainers_Logins: Fabien-Chouteau
   Name: bar_codes
   Project_File: bar_codes_gnat.gpr
   Tag: bar
   Tag: code
   Tag: qr
   Version: 2.0.0


LOG:
Note: Deploying bar_codes=2.0.0...

######################################################################## 100.0%
######################################################################## 100.0%
######################################################################## 100.0%
######################################################################## 100.0%#=#=#                                                                          
##=#=#                                                                         

######################################################################## 100.0%
Note: Building bar_codes/bar_codes_gnat.gpr...
Setup
   [mkdir]        object directory for project Bar_Codes_GNAT
Compile
   [Ada]          bar_codes_demo.adb
   [Ada]          gnat_demo.ads
   [Ada]          bar_codes_test.adb
   [Ada]          gnat_test.ads
   [Ada]          tb_wrap.adb
   [Ada]          bar_codes.adb
   [Ada]          bar_codes-impl.adb
   [Ada]          bar_codes-encode_code_128.adb
   [Ada]          bar_codes-encode_qr.adb
Bind
   [gprbind]      bar_codes_demo.bexch
   [gprbind]      gnat_demo.bexch
   [gprbind]      bar_codes_test.bexch
   [Ada]          bar_codes_test.ali
   [Ada]          bar_codes_demo.ali
   [Ada]          gnat_demo.ali
   [gprbind]      gnat_test.bexch
   [Ada]          gnat_test.ali
Link
   [link]         bar_codes_demo.adb
   [link]         gnat_demo.ads
   [link]         bar_codes_test.adb
-macosx_version_min has been renamed to -macos_version_min
-macosx_version_min has been renamed to -macos_version_min
-macosx_version_min has been renamed to -macos_version_min
ld: warning: ignoring duplicate libraries: '-lSystem'
ld: warning: ignoring duplicate libraries: '-lSystem'
ld: warning: ignoring duplicate libraries: '-lSystem'
ld: warning: Support for dylib stub (MH_DYLIB_STUB) file '/Users/runner/.config/alire/cache/dependencies/gnat_native_11.2.4_9800548d/lib/libgcc_ext.10.5.dylib' is deprecated, text-based stubs should be used instead (with `GENERATE_TEXT_BASED_STUBS` build setting, or `tapi` tool)
ld: warning: Support for dylib stub (MH_DYLIB_STUB) file '/Users/runner/.config/alire/cache/dependencies/gnat_native_11.2.4_9800548d/lib/libgcc_ext.10.5.dylib' is deprecated, text-based stubs should be used instead (with `GENERATE_TEXT_BASED_STUBS` build setting, or `tapi` tool)
ld: warning: Support for dylib stub (MH_DYLIB_STUB) file '/Users/runner/.config/alire/cache/dependencies/gnat_native_11.2.4_9800548d/lib/libgcc_ext.10.5.dylib' is deprecated, text-based stubs should be used instead (with `GENERATE_TEXT_BASED_STUBS` build setting, or `tapi` tool)
ld: malformed mach-o missing relocations, LC_DYLD_INFO, or LC_DYLD_CHAINED_FIXUPS in '/Users/runner/.config/alire/cache/dependencies/gnat_native_11.2.4_9800548d/lib/libgcc_ext.10.5.dylib'
collect2: error: ld returned 1 exit status
ld: malformed mach-o missing relocations, LC_DYLD_INFO, or LC_DYLD_CHAINED_FIXUPS in '/Users/runner/.config/alire/cache/dependencies/gnat_native_11.2.4_9800548d/lib/libgcc_ext.10.5.dylib'
collect2: error: ld returned 1 exit status
ld: malformed mach-o missing relocations, LC_DYLD_INFO, or LC_DYLD_CHAINED_FIXUPS in '/Users/runner/.config/alire/cache/dependencies/gnat_native_11.2.4_9800548d/lib/libgcc_ext.10.5.dylib'
collect2: error: ld returned 1 exit status
   link of bar_codes_demo.adb failed
   failed command was: /users/runner/.config/alire/cache/dependencies/gnat_native_11.2.4_9800548d/bin/gcc bar_codes_demo.o b__bar_codes_demo.o /Users/runner/work/alire-crates-ci/alire-crates-ci/test/70da7356-2567-4151-a150-38b1e3464e3f/bar_codes_2.0.0_d2aec096/obj_debug/bar_codes-encode_code_128.o /Users/runner/work/alire-crates-ci/alire-crates-ci/test/70da7356-2567-4151-a150-38b1e3464e3f/bar_codes_2.0.0_d2aec096/obj_debug/bar_codes-encode_qr.o /Users/runner/work/alire-crates-ci/alire-crates-ci/test/70da7356-2567-4151-a150-38b1e3464e3f/bar_codes_2.0.0_d2aec096/obj_debug/bar_codes.o /Users/runner/work/alire-crates-ci/alire-crates-ci/test/70da7356-2567-4151-a150-38b1e3464e3f/bar_codes_2.0.0_d2aec096/obj_debug/bar_codes-impl.o -L/Users/runner/work/alire-crates-ci/alire-crates-ci/test/70da7356-2567-4151-a150-38b1e3464e3f/bar_codes_2.0.0_d2aec096/obj_debug/ -L/Users/runner/work/alire-crates-ci/alire-crates-ci/test/70da7356-2567-4151-a150-38b1e3464e3f/bar_codes_2.0.0_d2aec096/obj_debug/ -L/users/runner/.config/alire/cache/dependencies/gnat_native_11.2.4_9800548d/lib/gcc/x86_64-apple-darwin19.6.0/11.2.0/adalib/ /users/runner/.config/alire/cache/dependencies/gnat_native_11.2.4_9800548d/lib/gcc/x86_64-apple-darwin19.6.0/11.2.0/adalib/libgnat.a -Wl,-rpath,@executable_path//obj_debug -Wl,-rpath,@executable_path/../../../../../..//.config/alire/cache/dependencies/gnat_native_11.2.4_9800548d/lib/gcc/x86_64-apple-darwin19.6.0/11.2.0/adalib -o /Users/runner/work/alire-crates-ci/alire-crates-ci/test/70da7356-2567-4151-a150-38b1e3464e3f/bar_codes_2.0.0_d2aec096//bar_codes_demo 
   link of bar_codes_test.adb failed
   failed command was: /users/runner/.config/alire/cache/dependencies/gnat_native_11.2.4_9800548d/bin/gcc bar_codes_test.o b__bar_codes_test.o /Users/runner/work/alire-crates-ci/alire-crates-ci/test/70da7356-2567-4151-a150-38b1e3464e3f/bar_codes_2.0.0_d2aec096/obj_debug/bar_codes-encode_code_128.o /Users/runner/work/alire-crates-ci/alire-crates-ci/test/70da7356-2567-4151-a150-38b1e3464e3f/bar_codes_2.0.0_d2aec096/obj_debug/bar_codes-encode_qr.o /Users/runner/work/alire-crates-ci/alire-crates-ci/test/70da7356-2567-4151-a150-38b1e3464e3f/bar_codes_2.0.0_d2aec096/obj_debug/bar_codes.o /Users/runner/work/alire-crates-ci/alire-crates-ci/test/70da7356-2567-4151-a150-38b1e3464e3f/bar_codes_2.0.0_d2aec096/obj_debug/bar_codes-impl.o -L/Users/runner/work/alire-crates-ci/alire-crates-ci/test/70da7356-2567-4151-a150-38b1e3464e3f/bar_codes_2.0.0_d2aec096/obj_debug/ -L/Users/runner/work/alire-crates-ci/alire-crates-ci/test/70da7356-2567-4151-a150-38b1e3464e3f/bar_codes_2.0.0_d2aec096/obj_debug/ -L/users/runner/.config/alire/cache/dependencies/gnat_native_11.2.4_9800548d/lib/gcc/x86_64-apple-darwin19.6.0/11.2.0/adalib/ /users/runner/.config/alire/cache/dependencies/gnat_native_11.2.4_9800548d/lib/gcc/x86_64-apple-darwin19.6.0/11.2.0/adalib/libgnat.a -Wl,-rpath,@executable_path//obj_debug -Wl,-rpath,@executable_path/../../../../../..//.config/alire/cache/dependencies/gnat_native_11.2.4_9800548d/lib/gcc/x86_64-apple-darwin19.6.0/11.2.0/adalib -o /Users/runner/work/alire-crates-ci/alire-crates-ci/test/70da7356-2567-4151-a150-38b1e3464e3f/bar_codes_2.0.0_d2aec096//bar_codes_test 
   link of gnat_demo.ads failed
   failed command was: /users/runner/.config/alire/cache/dependencies/gnat_native_11.2.4_9800548d/bin/gcc gnat_demo.o b__gnat_demo.o /Users/runner/work/alire-crates-ci/alire-crates-ci/test/70da7356-2567-4151-a150-38b1e3464e3f/bar_codes_2.0.0_d2aec096/obj_debug/bar_codes-encode_code_128.o /Users/runner/work/alire-crates-ci/alire-crates-ci/test/70da7356-2567-4151-a150-38b1e3464e3f/bar_codes_2.0.0_d2aec096/obj_debug/bar_codes-encode_qr.o /Users/runner/work/alire-crates-ci/alire-crates-ci/test/70da7356-2567-4151-a150-38b1e3464e3f/bar_codes_2.0.0_d2aec096/obj_debug/bar_codes.o /Users/runner/work/alire-crates-ci/alire-crates-ci/test/70da7356-2567-4151-a150-38b1e3464e3f/bar_codes_2.0.0_d2aec096/obj_debug/bar_codes-impl.o /Users/runner/work/alire-crates-ci/alire-crates-ci/test/70da7356-2567-4151-a150-38b1e3464e3f/bar_codes_2.0.0_d2aec096/obj_debug/bar_codes_demo.o /Users/runner/work/alire-crates-ci/alire-crates-ci/test/70da7356-2567-4151-a150-38b1e3464e3f/bar_codes_2.0.0_d2aec096/obj_debug/tb_wrap.o -L/Users/runner/work/alire-crates-ci/alire-crates-ci/test/70da7356-2567-4151-a150-38b1e3464e3f/bar_codes_2.0.0_d2aec096/obj_debug/ -L/Users/runner/work/alire-crates-ci/alire-crates-ci/test/70da7356-2567-4151-a150-38b1e3464e3f/bar_codes_2.0.0_d2aec096/obj_debug/ -L/users/runner/.config/alire/cache/dependencies/gnat_native_11.2.4_9800548d/lib/gcc/x86_64-apple-darwin19.6.0/11.2.0/adalib/ /users/runner/.config/alire/cache/dependencies/gnat_native_11.2.4_9800548d/lib/gcc/x86_64-apple-darwin19.6.0/11.2.0/adalib/libgnat.a -Wl,-rpath,@executable_path//obj_debug -Wl,-rpath,@executable_path/../../../../../..//.config/alire/cache/dependencies/gnat_native_11.2.4_9800548d/lib/gcc/x86_64-apple-darwin19.6.0/11.2.0/adalib -o /Users/runner/work/alire-crates-ci/alire-crates-ci/test/70da7356-2567-4151-a150-38b1e3464e3f/bar_codes_2.0.0_d2aec096//gnat_demo 
gprbuild: *** link phase failed
stderr: Command ["gprbuild", "-s", "-j0", "-p", "-P", "/Users/runner/work/alire-crates-ci/alire-crates-ci/test/70da7356-2567-4151-a150-38b1e3464e3f/bar_codes_2.0.0_d2aec096/bar_codes_gnat.gpr"] exited with code 4
ERROR: Command ["gprbuild", "-s", "-j0", "-p", "-P", "/Users/runner/work/alire-crates-ci/alire-crates-ci/test/70da7356-2567-4151-a150-38b1e3464e3f/bar_codes_2.0.0_d2aec096/bar_codes_gnat.gpr"] exited with code 4
stderr: ALIRE.CHECKED_ERROR
stderr: Command ["gprbuild", "-s", "-j0", "-p", "-P", "/Users/runner/work/alire-crates-ci/alire-crates-ci/test/70da7356-2567-4151-a150-38b1e3464e3f/bar_codes_2.0.0_d2aec096/bar_codes_gnat.gpr"] exited with code 4
stderr: raised ALIRE.CHECKED_ERROR : alire-stored-error:1
Load address: 0x104fa2000
Call stack traceback locations:
0x1058aa415 0x10557de83 0x105790df9 0x105791581 0x1056f1ac3 0x1056eff99 0x10570c873 0x105758dc1 0x10575781a 0x10570c9b8 0x1056f0349 0x1050019c1 0x105012578 0x10501701c 0x10509d05c 0x1050a83b8 0x104fa3605 0x104fa6914


Warning: bar_codes=2.0.0 successfully retrieved but its build failed.
There are no dependencies.
ERROR: Build ended with errors
