Test ran at 2024-12-09 12:44:36.269786+00:00

SOLUTION:
axmpp=1.0.0: XMPP client library in Ada
Origin: commit 9133a13efb7d453dcda7ca0a952e056a0a87c73b from https://github.com/coopht/axmpp.git
Properties:
   Author: Alexander Basov
   Author: Vadim Godunko
   Description: XMPP client library in Ada
   License: BSD-3-Clause
   Maintainer: Alexander Basov <coopht@gmail.com>
   Maintainer: Max Reznik <reznikmm@gmail.com>
   Maintainers_Logins: coopht
   Maintainers_Logins: reznikmm
   Name: axmpp
   Project_File: gnat/axmpp.gpr
   Tag: xmpp
   Tag: jabber
   Tag: messaging
   Version: 1.0.0
   Website: https://github.com/coopht/axmpp
Dependencies (direct):
   libgnutls*
   matreshka_league*
Dependencies (solution):
   libgnutls=3.8.3
   make=4.3.0
   matreshka_league=21.0.0
Dependencies (graph):
   axmpp=1.0.0             --> libgnutls=3.8.3 (*)        
   axmpp=1.0.0             --> matreshka_league=21.0.0 (*)
   matreshka_league=21.0.0 --> make=4.3.0 (*)             


LOG:
Note: Deploying axmpp=1.0.0...
Note: Deploying libgnutls=3.8.3...
The system package 'libgnutls28-dev' is about to be installed.
This action might require admin privileges and impact your system installation.
Do you want Alire to install this system package?
Using default: Yes
Selecting previously unselected package libevent-2.1-7t64:amd64.
(Reading database ... 
(Reading database ... 5%
(Reading database ... 10%
(Reading database ... 15%
(Reading database ... 20%
(Reading database ... 25%
(Reading database ... 30%
(Reading database ... 35%
(Reading database ... 40%
(Reading database ... 45%
(Reading database ... 50%
(Reading database ... 55%
(Reading database ... 60%
(Reading database ... 65%
(Reading database ... 70%
(Reading database ... 75%
(Reading database ... 80%
(Reading database ... 85%
(Reading database ... 90%
(Reading database ... 95%
(Reading database ... 100%
(Reading database ... 222544 files and directories currently installed.)
Preparing to unpack .../0-libevent-2.1-7t64_2.1.12-stable-9ubuntu2_amd64.deb ...
Unpacking libevent-2.1-7t64:amd64 (2.1.12-stable-9ubuntu2) ...
Selecting previously unselected package libunbound8:amd64.
Preparing to unpack .../1-libunbound8_1.19.2-1ubuntu3.3_amd64.deb ...
Unpacking libunbound8:amd64 (1.19.2-1ubuntu3.3) ...
Selecting previously unselected package libgnutls-dane0t64:amd64.
Preparing to unpack .../2-libgnutls-dane0t64_3.8.3-1.1ubuntu3.2_amd64.deb ...
Unpacking libgnutls-dane0t64:amd64 (3.8.3-1.1ubuntu3.2) ...
Selecting previously unselected package libgnutls-openssl27t64:amd64.
Preparing to unpack .../3-libgnutls-openssl27t64_3.8.3-1.1ubuntu3.2_amd64.deb ...
Unpacking libgnutls-openssl27t64:amd64 (3.8.3-1.1ubuntu3.2) ...
Selecting previously unselected package libidn2-dev:amd64.
Preparing to unpack .../4-libidn2-dev_2.3.7-2build1_amd64.deb ...
Unpacking libidn2-dev:amd64 (2.3.7-2build1) ...
Selecting previously unselected package libp11-kit-dev:amd64.
Preparing to unpack .../5-libp11-kit-dev_0.25.3-4ubuntu2.1_amd64.deb ...
Unpacking libp11-kit-dev:amd64 (0.25.3-4ubuntu2.1) ...
Selecting previously unselected package libtasn1-6-dev:amd64.
Preparing to unpack .../6-libtasn1-6-dev_4.19.0-3build1_amd64.deb ...
Unpacking libtasn1-6-dev:amd64 (4.19.0-3build1) ...
Selecting previously unselected package nettle-dev:amd64.
Preparing to unpack .../7-nettle-dev_3.9.1-2.2build1.1_amd64.deb ...
Unpacking nettle-dev:amd64 (3.9.1-2.2build1.1) ...
Selecting previously unselected package libgnutls28-dev:amd64.
Preparing to unpack .../8-libgnutls28-dev_3.8.3-1.1ubuntu3.2_amd64.deb ...
Unpacking libgnutls28-dev:amd64 (3.8.3-1.1ubuntu3.2) ...
Selecting previously unselected package libtasn1-doc.
Preparing to unpack .../9-libtasn1-doc_4.19.0-3build1_all.deb ...
Unpacking libtasn1-doc (4.19.0-3build1) ...
Setting up libgnutls-openssl27t64:amd64 (3.8.3-1.1ubuntu3.2) ...
Setting up nettle-dev:amd64 (3.9.1-2.2build1.1) ...
Setting up libtasn1-doc (4.19.0-3build1) ...
Setting up libevent-2.1-7t64:amd64 (2.1.12-stable-9ubuntu2) ...
Setting up libunbound8:amd64 (1.19.2-1ubuntu3.3) ...
Setting up libgnutls-dane0t64:amd64 (3.8.3-1.1ubuntu3.2) ...
Setting up libidn2-dev:amd64 (2.3.7-2build1) ...
Setting up libtasn1-6-dev:amd64 (4.19.0-3build1) ...
Setting up libp11-kit-dev:amd64 (0.25.3-4ubuntu2.1) ...
Setting up libgnutls28-dev:amd64 (3.8.3-1.1ubuntu3.2) ...
Processing triggers for man-db (2.12.0-4build2) ...
Processing triggers for install-info (7.1-3build2) ...
Processing triggers for libc-bin (2.39-0ubuntu8.3) ...

Running kernel seems to be up-to-date.

Restarting services...

Service restarts being deferred:
 systemctl restart networkd-dispatcher.service
 systemctl restart runner-provisioner.service

No containers need to be restarted.

No user sessions are running outdated binaries.

No VM guests are running outdated hypervisor (qemu) binaries on this host.
Note: Deploying make=4.3.0...
Note: Deploying matreshka_league=21.0.0...
#=#=#                                                                          

######################                                                    30.9%
######################################################################## 100.0%
Note: Running post_fetch actions for matreshka_league=21.0.0...
gnatmake -p -j0  -Pgnat/tools_configure.gpr
Setup
   [mkdir]        object directory for project Tools_Configure
Compile
   [Ada]          configure-driver.adb
   [Ada]          configure.adb
   [Ada]          configure-architecture.adb
   [Ada]          configure-instantiate.adb
   [Ada]          configure-internals.adb
   [Ada]          configure-rtl_version.adb
   [Ada]          configure-tests.ads
   [Ada]          configure-tests-asis.adb
   [Ada]          configure-tests-aws.adb
   [Ada]          configure-tests-firebird.adb
   [Ada]          configure-tests-gprbuild.adb
   [Ada]          configure-tests-install.adb
   [Ada]          configure-tests-installation_directories.adb
   [Ada]          configure-tests-modules.ads
   [Ada]          configure-tests-modules-amf.adb
   [Ada]          configure-tests-mysql.adb
   [Ada]          configure-tests-oci.adb
   [Ada]          configure-tests-operating_system.adb
   [Ada]          configure-tests-postgresql.adb
   [Ada]          configure-tests-sqlite3.adb
   [Ada]          configure-tests-valgrind.adb
   [Ada]          configure-version.adb
   [Ada]          configure-builder.adb
   [Ada]          configure-abstract_tests.adb
   [Ada]          configure-pkg_config.adb
   [Ada]          configure-component_switches.adb
Bind
   [gprbind]      configure-driver.bexch
   [Ada]          configure-driver.ali
Link
   [link]         configure-driver.adb
/home/runner/.config/alire/cache/dependencies/gnat_native_11.2.4_2f37a10b/bin/../lib/gcc/x86_64-pc-linux-gnu/11.2.0/../../../../x86_64-pc-linux-gnu/bin/ld: /lib/x86_64-linux-gnu/libc.so.6: unknown type [0x13] section `.relr.dyn'
/home/runner/.config/alire/cache/dependencies/gnat_native_11.2.4_2f37a10b/bin/../lib/gcc/x86_64-pc-linux-gnu/11.2.0/../../../../x86_64-pc-linux-gnu/bin/ld: skipping incompatible /lib/x86_64-linux-gnu/libc.so.6 when searching for /lib/x86_64-linux-gnu/libc.so.6
/home/runner/.config/alire/cache/dependencies/gnat_native_11.2.4_2f37a10b/bin/../lib/gcc/x86_64-pc-linux-gnu/11.2.0/../../../../x86_64-pc-linux-gnu/bin/ld: cannot find /lib/x86_64-linux-gnu/libc.so.6
/home/runner/.config/alire/cache/dependencies/gnat_native_11.2.4_2f37a10b/bin/../lib/gcc/x86_64-pc-linux-gnu/11.2.0/../../../../x86_64-pc-linux-gnu/bin/ld: /lib/x86_64-linux-gnu/libc.so.6: unknown type [0x13] section `.relr.dyn'
/home/runner/.config/alire/cache/dependencies/gnat_native_11.2.4_2f37a10b/bin/../lib/gcc/x86_64-pc-linux-gnu/11.2.0/../../../../x86_64-pc-linux-gnu/bin/ld: skipping incompatible /lib/x86_64-linux-gnu/libc.so.6 when searching for /lib/x86_64-linux-gnu/libc.so.6
/home/runner/.config/alire/cache/dependencies/gnat_native_11.2.4_2f37a10b/bin/../lib/gcc/x86_64-pc-linux-gnu/11.2.0/../../../../x86_64-pc-linux-gnu/bin/ld: /lib64/ld-linux-x86-64.so.2: unknown type [0x13] section `.relr.dyn'
/home/runner/.config/alire/cache/dependencies/gnat_native_11.2.4_2f37a10b/bin/../lib/gcc/x86_64-pc-linux-gnu/11.2.0/../../../../x86_64-pc-linux-gnu/bin/ld: skipping incompatible /lib64/ld-linux-x86-64.so.2 when searching for /lib64/ld-linux-x86-64.so.2
/home/runner/.config/alire/cache/dependencies/gnat_native_11.2.4_2f37a10b/bin/../lib/gcc/x86_64-pc-linux-gnu/11.2.0/../../../../x86_64-pc-linux-gnu/bin/ld: cannot find /lib64/ld-linux-x86-64.so.2
/home/runner/.config/alire/cache/dependencies/gnat_native_11.2.4_2f37a10b/bin/../lib/gcc/x86_64-pc-linux-gnu/11.2.0/../../../../x86_64-pc-linux-gnu/bin/ld: /lib64/ld-linux-x86-64.so.2: unknown type [0x13] section `.relr.dyn'
/home/runner/.config/alire/cache/dependencies/gnat_native_11.2.4_2f37a10b/bin/../lib/gcc/x86_64-pc-linux-gnu/11.2.0/../../../../x86_64-pc-linux-gnu/bin/ld: skipping incompatible /lib64/ld-linux-x86-64.so.2 when searching for /lib64/ld-linux-x86-64.so.2
collect2: error: ld returned 1 exit status
gprbuild: link of configure-driver.adb failed
gprbuild: failed command was: /home/runner/.config/alire/cache/dependencies/gnat_native_11.2.4_2f37a10b/bin/gcc configure-driver.o b__configure-driver.o /home/runner/work/alire-crates-ci/alire-crates-ci/test/5c11757b-a0ae-4ea0-b9b0-465e7dcf8c16/axmpp_1.0.0_9133a13e/alire/cache/dependencies/matreshka_league_21.0.0_0c8f4d47/.objs/configure/configure.o /home/runner/work/alire-crates-ci/alire-crates-ci/test/5c11757b-a0ae-4ea0-b9b0-465e7dcf8c16/axmpp_1.0.0_9133a13e/alire/cache/dependencies/matreshka_league_21.0.0_0c8f4d47/.objs/configure/configure-component_switches.o /home/runner/work/alire-crates-ci/alire-crates-ci/test/5c11757b-a0ae-4ea0-b9b0-465e7dcf8c16/axmpp_1.0.0_9133a13e/alire/cache/dependencies/matreshka_league_21.0.0_0c8f4d47/.objs/configure/configure-instantiate.o /home/runner/work/alire-crates-ci/alire-crates-ci/test/5c11757b-a0ae-4ea0-b9b0-465e7dcf8c16/axmpp_1.0.0_9133a13e/alire/cache/dependencies/matreshka_league_21.0.0_0c8f4d47/.objs/configure/configure-internals.o /home/runner/work/alire-crates-ci/alire-crates-ci/test/5c11757b-a0ae-4ea0-b9b0-465e7dcf8c16/axmpp_1.0.0_9133a13e/alire/cache/dependencies/matreshka_league_21.0.0_0c8f4d47/.objs/configure/configure-abstract_tests.o /home/runner/work/alire-crates-ci/alire-crates-ci/test/5c11757b-a0ae-4ea0-b9b0-465e7dcf8c16/axmpp_1.0.0_9133a13e/alire/cache/dependencies/matreshka_league_21.0.0_0c8f4d47/.objs/configure/configure-builder.o /home/runner/work/alire-crates-ci/alire-crates-ci/test/5c11757b-a0ae-4ea0-b9b0-465e7dcf8c16/axmpp_1.0.0_9133a13e/alire/cache/dependencies/matreshka_league_21.0.0_0c8f4d47/.objs/configure/configure-architecture.o /home/runner/work/alire-crates-ci/alire-crates-ci/test/5c11757b-a0ae-4ea0-b9b0-465e7dcf8c16/axmpp_1.0.0_9133a13e/alire/cache/dependencies/matreshka_league_21.0.0_0c8f4d47/.objs/configure/configure-pkg_config.o /home/runner/work/alire-crates-ci/alire-crates-ci/test/5c11757b-a0ae-4ea0-b9b0-465e7dcf8c16/axmpp_1.0.0_9133a13e/alire/cache/dependencies/matreshka_league_21.0.0_0c8f4d47/.objs/configure/configure-rtl_version.o /home/runner/work/alire-crates-ci/alire-crates-ci/test/5c11757b-a0ae-4ea0-b9b0-465e7dcf8c16/axmpp_1.0.0_9133a13e/alire/cache/dependencies/matreshka_league_21.0.0_0c8f4d47/.objs/configure/configure-tests.o /home/runner/work/alire-crates-ci/alire-crates-ci/test/5c11757b-a0ae-4ea0-b9b0-465e7dcf8c16/axmpp_1.0.0_9133a13e/alire/cache/dependencies/matreshka_league_21.0.0_0c8f4d47/.objs/configure/configure-tests-asis.o /home/runner/work/alire-crates-ci/alire-crates-ci/test/5c11757b-a0ae-4ea0-b9b0-465e7dcf8c16/axmpp_1.0.0_9133a13e/alire/cache/dependencies/matreshka_league_21.0.0_0c8f4d47/.objs/configure/configure-tests-aws.o /home/runner/work/alire-crates-ci/alire-crates-ci/test/5c11757b-a0ae-4ea0-b9b0-465e7dcf8c16/axmpp_1.0.0_9133a13e/alire/cache/dependencies/matreshka_league_21.0.0_0c8f4d47/.objs/configure/configure-tests-firebird.o /home/runner/work/alire-crates-ci/alire-crates-ci/test/5c11757b-a0ae-4ea0-b9b0-465e7dcf8c16/axmpp_1.0.0_9133a13e/alire/cache/dependencies/matreshka_league_21.0.0_0c8f4d47/.objs/configure/configure-tests-gprbuild.o /home/runner/work/alire-crates-ci/alire-crates-ci/test/5c11757b-a0ae-4ea0-b9b0-465e7dcf8c16/axmpp_1.0.0_9133a13e/alire/cache/dependencies/matreshka_league_21.0.0_0c8f4d47/.objs/configure/configure-tests-install.o /home/runner/work/alire-crates-ci/alire-crates-ci/test/5c11757b-a0ae-4ea0-b9b0-465e7dcf8c16/axmpp_1.0.0_9133a13e/alire/cache/dependencies/matreshka_league_21.0.0_0c8f4d47/.objs/configure/configure-tests-installation_directories.o /home/runner/work/alire-crates-ci/alire-crates-ci/test/5c11757b-a0ae-4ea0-b9b0-465e7dcf8c16/axmpp_1.0.0_9133a13e/alire/cache/dependencies/matreshka_league_21.0.0_0c8f4d47/.objs/configure/configure-tests-modules.o /home/runner/work/alire-crates-ci/alire-crates-ci/test/5c11757b-a0ae-4ea0-b9b0-465e7dcf8c16/axmpp_1.0.0_9133a13e/alire/cache/dependencies/matreshka_league_21.0.0_0c8f4d47/.objs/configure/configure-tests-mysql.o /home/runner/work/alire-crates-ci/alire-crates-ci/test/5c11757b-a0ae-4ea0-b9b0-465e7dcf8c16/axmpp_1.0.0_9133a13e/alire/cache/dependencies/matreshka_league_21.0.0_0c8f4d47/.objs/configure/configure-tests-operating_system.o /home/runner/work/alire-crates-ci/alire-crates-ci/test/5c11757b-a0ae-4ea0-b9b0-465e7dcf8c16/axmpp_1.0.0_9133a13e/alire/cache/dependencies/matreshka_league_21.0.0_0c8f4d47/.objs/configure/configure-tests-modules-amf.o /home/runner/work/alire-crates-ci/alire-crates-ci/test/5c11757b-a0ae-4ea0-b9b0-465e7dcf8c16/axmpp_1.0.0_9133a13e/alire/cache/dependencies/matreshka_league_21.0.0_0c8f4d47/.objs/configure/configure-tests-oci.o /home/runner/work/alire-crates-ci/alire-crates-ci/test/5c11757b-a0ae-4ea0-b9b0-465e7dcf8c16/axmpp_1.0.0_9133a13e/alire/cache/dependencies/matreshka_league_21.0.0_0c8f4d47/.objs/configure/configure-tests-postgresql.o /home/runner/work/alire-crates-ci/alire-crates-ci/test/5c11757b-a0ae-4ea0-b9b0-465e7dcf8c16/axmpp_1.0.0_9133a13e/alire/cache/dependencies/matreshka_league_21.0.0_0c8f4d47/.objs/configure/configure-tests-sqlite3.o /home/runner/work/alire-crates-ci/alire-crates-ci/test/5c11757b-a0ae-4ea0-b9b0-465e7dcf8c16/axmpp_1.0.0_9133a13e/alire/cache/dependencies/matreshka_league_21.0.0_0c8f4d47/.objs/configure/configure-tests-valgrind.o /home/runner/work/alire-crates-ci/alire-crates-ci/test/5c11757b-a0ae-4ea0-b9b0-465e7dcf8c16/axmpp_1.0.0_9133a13e/alire/cache/dependencies/matreshka_league_21.0.0_0c8f4d47/.objs/configure/configure-version.o -L/home/runner/work/alire-crates-ci/alire-crates-ci/test/5c11757b-a0ae-4ea0-b9b0-465e7dcf8c16/axmpp_1.0.0_9133a13e/alire/cache/dependencies/matreshka_league_21.0.0_0c8f4d47/.objs/configure/ -L/home/runner/work/alire-crates-ci/alire-crates-ci/test/5c11757b-a0ae-4ea0-b9b0-465e7dcf8c16/axmpp_1.0.0_9133a13e/alire/cache/dependencies/matreshka_league_21.0.0_0c8f4d47/.objs/configure/ -L/home/runner/.config/alire/cache/dependencies/gnat_native_11.2.4_2f37a10b/lib/gcc/x86_64-pc-linux-gnu/11.2.0/adalib/ -static-libgcc /home/runner/.config/alire/cache/dependencies/gnat_native_11.2.4_2f37a10b/lib/gcc/x86_64-pc-linux-gnu/11.2.0/adalib/libgnat.a -ldl -Wl,-rpath-link,/home/runner/.config/alire/cache/dependencies/gnat_native_11.2.4_2f37a10b/lib/gcc/x86_64-pc-linux-gnu/11.2.0//adalib -Wl,-z,origin,-rpath,$ORIGIN//.objs/configure:$ORIGIN/../../../../../../../../../..//.config/alire/cache/dependencies/gnat_native_11.2.4_2f37a10b/lib/gcc/x86_64-pc-linux-gnu/11.2.0/adalib -o /home/runner/work/alire-crates-ci/alire-crates-ci/test/5c11757b-a0ae-4ea0-b9b0-465e7dcf8c16/axmpp_1.0.0_9133a13e/alire/cache/dependencies/matreshka_league_21.0.0_0c8f4d47//configure
make: *** [Makefile:115: config] Error 5
stderr: Command ["make", "reconfig"] exited with code 2
stderr: ALIRE.CHECKED_ERROR
stderr: Command ["make", "reconfig"] exited with code 2
stderr: raised ALIRE.CHECKED_ERROR : alire-stored-error:1
[/home/runner/work/alire-crates-ci/alire-crates-ci/alire_install/bin/alr]
0xd7ada2 Alire.Raise_Checked_Error at alire.adb:251
0xa423cf Alire.Os_Lib.Subprocess.Checked_Spawn at alire-os_lib-subprocess.adb:110
0xa4a085 Alire.Properties.Actions.Executor.Execute_Run at alire-properties-actions-executor.adb:40
0xa4b07f Alire.Properties.Actions.Executor.Execute_Actions at alire-properties-actions-executor.adb:94
0xa4a689 Alire.Properties.Actions.Executor.Execute_Actions at alire-properties-actions-executor.adb:58
0xbc4d2c Alire.Roots.Deploy_Dependencies.Deploy_Release.Run_Post_Fetch at alire-roots.adb:346
0xbc5a0c Alire.Roots.Deploy_Dependencies.Deploy_Release at alire-roots.adb:418
0xbdb95e Alire.Roots.Traverse.Traverse_Wrap at alire-roots.adb:1364
0xc25a8b Alire.Solutions.Traverse.Visit at alire-solutions.adb:1443
0xc241fa Alire.Solutions.Traverse at alire-solutions.adb:1502
0xbdbaac Alire.Roots.Traverse at alire-roots.adb:1368
0xbc5d8e Alire.Roots.Deploy_Dependencies at alire-roots.adb:434
0x4b0337 Alr.Commands.Get.Retrieve at alr-commands-get.adb:173
0x4b4e77 Alr.Commands.Get.Execute at alr-commands-get.adb:348
0x53bb7e Alr.Commands.Sub_Cmd.Execute at clic-subcommand-instance.adb:742
0x54756f Alr.Commands.Execute at alr-commands.adb:492
0x43cb1a Alr.Main at alr-main.adb:10
0x43f3e7 Main at b__alr-main.adb:2132
[/lib/x86_64-linux-gnu/libc.so.6]
0x7f32a3c2a1c8
0x7f32a3c2a289
[/home/runner/work/alire-crates-ci/alire-crates-ci/alire_install/bin/alr]
0x43c9f8 _start at ???
0xfffffffffffffffe

stderr: A post-fetch action failed, re-run with -vv -d for details
ERROR: A post-fetch action failed, re-run with -vv -d for details
