Test ran at 2024-05-05 00:32:45.358656+00:00

SOLUTION:
semantic_versioning=2.1.0: Semantic Versioning in Ada
Origin: commit cc69201134c0a8d695b767a1fd1bf4fd8f6f3880 from https://github.com/alire-project/semantic_versioning.git
Properties:
   Author: Alejandro R. Mosteo
   Description: Semantic Versioning in Ada
   License: LGPL-3.0-only
   Maintainer: alejandro@mosteo.com
   Maintainers_Logins: mosteo
   Name: semantic_versioning
   Tag: semver
   Tag: semantic
   Tag: versioning
   Version: 2.1
   Website: https://github.com/alire-project/semantic_versioning


LOG:
Note: Deploying semantic_versioning=2.1.0...
Note: Building semantic_versioning/semantic_versioning.gpr...
Setup
   [mkdir]        object directory for project Semantic_Versioning
   [mkdir]        exec directory for project Semantic_Versioning
Compile
   [Ada]          semantic_versioning-demo.adb
   [Ada]          semantic_versioning-parser.adb
   [Ada]          semantic_versioning-extended-parser.adb
   [Ada]          semantic_versioning-extended.adb
   [Ada]          semantic_versioning.adb
   [Ada]          semantic_versioning-basic.adb
Bind
   [gprbind]      semantic_versioning-demo.bexch
   [gprbind]      semantic_versioning-parser.bexch
   [gprbind]      semantic_versioning-extended-parser.bexch
   [Ada]          semantic_versioning-extended-parser.ali
   [Ada]          semantic_versioning-parser.ali
   [Ada]          semantic_versioning-demo.ali
Link
   [link]         semantic_versioning-demo.adb
   [link]         semantic_versioning-parser.adb
   [link]         semantic_versioning-extended-parser.adb
-macosx_version_min has been renamed to -macos_version_min
-macosx_version_min has been renamed to -macos_version_min
-macosx_version_min has been renamed to -macos_version_min
ld: warning: ignoring duplicate libraries: '-lSystem'
ld: warning: ignoring duplicate libraries: '-lSystem'
ld: warning: ignoring duplicate libraries: '-lSystem'
0  0x10273af43  __assert_rtn + 64
0  0x1049aff43  __assert_rtn + 64
1  0x1048b1f43  ld::AtomPlacement::findAtom(unsigned char, unsigned long long, ld::AtomPlacement::AtomLoc const*&, long long&) const + 1411
1  0x10263cf43  ld::AtomPlacement::findAtom(unsigned char, unsigned long long, ld::AtomPlacement::AtomLoc const*&, long long&) const + 1411
2  0x1048ce431  ld::InputFiles::SliceParser::parseObjectFile(mach_o::Header const*) const + 19745
3  0x1048deb71  ld::InputFiles::parseAllFiles(void (ld::AtomFile const*) block_pointer)::$_7::operator()(unsigned long, ld::FileInfo const&) const + 657
2  0x102659431  ld::InputFiles::SliceParser::parseObjectFile(mach_o::Header const*) const + 19745
3  0x102669b71  ld::InputFiles::parseAllFiles(void (ld::AtomFile const*) block_pointer)::$_7::operator()(unsigned long, ld::FileInfo const&) const + 657
0  0x104cb0f43  __assert_rtn + 64
1  0x104bb2f43  ld::AtomPlacement::findAtom(unsigned char, unsigned long long, ld::AtomPlacement::AtomLoc const*&, long long&) const + 1411
2  0x104bcf431  ld::InputFiles::SliceParser::parseObjectFile(mach_o::Header const*) const + 19745
3  0x104bdfb71  ld::InputFiles::parseAllFiles(void (ld::AtomFile const*) block_pointer)::$_7::operator()(unsigned long, ld::FileInfo const&) const + 657
4  0x7ff80861adef  _dispatch_client_callout2 + 8
4  0x7ff80861adef  _dispatch_client_callout2 + 8
5  0x7ff80862c547  _dispatch_apply_invoke3 + 431
4  0x7ff80861adef  _dispatch_client_callout2 + 8
6  0x7ff80861adbc  _dispatch_client_callout + 8
5  0x7ff80862c547  _dispatch_apply_invoke3 + 431
5  0x7ff80862c547  _dispatch_apply_invoke3 + 431
7  0x7ff80861c04e  _dispatch_once_callout + 20
6  0x7ff80861adbc  _dispatch_client_callout + 8
6  0x7ff80861adbc  _dispatch_client_callout + 8
7  0x7ff80861c04e  _dispatch_once_callout + 20
8  0x7ff80862b740  _dispatch_apply_invoke + 184
8  0x7ff80862b740  _dispatch_apply_invoke + 184
9  0x7ff80861adbc  _dispatch_client_callout + 8
7  0x7ff80861c04e  _dispatch_once_callout + 20
10  0x7ff80862a2ca  _dispatch_root_queue_drain + 871
9  0x7ff80861adbc  _dispatch_client_callout + 8
11  0x7ff80862a84f  _dispatch_worker_thread2 + 152
8  0x7ff80862b740  _dispatch_apply_invoke + 184
10  0x7ff80862a2ca  _dispatch_root_queue_drain + 871
9  0x7ff80861adbc  _dispatch_client_callout + 8
11  0x7ff80862a84f  _dispatch_worker_thread2 + 152
10  0x7ff80862a2ca  _dispatch_root_queue_drain + 871
11  0x7ff80862a84f  _dispatch_worker_thread2 + 152
12  0x7ff8087b8b43  _pthread_wqthread + 262
12  0x7ff8087b8b43  _pthread_wqthread + 262
ld: Assertion failed: (resultIndex < sectData.atoms.size()), function findAtom, file Relocations.cpp, line 1336.
12  0x7ff8087b8b43  _pthread_wqthread + 262
ld: Assertion failed: (resultIndex < sectData.atoms.size()), function findAtom, file Relocations.cpp, line 1336.
ld: Assertion failed: (resultIndex < sectData.atoms.size()), function findAtom, file Relocations.cpp, line 1336.
collect2: error: ld returned 1 exit status
collect2: error: ld returned 1 exit status
collect2: error: ld returned 1 exit status
   link of semantic_versioning-extended-parser.adb failed
   failed command was: /users/runner/.config/alire/cache/dependencies/gnat_native_10.3.2_e112fd3f/bin/gcc semantic_versioning-extended-parser.o b__semantic_versioning-extended-parser.o /Users/runner/work/alire-crates-ci/alire-crates-ci/test/bea75532-8a71-4561-bd16-cee1c5990487/semantic_versioning_2.1.0_cc692011/obj/semantic_versioning-basic.o /Users/runner/work/alire-crates-ci/alire-crates-ci/test/bea75532-8a71-4561-bd16-cee1c5990487/semantic_versioning_2.1.0_cc692011/obj/semantic_versioning-extended.o /Users/runner/work/alire-crates-ci/alire-crates-ci/test/bea75532-8a71-4561-bd16-cee1c5990487/semantic_versioning_2.1.0_cc692011/obj/semantic_versioning.o -g -L/Users/runner/work/alire-crates-ci/alire-crates-ci/test/bea75532-8a71-4561-bd16-cee1c5990487/semantic_versioning_2.1.0_cc692011/obj/ -L/Users/runner/work/alire-crates-ci/alire-crates-ci/test/bea75532-8a71-4561-bd16-cee1c5990487/semantic_versioning_2.1.0_cc692011/obj/ -L/users/runner/.config/alire/cache/dependencies/gnat_native_10.3.2_e112fd3f/lib/gcc/x86_64-apple-darwin19.6.0/10.3.0/adalib/ /users/runner/.config/alire/cache/dependencies/gnat_native_10.3.2_e112fd3f/lib/gcc/x86_64-apple-darwin19.6.0/10.3.0/adalib/libgnat.a -Wl,-rpath,@executable_path/..//obj -Wl,-rpath,@executable_path/../../../../../../..//.config/alire/cache/dependencies/gnat_native_10.3.2_e112fd3f/lib/gcc/x86_64-apple-darwin19.6.0/10.3.0/adalib -o /Users/runner/work/alire-crates-ci/alire-crates-ci/test/bea75532-8a71-4561-bd16-cee1c5990487/semantic_versioning_2.1.0_cc692011/bin//semantic_versioning-extended-parser 
   link of semantic_versioning-parser.adb failed
   failed command was: /users/runner/.config/alire/cache/dependencies/gnat_native_10.3.2_e112fd3f/bin/gcc semantic_versioning-parser.o b__semantic_versioning-parser.o /Users/runner/work/alire-crates-ci/alire-crates-ci/test/bea75532-8a71-4561-bd16-cee1c5990487/semantic_versioning_2.1.0_cc692011/obj/semantic_versioning-basic.o /Users/runner/work/alire-crates-ci/alire-crates-ci/test/bea75532-8a71-4561-bd16-cee1c5990487/semantic_versioning_2.1.0_cc692011/obj/semantic_versioning-extended.o /Users/runner/work/alire-crates-ci/alire-crates-ci/test/bea75532-8a71-4561-bd16-cee1c5990487/semantic_versioning_2.1.0_cc692011/obj/semantic_versioning.o -g -L/Users/runner/work/alire-crates-ci/alire-crates-ci/test/bea75532-8a71-4561-bd16-cee1c5990487/semantic_versioning_2.1.0_cc692011/obj/ -L/Users/runner/work/alire-crates-ci/alire-crates-ci/test/bea75532-8a71-4561-bd16-cee1c5990487/semantic_versioning_2.1.0_cc692011/obj/ -L/users/runner/.config/alire/cache/dependencies/gnat_native_10.3.2_e112fd3f/lib/gcc/x86_64-apple-darwin19.6.0/10.3.0/adalib/ /users/runner/.config/alire/cache/dependencies/gnat_native_10.3.2_e112fd3f/lib/gcc/x86_64-apple-darwin19.6.0/10.3.0/adalib/libgnat.a -Wl,-rpath,@executable_path/..//obj -Wl,-rpath,@executable_path/../../../../../../..//.config/alire/cache/dependencies/gnat_native_10.3.2_e112fd3f/lib/gcc/x86_64-apple-darwin19.6.0/10.3.0/adalib -o /Users/runner/work/alire-crates-ci/alire-crates-ci/test/bea75532-8a71-4561-bd16-cee1c5990487/semantic_versioning_2.1.0_cc692011/bin//semantic_versioning-parser 
   link of semantic_versioning-demo.adb failed
   failed command was: /users/runner/.config/alire/cache/dependencies/gnat_native_10.3.2_e112fd3f/bin/gcc semantic_versioning-demo.o b__semantic_versioning-demo.o /Users/runner/work/alire-crates-ci/alire-crates-ci/test/bea75532-8a71-4561-bd16-cee1c5990487/semantic_versioning_2.1.0_cc692011/obj/semantic_versioning-basic.o /Users/runner/work/alire-crates-ci/alire-crates-ci/test/bea75532-8a71-4561-bd16-cee1c5990487/semantic_versioning_2.1.0_cc692011/obj/semantic_versioning-extended.o /Users/runner/work/alire-crates-ci/alire-crates-ci/test/bea75532-8a71-4561-bd16-cee1c5990487/semantic_versioning_2.1.0_cc692011/obj/semantic_versioning.o -g -L/Users/runner/work/alire-crates-ci/alire-crates-ci/test/bea75532-8a71-4561-bd16-cee1c5990487/semantic_versioning_2.1.0_cc692011/obj/ -L/Users/runner/work/alire-crates-ci/alire-crates-ci/test/bea75532-8a71-4561-bd16-cee1c5990487/semantic_versioning_2.1.0_cc692011/obj/ -L/users/runner/.config/alire/cache/dependencies/gnat_native_10.3.2_e112fd3f/lib/gcc/x86_64-apple-darwin19.6.0/10.3.0/adalib/ /users/runner/.config/alire/cache/dependencies/gnat_native_10.3.2_e112fd3f/lib/gcc/x86_64-apple-darwin19.6.0/10.3.0/adalib/libgnat.a -Wl,-rpath,@executable_path/..//obj -Wl,-rpath,@executable_path/../../../../../../..//.config/alire/cache/dependencies/gnat_native_10.3.2_e112fd3f/lib/gcc/x86_64-apple-darwin19.6.0/10.3.0/adalib -o /Users/runner/work/alire-crates-ci/alire-crates-ci/test/bea75532-8a71-4561-bd16-cee1c5990487/semantic_versioning_2.1.0_cc692011/bin//demo 
gprbuild: *** link phase failed
stderr: Command ["gprbuild", "-s", "-j0", "-p", "-P", "/Users/runner/work/alire-crates-ci/alire-crates-ci/test/bea75532-8a71-4561-bd16-cee1c5990487/semantic_versioning_2.1.0_cc692011/semantic_versioning.gpr"] exited with code 4
ERROR: Command ["gprbuild", "-s", "-j0", "-p", "-P", "/Users/runner/work/alire-crates-ci/alire-crates-ci/test/bea75532-8a71-4561-bd16-cee1c5990487/semantic_versioning_2.1.0_cc692011/semantic_versioning.gpr"] exited with code 4
stderr: ALIRE.CHECKED_ERROR
stderr: Command ["gprbuild", "-s", "-j0", "-p", "-P", "/Users/runner/work/alire-crates-ci/alire-crates-ci/test/bea75532-8a71-4561-bd16-cee1c5990487/semantic_versioning_2.1.0_cc692011/semantic_versioning.gpr"] exited with code 4
stderr: raised ALIRE.CHECKED_ERROR : alire-stored-error:1
Load address: 0x1022ab000
Call stack traceback locations:
0x102bb3415 0x102886e83 0x102a99df9 0x102a9a581 0x1029faac3 0x1029f8f99 0x102a15873 0x102a61dc1 0x102a6081a 0x102a159b8 0x1029f9349 0x10230a9c1 0x10231b578 0x10232001c 0x1023a605c 0x1023b13b8 0x1022ac605 0x1022af914


Warning: semantic_versioning=2.1.0 successfully retrieved but its build failed.
There are no dependencies.
ERROR: Build ended with errors
