Test ran at 2024-05-24 01:47:46.271724+00:00

SOLUTION:
ini_files=10.0.0: A standalone, portable Ada package for configuration files
Origin: source archive ini-files-10.zip at https://sourceforge.net/projects/ini-files/files/ini-files/ini-files-10.zip with hash sha512:6f2bab21ce53d8b4448d30c0fc1b0bd4ec070120f6343ff176dbec338530e8d7948e14fd8e991b26f108f60cd7dc44531a537c8ca087c66ffca4d9993de32f60
Properties:
   Author: Rolf Ebert
   Author: Gautier de Montmollin
   Description: A standalone, portable Ada package for configuration files
   Executable: test_config
   License: MIT
   Maintainer: rolf.ebert.gcc@gmx.de
   Maintainer: gdemont@hotmail.com
   Maintainers_Logins: RREE
   Maintainers_Logins: zertovitch
   Name: ini_files
   Project_File: ini_files.gpr
   Tag: ini
   Tag: cfg
   Tag: config
   Version: 10.0.0
   Website: https://sourceforge.net/p/ini-files/


LOG:
Note: Deploying ini_files=10.0.0...
#=#=#                                                                         
##O#-#                                                                        
##=O#- #                                                                      
# #=O#- #                                                                     

######################################################################## 100.0% # #=O#-  #                                                                   

######################################################################## 100.0%
Note: Building ini_files/ini_files.gpr...
Setup
   [mkdir]        object directory for project Ini_files
Compile
   [Ada]          test_config.adb
   [Ada]          rosetta_read_cfg.adb
   [Ada]          rosetta_updt_cfg.adb
   [Ada]          rosetta_updt_cfg_reset.adb
   [Ada]          config.adb
config.adb:63:07: warning: visible declaration of "Line" at line 57 hides homonym from use clause [-gnatwh]
config.adb:371:07: warning: visible declaration of "Line" at line 364 hides homonym from use clause [-gnatwh]
config.adb:419:07: warning: visible declaration of "Line" at line 416 hides homonym from use clause [-gnatwh]
config.adb:502:07: warning: visible declaration of "Line" at line 496 hides homonym from use clause [-gnatwh]
Bind
   [gprbind]      test_config.bexch
   [gprbind]      rosetta_read_cfg.bexch
   [gprbind]      rosetta_updt_cfg.bexch
   [Ada]          rosetta_updt_cfg.ali
   [Ada]          rosetta_read_cfg.ali
   [Ada]          test_config.ali
   [gprbind]      rosetta_updt_cfg_reset.bexch
   [Ada]          rosetta_updt_cfg_reset.ali
Link
   [link]         test_config.adb
   [link]         rosetta_read_cfg.adb
   [link]         rosetta_updt_cfg.adb
-macosx_version_min has been renamed to -macos_version_min
-macosx_version_min has been renamed to -macos_version_min
-macosx_version_min has been renamed to -macos_version_min
0  0x10424cf43  __assert_rtn + 64
0  0x104ef5f43  __assert_rtn + 64
0  0x10025af43  __assert_rtn + 64
1  0x10015cf43  ld::AtomPlacement::findAtom(unsigned char, unsigned long long, ld::AtomPlacement::AtomLoc const*&, long long&) const + 1411
2  0x100179431  ld::InputFiles::SliceParser::parseObjectFile(mach_o::Header const*) const + 19745
3  0x100189b71  ld::InputFiles::parseAllFiles(void (ld::AtomFile const*) block_pointer)::$_7::operator()(unsigned long, ld::FileInfo const&) const + 657
1  0x10414ef43  ld::AtomPlacement::findAtom(unsigned char, unsigned long long, ld::AtomPlacement::AtomLoc const*&, long long&) const + 1411
2  0x10416b431  ld::InputFiles::SliceParser::parseObjectFile(mach_o::Header const*) const + 19745
3  0x10417bb71  ld::InputFiles::parseAllFiles(void (ld::AtomFile const*) block_pointer)::$_7::operator()(unsigned long, ld::FileInfo const&) const + 657
1  0x104df7f43  ld::AtomPlacement::findAtom(unsigned char, unsigned long long, ld::AtomPlacement::AtomLoc const*&, long long&) const + 1411
2  0x104e14431  ld::InputFiles::SliceParser::parseObjectFile(mach_o::Header const*) const + 19745
3  0x104e24b71  ld::InputFiles::parseAllFiles(void (ld::AtomFile const*) block_pointer)::$_7::operator()(unsigned long, ld::FileInfo const&) const + 657
4  0x7ff8060a6def  _dispatch_client_callout2 + 8
4  0x7ff8060a6def  _dispatch_client_callout2 + 8
4  0x7ff8060a6def  _dispatch_client_callout2 + 8
5  0x7ff8060b8547  _dispatch_apply_invoke3 + 431
5  0x7ff8060b8547  _dispatch_apply_invoke3 + 431
6  0x7ff8060a6dbc  _dispatch_client_callout + 8
6  0x7ff8060a6dbc  _dispatch_client_callout + 8
7  0x7ff8060a804e  _dispatch_once_callout + 20
8  0x7ff8060b7740  _dispatch_apply_invoke + 184
7  0x7ff8060a804e  _dispatch_once_callout + 20
8  0x7ff8060b8a9b  _dispatch_apply_invoke_and_wait + 278
9  0x7ff8060b7cf8  _dispatch_apply_with_attr_f + 1225
5  0x7ff8060b8547  _dispatch_apply_invoke3 + 431
9  0x7ff8060a6dbc  _dispatch_client_callout + 8
10  0x7ff8060b62ca  _dispatch_root_queue_drain + 871
6  0x7ff8060a6dbc  _dispatch_client_callout + 8
11  0x7ff8060b684f  _dispatch_worker_thread2 + 152
7  0x7ff8060a804e  _dispatch_once_callout + 20
8  0x7ff8060b8a9b  _dispatch_apply_invoke_and_wait + 278
9  0x7ff8060b7cf8  _dispatch_apply_with_attr_f + 1225
10  0x7ff8060b7eaf  dispatch_apply + 45
10  0x7ff8060b7eaf  dispatch_apply + 45
11  0x104214972  ld::AtomFileConsolidator::parseFiles(bool) + 370
11  0x100222972  ld::AtomFileConsolidator::parseFiles(bool) + 370
12  0x1001a9d67  main + 12263
ld: Assertion failed: (resultIndex < sectData.atoms.size()), function findAtom, file Relocations.cpp, line 1336.
12  0x10419bd67  main + 12263
ld: Assertion failed: (resultIndex < sectData.atoms.size()), function findAtom, file Relocations.cpp, line 1336.
12  0x7ff806244b43  _pthread_wqthread + 262
ld: Assertion failed: (resultIndex < sectData.atoms.size()), function findAtom, file Relocations.cpp, line 1336.
collect2: error: ld returned 1 exit status
collect2: error: ld returned 1 exit status
collect2: error: ld returned 1 exit status
   link of rosetta_updt_cfg.adb failed
   failed command was: /users/runner/.config/alire/cache/dependencies/gnat_native_13.1.0_071d715c/bin/gcc rosetta_updt_cfg.o b__rosetta_updt_cfg.o /Users/runner/work/alire-crates-ci/alire-crates-ci/test/64ef2b29-b2da-4702-861d-b0ce3c4bc86f/ini_files_10.0.0_6f2bab21/obj/config.o -L/Users/runner/work/alire-crates-ci/alire-crates-ci/test/64ef2b29-b2da-4702-861d-b0ce3c4bc86f/ini_files_10.0.0_6f2bab21/obj/ -L/Users/runner/work/alire-crates-ci/alire-crates-ci/test/64ef2b29-b2da-4702-861d-b0ce3c4bc86f/ini_files_10.0.0_6f2bab21/obj/ -L/users/runner/.config/alire/cache/dependencies/gnat_native_13.1.0_071d715c/lib/gcc/x86_64-apple-darwin21.6.0/13.1.0/adalib/ /users/runner/.config/alire/cache/dependencies/gnat_native_13.1.0_071d715c/lib/gcc/x86_64-apple-darwin21.6.0/13.1.0/adalib/libgnat.a -Wl,-rpath,@executable_path//obj -Wl,-rpath,@executable_path/../../../../../..//.config/alire/cache/dependencies/gnat_native_13.1.0_071d715c/lib/gcc/x86_64-apple-darwin21.6.0/13.1.0/adalib -o /Users/runner/work/alire-crates-ci/alire-crates-ci/test/64ef2b29-b2da-4702-861d-b0ce3c4bc86f/ini_files_10.0.0_6f2bab21//rosetta_updt_cfg 
   link of rosetta_read_cfg.adb failed
   failed command was: /users/runner/.config/alire/cache/dependencies/gnat_native_13.1.0_071d715c/bin/gcc rosetta_read_cfg.o b__rosetta_read_cfg.o /Users/runner/work/alire-crates-ci/alire-crates-ci/test/64ef2b29-b2da-4702-861d-b0ce3c4bc86f/ini_files_10.0.0_6f2bab21/obj/config.o -L/Users/runner/work/alire-crates-ci/alire-crates-ci/test/64ef2b29-b2da-4702-861d-b0ce3c4bc86f/ini_files_10.0.0_6f2bab21/obj/ -L/Users/runner/work/alire-crates-ci/alire-crates-ci/test/64ef2b29-b2da-4702-861d-b0ce3c4bc86f/ini_files_10.0.0_6f2bab21/obj/ -L/users/runner/.config/alire/cache/dependencies/gnat_native_13.1.0_071d715c/lib/gcc/x86_64-apple-darwin21.6.0/13.1.0/adalib/ /users/runner/.config/alire/cache/dependencies/gnat_native_13.1.0_071d715c/lib/gcc/x86_64-apple-darwin21.6.0/13.1.0/adalib/libgnat.a -Wl,-rpath,@executable_path//obj -Wl,-rpath,@executable_path/../../../../../..//.config/alire/cache/dependencies/gnat_native_13.1.0_071d715c/lib/gcc/x86_64-apple-darwin21.6.0/13.1.0/adalib -o /Users/runner/work/alire-crates-ci/alire-crates-ci/test/64ef2b29-b2da-4702-861d-b0ce3c4bc86f/ini_files_10.0.0_6f2bab21//rosetta_read_cfg 
   link of test_config.adb failed
   failed command was: /users/runner/.config/alire/cache/dependencies/gnat_native_13.1.0_071d715c/bin/gcc test_config.o b__test_config.o /Users/runner/work/alire-crates-ci/alire-crates-ci/test/64ef2b29-b2da-4702-861d-b0ce3c4bc86f/ini_files_10.0.0_6f2bab21/obj/config.o -L/Users/runner/work/alire-crates-ci/alire-crates-ci/test/64ef2b29-b2da-4702-861d-b0ce3c4bc86f/ini_files_10.0.0_6f2bab21/obj/ -L/Users/runner/work/alire-crates-ci/alire-crates-ci/test/64ef2b29-b2da-4702-861d-b0ce3c4bc86f/ini_files_10.0.0_6f2bab21/obj/ -L/users/runner/.config/alire/cache/dependencies/gnat_native_13.1.0_071d715c/lib/gcc/x86_64-apple-darwin21.6.0/13.1.0/adalib/ /users/runner/.config/alire/cache/dependencies/gnat_native_13.1.0_071d715c/lib/gcc/x86_64-apple-darwin21.6.0/13.1.0/adalib/libgnat.a -Wl,-rpath,@executable_path//obj -Wl,-rpath,@executable_path/../../../../../..//.config/alire/cache/dependencies/gnat_native_13.1.0_071d715c/lib/gcc/x86_64-apple-darwin21.6.0/13.1.0/adalib -o /Users/runner/work/alire-crates-ci/alire-crates-ci/test/64ef2b29-b2da-4702-861d-b0ce3c4bc86f/ini_files_10.0.0_6f2bab21//test_config 
gprbuild: *** link phase failed
stderr: Command ["gprbuild", "-s", "-j0", "-p", "-P", "/Users/runner/work/alire-crates-ci/alire-crates-ci/test/64ef2b29-b2da-4702-861d-b0ce3c4bc86f/ini_files_10.0.0_6f2bab21/ini_files.gpr"] exited with code 4
ERROR: Command ["gprbuild", "-s", "-j0", "-p", "-P", "/Users/runner/work/alire-crates-ci/alire-crates-ci/test/64ef2b29-b2da-4702-861d-b0ce3c4bc86f/ini_files_10.0.0_6f2bab21/ini_files.gpr"] exited with code 4
stderr: ALIRE.CHECKED_ERROR
stderr: Command ["gprbuild", "-s", "-j0", "-p", "-P", "/Users/runner/work/alire-crates-ci/alire-crates-ci/test/64ef2b29-b2da-4702-861d-b0ce3c4bc86f/ini_files_10.0.0_6f2bab21/ini_files.gpr"] exited with code 4
stderr: raised ALIRE.CHECKED_ERROR : alire-stored-error:1
Load address: 0x1044b6000
Call stack traceback locations:
0x104dbe415 0x104a91e83 0x104ca4df9 0x104ca5581 0x104c05ac3 0x104c03f99 0x104c20873 0x104c6cdc1 0x104c6b81a 0x104c209b8 0x104c04349 0x1045159c1 0x104526578 0x10452b01c 0x1045b105c 0x1045bc3b8 0x1044b7605 0x1044ba914


Warning: ini_files=10.0.0 successfully retrieved but its build failed.
There are no dependencies.
ERROR: Build ended with errors
