Test ran at 2025-02-04 22:21:20.990900+00:00

SOLUTION:
zlib_ada=1.3.0: ZLib for Ada thick binding
Origin: commit 66c182db29f92fda3f4a5e48b5701c1a24b97c61 from https://git.code.sf.net/p/zlib-ada/git
Properties:
   Author: Dmitriy Anisimkov
   Description: ZLib for Ada thick binding
   Executable: buffer_demo
   Executable: mtest
   Executable: read
   Executable: test
   Maintainer: alejandro@mosteo.com
   Maintainers_Logins: mosteo
   Name: zlib_ada
   Project_File: zlib.gpr
   Version: 1.3.0
   Website: http://zlib-ada.sourceforge.net/
Dependencies (direct):
   zlib^1.2
Dependencies (solution):
   zlib=1.3.0+.
Dependencies (graph):
   zlib_ada=1.3.0 --> zlib=1.3.0+. (^1.2)


LOG:
Spawning: alr -d -n get --build zlib_ada=1.3.0
Note: Deploying zlib_ada=1.3.0...
Note: Building zlib_ada=1.3.0/zlib.gpr...
Compile
   [Ada]          test.adb
   [Ada]          mtest.adb
   [Ada]          read.adb
   [Ada]          buffer_demo.adb
   [Ada]          zlib.adb
   [Ada]          zlib-streams.adb
zlib.adb:122:20: warning: "Int" is already use-visible through previous use_type_clause
zlib.adb:199:20: warning: "Int" is already use-visible through previous use_type_clause
zlib.adb:230:13: (style) bad casing of "level" declared at zlib-thin.ads:268
zlib.adb:313:20: warning: "Int" is already use-visible through previous use_type_clause
zlib.adb:516:20: warning: "Int" is already use-visible through previous use_type_clause
   [Ada]          zlib-thin.adb
zlib-streams.ads:86:11: warning: "Streams" is already use-visible through previous use_clause at zlib.ads:289
Bind
   [gprbind]      test.bexch
   [gprbind]      mtest.bexch
   [gprbind]      read.bexch
   [gprbind]      buffer_demo.bexch
   [Ada]          test.ali
   [Ada]          mtest.ali
   [Ada]          read.ali
   [Ada]          buffer_demo.ali
Link
   [link]         test.adb
   [link]         mtest.adb
   [link]         read.adb
   [link]         buffer_demo.adb
/home/runner/.local/share/alire/toolchains/gnat_native_10.3.2_d7078088/bin/../lib/gcc/x86_64-pc-linux-gnu/10.3.0/../../../../x86_64-pc-linux-gnu/bin/ld: /lib/x86_64-linux-gnu/libc.so.6/home/runner/.local/share/alire/toolchains/gnat_native_10.3.2_d7078088/bin/../lib/gcc/x86_64-pc-linux-gnu/10.3.0/../../../../x86: unknown type [_64-pc-linux-gnu/bin/ld: 0x13/lib/x86_64-linux-gnu/libc.so.6] section `: unknown type [.relr.dyn0x13'] section `
.relr.dyn'
/home/runner/.local/share/alire/toolchains/gnat_native_10.3.2_d7078088/bin/../lib/gcc/x86_64-pc-linux-gnu/10.3.0/../../../../x86_64-pc-linux-gnu/bin/ld: skipping incompatible /lib/x86_64-linux-gnu/libc.so.6 when searching for /lib/x86_64-linux-gnu/libc.so.6
/home/runner/.local/share/alire/toolchains/gnat_native_10.3.2_d7078088/bin/../lib/gcc/x86_64-pc-linux-gnu/10.3.0/../../../../x86_64-pc-linux-gnu/bin/ld: skipping incompatible /lib/x86_64-linux-gnu/libc.so.6 when searching for /lib/x86_64-linux-gnu/libc.so.6
/home/runner/.local/share/alire/toolchains/gnat_native_10.3.2_d7078088/bin/../lib/gcc/x86_64-pc-linux-gnu/10.3.0/../../../../x86_64-pc-linux-gnu/bin/ld: cannot find /lib/x86_64-linux-gnu/libc.so.6
/home/runner/.local/share/alire/toolchains/gnat_native_10.3.2_d7078088/bin/../lib/gcc/x86_64-pc-linux-gnu/10.3.0/../../../../x86_64-pc-linux-gnu/bin/ld: cannot find /lib/x86_64-linux-gnu/libc.so.6
/home/runner/.local/share/alire/toolchains/gnat_native_10.3.2_d7078088/bin/../lib/gcc/x86_64-pc-linux-gnu/10.3.0/../../../../x86_64-pc-linux-gnu/bin/ld: /lib/x86_64-linux-gnu/libc.so.6: unknown type [0x13] section `.relr.dyn'
/home/runner/.local/share/alire/toolchains/gnat_native_10.3.2_d7078088/bin/../lib/gcc/x86_64-pc-linux-gnu/10.3.0/../../../../x86_64-pc-linux-gnu/bin/ld: /lib/x86_64-linux-gnu/libc.so.6: unknown type [0x13] section `.relr.dyn'
/home/runner/.local/share/alire/toolchains/gnat_native_10.3.2_d7078088/bin/../lib/gcc/x86_64-pc-linux-gnu/10.3.0/../../../../x86_64-pc-linux-gnu/bin/ld: /lib/x86_64-linux-gnu/libc.so.6: unknown type [0x13] section `.relr.dyn'
/home/runner/.local/share/alire/toolchains/gnat_native_10.3.2_d7078088/bin/../lib/gcc/x86_64-pc-linux-gnu/10.3.0/../../../../x86_64-pc-linux-gnu/bin/ld: skipping incompatible /lib/x86_64-linux-gnu/libc.so.6 when searching for /lib/x86_64-linux-gnu/libc.so.6
/home/runner/.local/share/alire/toolchains/gnat_native_10.3.2_d7078088/bin/../lib/gcc/x86_64-pc-linux-gnu/10.3.0/../../../../x86_64-pc-linux-gnu/bin/ld: skipping incompatible /lib/x86_64-linux-gnu/libc.so.6 when searching for /lib/x86_64-linux-gnu/libc.so.6
/home/runner/.local/share/alire/toolchains/gnat_native_10.3.2_d7078088/bin/../lib/gcc/x86_64-pc-linux-gnu/10.3.0/../../../../x86_64-pc-linux-gnu/bin/ld: skipping incompatible /lib/x86_64-linux-gnu/libc.so.6 when searching for /lib/x86_64-linux-gnu/libc.so.6
/home/runner/.local/share/alire/toolchains/gnat_native_10.3.2_d7078088/bin/../lib/gcc/x86_64-pc-linux-gnu/10.3.0/../../../../x86_64-pc-linux-gnu/bin/ld: /lib64/ld-linux-x86-64.so.2: unknown type [0x13] section `.relr.dyn'
/home/runner/.local/share/alire/toolchains/gnat_native_10.3.2_d7078088/bin/../lib/gcc/x86_64-pc-linux-gnu/10.3.0/../../../../x86_64-pc-linux-gnu/bin/ld: cannot find /lib/x86_64-linux-gnu/libc.so.6
/home/runner/.local/share/alire/toolchains/gnat_native_10.3.2_d7078088/bin/../lib/gcc/x86_64-pc-linux-gnu/10.3.0/../../../../x86_64-pc-linux-gnu/bin/ld: /lib/x86_64-linux-gnu/libc.so.6/home/runner/.local/share/alire/toolchains/gnat_native_10.3.2_d7078088/bin/../lib/gcc/x86_64-pc-linux-gnu/10.3.0/../../../../x86_64-pc-linux-gnu/bin/ld: unknown type [/home/runner/.local/share/alire/toolchains/gnat_native_10.3.2_d7078088/bin/../lib/gcc/x86_64-pc-linux-gnu/10.3.0/../../../../x86: skipping incompatible 0x13_64-pc-linux-gnu/bin/ld: /lib64/ld-linux-x86-64.so.2] section `/lib64/ld-linux-x86-64.so.2 when searching for .relr.dyn: unknown type [/lib64/ld-linux-x86-64.so.2'0x13

] section `.relr.dyn'
/home/runner/.local/share/alire/toolchains/gnat_native_10.3.2_d7078088/bin/../lib/gcc/x86_64-pc-linux-gnu/10.3.0/../../../../x86_64-pc-linux-gnu/bin/ld: cannot find /lib64/ld-linux-x86-64.so.2
/home/runner/.local/share/alire/toolchains/gnat_native_10.3.2_d7078088/bin/../lib/gcc/x86_64-pc-linux-gnu/10.3.0/../../../../x86_64-pc-linux-gnu/bin/ld: /lib64/ld-linux-x86-64.so.2: unknown type [0x13] section `.relr.dyn/home/runner/.local/share/alire/toolchains/gnat_native_10.3.2_d7078088/bin/../lib/gcc/x86_64-pc-linux-gnu/10.3.0/../../../../x86_64-pc-linux-gnu/bin/ld': skipping incompatible 
/lib64/ld-linux-x86-64.so.2 when searching for /lib64/ld-linux-x86-64.so.2
/home/runner/.local/share/alire/toolchains/gnat_native_10.3.2_d7078088/bin/../lib/gcc/x86_64-pc-linux-gnu/10.3.0/../../../../x86_64-pc-linux-gnu/bin/ld: skipping incompatible /lib/x86_64-linux-gnu/libc.so.6 when searching for /lib/x86_64-linux-gnu/libc.so.6/home/runner/.local/share/alire/toolchains/gnat_native_10.3.2_d7078088/bin/../lib/gcc/x86_64-pc-linux-gnu/10.3.0/../../../../x86_64-pc-linux-gnu/bin/ld
: cannot find /lib64/ld-linux-x86-64.so.2
/home/runner/.local/share/alire/toolchains/gnat_native_10.3.2_d7078088/bin/../lib/gcc/x86_64-pc-linux-gnu/10.3.0/../../../../x86_64-pc-linux-gnu/bin/ld: skipping incompatible /lib64/ld-linux-x86-64.so.2 when searching for /lib64/ld-linux-x86-64.so.2
/home/runner/.local/share/alire/toolchains/gnat_native_10.3.2_d7078088/bin/../lib/gcc/x86_64-pc-linux-gnu/10.3.0/../../../../x86_64-pc-linux-gnu/bin/ld: /lib64/ld-linux-x86-64.so.2: unknown type [0x13] section `.relr.dyn'
/home/runner/.local/share/alire/toolchains/gnat_native_10.3.2_d7078088/bin/../lib/gcc/x86_64-pc-linux-gnu/10.3.0/../../../../x86_64-pc-linux-gnu/bin/ld: skipping incompatible /lib64/ld-linux-x86-64.so.2 when searching for /lib64/ld-linux-x86-64.so.2
/home/runner/.local/share/alire/toolchains/gnat_native_10.3.2_d7078088/bin/../lib/gcc/x86_64-pc-linux-gnu/10.3.0/../../../../x86_64-pc-linux-gnu/bin/ld: /lib64/ld-linux-x86-64.so.2: unknown type [0x13] section `.relr.dyn'
/home/runner/.local/share/alire/toolchains/gnat_native_10.3.2_d7078088/bin/../lib/gcc/x86_64-pc-linux-gnu/10.3.0/../../../../x86_64-pc-linux-gnu/bin/ld: skipping incompatible /lib64/ld-linux-x86-64.so.2 when searching for /lib64/ld-linux-x86-64.so.2
/home/runner/.local/share/alire/toolchains/gnat_native_10.3.2_d7078088/bin/../lib/gcc/x86_64-pc-linux-gnu/10.3.0/../../../../x86_64-pc-linux-gnu/bin/ld: cannot find /lib64/ld-linux-x86-64.so.2
/home/runner/.local/share/alire/toolchains/gnat_native_10.3.2_d7078088/bin/../lib/gcc/x86_64-pc-linux-gnu/10.3.0/../../../../x86_64-pc-linux-gnu/bin/ld: /lib64/ld-linux-x86-64.so.2: unknown type [0x13] section `.relr.dyn'
/home/runner/.local/share/alire/toolchains/gnat_native_10.3.2_d7078088/bin/../lib/gcc/x86_64-pc-linux-gnu/10.3.0/../../../../x86_64-pc-linux-gnu/bin/ld: skipping incompatible /lib64/ld-linux-x86-64.so.2 when searching for /lib64/ld-linux-x86-64.so.2
collect2: error: ld returned 1 exit status
collect2: error: ld returned 1 exit status
collect2: error: ld returned 1 exit status
/home/runner/.local/share/alire/toolchains/gnat_native_10.3.2_d7078088/bin/../lib/gcc/x86_64-pc-linux-gnu/10.3.0/../../../../x86_64-pc-linux-gnu/bin/ld: /lib/x86_64-linux-gnu/libc.so.6: unknown type [0x13] section `.relr.dyn'
/home/runner/.local/share/alire/toolchains/gnat_native_10.3.2_d7078088/bin/../lib/gcc/x86_64-pc-linux-gnu/10.3.0/../../../../x86_64-pc-linux-gnu/bin/ld: skipping incompatible /lib/x86_64-linux-gnu/libc.so.6 when searching for /lib/x86_64-linux-gnu/libc.so.6
/home/runner/.local/share/alire/toolchains/gnat_native_10.3.2_d7078088/bin/../lib/gcc/x86_64-pc-linux-gnu/10.3.0/../../../../x86_64-pc-linux-gnu/bin/ld: cannot find /lib/x86_64-linux-gnu/libc.so.6
/home/runner/.local/share/alire/toolchains/gnat_native_10.3.2_d7078088/bin/../lib/gcc/x86_64-pc-linux-gnu/10.3.0/../../../../x86_64-pc-linux-gnu/bin/ld: /lib/x86_64-linux-gnu/libc.so.6: unknown type [0x13] section `.relr.dyn'
/home/runner/.local/share/alire/toolchains/gnat_native_10.3.2_d7078088/bin/../lib/gcc/x86_64-pc-linux-gnu/10.3.0/../../../../x86_64-pc-linux-gnu/bin/ld: skipping incompatible /lib/x86_64-linux-gnu/libc.so.6 when searching for /lib/x86_64-linux-gnu/libc.so.6
/home/runner/.local/share/alire/toolchains/gnat_native_10.3.2_d7078088/bin/../lib/gcc/x86_64-pc-linux-gnu/10.3.0/../../../../x86_64-pc-linux-gnu/bin/ld: /lib64/ld-linux-x86-64.so.2: unknown type [0x13] section `.relr.dyn'
/home/runner/.local/share/alire/toolchains/gnat_native_10.3.2_d7078088/bin/../lib/gcc/x86_64-pc-linux-gnu/10.3.0/../../../../x86_64-pc-linux-gnu/bin/ld: skipping incompatible /lib64/ld-linux-x86-64.so.2 when searching for /lib64/ld-linux-x86-64.so.2
/home/runner/.local/share/alire/toolchains/gnat_native_10.3.2_d7078088/bin/../lib/gcc/x86_64-pc-linux-gnu/10.3.0/../../../../x86_64-pc-linux-gnu/bin/ld: cannot find /lib64/ld-linux-x86-64.so.2
/home/runner/.local/share/alire/toolchains/gnat_native_10.3.2_d7078088/bin/../lib/gcc/x86_64-pc-linux-gnu/10.3.0/../../../../x86_64-pc-linux-gnu/bin/ld: /lib64/ld-linux-x86-64.so.2: unknown type [0x13] section `.relr.dyn'
/home/runner/.local/share/alire/toolchains/gnat_native_10.3.2_d7078088/bin/../lib/gcc/x86_64-pc-linux-gnu/10.3.0/../../../../x86_64-pc-linux-gnu/bin/ld: skipping incompatible /lib64/ld-linux-x86-64.so.2 when searching for /lib64/ld-linux-x86-64.so.2
collect2: error: ld returned 1 exit status
   link of buffer_demo.adb failed
   failed command was: /home/runner/.local/share/alire/toolchains/gnat_native_10.3.2_d7078088/bin/gcc buffer_demo.o b__buffer_demo.o /home/runner/work/alire-crates-ci/alire-crates-ci/test/f4aa1053-faf7-445c-a5c0-faec12e7bcb7/zlib_ada_1.3.0_66c182db/zlib-thin.o /home/runner/work/alire-crates-ci/alire-crates-ci/test/f4aa1053-faf7-445c-a5c0-faec12e7bcb7/zlib_ada_1.3.0_66c182db/zlib.o -lz -L/home/runner/work/alire-crates-ci/alire-crates-ci/test/f4aa1053-faf7-445c-a5c0-faec12e7bcb7/zlib_ada_1.3.0_66c182db/ -L/home/runner/work/alire-crates-ci/alire-crates-ci/test/f4aa1053-faf7-445c-a5c0-faec12e7bcb7/zlib_ada_1.3.0_66c182db/ -L/home/runner/.local/share/alire/toolchains/gnat_native_10.3.2_d7078088/lib/gcc/x86_64-pc-linux-gnu/10.3.0/adalib/ -static-libgcc /home/runner/.local/share/alire/toolchains/gnat_native_10.3.2_d7078088/lib/gcc/x86_64-pc-linux-gnu/10.3.0/adalib/libgnat.a -ldl -Wl,-rpath-link,/home/runner/.local/share/alire/toolchains/gnat_native_10.3.2_d7078088/lib/gcc/x86_64-pc-linux-gnu/10.3.0//adalib -Wl,-z,origin,-rpath,$ORIGIN/:$ORIGIN/../../../../../..//.local/share/alire/toolchains/gnat_native_10.3.2_d7078088/lib/gcc/x86_64-pc-linux-gnu/10.3.0/adalib -o buffer_demo 
   link of test.adb failed
   failed command was: /home/runner/.local/share/alire/toolchains/gnat_native_10.3.2_d7078088/bin/gcc test.o b__test.o /home/runner/work/alire-crates-ci/alire-crates-ci/test/f4aa1053-faf7-445c-a5c0-faec12e7bcb7/zlib_ada_1.3.0_66c182db/zlib-thin.o /home/runner/work/alire-crates-ci/alire-crates-ci/test/f4aa1053-faf7-445c-a5c0-faec12e7bcb7/zlib_ada_1.3.0_66c182db/zlib.o /home/runner/work/alire-crates-ci/alire-crates-ci/test/f4aa1053-faf7-445c-a5c0-faec12e7bcb7/zlib_ada_1.3.0_66c182db/zlib-streams.o -lz -L/home/runner/work/alire-crates-ci/alire-crates-ci/test/f4aa1053-faf7-445c-a5c0-faec12e7bcb7/zlib_ada_1.3.0_66c182db/ -L/home/runner/work/alire-crates-ci/alire-crates-ci/test/f4aa1053-faf7-445c-a5c0-faec12e7bcb7/zlib_ada_1.3.0_66c182db/ -L/home/runner/.local/share/alire/toolchains/gnat_native_10.3.2_d7078088/lib/gcc/x86_64-pc-linux-gnu/10.3.0/adalib/ -static-libgcc /home/runner/.local/share/alire/toolchains/gnat_native_10.3.2_d7078088/lib/gcc/x86_64-pc-linux-gnu/10.3.0/adalib/libgnat.a -ldl -Wl,-rpath-link,/home/runner/.local/share/alire/toolchains/gnat_native_10.3.2_d7078088/lib/gcc/x86_64-pc-linux-gnu/10.3.0//adalib -Wl,-z,origin,-rpath,$ORIGIN/:$ORIGIN/../../../../../..//.local/share/alire/toolchains/gnat_native_10.3.2_d7078088/lib/gcc/x86_64-pc-linux-gnu/10.3.0/adalib -o test 
   link of read.adb failed
   failed command was: /home/runner/.local/share/alire/toolchains/gnat_native_10.3.2_d7078088/bin/gcc read.o b__read.o /home/runner/work/alire-crates-ci/alire-crates-ci/test/f4aa1053-faf7-445c-a5c0-faec12e7bcb7/zlib_ada_1.3.0_66c182db/zlib-thin.o /home/runner/work/alire-crates-ci/alire-crates-ci/test/f4aa1053-faf7-445c-a5c0-faec12e7bcb7/zlib_ada_1.3.0_66c182db/zlib.o -lz -L/home/runner/work/alire-crates-ci/alire-crates-ci/test/f4aa1053-faf7-445c-a5c0-faec12e7bcb7/zlib_ada_1.3.0_66c182db/ -L/home/runner/work/alire-crates-ci/alire-crates-ci/test/f4aa1053-faf7-445c-a5c0-faec12e7bcb7/zlib_ada_1.3.0_66c182db/ -L/home/runner/.local/share/alire/toolchains/gnat_native_10.3.2_d7078088/lib/gcc/x86_64-pc-linux-gnu/10.3.0/adalib/ -static-libgcc /home/runner/.local/share/alire/toolchains/gnat_native_10.3.2_d7078088/lib/gcc/x86_64-pc-linux-gnu/10.3.0/adalib/libgnat.a -ldl -Wl,-rpath-link,/home/runner/.local/share/alire/toolchains/gnat_native_10.3.2_d7078088/lib/gcc/x86_64-pc-linux-gnu/10.3.0//adalib -Wl,-z,origin,-rpath,$ORIGIN/:$ORIGIN/../../../../../..//.local/share/alire/toolchains/gnat_native_10.3.2_d7078088/lib/gcc/x86_64-pc-linux-gnu/10.3.0/adalib -o read 
   link of mtest.adb failed
   failed command was: /home/runner/.local/share/alire/toolchains/gnat_native_10.3.2_d7078088/bin/gcc mtest.o b__mtest.o /home/runner/work/alire-crates-ci/alire-crates-ci/test/f4aa1053-faf7-445c-a5c0-faec12e7bcb7/zlib_ada_1.3.0_66c182db/zlib-thin.o /home/runner/work/alire-crates-ci/alire-crates-ci/test/f4aa1053-faf7-445c-a5c0-faec12e7bcb7/zlib_ada_1.3.0_66c182db/zlib.o -lz -L/home/runner/work/alire-crates-ci/alire-crates-ci/test/f4aa1053-faf7-445c-a5c0-faec12e7bcb7/zlib_ada_1.3.0_66c182db/ -L/home/runner/work/alire-crates-ci/alire-crates-ci/test/f4aa1053-faf7-445c-a5c0-faec12e7bcb7/zlib_ada_1.3.0_66c182db/ -L/home/runner/.local/share/alire/toolchains/gnat_native_10.3.2_d7078088/lib/gcc/x86_64-pc-linux-gnu/10.3.0/adalib/ -static-libgcc /home/runner/.local/share/alire/toolchains/gnat_native_10.3.2_d7078088/lib/gcc/x86_64-pc-linux-gnu/10.3.0/adalib/libgnarl.a /home/runner/.local/share/alire/toolchains/gnat_native_10.3.2_d7078088/lib/gcc/x86_64-pc-linux-gnu/10.3.0/adalib/libgnat.a -lrt -lpthread -ldl -Wl,-rpath-link,/home/runner/.local/share/alire/toolchains/gnat_native_10.3.2_d7078088/lib/gcc/x86_64-pc-linux-gnu/10.3.0//adalib -Wl,-z,origin,-rpath,$ORIGIN/:$ORIGIN/../../../../../..//.local/share/alire/toolchains/gnat_native_10.3.2_d7078088/lib/gcc/x86_64-pc-linux-gnu/10.3.0/adalib -o mtest 
gprbuild: *** link phase failed
stderr: Command ["gprbuild", "-s", "-j0", "-p", "-P", "/home/runner/work/alire-crates-ci/alire-crates-ci/test/f4aa1053-faf7-445c-a5c0-faec12e7bcb7/zlib_ada_1.3.0_66c182db/zlib.gpr"] exited with code 4
ERROR: Command ["gprbuild", "-s", "-j0", "-p", "-P", "/home/runner/work/alire-crates-ci/alire-crates-ci/test/f4aa1053-faf7-445c-a5c0-faec12e7bcb7/zlib_ada_1.3.0_66c182db/zlib.gpr"] exited with code 4
stderr: ALIRE.CHECKED_ERROR
stderr: Command ["gprbuild", "-s", "-j0", "-p", "-P", "/home/runner/work/alire-crates-ci/alire-crates-ci/test/f4aa1053-faf7-445c-a5c0-faec12e7bcb7/zlib_ada_1.3.0_66c182db/zlib.gpr"] exited with code 4
stderr: raised ALIRE.CHECKED_ERROR : alire-stored-error:1
[/home/runner/work/alire-crates-ci/alire-crates-ci/alire_install/bin/alr]
0xe16f5e Alire.Raise_Checked_Error at alire.adb:284
0xa845be Alire.Os_Lib.Subprocess.Checked_Spawn at alire-os_lib-subprocess.adb:111
0xcef7be Alire.Spawn.Command at alire-spawn.adb:21
0xcefdde Alire.Spawn.Gprbuild at alire-spawn.adb:41
0xc31d1f Alire.Roots.Build at alire-roots.adb:186
0xc304da Alire.Roots.Build at alire-roots.adb:252
0xc53d6f Alire.Roots.Traverse at alire-roots.adb:2075
0xcba1fd Alire.Solutions.Traverse.Visit at alire-solutions.adb:1480
0xcb9344 Alire.Solutions.Traverse at alire-solutions.adb:1563
0xc53e62 Alire.Roots.Traverse at alire-roots.adb:2079
0xc53f21 Alire.Roots.Traverse at alire-roots.adb:2059
0xc30a46 Alire.Roots.Build at alire-roots.adb:283
0xc30b2b Alire.Roots.Build at alire-roots.adb:111
0x4a5e38 Alr.Commands.Get.Retrieve at alr-commands-get.adb:205
0x4a94f3 Alr.Commands.Get.Execute at alr-commands-get.adb:378
0x4a96a1 Alr.Commands.Get.Execute at alr-commands-get.adb:256
0x533c96 Alr.Commands.Sub_Cmd.Execute at clic-subcommand-instance.adb:749
0x53eff7 Alr.Commands.Execute at alr-commands.adb:561
0x43953a Alr.Main at alr-main.adb:13
0x43c1d3 Main at b__alr-main.adb:2299
[/lib/x86_64-linux-gnu/libc.so.6]
0x7f8e0922a1c8
0x7f8e0922a289
[/home/runner/work/alire-crates-ci/alire-crates-ci/alire_install/bin/alr]
0x4393dc _start at ???
0xfffffffffffffffe


Warning: zlib_ada=1.3.0 successfully retrieved but its build failed.
Dependencies were solved as follows:

   +b zlib 1.3.0+. (new,system package)
ERROR: Build ended with errors
