Test ran at 2025-02-05 12:25:50.061942+00:00

SOLUTION:
semantic_versioning=2.1.0: Semantic Versioning in Ada
Origin: commit cc69201134c0a8d695b767a1fd1bf4fd8f6f3880 from https://github.com/alire-project/semantic_versioning.git
Properties:
   Author: Alejandro R. Mosteo
   Description: Semantic Versioning in Ada
   License: LGPL-3.0-only
   Maintainer: alejandro@mosteo.com
   Maintainers_Logins: mosteo
   Name: semantic_versioning
   Tag: semver
   Tag: semantic
   Tag: versioning
   Version: 2.1
   Website: https://github.com/alire-project/semantic_versioning


LOG:
Spawning: alr -d -n get --build semantic_versioning=2.1.0
Note: Deploying semantic_versioning=2.1.0...
Note: Building semantic_versioning=2.1.0/semantic_versioning.gpr...
Setup
   [mkdir]        object directory for project Semantic_Versioning
   [mkdir]        exec directory for project Semantic_Versioning
Compile
   [Ada]          semantic_versioning-demo.adb
   [Ada]          semantic_versioning-parser.adb
   [Ada]          semantic_versioning-extended-parser.adb
   [Ada]          semantic_versioning-extended.adb
   [Ada]          semantic_versioning.adb
   [Ada]          semantic_versioning-basic.adb
Bind
   [gprbind]      semantic_versioning-demo.bexch
   [gprbind]      semantic_versioning-parser.bexch
   [gprbind]      semantic_versioning-extended-parser.bexch
   [Ada]          semantic_versioning-demo.ali
   [Ada]          semantic_versioning-parser.ali
   [Ada]          semantic_versioning-extended-parser.ali
Link
   [link]         semantic_versioning-demo.adb
   [link]         semantic_versioning-parser.adb
   [link]         semantic_versioning-extended-parser.adb
/home/runner/.local/share/alire/toolchains/gnat_native_11.2.4_2f37a10b/bin/../lib/gcc/x86_64-pc-linux-gnu/11.2.0/../../../../x86_64-pc-linux-gnu/bin/ld: /lib/x86_64-linux-gnu/libc.so.6: unknown type [0x13] section `.relr.dyn'
/home/runner/.local/share/alire/toolchains/gnat_native_11.2.4_2f37a10b/bin/../lib/gcc/x86_64-pc-linux-gnu/11.2.0/../../../../x86_64-pc-linux-gnu/bin/ld: skipping incompatible /lib/x86_64-linux-gnu/libc.so.6 when searching for /lib/x86_64-linux-gnu/libc.so.6
/home/runner/.local/share/alire/toolchains/gnat_native_11.2.4_2f37a10b/bin/../lib/gcc/x86_64-pc-linux-gnu/11.2.0/../../../../x86_64-pc-linux-gnu/bin/ld: cannot find /lib/x86_64-linux-gnu/libc.so.6
/home/runner/.local/share/alire/toolchains/gnat_native_11.2.4_2f37a10b/bin/../lib/gcc/x86_64-pc-linux-gnu/11.2.0/../../../../x86_64-pc-linux-gnu/bin/ld: /lib/x86_64-linux-gnu/libc.so.6: unknown type [0x13] section `.relr.dyn'
/home/runner/.local/share/alire/toolchains/gnat_native_11.2.4_2f37a10b/bin/../lib/gcc/x86_64-pc-linux-gnu/11.2.0/../../../../x86_64-pc-linux-gnu/bin/ld: skipping incompatible /lib/x86_64-linux-gnu/libc.so.6 when searching for /lib/x86_64-linux-gnu/libc.so.6
/home/runner/.local/share/alire/toolchains/gnat_native_11.2.4_2f37a10b/bin/../lib/gcc/x86_64-pc-linux-gnu/11.2.0/../../../../x86_64-pc-linux-gnu/bin/ld: /lib64/ld-linux-x86-64.so.2: unknown type [0x13] section `.relr.dyn'
/home/runner/.local/share/alire/toolchains/gnat_native_11.2.4_2f37a10b/bin/../lib/gcc/x86_64-pc-linux-gnu/11.2.0/../../../../x86_64-pc-linux-gnu/bin/ld: skipping incompatible /lib64/ld-linux-x86-64.so.2 when searching for /lib64/ld-linux-x86-64.so.2
/home/runner/.local/share/alire/toolchains/gnat_native_11.2.4_2f37a10b/bin/../lib/gcc/x86_64-pc-linux-gnu/11.2.0/../../../../x86_64-pc-linux-gnu/bin/ld: cannot find /lib64/ld-linux-x86-64.so.2
/home/runner/.local/share/alire/toolchains/gnat_native_11.2.4_2f37a10b/bin/../lib/gcc/x86_64-pc-linux-gnu/11.2.0/../../../../x86_64-pc-linux-gnu/bin/ld: /lib64/ld-linux-x86-64.so.2: unknown type [0x13] section `.relr.dyn'
/home/runner/.local/share/alire/toolchains/gnat_native_11.2.4_2f37a10b/bin/../lib/gcc/x86_64-pc-linux-gnu/11.2.0/../../../../x86_64-pc-linux-gnu/bin/ld: skipping incompatible /lib64/ld-linux-x86-64.so.2 when searching for /lib64/ld-linux-x86-64.so.2
collect2: error: ld returned 1 exit status
/home/runner/.local/share/alire/toolchains/gnat_native_11.2.4_2f37a10b/bin/../lib/gcc/x86_64-pc-linux-gnu/11.2.0/../../../../x86_64-pc-linux-gnu/bin/ld: /lib/x86_64-linux-gnu/libc.so.6: unknown type [0x13] section `.relr.dyn'
/home/runner/.local/share/alire/toolchains/gnat_native_11.2.4_2f37a10b/bin/../lib/gcc/x86_64-pc-linux-gnu/11.2.0/../../../../x86_64-pc-linux-gnu/bin/ld: skipping incompatible /lib/x86_64-linux-gnu/libc.so.6 when searching for /lib/x86_64-linux-gnu/libc.so.6
/home/runner/.local/share/alire/toolchains/gnat_native_11.2.4_2f37a10b/bin/../lib/gcc/x86_64-pc-linux-gnu/11.2.0/../../../../x86_64-pc-linux-gnu/bin/ld: cannot find /lib/x86_64-linux-gnu/libc.so.6
/home/runner/.local/share/alire/toolchains/gnat_native_11.2.4_2f37a10b/bin/../lib/gcc/x86_64-pc-linux-gnu/11.2.0/../../../../x86_64-pc-linux-gnu/bin/ld: /lib/x86_64-linux-gnu/libc.so.6: unknown type [0x13] section `.relr.dyn'
/home/runner/.local/share/alire/toolchains/gnat_native_11.2.4_2f37a10b/bin/../lib/gcc/x86_64-pc-linux-gnu/11.2.0/../../../../x86_64-pc-linux-gnu/bin/ld: skipping incompatible /lib/x86_64-linux-gnu/libc.so.6 when searching for /lib/x86_64-linux-gnu/libc.so.6
/home/runner/.local/share/alire/toolchains/gnat_native_11.2.4_2f37a10b/bin/../lib/gcc/x86_64-pc-linux-gnu/11.2.0/../../../../x86_64-pc-linux-gnu/bin/ld: /lib64/ld-linux-x86-64.so.2: unknown type [0x13] section `.relr.dyn'
/home/runner/.local/share/alire/toolchains/gnat_native_11.2.4_2f37a10b/bin/../lib/gcc/x86_64-pc-linux-gnu/11.2.0/../../../../x86_64-pc-linux-gnu/bin/ld: /lib/x86_64-linux-gnu/libc.so.6: unknown type [0x13] section `.relr.dyn'
/home/runner/.local/share/alire/toolchains/gnat_native_11.2.4_2f37a10b/bin/../lib/gcc/x86_64-pc-linux-gnu/11.2.0/../../../../x86_64-pc-linux-gnu/bin/ld: skipping incompatible /lib64/ld-linux-x86-64.so.2 when searching for /lib64/ld-linux-x86-64.so.2
/home/runner/.local/share/alire/toolchains/gnat_native_11.2.4_2f37a10b/bin/../lib/gcc/x86_64-pc-linux-gnu/11.2.0/../../../../x86_64-pc-linux-gnu/bin/ld: cannot find /lib64/ld-linux-x86-64.so.2
/home/runner/.local/share/alire/toolchains/gnat_native_11.2.4_2f37a10b/bin/../lib/gcc/x86_64-pc-linux-gnu/11.2.0/../../../../x86_64-pc-linux-gnu/bin/ld: /lib64/ld-linux-x86-64.so.2: unknown type [0x13] section `.relr.dyn'
/home/runner/.local/share/alire/toolchains/gnat_native_11.2.4_2f37a10b/bin/../lib/gcc/x86_64-pc-linux-gnu/11.2.0/../../../../x86_64-pc-linux-gnu/bin/ld/home/runner/.local/share/alire/toolchains/gnat_native_11.2.4_2f37a10b/bin/../lib/gcc/x86_64-pc-linux-gnu/11.2.0/../../../../x86_64-pc-linux-gnu/bin/ld: skipping incompatible : skipping incompatible /lib64/ld-linux-x86-64.so.2/lib/x86_64-linux-gnu/libc.so.6 when searching for  when searching for /lib64/ld-linux-x86-64.so.2/lib/x86_64-linux-gnu/libc.so.6

/home/runner/.local/share/alire/toolchains/gnat_native_11.2.4_2f37a10b/bin/../lib/gcc/x86_64-pc-linux-gnu/11.2.0/../../../../x86_64-pc-linux-gnu/bin/ld: cannot find /lib/x86_64-linux-gnu/libc.so.6
/home/runner/.local/share/alire/toolchains/gnat_native_11.2.4_2f37a10b/bin/../lib/gcc/x86_64-pc-linux-gnu/11.2.0/../../../../x86_64-pc-linux-gnu/bin/ld: /lib/x86_64-linux-gnu/libc.so.6: unknown type [0x13] section `.relr.dyn'
/home/runner/.local/share/alire/toolchains/gnat_native_11.2.4_2f37a10b/bin/../lib/gcc/x86_64-pc-linux-gnu/11.2.0/../../../../x86_64-pc-linux-gnu/bin/ld: skipping incompatible /lib/x86_64-linux-gnu/libc.so.6 when searching for /lib/x86_64-linux-gnu/libc.so.6
/home/runner/.local/share/alire/toolchains/gnat_native_11.2.4_2f37a10b/bin/../lib/gcc/x86_64-pc-linux-gnu/11.2.0/../../../../x86_64-pc-linux-gnu/bin/ld: /lib64/ld-linux-x86-64.so.2: unknown type [0x13] section `.relr.dyn'
/home/runner/.local/share/alire/toolchains/gnat_native_11.2.4_2f37a10b/bin/../lib/gcc/x86_64-pc-linux-gnu/11.2.0/../../../../x86_64-pc-linux-gnu/bin/ld: skipping incompatible /lib64/ld-linux-x86-64.so.2 when searching for /lib64/ld-linux-x86-64.so.2
/home/runner/.local/share/alire/toolchains/gnat_native_11.2.4_2f37a10b/bin/../lib/gcc/x86_64-pc-linux-gnu/11.2.0/../../../../x86_64-pc-linux-gnu/bin/ld: cannot find /lib64/ld-linux-x86-64.so.2
/home/runner/.local/share/alire/toolchains/gnat_native_11.2.4_2f37a10b/bin/../lib/gcc/x86_64-pc-linux-gnu/11.2.0/../../../../x86_64-pc-linux-gnu/bin/ld: /lib64/ld-linux-x86-64.so.2: unknown type [0x13] section `.relr.dyn'
/home/runner/.local/share/alire/toolchains/gnat_native_11.2.4_2f37a10b/bin/../lib/gcc/x86_64-pc-linux-gnu/11.2.0/../../../../x86_64-pc-linux-gnu/bin/ld: skipping incompatible /lib64/ld-linux-x86-64.so.2 when searching for /lib64/ld-linux-x86-64.so.2
collect2: error: ld returned 1 exit status
collect2: error: ld returned 1 exit status
   link of semantic_versioning-demo.adb failed
   failed command was: /home/runner/.local/share/alire/toolchains/gnat_native_11.2.4_2f37a10b/bin/gcc semantic_versioning-demo.o b__semantic_versioning-demo.o /home/runner/work/alire-crates-ci/alire-crates-ci/test/649334a5-286e-4b35-81cc-77fee1724005/semantic_versioning_2.1.0_cc692011/obj/semantic_versioning-basic.o /home/runner/work/alire-crates-ci/alire-crates-ci/test/649334a5-286e-4b35-81cc-77fee1724005/semantic_versioning_2.1.0_cc692011/obj/semantic_versioning-extended.o /home/runner/work/alire-crates-ci/alire-crates-ci/test/649334a5-286e-4b35-81cc-77fee1724005/semantic_versioning_2.1.0_cc692011/obj/semantic_versioning.o -g -L/home/runner/work/alire-crates-ci/alire-crates-ci/test/649334a5-286e-4b35-81cc-77fee1724005/semantic_versioning_2.1.0_cc692011/obj/ -L/home/runner/work/alire-crates-ci/alire-crates-ci/test/649334a5-286e-4b35-81cc-77fee1724005/semantic_versioning_2.1.0_cc692011/obj/ -L/home/runner/.local/share/alire/toolchains/gnat_native_11.2.4_2f37a10b/lib/gcc/x86_64-pc-linux-gnu/11.2.0/adalib/ -static-libgcc /home/runner/.local/share/alire/toolchains/gnat_native_11.2.4_2f37a10b/lib/gcc/x86_64-pc-linux-gnu/11.2.0/adalib/libgnat.a -ldl -Wl,-rpath-link,/home/runner/.local/share/alire/toolchains/gnat_native_11.2.4_2f37a10b/lib/gcc/x86_64-pc-linux-gnu/11.2.0//adalib -Wl,-z,origin,-rpath,$ORIGIN/..//obj:$ORIGIN/../../../../../../..//.local/share/alire/toolchains/gnat_native_11.2.4_2f37a10b/lib/gcc/x86_64-pc-linux-gnu/11.2.0/adalib -o /home/runner/work/alire-crates-ci/alire-crates-ci/test/649334a5-286e-4b35-81cc-77fee1724005/semantic_versioning_2.1.0_cc692011/bin//demo 
   link of semantic_versioning-parser.adb failed
   failed command was: /home/runner/.local/share/alire/toolchains/gnat_native_11.2.4_2f37a10b/bin/gcc semantic_versioning-parser.o b__semantic_versioning-parser.o /home/runner/work/alire-crates-ci/alire-crates-ci/test/649334a5-286e-4b35-81cc-77fee1724005/semantic_versioning_2.1.0_cc692011/obj/semantic_versioning-basic.o /home/runner/work/alire-crates-ci/alire-crates-ci/test/649334a5-286e-4b35-81cc-77fee1724005/semantic_versioning_2.1.0_cc692011/obj/semantic_versioning-extended.o /home/runner/work/alire-crates-ci/alire-crates-ci/test/649334a5-286e-4b35-81cc-77fee1724005/semantic_versioning_2.1.0_cc692011/obj/semantic_versioning.o -g -L/home/runner/work/alire-crates-ci/alire-crates-ci/test/649334a5-286e-4b35-81cc-77fee1724005/semantic_versioning_2.1.0_cc692011/obj/ -L/home/runner/work/alire-crates-ci/alire-crates-ci/test/649334a5-286e-4b35-81cc-77fee1724005/semantic_versioning_2.1.0_cc692011/obj/ -L/home/runner/.local/share/alire/toolchains/gnat_native_11.2.4_2f37a10b/lib/gcc/x86_64-pc-linux-gnu/11.2.0/adalib/ -static-libgcc /home/runner/.local/share/alire/toolchains/gnat_native_11.2.4_2f37a10b/lib/gcc/x86_64-pc-linux-gnu/11.2.0/adalib/libgnat.a -ldl -Wl,-rpath-link,/home/runner/.local/share/alire/toolchains/gnat_native_11.2.4_2f37a10b/lib/gcc/x86_64-pc-linux-gnu/11.2.0//adalib -Wl,-z,origin,-rpath,$ORIGIN/..//obj:$ORIGIN/../../../../../../..//.local/share/alire/toolchains/gnat_native_11.2.4_2f37a10b/lib/gcc/x86_64-pc-linux-gnu/11.2.0/adalib -o /home/runner/work/alire-crates-ci/alire-crates-ci/test/649334a5-286e-4b35-81cc-77fee1724005/semantic_versioning_2.1.0_cc692011/bin//semantic_versioning-parser 
   link of semantic_versioning-extended-parser.adb failed
   failed command was: /home/runner/.local/share/alire/toolchains/gnat_native_11.2.4_2f37a10b/bin/gcc semantic_versioning-extended-parser.o b__semantic_versioning-extended-parser.o /home/runner/work/alire-crates-ci/alire-crates-ci/test/649334a5-286e-4b35-81cc-77fee1724005/semantic_versioning_2.1.0_cc692011/obj/semantic_versioning-basic.o /home/runner/work/alire-crates-ci/alire-crates-ci/test/649334a5-286e-4b35-81cc-77fee1724005/semantic_versioning_2.1.0_cc692011/obj/semantic_versioning-extended.o /home/runner/work/alire-crates-ci/alire-crates-ci/test/649334a5-286e-4b35-81cc-77fee1724005/semantic_versioning_2.1.0_cc692011/obj/semantic_versioning.o -g -L/home/runner/work/alire-crates-ci/alire-crates-ci/test/649334a5-286e-4b35-81cc-77fee1724005/semantic_versioning_2.1.0_cc692011/obj/ -L/home/runner/work/alire-crates-ci/alire-crates-ci/test/649334a5-286e-4b35-81cc-77fee1724005/semantic_versioning_2.1.0_cc692011/obj/ -L/home/runner/.local/share/alire/toolchains/gnat_native_11.2.4_2f37a10b/lib/gcc/x86_64-pc-linux-gnu/11.2.0/adalib/ -static-libgcc /home/runner/.local/share/alire/toolchains/gnat_native_11.2.4_2f37a10b/lib/gcc/x86_64-pc-linux-gnu/11.2.0/adalib/libgnat.a -ldl -Wl,-rpath-link,/home/runner/.local/share/alire/toolchains/gnat_native_11.2.4_2f37a10b/lib/gcc/x86_64-pc-linux-gnu/11.2.0//adalib -Wl,-z,origin,-rpath,$ORIGIN/..//obj:$ORIGIN/../../../../../../..//.local/share/alire/toolchains/gnat_native_11.2.4_2f37a10b/lib/gcc/x86_64-pc-linux-gnu/11.2.0/adalib -o /home/runner/work/alire-crates-ci/alire-crates-ci/test/649334a5-286e-4b35-81cc-77fee1724005/semantic_versioning_2.1.0_cc692011/bin//semantic_versioning-extended-parser 
gprbuild: *** link phase failed
stderr: Command ["gprbuild", "-s", "-j0", "-p", "-P", "/home/runner/work/alire-crates-ci/alire-crates-ci/test/649334a5-286e-4b35-81cc-77fee1724005/semantic_versioning_2.1.0_cc692011/semantic_versioning.gpr"] exited with code 4
ERROR: Command ["gprbuild", "-s", "-j0", "-p", "-P", "/home/runner/work/alire-crates-ci/alire-crates-ci/test/649334a5-286e-4b35-81cc-77fee1724005/semantic_versioning_2.1.0_cc692011/semantic_versioning.gpr"] exited with code 4
stderr: ALIRE.CHECKED_ERROR
stderr: Command ["gprbuild", "-s", "-j0", "-p", "-P", "/home/runner/work/alire-crates-ci/alire-crates-ci/test/649334a5-286e-4b35-81cc-77fee1724005/semantic_versioning_2.1.0_cc692011/semantic_versioning.gpr"] exited with code 4
stderr: raised ALIRE.CHECKED_ERROR : alire-stored-error:1
[/home/runner/work/alire-crates-ci/alire-crates-ci/alire_install/bin/alr]
0xe16f5e Alire.Raise_Checked_Error at alire.adb:284
0xa845be Alire.Os_Lib.Subprocess.Checked_Spawn at alire-os_lib-subprocess.adb:111
0xcef7be Alire.Spawn.Command at alire-spawn.adb:21
0xcefdde Alire.Spawn.Gprbuild at alire-spawn.adb:41
0xc31d1f Alire.Roots.Build at alire-roots.adb:186
0xc304da Alire.Roots.Build at alire-roots.adb:252
0xc53d6f Alire.Roots.Traverse at alire-roots.adb:2075
0xcba1fd Alire.Solutions.Traverse.Visit at alire-solutions.adb:1480
0xcb9344 Alire.Solutions.Traverse at alire-solutions.adb:1563
0xc53e62 Alire.Roots.Traverse at alire-roots.adb:2079
0xc53f21 Alire.Roots.Traverse at alire-roots.adb:2059
0xc30a46 Alire.Roots.Build at alire-roots.adb:283
0xc30b2b Alire.Roots.Build at alire-roots.adb:111
0x4a5e38 Alr.Commands.Get.Retrieve at alr-commands-get.adb:205
0x4a94f3 Alr.Commands.Get.Execute at alr-commands-get.adb:378
0x4a96a1 Alr.Commands.Get.Execute at alr-commands-get.adb:256
0x533c96 Alr.Commands.Sub_Cmd.Execute at clic-subcommand-instance.adb:749
0x53eff7 Alr.Commands.Execute at alr-commands.adb:561
0x43953a Alr.Main at alr-main.adb:13
0x43c1d3 Main at b__alr-main.adb:2299
[/lib/x86_64-linux-gnu/libc.so.6]
0x7f0a74a2a1c8
0x7f0a74a2a289
[/home/runner/work/alire-crates-ci/alire-crates-ci/alire_install/bin/alr]
0x4393dc _start at ???
0xfffffffffffffffe


Warning: semantic_versioning=2.1.0 successfully retrieved but its build failed.
There are no dependencies.
ERROR: Build ended with errors
