Test ran at 2024-10-12 00:48:14.721813+00:00

SOLUTION:
mathpaqs=20230121.0.0: A collection of mathematical, 100% portable, packages
Origin: source archive mathpaqs_2023_01_21.zip at https://sourceforge.net/projects/mathpaqs/files/mathpaqs_2023_01_21.zip with hash sha512:773568e53ad59b7e7a55816e1b5cc57f9a20518e80b8942f2f4a5235afc6433984fc8e85a608e7743b12caa30fba4c9adce74a1a6f296c5c1595fe55ae6dc3d5
Properties:
   Author: Gautier de Montmollin
   Description: A collection of mathematical, 100% portable, packages
   Executable: arenstorf
   Executable: arithmetic_compression
   Executable: biomorph
   Executable: champ_vt
   Executable: cr_demo
   Executable: fractal
   Executable: gnat_int
   Executable: ppm2func
   Executable: show_floats_limits
   Executable: test_beta
   Executable: test_cholesky
   Executable: test_copulas
   Executable: test_ert
   Executable: test_estimators
   Executable: test_formulas
   Executable: test_gamma
   Executable: test_generic_real_linear_equations
   Executable: test_normal
   Executable: test_pareto
   Executable: test_poisson
   Executable: test_qr
   Executable: test_random_performance
   Executable: test_rsa
   Executable: test_samples
   Executable: test_sparse
   Executable: test_u_rand
   Executable: test_discrete_random_simulation
   License: MIT
   Maintainer: alejandro@mosteo.com
   Maintainers_Logins: mosteo
   Maintainers_Logins: zertovitch
   Name: mathpaqs
   Tag: mathematics
   Tag: numerics
   Tag: algebra
   Tag: matrix
   Tag: probability
   Tag: statistics
   Tag: runge
   Tag: kutta
   Tag: runge-kutta
   Version: 20230121.0.0
   Website: https://mathpaqs.sourceforge.io/


LOG:
Note: Deploying mathpaqs=20230121.0.0...
#=#=#                                                                          
##=#=#                                                                         
##-=#=-#                                                                       

######################################################################## 100.0%# #-=#=-#                                                                      

##                                                                         2.8%
######################################################################## 100.0%
Note: Building mathpaqs/mathpaqs.gpr...
Compile
   [Ada]          fractal.adb
   [Ada]          biomorph.adb
   [Ada]          champ_vt.adb
   [Ada]          arenstorf.adb
   [Ada]          cr_demo.adb
   [Ada]          ppm2func.adb
   [Ada]          arithmetic_compression.adb
   [Ada]          show_floats_limits.adb
   [Ada]          heat.adb
   [Ada]          pi_digits.adb
   [Ada]          three_lakes.adb
   [Ada]          covid_19.adb
   [Ada]          graph.adb
   [Ada]          contours.adb
   [Ada]          multi_precision_integers.adb
   [Ada]          dormand_prince_8.ads
   [Ada]          g_matrices.adb
graph.adb:44:43: warning: there are no others
graph.adb:48:43: warning: there are no others
graph.adb:238:03: warning: "current_fill_pattern_user" is not modified, could be declared constant
graph.adb:249:03: warning: "multi_page_available" is not modified, could be declared constant
graph.adb:758:23: warning: formal parameter "x" is not referenced
graph.adb:758:25: warning: formal parameter "y" is not referenced
graph.adb:758:36: warning: formal parameter "border" is not referenced
graph.adb:832:20: warning: lower bound check only fails if it is invalid
graph.adb:987:12: warning: "others" choice is redundant
graph.adb:987:12: warning: previous choices cover all values
graph.adb:1146:49: warning: redundant conversion, "dx" is of type "Float"
graph.adb:1147:49: warning: redundant conversion, "dy" is of type "Float"
graph.adb:1170:49: warning: redundant conversion, "dx" is of type "Float"
graph.adb:1171:49: warning: redundant conversion, "dy" is of type "Float"
graph.adb:1204:07: warning: "f" is not modified, could be declared constant
graph.adb:1372:05: warning: "c" is not modified, could be declared constant
graph.adb:1559:27: warning: formal parameter "col" is not referenced
graph.adb:1559:32: warning: formal parameter "r" is not referenced
graph.adb:1559:34: warning: formal parameter "g" is not referenced
graph.adb:1559:36: warning: formal parameter "b" is not referenced
   [Ada]          graph-postscript_driver.adb
   [Ada]          time_display.adb
   [Ada]          multi_precision_integers-check.adb
   [Ada]          multi_precision_integers-io.adb
Bind
   [gprbind]      fractal.bexch
   [gprbind]      biomorph.bexch
   [gprbind]      champ_vt.bexch
   [gprbind]      arenstorf.bexch
   [Ada]          fractal.ali
   [Ada]          biomorph.ali
   [Ada]          champ_vt.ali
   [Ada]          arenstorf.ali
   [gprbind]      cr_demo.bexch
   [gprbind]      ppm2func.bexch
   [Ada]          cr_demo.ali
   [gprbind]      arithmetic_compression.bexch
   [Ada]          ppm2func.ali
   [gprbind]      show_floats_limits.bexch
   [Ada]          arithmetic_compression.ali
   [Ada]          show_floats_limits.ali
   [gprbind]      heat.bexch
   [gprbind]      pi_digits.bexch
   [gprbind]      three_lakes.bexch
   [Ada]          heat.ali
   [Ada]          pi_digits.ali
   [Ada]          three_lakes.ali
   [gprbind]      covid_19.bexch
   [Ada]          covid_19.ali
Link
   [link]         fractal.adb
   [link]         biomorph.adb
   [link]         champ_vt.adb
   [link]         arenstorf.adb
/home/runner/.config/alire/cache/dependencies/gnat_native_11.2.4_2f37a10b/bin/../lib/gcc/x86_64-pc-linux-gnu/11.2.0/../../../../x86_64-pc-linux-gnu/bin/ld: /lib/x86_64-linux-gnu/libm.so.6: unknown type [0x13] section `.relr.dyn'
/home/runner/.config/alire/cache/dependencies/gnat_native_11.2.4_2f37a10b/bin/../lib/gcc/x86_64-pc-linux-gnu/11.2.0/../../../../x86_64-pc-linux-gnu/bin/ld: /lib/x86_64-linux-gnu/libm.so.6: unknown type [0x13] section `.relr.dyn'
/home/runner/.config/alire/cache/dependencies/gnat_native_11.2.4_2f37a10b/bin/../lib/gcc/x86_64-pc-linux-gnu/11.2.0/../../../../x86_64-pc-linux-gnu/bin/ld: skipping incompatible /lib/x86_64-linux-gnu/libm.so.6 when searching for /lib/x86_64-linux-gnu/libm.so.6
/home/runner/.config/alire/cache/dependencies/gnat_native_11.2.4_2f37a10b/bin/../lib/gcc/x86_64-pc-linux-gnu/11.2.0/../../../../x86_64-pc-linux-gnu/bin/ld: cannot find /lib/x86_64-linux-gnu/libm.so.6
/home/runner/.config/alire/cache/dependencies/gnat_native_11.2.4_2f37a10b/bin/../lib/gcc/x86_64-pc-linux-gnu/11.2.0/../../../../x86_64-pc-linux-gnu/bin/ld: skipping incompatible /lib/x86_64-linux-gnu/libm.so.6 when searching for /lib/x86_64-linux-gnu/libm.so.6
/home/runner/.config/alire/cache/dependencies/gnat_native_11.2.4_2f37a10b/bin/../lib/gcc/x86_64-pc-linux-gnu/11.2.0/../../../../x86_64-pc-linux-gnu/bin/ld: cannot find /lib/x86_64-linux-gnu/libm.so.6
/home/runner/.config/alire/cache/dependencies/gnat_native_11.2.4_2f37a10b/bin/../lib/gcc/x86_64-pc-linux-gnu/11.2.0/../../../../x86_64-pc-linux-gnu/bin/ld: /lib/x86_64-linux-gnu/libm.so.6: unknown type [0x13] section `.relr.dyn'
/home/runner/.config/alire/cache/dependencies/gnat_native_11.2.4_2f37a10b/bin/../lib/gcc/x86_64-pc-linux-gnu/11.2.0/../../../../x86_64-pc-linux-gnu/bin/ld: /lib/x86_64-linux-gnu/libm.so.6: unknown type [0x13] section `.relr.dyn/home/runner/.config/alire/cache/dependencies/gnat_native_11.2.4_2f37a10b/bin/../lib/gcc/x86_64-pc-linux-gnu/11.2.0/../../../../x86_64-pc-linux-gnu/bin/ld': skipping incompatible 
/lib/x86_64-linux-gnu/libm.so.6 when searching for /lib/x86_64-linux-gnu/libm.so.6
/home/runner/.config/alire/cache/dependencies/gnat_native_11.2.4_2f37a10b/bin/../lib/gcc/x86_64-pc-linux-gnu/11.2.0/../../../../x86_64-pc-linux-gnu/bin/ld: skipping incompatible /lib/x86_64-linux-gnu/libm.so.6 when searching for /lib/x86_64-linux-gnu/libm.so.6
/home/runner/.config/alire/cache/dependencies/gnat_native_11.2.4_2f37a10b/bin/../lib/gcc/x86_64-pc-linux-gnu/11.2.0/../../../../x86_64-pc-linux-gnu/bin/ld: /lib/x86_64-linux-gnu/libmvec.so.1: unknown type [0x13] section `.relr.dyn'
/home/runner/.config/alire/cache/dependencies/gnat_native_11.2.4_2f37a10b/bin/../lib/gcc/x86_64-pc-linux-gnu/11.2.0/../../../../x86_64-pc-linux-gnu/bin/ld: /lib/x86_64-linux-gnu/libmvec.so.1: unknown type [0x13] section `.relr.dyn'
/home/runner/.config/alire/cache/dependencies/gnat_native_11.2.4_2f37a10b/bin/../lib/gcc/x86_64-pc-linux-gnu/11.2.0/../../../../x86_64-pc-linux-gnu/bin/ld: skipping incompatible /lib/x86_64-linux-gnu/libmvec.so.1 when searching for /lib/x86_64-linux-gnu/libmvec.so.1
/home/runner/.config/alire/cache/dependencies/gnat_native_11.2.4_2f37a10b/bin/../lib/gcc/x86_64-pc-linux-gnu/11.2.0/../../../../x86_64-pc-linux-gnu/bin/ld: cannot find /lib/x86_64-linux-gnu/libmvec.so.1
/home/runner/.config/alire/cache/dependencies/gnat_native_11.2.4_2f37a10b/bin/../lib/gcc/x86_64-pc-linux-gnu/11.2.0/../../../../x86_64-pc-linux-gnu/bin/ld: skipping incompatible /lib/x86_64-linux-gnu/libmvec.so.1 when searching for /lib/x86_64-linux-gnu/libmvec.so.1
/home/runner/.config/alire/cache/dependencies/gnat_native_11.2.4_2f37a10b/bin/../lib/gcc/x86_64-pc-linux-gnu/11.2.0/../../../../x86_64-pc-linux-gnu/bin/ld: cannot find /lib/x86_64-linux-gnu/libmvec.so.1
/home/runner/.config/alire/cache/dependencies/gnat_native_11.2.4_2f37a10b/bin/../lib/gcc/x86_64-pc-linux-gnu/11.2.0/../../../../x86_64-pc-linux-gnu/bin/ld: /lib/x86_64-linux-gnu/libmvec.so.1: unknown type [0x13] section `.relr.dyn'
/home/runner/.config/alire/cache/dependencies/gnat_native_11.2.4_2f37a10b/bin/../lib/gcc/x86_64-pc-linux-gnu/11.2.0/../../../../x86_64-pc-linux-gnu/bin/ld: /lib/x86_64-linux-gnu/libmvec.so.1: unknown type [0x13] section `.relr.dyn'
/home/runner/.config/alire/cache/dependencies/gnat_native_11.2.4_2f37a10b/bin/../lib/gcc/x86_64-pc-linux-gnu/11.2.0/../../../../x86_64-pc-linux-gnu/bin/ld: skipping incompatible /lib/x86_64-linux-gnu/libmvec.so.1 when searching for /lib/x86_64-linux-gnu/libmvec.so.1
/home/runner/.config/alire/cache/dependencies/gnat_native_11.2.4_2f37a10b/bin/../lib/gcc/x86_64-pc-linux-gnu/11.2.0/../../../../x86_64-pc-linux-gnu/bin/ld: skipping incompatible /lib/x86_64-linux-gnu/libmvec.so.1 when searching for /lib/x86_64-linux-gnu/libmvec.so.1
/home/runner/.config/alire/cache/dependencies/gnat_native_11.2.4_2f37a10b/bin/../lib/gcc/x86_64-pc-linux-gnu/11.2.0/../../../../x86_64-pc-linux-gnu/bin/ld: /lib/x86_64-linux-gnu/libm.so.6: unknown type [0x13] section `.relr.dyn'
/home/runner/.config/alire/cache/dependencies/gnat_native_11.2.4_2f37a10b/bin/../lib/gcc/x86_64-pc-linux-gnu/11.2.0/../../../../x86_64-pc-linux-gnu/bin/ld: skipping incompatible /lib/x86_64-linux-gnu/libm.so.6 when searching for /lib/x86_64-linux-gnu/libm.so.6
/home/runner/.config/alire/cache/dependencies/gnat_native_11.2.4_2f37a10b/bin/../lib/gcc/x86_64-pc-linux-gnu/11.2.0/../../../../x86_64-pc-linux-gnu/bin/ld: cannot find /lib/x86_64-linux-gnu/libm.so.6
/home/runner/.config/alire/cache/dependencies/gnat_native_11.2.4_2f37a10b/bin/../lib/gcc/x86_64-pc-linux-gnu/11.2.0/../../../../x86_64-pc-linux-gnu/bin/ld: /lib/x86_64-linux-gnu/libm.so.6: unknown type [0x13] section `.relr.dyn'
/home/runner/.config/alire/cache/dependencies/gnat_native_11.2.4_2f37a10b/bin/../lib/gcc/x86_64-pc-linux-gnu/11.2.0/../../../../x86_64-pc-linux-gnu/bin/ld: skipping incompatible /lib/x86_64-linux-gnu/libm.so.6 when searching for /lib/x86_64-linux-gnu/libm.so.6
/home/runner/.config/alire/cache/dependencies/gnat_native_11.2.4_2f37a10b/bin/../lib/gcc/x86_64-pc-linux-gnu/11.2.0/../../../../x86_64-pc-linux-gnu/bin/ld: collect2: error: ld returned 1 exit status
collect2: error: ld returned 1 exit status
/lib/x86_64-linux-gnu/libmvec.so.1: unknown type [0x13] section `.relr.dyn'
/home/runner/.config/alire/cache/dependencies/gnat_native_11.2.4_2f37a10b/bin/../lib/gcc/x86_64-pc-linux-gnu/11.2.0/../../../../x86_64-pc-linux-gnu/bin/ld: skipping incompatible /lib/x86_64-linux-gnu/libmvec.so.1 when searching for /lib/x86_64-linux-gnu/libmvec.so.1
/home/runner/.config/alire/cache/dependencies/gnat_native_11.2.4_2f37a10b/bin/../lib/gcc/x86_64-pc-linux-gnu/11.2.0/../../../../x86_64-pc-linux-gnu/bin/ld: cannot find /lib/x86_64-linux-gnu/libmvec.so.1
/home/runner/.config/alire/cache/dependencies/gnat_native_11.2.4_2f37a10b/bin/../lib/gcc/x86_64-pc-linux-gnu/11.2.0/../../../../x86_64-pc-linux-gnu/bin/ld: /lib/x86_64-linux-gnu/libmvec.so.1: unknown type [0x13] section `.relr.dyn'
/home/runner/.config/alire/cache/dependencies/gnat_native_11.2.4_2f37a10b/bin/../lib/gcc/x86_64-pc-linux-gnu/11.2.0/../../../../x86_64-pc-linux-gnu/bin/ld: skipping incompatible /lib/x86_64-linux-gnu/libmvec.so.1 when searching for /lib/x86_64-linux-gnu/libmvec.so.1
/home/runner/.config/alire/cache/dependencies/gnat_native_11.2.4_2f37a10b/bin/../lib/gcc/x86_64-pc-linux-gnu/11.2.0/../../../../x86_64-pc-linux-gnu/bin/ld: /lib/x86_64-linux-gnu/libm.so.6: unknown type [0x13] section `.relr.dyn'
/home/runner/.config/alire/cache/dependencies/gnat_native_11.2.4_2f37a10b/bin/../lib/gcc/x86_64-pc-linux-gnu/11.2.0/../../../../x86_64-pc-linux-gnu/bin/ld: skipping incompatible /lib/x86_64-linux-gnu/libm.so.6 when searching for /lib/x86_64-linux-gnu/libm.so.6
/home/runner/.config/alire/cache/dependencies/gnat_native_11.2.4_2f37a10b/bin/../lib/gcc/x86_64-pc-linux-gnu/11.2.0/../../../../x86_64-pc-linux-gnu/bin/ld: cannot find /lib/x86_64-linux-gnu/libm.so.6
/home/runner/.config/alire/cache/dependencies/gnat_native_11.2.4_2f37a10b/bin/../lib/gcc/x86_64-pc-linux-gnu/11.2.0/../../../../x86_64-pc-linux-gnu/bin/ld: /lib/x86_64-linux-gnu/libm.so.6: unknown type [0x13] section `.relr.dyn'
/home/runner/.config/alire/cache/dependencies/gnat_native_11.2.4_2f37a10b/bin/../lib/gcc/x86_64-pc-linux-gnu/11.2.0/../../../../x86_64-pc-linux-gnu/bin/ld: skipping incompatible /lib/x86_64-linux-gnu/libm.so.6 when searching for /lib/x86_64-linux-gnu/libm.so.6
/home/runner/.config/alire/cache/dependencies/gnat_native_11.2.4_2f37a10b/bin/../lib/gcc/x86_64-pc-linux-gnu/11.2.0/../../../../x86_64-pc-linux-gnu/bin/ld: /lib/x86_64-linux-gnu/libmvec.so.1: unknown type [0x13] section `.relr.dyn'
/home/runner/.config/alire/cache/dependencies/gnat_native_11.2.4_2f37a10b/bin/../lib/gcc/x86_64-pc-linux-gnu/11.2.0/../../../../x86_64-pc-linux-gnu/bin/ld: skipping incompatible /lib/x86_64-linux-gnu/libmvec.so.1 when searching for /lib/x86_64-linux-gnu/libmvec.so.1
/home/runner/.config/alire/cache/dependencies/gnat_native_11.2.4_2f37a10b/bin/../lib/gcc/x86_64-pc-linux-gnu/11.2.0/../../../../x86_64-pc-linux-gnu/bin/ld: cannot find /lib/x86_64-linux-gnu/libmvec.so.1
/home/runner/.config/alire/cache/dependencies/gnat_native_11.2.4_2f37a10b/bin/../lib/gcc/x86_64-pc-linux-gnu/11.2.0/../../../../x86_64-pc-linux-gnu/bin/ld: /lib/x86_64-linux-gnu/libmvec.so.1: unknown type [0x13] section `.relr.dyn'
/home/runner/.config/alire/cache/dependencies/gnat_native_11.2.4_2f37a10b/bin/../lib/gcc/x86_64-pc-linux-gnu/11.2.0/../../../../x86_64-pc-linux-gnu/bin/ld: skipping incompatible /lib/x86_64-linux-gnu/libmvec.so.1 when searching for /lib/x86_64-linux-gnu/libmvec.so.1
collect2: error: ld returned 1 exit status
collect2: error: ld returned 1 exit status
   link of fractal.adb failed
   failed command was: /home/runner/.config/alire/cache/dependencies/gnat_native_11.2.4_2f37a10b/bin/gcc fractal.o b__fractal.o /home/runner/work/alire-crates-ci/alire-crates-ci/test/2e6d69ed-1a0c-464b-819e-dd5a7e4c023f/mathpaqs_20230121.0.0_773568e5/obj_fast/time_display.o /home/runner/work/alire-crates-ci/alire-crates-ci/test/2e6d69ed-1a0c-464b-819e-dd5a7e4c023f/mathpaqs_20230121.0.0_773568e5/obj_fast/graph-postscript_driver.o /home/runner/work/alire-crates-ci/alire-crates-ci/test/2e6d69ed-1a0c-464b-819e-dd5a7e4c023f/mathpaqs_20230121.0.0_773568e5/obj_fast/graph.o -g -L/home/runner/work/alire-crates-ci/alire-crates-ci/test/2e6d69ed-1a0c-464b-819e-dd5a7e4c023f/mathpaqs_20230121.0.0_773568e5/obj_fast/ -L/home/runner/work/alire-crates-ci/alire-crates-ci/test/2e6d69ed-1a0c-464b-819e-dd5a7e4c023f/mathpaqs_20230121.0.0_773568e5/obj_fast/ -L/home/runner/.config/alire/cache/dependencies/gnat_native_11.2.4_2f37a10b/lib/gcc/x86_64-pc-linux-gnu/11.2.0/adalib/ -static-libgcc /home/runner/.config/alire/cache/dependencies/gnat_native_11.2.4_2f37a10b/lib/gcc/x86_64-pc-linux-gnu/11.2.0/adalib/libgnat.a -lm -ldl -Wl,-rpath-link,/home/runner/.config/alire/cache/dependencies/gnat_native_11.2.4_2f37a10b/lib/gcc/x86_64-pc-linux-gnu/11.2.0//adalib -Wl,-z,origin,-rpath,$ORIGIN//obj_fast:$ORIGIN/../../../../../..//.config/alire/cache/dependencies/gnat_native_11.2.4_2f37a10b/lib/gcc/x86_64-pc-linux-gnu/11.2.0/adalib -o /home/runner/work/alire-crates-ci/alire-crates-ci/test/2e6d69ed-1a0c-464b-819e-dd5a7e4c023f/mathpaqs_20230121.0.0_773568e5//fractal 
   link of biomorph.adb failed
   failed command was: /home/runner/.config/alire/cache/dependencies/gnat_native_11.2.4_2f37a10b/bin/gcc biomorph.o b__biomorph.o /home/runner/work/alire-crates-ci/alire-crates-ci/test/2e6d69ed-1a0c-464b-819e-dd5a7e4c023f/mathpaqs_20230121.0.0_773568e5/obj_fast/time_display.o /home/runner/work/alire-crates-ci/alire-crates-ci/test/2e6d69ed-1a0c-464b-819e-dd5a7e4c023f/mathpaqs_20230121.0.0_773568e5/obj_fast/graph-postscript_driver.o /home/runner/work/alire-crates-ci/alire-crates-ci/test/2e6d69ed-1a0c-464b-819e-dd5a7e4c023f/mathpaqs_20230121.0.0_773568e5/obj_fast/graph.o -g -L/home/runner/work/alire-crates-ci/alire-crates-ci/test/2e6d69ed-1a0c-464b-819e-dd5a7e4c023f/mathpaqs_20230121.0.0_773568e5/obj_fast/ -L/home/runner/work/alire-crates-ci/alire-crates-ci/test/2e6d69ed-1a0c-464b-819e-dd5a7e4c023f/mathpaqs_20230121.0.0_773568e5/obj_fast/ -L/home/runner/.config/alire/cache/dependencies/gnat_native_11.2.4_2f37a10b/lib/gcc/x86_64-pc-linux-gnu/11.2.0/adalib/ -static-libgcc /home/runner/.config/alire/cache/dependencies/gnat_native_11.2.4_2f37a10b/lib/gcc/x86_64-pc-linux-gnu/11.2.0/adalib/libgnat.a -lm -ldl -Wl,-rpath-link,/home/runner/.config/alire/cache/dependencies/gnat_native_11.2.4_2f37a10b/lib/gcc/x86_64-pc-linux-gnu/11.2.0//adalib -Wl,-z,origin,-rpath,$ORIGIN//obj_fast:$ORIGIN/../../../../../..//.config/alire/cache/dependencies/gnat_native_11.2.4_2f37a10b/lib/gcc/x86_64-pc-linux-gnu/11.2.0/adalib -o /home/runner/work/alire-crates-ci/alire-crates-ci/test/2e6d69ed-1a0c-464b-819e-dd5a7e4c023f/mathpaqs_20230121.0.0_773568e5//biomorph 
   link of arenstorf.adb failed
   failed command was: /home/runner/.config/alire/cache/dependencies/gnat_native_11.2.4_2f37a10b/bin/gcc arenstorf.o b__arenstorf.o /home/runner/work/alire-crates-ci/alire-crates-ci/test/2e6d69ed-1a0c-464b-819e-dd5a7e4c023f/mathpaqs_20230121.0.0_773568e5/obj_fast/dormand_prince_8.o /home/runner/work/alire-crates-ci/alire-crates-ci/test/2e6d69ed-1a0c-464b-819e-dd5a7e4c023f/mathpaqs_20230121.0.0_773568e5/obj_fast/g_matrices.o /home/runner/work/alire-crates-ci/alire-crates-ci/test/2e6d69ed-1a0c-464b-819e-dd5a7e4c023f/mathpaqs_20230121.0.0_773568e5/obj_fast/time_display.o /home/runner/work/alire-crates-ci/alire-crates-ci/test/2e6d69ed-1a0c-464b-819e-dd5a7e4c023f/mathpaqs_20230121.0.0_773568e5/obj_fast/graph-postscript_driver.o /home/runner/work/alire-crates-ci/alire-crates-ci/test/2e6d69ed-1a0c-464b-819e-dd5a7e4c023f/mathpaqs_20230121.0.0_773568e5/obj_fast/graph.o -g -L/home/runner/work/alire-crates-ci/alire-crates-ci/test/2e6d69ed-1a0c-464b-819e-dd5a7e4c023f/mathpaqs_20230121.0.0_773568e5/obj_fast/ -L/home/runner/work/alire-crates-ci/alire-crates-ci/test/2e6d69ed-1a0c-464b-819e-dd5a7e4c023f/mathpaqs_20230121.0.0_773568e5/obj_fast/ -L/home/runner/.config/alire/cache/dependencies/gnat_native_11.2.4_2f37a10b/lib/gcc/x86_64-pc-linux-gnu/11.2.0/adalib/ -static-libgcc /home/runner/.config/alire/cache/dependencies/gnat_native_11.2.4_2f37a10b/lib/gcc/x86_64-pc-linux-gnu/11.2.0/adalib/libgnat.a -lm -ldl -Wl,-rpath-link,/home/runner/.config/alire/cache/dependencies/gnat_native_11.2.4_2f37a10b/lib/gcc/x86_64-pc-linux-gnu/11.2.0//adalib -Wl,-z,origin,-rpath,$ORIGIN//obj_fast:$ORIGIN/../../../../../..//.config/alire/cache/dependencies/gnat_native_11.2.4_2f37a10b/lib/gcc/x86_64-pc-linux-gnu/11.2.0/adalib -o /home/runner/work/alire-crates-ci/alire-crates-ci/test/2e6d69ed-1a0c-464b-819e-dd5a7e4c023f/mathpaqs_20230121.0.0_773568e5//arenstorf 
   link of champ_vt.adb failed
   failed command was: /home/runner/.config/alire/cache/dependencies/gnat_native_11.2.4_2f37a10b/bin/gcc champ_vt.o b__champ_vt.o /home/runner/work/alire-crates-ci/alire-crates-ci/test/2e6d69ed-1a0c-464b-819e-dd5a7e4c023f/mathpaqs_20230121.0.0_773568e5/obj_fast/time_display.o /home/runner/work/alire-crates-ci/alire-crates-ci/test/2e6d69ed-1a0c-464b-819e-dd5a7e4c023f/mathpaqs_20230121.0.0_773568e5/obj_fast/graph-postscript_driver.o /home/runner/work/alire-crates-ci/alire-crates-ci/test/2e6d69ed-1a0c-464b-819e-dd5a7e4c023f/mathpaqs_20230121.0.0_773568e5/obj_fast/graph.o -g -L/home/runner/work/alire-crates-ci/alire-crates-ci/test/2e6d69ed-1a0c-464b-819e-dd5a7e4c023f/mathpaqs_20230121.0.0_773568e5/obj_fast/ -L/home/runner/work/alire-crates-ci/alire-crates-ci/test/2e6d69ed-1a0c-464b-819e-dd5a7e4c023f/mathpaqs_20230121.0.0_773568e5/obj_fast/ -L/home/runner/.config/alire/cache/dependencies/gnat_native_11.2.4_2f37a10b/lib/gcc/x86_64-pc-linux-gnu/11.2.0/adalib/ -static-libgcc /home/runner/.config/alire/cache/dependencies/gnat_native_11.2.4_2f37a10b/lib/gcc/x86_64-pc-linux-gnu/11.2.0/adalib/libgnat.a -lm -ldl -Wl,-rpath-link,/home/runner/.config/alire/cache/dependencies/gnat_native_11.2.4_2f37a10b/lib/gcc/x86_64-pc-linux-gnu/11.2.0//adalib -Wl,-z,origin,-rpath,$ORIGIN//obj_fast:$ORIGIN/../../../../../..//.config/alire/cache/dependencies/gnat_native_11.2.4_2f37a10b/lib/gcc/x86_64-pc-linux-gnu/11.2.0/adalib -o /home/runner/work/alire-crates-ci/alire-crates-ci/test/2e6d69ed-1a0c-464b-819e-dd5a7e4c023f/mathpaqs_20230121.0.0_773568e5//champ_vt 
gprbuild: *** link phase failed
stderr: Command ["gprbuild", "-s", "-j0", "-p", "-P", "/home/runner/work/alire-crates-ci/alire-crates-ci/test/2e6d69ed-1a0c-464b-819e-dd5a7e4c023f/mathpaqs_20230121.0.0_773568e5/mathpaqs.gpr"] exited with code 4
ERROR: Command ["gprbuild", "-s", "-j0", "-p", "-P", "/home/runner/work/alire-crates-ci/alire-crates-ci/test/2e6d69ed-1a0c-464b-819e-dd5a7e4c023f/mathpaqs_20230121.0.0_773568e5/mathpaqs.gpr"] exited with code 4
stderr: ALIRE.CHECKED_ERROR
stderr: Command ["gprbuild", "-s", "-j0", "-p", "-P", "/home/runner/work/alire-crates-ci/alire-crates-ci/test/2e6d69ed-1a0c-464b-819e-dd5a7e4c023f/mathpaqs_20230121.0.0_773568e5/mathpaqs.gpr"] exited with code 4
stderr: raised ALIRE.CHECKED_ERROR : alire-stored-error:1
[/home/runner/work/alire-crates-ci/alire-crates-ci/alire_install/bin/alr]
0xd7ada2 Alire.Raise_Checked_Error at alire.adb:251
0xa423cf Alire.Os_Lib.Subprocess.Checked_Spawn at alire-os_lib-subprocess.adb:110
0xc5cdee Alire.Spawn.Command at alire-spawn.adb:21
0xc5d51c Alire.Spawn.Gprbuild at alire-spawn.adb:41
0xbc1550 Alire.Roots.Build.Build_Single_Release.Call_Gprbuild at alire-roots.adb:140
0xbbfbaf Alire.Roots.Build.Build_Single_Release at alire-roots.adb:171
0xbdb95e Alire.Roots.Traverse.Traverse_Wrap at alire-roots.adb:1364
0xc25a8b Alire.Solutions.Traverse.Visit at alire-solutions.adb:1443
0xc246a2 Alire.Solutions.Traverse at alire-solutions.adb:1518
0xbdbaac Alire.Roots.Traverse at alire-roots.adb:1368
0xbbff40 Alire.Roots.Build at alire-roots.adb:196
0x4a0334 Alr.Commands.Build.Execute at alr-commands-build.adb:58
0x4b065a Alr.Commands.Get.Retrieve at alr-commands-get.adb:187
0x4b4e77 Alr.Commands.Get.Execute at alr-commands-get.adb:348
0x53bb7e Alr.Commands.Sub_Cmd.Execute at clic-subcommand-instance.adb:742
0x54756f Alr.Commands.Execute at alr-commands.adb:492
0x43cb1a Alr.Main at alr-main.adb:10
0x43f3e7 Main at b__alr-main.adb:2132
[/lib/x86_64-linux-gnu/libc.so.6]
0x7f98c922a1c8
0x7f98c922a289
[/home/runner/work/alire-crates-ci/alire-crates-ci/alire_install/bin/alr]
0x43c9f8 _start at ???
0xfffffffffffffffe


Warning: mathpaqs=20230121.0.0 successfully retrieved but its build failed.
There are no dependencies.
ERROR: Build ended with errors
