Test ran at 2024-07-20 12:40:48.030254+00:00

SOLUTION:
bar_codes=2.0.0: Generate various types of bar codes on different output formats
Origin: source archive abc_002.zip at https://sourceforge.net/projects/ada-bar-codes/files/abc_002.zip with hash sha512:d2aec096122c0b3b2c78a78df03b8ecc62216724b4d6f37b24f36df32244792202986b1f384db68db121693c1c5a761e11d129f6f9b2812c9cf25610033b4054
Properties:
   Author: Gautier de Montmollin
   Description: Generate various types of bar codes on different output formats
   GPR Scenario: Build_Mode := Debug | Fast | Check_2005 | Check_Style
   License: MIT
   Maintainer: fabien.chouteau@gmail.com
   Maintainers_Logins: zertovitch
   Maintainers_Logins: Fabien-Chouteau
   Name: bar_codes
   Project_File: bar_codes_gnat.gpr
   Tag: bar
   Tag: code
   Tag: qr
   Version: 2.0.0


LOG:
Note: Deploying bar_codes=2.0.0...
#=#=#                                                                          
##=#=#                                                                         
##-=#=-#                                                                       

######################################################################## 100.0%# #-=#=-#                                                                      

######################################################################## 100.0%
Note: Building bar_codes/bar_codes_gnat.gpr...
Setup
   [mkdir]        object directory for project Bar_Codes_GNAT
Compile
   [Ada]          bar_codes_demo.adb
   [Ada]          gnat_demo.ads
   [Ada]          bar_codes_test.adb
   [Ada]          gnat_test.ads
   [Ada]          tb_wrap.adb
   [Ada]          bar_codes.adb
   [Ada]          bar_codes-impl.adb
   [Ada]          bar_codes-encode_code_128.adb
   [Ada]          bar_codes-encode_qr.adb
Bind
   [gprbind]      bar_codes_demo.bexch
   [gprbind]      gnat_demo.bexch
   [gprbind]      bar_codes_test.bexch
   [Ada]          bar_codes_demo.ali
   [Ada]          gnat_demo.ali
   [Ada]          bar_codes_test.ali
   [gprbind]      gnat_test.bexch
   [Ada]          gnat_test.ali
Link
   [link]         bar_codes_demo.adb
   [link]         gnat_demo.ads
   [link]         bar_codes_test.adb
-macosx_version_min has been renamed to -macos_version_min
-macosx_version_min has been renamed to -macos_version_min
-macosx_version_min has been renamed to -macos_version_min
0  0x104c56f43  __assert_rtn + 64
1  0x104b58f43  ld::AtomPlacement::findAtom(unsigned char, unsigned long long, ld::AtomPlacement::AtomLoc const*&, long long&) const + 1411
2  0x104b75431  ld::InputFiles::SliceParser::parseObjectFile(mach_o::Header const*) const + 19745
3  0x104b85b71  ld::InputFiles::parseAllFiles(void (ld::AtomFile const*) block_pointer)::$_7::operator()(unsigned long, ld::FileInfo const&) const + 657
4  0x7ff804e7edef  _dispatch_client_callout2 + 8
5  0x7ff804e90547  _dispatch_apply_invoke3 + 431
6  0x7ff804e7edbc  _dispatch_client_callout + 8
7  0x7ff804e8004e  _dispatch_once_callout + 20
8  0x7ff804e8f740  _dispatch_apply_invoke + 184
9  0x7ff804e7edbc  _dispatch_client_callout + 8
10  0x7ff804e8e2ca  _dispatch_root_queue_drain + 871
11  0x7ff804e8e84f  _dispatch_worker_thread2 + 152
12  0x7ff80501cb43  _pthread_wqthread + 262
ld: Assertion failed: (resultIndex < sectData.atoms.size()), function findAtom, file Relocations.cpp, line 1336.
0  0x100bc7f43  __assert_rtn + 64
1  0x100ac9f43  ld::AtomPlacement::findAtom(unsigned char, unsigned long long, ld::AtomPlacement::AtomLoc const*&, long long&) const + 1411
2  0x100ae6431  ld::InputFiles::SliceParser::parseObjectFile(mach_o::Header const*) const + 19745
3  0x100af6b71  ld::InputFiles::parseAllFiles(void (ld::AtomFile const*) block_pointer)::$_7::operator()(unsigned long, ld::FileInfo const&) const + 657
4  0x7ff804e7edef  _dispatch_client_callout2 + 8
5  0x7ff804e90547  _dispatch_apply_invoke3 + 431
6  0x7ff804e7edbc  _dispatch_client_callout + 8
7  0x7ff804e8004e  _dispatch_once_callout + 20
8  0x7ff804e8f740  _dispatch_apply_invoke + 184
9  0x7ff804e7edbc  _dispatch_client_callout + 8
10  0x7ff804e8e2ca  _dispatch_root_queue_drain + 871
11  0x7ff804e8e84f  _dispatch_worker_thread2 + 152
12  0x7ff80501cb43  _pthread_wqthread + 262
ld: Assertion failed: (resultIndex < sectData.atoms.size()), function findAtom, file Relocations.cpp, line 1336.
0  0x102d36f43  __assert_rtn + 64
1  0x102c38f43  ld::AtomPlacement::findAtom(unsigned char, unsigned long long, ld::AtomPlacement::AtomLoc const*&, long long&) const + 1411
2  0x102c55431  ld::InputFiles::SliceParser::parseObjectFile(mach_o::Header const*) const + 19745
3  0x102c65b71  ld::InputFiles::parseAllFiles(void (ld::AtomFile const*) block_pointer)::$_7::operator()(unsigned long, ld::FileInfo const&) const + 657
4  0x7ff804e7edef  _dispatch_client_callout2 + 8
5  0x7ff804e90547  _dispatch_apply_invoke3 + 431
6  0x7ff804e7edbc  _dispatch_client_callout + 8
7  0x7ff804e8004e  _dispatch_once_callout + 20
8  0x7ff804e8f740  _dispatch_apply_invoke + 184
9  0x7ff804e7edbc  _dispatch_client_callout + 8
10  0x7ff804e8e2ca  _dispatch_root_queue_drain + 871
11  0x7ff804e8e84f  _dispatch_worker_thread2 + 152
12  0x7ff80501cb43  _pthread_wqthread + 262
ld: Assertion failed: (resultIndex < sectData.atoms.size()), function findAtom, file Relocations.cpp, line 1336.
collect2: error: ld returned 1 exit status
collect2: error: ld returned 1 exit status
collect2: error: ld returned 1 exit status
   link of gnat_demo.ads failed
   failed command was: /users/runner/.config/alire/cache/dependencies/gnat_native_12.2.1_77267eb1/bin/gcc gnat_demo.o b__gnat_demo.o /Users/runner/work/alire-crates-ci/alire-crates-ci/test/902695b8-29f6-4cb3-8a5e-b87a6e5e461c/bar_codes_2.0.0_d2aec096/obj_debug/bar_codes-encode_code_128.o /Users/runner/work/alire-crates-ci/alire-crates-ci/test/902695b8-29f6-4cb3-8a5e-b87a6e5e461c/bar_codes_2.0.0_d2aec096/obj_debug/bar_codes-encode_qr.o /Users/runner/work/alire-crates-ci/alire-crates-ci/test/902695b8-29f6-4cb3-8a5e-b87a6e5e461c/bar_codes_2.0.0_d2aec096/obj_debug/bar_codes.o /Users/runner/work/alire-crates-ci/alire-crates-ci/test/902695b8-29f6-4cb3-8a5e-b87a6e5e461c/bar_codes_2.0.0_d2aec096/obj_debug/bar_codes-impl.o /Users/runner/work/alire-crates-ci/alire-crates-ci/test/902695b8-29f6-4cb3-8a5e-b87a6e5e461c/bar_codes_2.0.0_d2aec096/obj_debug/bar_codes_demo.o /Users/runner/work/alire-crates-ci/alire-crates-ci/test/902695b8-29f6-4cb3-8a5e-b87a6e5e461c/bar_codes_2.0.0_d2aec096/obj_debug/tb_wrap.o -L/Users/runner/work/alire-crates-ci/alire-crates-ci/test/902695b8-29f6-4cb3-8a5e-b87a6e5e461c/bar_codes_2.0.0_d2aec096/obj_debug/ -L/Users/runner/work/alire-crates-ci/alire-crates-ci/test/902695b8-29f6-4cb3-8a5e-b87a6e5e461c/bar_codes_2.0.0_d2aec096/obj_debug/ -L/users/runner/.config/alire/cache/dependencies/gnat_native_12.2.1_77267eb1/lib/gcc/x86_64-apple-darwin19.6.0/12.2.0/adalib/ /users/runner/.config/alire/cache/dependencies/gnat_native_12.2.1_77267eb1/lib/gcc/x86_64-apple-darwin19.6.0/12.2.0/adalib/libgnat.a -Wl,-rpath,@executable_path//obj_debug -Wl,-rpath,@executable_path/../../../../../..//.config/alire/cache/dependencies/gnat_native_12.2.1_77267eb1/lib/gcc/x86_64-apple-darwin19.6.0/12.2.0/adalib -o /Users/runner/work/alire-crates-ci/alire-crates-ci/test/902695b8-29f6-4cb3-8a5e-b87a6e5e461c/bar_codes_2.0.0_d2aec096//gnat_demo 
   link of bar_codes_test.adb failed
   failed command was: /users/runner/.config/alire/cache/dependencies/gnat_native_12.2.1_77267eb1/bin/gcc bar_codes_test.o b__bar_codes_test.o /Users/runner/work/alire-crates-ci/alire-crates-ci/test/902695b8-29f6-4cb3-8a5e-b87a6e5e461c/bar_codes_2.0.0_d2aec096/obj_debug/bar_codes-encode_code_128.o /Users/runner/work/alire-crates-ci/alire-crates-ci/test/902695b8-29f6-4cb3-8a5e-b87a6e5e461c/bar_codes_2.0.0_d2aec096/obj_debug/bar_codes-encode_qr.o /Users/runner/work/alire-crates-ci/alire-crates-ci/test/902695b8-29f6-4cb3-8a5e-b87a6e5e461c/bar_codes_2.0.0_d2aec096/obj_debug/bar_codes.o /Users/runner/work/alire-crates-ci/alire-crates-ci/test/902695b8-29f6-4cb3-8a5e-b87a6e5e461c/bar_codes_2.0.0_d2aec096/obj_debug/bar_codes-impl.o -L/Users/runner/work/alire-crates-ci/alire-crates-ci/test/902695b8-29f6-4cb3-8a5e-b87a6e5e461c/bar_codes_2.0.0_d2aec096/obj_debug/ -L/Users/runner/work/alire-crates-ci/alire-crates-ci/test/902695b8-29f6-4cb3-8a5e-b87a6e5e461c/bar_codes_2.0.0_d2aec096/obj_debug/ -L/users/runner/.config/alire/cache/dependencies/gnat_native_12.2.1_77267eb1/lib/gcc/x86_64-apple-darwin19.6.0/12.2.0/adalib/ /users/runner/.config/alire/cache/dependencies/gnat_native_12.2.1_77267eb1/lib/gcc/x86_64-apple-darwin19.6.0/12.2.0/adalib/libgnat.a -Wl,-rpath,@executable_path//obj_debug -Wl,-rpath,@executable_path/../../../../../..//.config/alire/cache/dependencies/gnat_native_12.2.1_77267eb1/lib/gcc/x86_64-apple-darwin19.6.0/12.2.0/adalib -o /Users/runner/work/alire-crates-ci/alire-crates-ci/test/902695b8-29f6-4cb3-8a5e-b87a6e5e461c/bar_codes_2.0.0_d2aec096//bar_codes_test 
   link of bar_codes_demo.adb failed
   failed command was: /users/runner/.config/alire/cache/dependencies/gnat_native_12.2.1_77267eb1/bin/gcc bar_codes_demo.o b__bar_codes_demo.o /Users/runner/work/alire-crates-ci/alire-crates-ci/test/902695b8-29f6-4cb3-8a5e-b87a6e5e461c/bar_codes_2.0.0_d2aec096/obj_debug/bar_codes-encode_code_128.o /Users/runner/work/alire-crates-ci/alire-crates-ci/test/902695b8-29f6-4cb3-8a5e-b87a6e5e461c/bar_codes_2.0.0_d2aec096/obj_debug/bar_codes-encode_qr.o /Users/runner/work/alire-crates-ci/alire-crates-ci/test/902695b8-29f6-4cb3-8a5e-b87a6e5e461c/bar_codes_2.0.0_d2aec096/obj_debug/bar_codes.o /Users/runner/work/alire-crates-ci/alire-crates-ci/test/902695b8-29f6-4cb3-8a5e-b87a6e5e461c/bar_codes_2.0.0_d2aec096/obj_debug/bar_codes-impl.o -L/Users/runner/work/alire-crates-ci/alire-crates-ci/test/902695b8-29f6-4cb3-8a5e-b87a6e5e461c/bar_codes_2.0.0_d2aec096/obj_debug/ -L/Users/runner/work/alire-crates-ci/alire-crates-ci/test/902695b8-29f6-4cb3-8a5e-b87a6e5e461c/bar_codes_2.0.0_d2aec096/obj_debug/ -L/users/runner/.config/alire/cache/dependencies/gnat_native_12.2.1_77267eb1/lib/gcc/x86_64-apple-darwin19.6.0/12.2.0/adalib/ /users/runner/.config/alire/cache/dependencies/gnat_native_12.2.1_77267eb1/lib/gcc/x86_64-apple-darwin19.6.0/12.2.0/adalib/libgnat.a -Wl,-rpath,@executable_path//obj_debug -Wl,-rpath,@executable_path/../../../../../..//.config/alire/cache/dependencies/gnat_native_12.2.1_77267eb1/lib/gcc/x86_64-apple-darwin19.6.0/12.2.0/adalib -o /Users/runner/work/alire-crates-ci/alire-crates-ci/test/902695b8-29f6-4cb3-8a5e-b87a6e5e461c/bar_codes_2.0.0_d2aec096//bar_codes_demo 
gprbuild: *** link phase failed
stderr: Command ["gprbuild", "-s", "-j0", "-p", "-P", "/Users/runner/work/alire-crates-ci/alire-crates-ci/test/902695b8-29f6-4cb3-8a5e-b87a6e5e461c/bar_codes_2.0.0_d2aec096/bar_codes_gnat.gpr"] exited with code 4
ERROR: Command ["gprbuild", "-s", "-j0", "-p", "-P", "/Users/runner/work/alire-crates-ci/alire-crates-ci/test/902695b8-29f6-4cb3-8a5e-b87a6e5e461c/bar_codes_2.0.0_d2aec096/bar_codes_gnat.gpr"] exited with code 4
stderr: ALIRE.CHECKED_ERROR
stderr: Command ["gprbuild", "-s", "-j0", "-p", "-P", "/Users/runner/work/alire-crates-ci/alire-crates-ci/test/902695b8-29f6-4cb3-8a5e-b87a6e5e461c/bar_codes_2.0.0_d2aec096/bar_codes_gnat.gpr"] exited with code 4
stderr: raised ALIRE.CHECKED_ERROR : alire-stored-error:1
Load address: 0x1001b7000
Call stack traceback locations:
0x100abf415 0x100792e83 0x1009a5df9 0x1009a6581 0x100906ac3 0x100904f99 0x100921873 0x10096ddc1 0x10096c81a 0x1009219b8 0x100905349 0x1002169c1 0x100227578 0x10022c01c 0x1002b205c 0x1002bd3b8 0x1001b8605 0x1001bb914


Warning: bar_codes=2.0.0 successfully retrieved but its build failed.
There are no dependencies.
ERROR: Build ended with errors
