Test ran at 2024-12-10 12:33:56.443193+00:00

SOLUTION:
ini_files=10.0.0: A standalone, portable Ada package for configuration files
Origin: source archive ini-files-10.zip at https://sourceforge.net/projects/ini-files/files/ini-files/ini-files-10.zip with hash sha512:6f2bab21ce53d8b4448d30c0fc1b0bd4ec070120f6343ff176dbec338530e8d7948e14fd8e991b26f108f60cd7dc44531a537c8ca087c66ffca4d9993de32f60
Properties:
   Author: Rolf Ebert
   Author: Gautier de Montmollin
   Description: A standalone, portable Ada package for configuration files
   License: MIT
   Maintainer: rolf.ebert.gcc@gmx.de
   Maintainer: gdemont@hotmail.com
   Maintainers_Logins: RREE
   Maintainers_Logins: zertovitch
   Name: ini_files
   Project_File: ini_files.gpr
   Tag: ini
   Tag: cfg
   Tag: config
   Version: 10.0.0
   Website: https://sourceforge.net/p/ini-files/


LOG:
Note: Deploying ini_files=10.0.0...

######################################################################## 100.0%
######################################################################## 100.0%
######################################################################## 100.0%
######################################################################## 100.0%#=#=#                                                                          
##=#=#                                                                         

######################################################################## 100.0%
Note: Building ini_files/ini_files.gpr...
Setup
   [mkdir]        object directory for project Ini_files
Compile
   [Ada]          test_config.adb
   [Ada]          rosetta_read_cfg.adb
   [Ada]          rosetta_updt_cfg.adb
   [Ada]          rosetta_updt_cfg_reset.adb
   [Ada]          config.adb
Bind
   [gprbind]      test_config.bexch
   [gprbind]      rosetta_read_cfg.bexch
   [gprbind]      rosetta_updt_cfg.bexch
   [gprbind]      rosetta_updt_cfg_reset.bexch
   [Ada]          test_config.ali
   [Ada]          rosetta_read_cfg.ali
   [Ada]          rosetta_updt_cfg.ali
   [Ada]          rosetta_updt_cfg_reset.ali
Link
   [link]         test_config.adb
   [link]         rosetta_read_cfg.adb
   [link]         rosetta_updt_cfg.adb
   [link]         rosetta_updt_cfg_reset.adb
/home/runner/.config/alire/cache/dependencies/gnat_native_11.2.4_2f37a10b/bin/../lib/gcc/x86_64-pc-linux-gnu/11.2.0/../../../../x86_64-pc-linux-gnu/bin/ld: /lib/x86_64-linux-gnu/libc.so.6: unknown type [0x13] section `.relr.dyn'
/home/runner/.config/alire/cache/dependencies/gnat_native_11.2.4_2f37a10b/bin/../lib/gcc/x86_64-pc-linux-gnu/11.2.0/../../../../x86_64-pc-linux-gnu/bin/ld: skipping incompatible /lib/x86_64-linux-gnu/libc.so.6 when searching for /lib/x86_64-linux-gnu/libc.so.6
/home/runner/.config/alire/cache/dependencies/gnat_native_11.2.4_2f37a10b/bin/../lib/gcc/x86_64-pc-linux-gnu/11.2.0/../../../../x86_64-pc-linux-gnu/bin/ld: /lib/x86_64-linux-gnu/libc.so.6: unknown type [0x13] section `.relr.dyn'
/home/runner/.config/alire/cache/dependencies/gnat_native_11.2.4_2f37a10b/bin/../lib/gcc/x86_64-pc-linux-gnu/11.2.0/../../../../x86_64-pc-linux-gnu/bin/ld: cannot find /lib/x86_64-linux-gnu/libc.so.6
/home/runner/.config/alire/cache/dependencies/gnat_native_11.2.4_2f37a10b/bin/../lib/gcc/x86_64-pc-linux-gnu/11.2.0/../../../../x86_64-pc-linux-gnu/bin/ld: /lib/x86_64-linux-gnu/libc.so.6: unknown type [0x13] section `.relr.dyn'
/home/runner/.config/alire/cache/dependencies/gnat_native_11.2.4_2f37a10b/bin/../lib/gcc/x86_64-pc-linux-gnu/11.2.0/../../../../x86_64-pc-linux-gnu/bin/ld: skipping incompatible /lib/x86_64-linux-gnu/libc.so.6 when searching for /lib/x86_64-linux-gnu/libc.so.6
/home/runner/.config/alire/cache/dependencies/gnat_native_11.2.4_2f37a10b/bin/../lib/gcc/x86_64-pc-linux-gnu/11.2.0/../../../../x86_64-pc-linux-gnu/bin/ld: skipping incompatible /lib/x86_64-linux-gnu/libc.so.6 when searching for /lib/x86_64-linux-gnu/libc.so.6
/home/runner/.config/alire/cache/dependencies/gnat_native_11.2.4_2f37a10b/bin/../lib/gcc/x86_64-pc-linux-gnu/11.2.0/../../../../x86_64-pc-linux-gnu/bin/ld: cannot find /lib/x86_64-linux-gnu/libc.so.6
/home/runner/.config/alire/cache/dependencies/gnat_native_11.2.4_2f37a10b/bin/../lib/gcc/x86_64-pc-linux-gnu/11.2.0/../../../../x86_64-pc-linux-gnu/bin/ld: /lib/x86_64-linux-gnu/libc.so.6: unknown type [0x13] section `.relr.dyn'
/home/runner/.config/alire/cache/dependencies/gnat_native_11.2.4_2f37a10b/bin/../lib/gcc/x86_64-pc-linux-gnu/11.2.0/../../../../x86_64-pc-linux-gnu/bin/ld: /lib64/ld-linux-x86-64.so.2: unknown type [0x13] section `.relr.dyn'
/home/runner/.config/alire/cache/dependencies/gnat_native_11.2.4_2f37a10b/bin/../lib/gcc/x86_64-pc-linux-gnu/11.2.0/../../../../x86_64-pc-linux-gnu/bin/ld: skipping incompatible /lib/x86_64-linux-gnu/libc.so.6 when searching for /lib/x86_64-linux-gnu/libc.so.6
/home/runner/.config/alire/cache/dependencies/gnat_native_11.2.4_2f37a10b/bin/../lib/gcc/x86_64-pc-linux-gnu/11.2.0/../../../../x86_64-pc-linux-gnu/bin/ld: /lib/x86_64-linux-gnu/libc.so.6: unknown type [0x13] section `.relr.dyn'
/home/runner/.config/alire/cache/dependencies/gnat_native_11.2.4_2f37a10b/bin/../lib/gcc/x86_64-pc-linux-gnu/11.2.0/../../../../x86_64-pc-linux-gnu/bin/ld: skipping incompatible /lib64/ld-linux-x86-64.so.2 when searching for /lib64/ld-linux-x86-64.so.2
/home/runner/.config/alire/cache/dependencies/gnat_native_11.2.4_2f37a10b/bin/../lib/gcc/x86_64-pc-linux-gnu/11.2.0/../../../../x86_64-pc-linux-gnu/bin/ld: cannot find /lib64/ld-linux-x86-64.so.2
/home/runner/.config/alire/cache/dependencies/gnat_native_11.2.4_2f37a10b/bin/../lib/gcc/x86_64-pc-linux-gnu/11.2.0/../../../../x86_64-pc-linux-gnu/bin/ld: /lib64/ld-linux-x86-64.so.2: unknown type [0x13] section `/home/runner/.config/alire/cache/dependencies/gnat_native_11.2.4_2f37a10b/bin/../lib/gcc/x86_64-pc-linux-gnu/11.2.0/../../../../.relr.dynx86_64-pc-linux-gnu/bin/ld: '/lib64/ld-linux-x86-64.so.2
: unknown type [0x13] section `.relr.dyn'
/home/runner/.config/alire/cache/dependencies/gnat_native_11.2.4_2f37a10b/bin/../lib/gcc/x86_64-pc-linux-gnu/11.2.0/../../../../x86_64-pc-linux-gnu/bin/ld: skipping incompatible /lib/x86_64-linux-gnu/libc.so.6 when searching for /lib/x86_64-linux-gnu/libc.so.6
/home/runner/.config/alire/cache/dependencies/gnat_native_11.2.4_2f37a10b/bin/../lib/gcc/x86_64-pc-linux-gnu/11.2.0/../../../../x86_64-pc-linux-gnu/bin/ld: skipping incompatible /lib64/ld-linux-x86-64.so.2 when searching for /lib64/ld-linux-x86-64.so.2
/home/runner/.config/alire/cache/dependencies/gnat_native_11.2.4_2f37a10b/bin/../lib/gcc/x86_64-pc-linux-gnu/11.2.0/../../../../x86_64-pc-linux-gnu/bin/ld: cannot find /lib/x86_64-linux-gnu/libc.so.6
/home/runner/.config/alire/cache/dependencies/gnat_native_11.2.4_2f37a10b/bin/../lib/gcc/x86_64-pc-linux-gnu/11.2.0/../../../../x86_64-pc-linux-gnu/bin/ld: skipping incompatible /lib64/ld-linux-x86-64.so.2 when searching for /lib64/ld-linux-x86-64.so.2
/home/runner/.config/alire/cache/dependencies/gnat_native_11.2.4_2f37a10b/bin/../lib/gcc/x86_64-pc-linux-gnu/11.2.0/../../../../x86_64-pc-linux-gnu/bin/ld: cannot find /lib64/ld-linux-x86-64.so.2
/home/runner/.config/alire/cache/dependencies/gnat_native_11.2.4_2f37a10b/bin/../lib/gcc/x86_64-pc-linux-gnu/11.2.0/../../../../x86_64-pc-linux-gnu/bin/ld: /lib/x86_64-linux-gnu/libc.so.6: unknown type [0x13] section `.relr.dyn'
/home/runner/.config/alire/cache/dependencies/gnat_native_11.2.4_2f37a10b/bin/../lib/gcc/x86_64-pc-linux-gnu/11.2.0/../../../../x86_64-pc-linux-gnu/bin/ld: /lib64/ld-linux-x86-64.so.2: unknown type [0x13] section `.relr.dyn'
/home/runner/.config/alire/cache/dependencies/gnat_native_11.2.4_2f37a10b/bin/../lib/gcc/x86_64-pc-linux-gnu/11.2.0/../../../../x86_64-pc-linux-gnu/bin/ld: /lib/x86_64-linux-gnu/libc.so.6: unknown type [0x13] section `.relr.dyn'
/home/runner/.config/alire/cache/dependencies/gnat_native_11.2.4_2f37a10b/bin/../lib/gcc/x86_64-pc-linux-gnu/11.2.0/../../../../x86_64-pc-linux-gnu/bin/ld: skipping incompatible /lib64/ld-linux-x86-64.so.2 when searching for /lib64/ld-linux-x86-64.so.2
/home/runner/.config/alire/cache/dependencies/gnat_native_11.2.4_2f37a10b/bin/../lib/gcc/x86_64-pc-linux-gnu/11.2.0/../../../../x86_64-pc-linux-gnu/bin/ld: skipping incompatible /lib/x86_64-linux-gnu/libc.so.6 when searching for /lib/x86_64-linux-gnu/libc.so.6
/home/runner/.config/alire/cache/dependencies/gnat_native_11.2.4_2f37a10b/bin/../lib/gcc/x86_64-pc-linux-gnu/11.2.0/../../../../x86_64-pc-linux-gnu/bin/ld: skipping incompatible /lib/x86_64-linux-gnu/libc.so.6 when searching for /lib/x86_64-linux-gnu/libc.so.6
/home/runner/.config/alire/cache/dependencies/gnat_native_11.2.4_2f37a10b/bin/../lib/gcc/x86_64-pc-linux-gnu/11.2.0/../../../../x86_64-pc-linux-gnu/bin/ld: cannot find /lib/x86_64-linux-gnu/libc.so.6
/home/runner/.config/alire/cache/dependencies/gnat_native_11.2.4_2f37a10b/bin/../lib/gcc/x86_64-pc-linux-gnu/11.2.0/../../../../x86_64-pc-linux-gnu/bin/ld: /lib64/ld-linux-x86-64.so.2: unknown type [0x13] section `.relr.dyn'
/home/runner/.config/alire/cache/dependencies/gnat_native_11.2.4_2f37a10b/bin/../lib/gcc/x86_64-pc-linux-gnu/11.2.0/../../../../x86_64-pc-linux-gnu/bin/ld: /lib/x86_64-linux-gnu/libc.so.6: unknown type [0x13] section `.relr.dyn'
/home/runner/.config/alire/cache/dependencies/gnat_native_11.2.4_2f37a10b/bin/../lib/gcc/x86_64-pc-linux-gnu/11.2.0/../../../../x86_64-pc-linux-gnu/bin/ld: skipping incompatible /lib64/ld-linux-x86-64.so.2 when searching for /lib64/ld-linux-x86-64.so.2
/home/runner/.config/alire/cache/dependencies/gnat_native_11.2.4_2f37a10b/bin/../lib/gcc/x86_64-pc-linux-gnu/11.2.0/../../../../x86_64-pc-linux-gnu/bin/ld: cannot find /lib64/ld-linux-x86-64.so.2
/home/runner/.config/alire/cache/dependencies/gnat_native_11.2.4_2f37a10b/bin/../lib/gcc/x86_64-pc-linux-gnu/11.2.0/../../../../x86_64-pc-linux-gnu/bin/ld: skipping incompatible /lib/x86_64-linux-gnu/libc.so.6 when searching for /lib/x86_64-linux-gnu/libc.so.6
/home/runner/.config/alire/cache/dependencies/gnat_native_11.2.4_2f37a10b/bin/../lib/gcc/x86_64-pc-linux-gnu/11.2.0/../../../../x86_64-pc-linux-gnu/bin/ld: /lib64/ld-linux-x86-64.so.2: unknown type [0x13] section `.relr.dyn'
/home/runner/.config/alire/cache/dependencies/gnat_native_11.2.4_2f37a10b/bin/../lib/gcc/x86_64-pc-linux-gnu/11.2.0/../../../../x86_64-pc-linux-gnu/bin/ld: skipping incompatible /lib64/ld-linux-x86-64.so.2 when searching for /lib64/ld-linux-x86-64.so.2
/home/runner/.config/alire/cache/dependencies/gnat_native_11.2.4_2f37a10b/bin/../lib/gcc/x86_64-pc-linux-gnu/11.2.0/../../../../x86_64-pc-linux-gnu/bin/ld: /lib64/ld-linux-x86-64.so.2: unknown type [0x13] section `.relr.dyn'
/home/runner/.config/alire/cache/dependencies/gnat_native_11.2.4_2f37a10b/bin/../lib/gcc/x86_64-pc-linux-gnu/11.2.0/../../../../x86_64-pc-linux-gnu/bin/ld: skipping incompatible /lib64/ld-linux-x86-64.so.2 when searching for /lib64/ld-linux-x86-64.so.2
/home/runner/.config/alire/cache/dependencies/gnat_native_11.2.4_2f37a10b/bin/../lib/gcc/x86_64-pc-linux-gnu/11.2.0/../../../../x86_64-pc-linux-gnu/bin/ld: cannot find /lib64/ld-linux-x86-64.so.2
/home/runner/.config/alire/cache/dependencies/gnat_native_11.2.4_2f37a10b/bin/../lib/gcc/x86_64-pc-linux-gnu/11.2.0/../../../../x86_64-pc-linux-gnu/bin/ld: /lib64/ld-linux-x86-64.so.2: unknown type [0x13] section `.relr.dyn'
/home/runner/.config/alire/cache/dependencies/gnat_native_11.2.4_2f37a10b/bin/../lib/gcc/x86_64-pc-linux-gnu/11.2.0/../../../../x86_64-pc-linux-gnu/bin/ld: skipping incompatible /lib64/ld-linux-x86-64.so.2 when searching for /lib64/ld-linux-x86-64.so.2
collect2: error: ld returned 1 exit status
collect2: error: ld returned 1 exit status
collect2: error: ld returned 1 exit status
collect2: error: ld returned 1 exit status
   link of rosetta_read_cfg.adb failed
   failed command was: /home/runner/.config/alire/cache/dependencies/gnat_native_11.2.4_2f37a10b/bin/gcc rosetta_read_cfg.o b__rosetta_read_cfg.o /home/runner/work/alire-crates-ci/alire-crates-ci/test/c18d5caa-7845-4d76-b917-e89705acb5f2/ini_files_10.0.0_6f2bab21/obj/config.o -L/home/runner/work/alire-crates-ci/alire-crates-ci/test/c18d5caa-7845-4d76-b917-e89705acb5f2/ini_files_10.0.0_6f2bab21/obj/ -L/home/runner/work/alire-crates-ci/alire-crates-ci/test/c18d5caa-7845-4d76-b917-e89705acb5f2/ini_files_10.0.0_6f2bab21/obj/ -L/home/runner/.config/alire/cache/dependencies/gnat_native_11.2.4_2f37a10b/lib/gcc/x86_64-pc-linux-gnu/11.2.0/adalib/ -static-libgcc /home/runner/.config/alire/cache/dependencies/gnat_native_11.2.4_2f37a10b/lib/gcc/x86_64-pc-linux-gnu/11.2.0/adalib/libgnat.a -ldl -Wl,-rpath-link,/home/runner/.config/alire/cache/dependencies/gnat_native_11.2.4_2f37a10b/lib/gcc/x86_64-pc-linux-gnu/11.2.0//adalib -Wl,-z,origin,-rpath,$ORIGIN//obj:$ORIGIN/../../../../../..//.config/alire/cache/dependencies/gnat_native_11.2.4_2f37a10b/lib/gcc/x86_64-pc-linux-gnu/11.2.0/adalib -o /home/runner/work/alire-crates-ci/alire-crates-ci/test/c18d5caa-7845-4d76-b917-e89705acb5f2/ini_files_10.0.0_6f2bab21//rosetta_read_cfg 
   link of test_config.adb failed
   failed command was: /home/runner/.config/alire/cache/dependencies/gnat_native_11.2.4_2f37a10b/bin/gcc test_config.o b__test_config.o /home/runner/work/alire-crates-ci/alire-crates-ci/test/c18d5caa-7845-4d76-b917-e89705acb5f2/ini_files_10.0.0_6f2bab21/obj/config.o -L/home/runner/work/alire-crates-ci/alire-crates-ci/test/c18d5caa-7845-4d76-b917-e89705acb5f2/ini_files_10.0.0_6f2bab21/obj/ -L/home/runner/work/alire-crates-ci/alire-crates-ci/test/c18d5caa-7845-4d76-b917-e89705acb5f2/ini_files_10.0.0_6f2bab21/obj/ -L/home/runner/.config/alire/cache/dependencies/gnat_native_11.2.4_2f37a10b/lib/gcc/x86_64-pc-linux-gnu/11.2.0/adalib/ -static-libgcc /home/runner/.config/alire/cache/dependencies/gnat_native_11.2.4_2f37a10b/lib/gcc/x86_64-pc-linux-gnu/11.2.0/adalib/libgnat.a -ldl -Wl,-rpath-link,/home/runner/.config/alire/cache/dependencies/gnat_native_11.2.4_2f37a10b/lib/gcc/x86_64-pc-linux-gnu/11.2.0//adalib -Wl,-z,origin,-rpath,$ORIGIN//obj:$ORIGIN/../../../../../..//.config/alire/cache/dependencies/gnat_native_11.2.4_2f37a10b/lib/gcc/x86_64-pc-linux-gnu/11.2.0/adalib -o /home/runner/work/alire-crates-ci/alire-crates-ci/test/c18d5caa-7845-4d76-b917-e89705acb5f2/ini_files_10.0.0_6f2bab21//test_config 
   link of rosetta_updt_cfg.adb failed
   failed command was: /home/runner/.config/alire/cache/dependencies/gnat_native_11.2.4_2f37a10b/bin/gcc rosetta_updt_cfg.o b__rosetta_updt_cfg.o /home/runner/work/alire-crates-ci/alire-crates-ci/test/c18d5caa-7845-4d76-b917-e89705acb5f2/ini_files_10.0.0_6f2bab21/obj/config.o -L/home/runner/work/alire-crates-ci/alire-crates-ci/test/c18d5caa-7845-4d76-b917-e89705acb5f2/ini_files_10.0.0_6f2bab21/obj/ -L/home/runner/work/alire-crates-ci/alire-crates-ci/test/c18d5caa-7845-4d76-b917-e89705acb5f2/ini_files_10.0.0_6f2bab21/obj/ -L/home/runner/.config/alire/cache/dependencies/gnat_native_11.2.4_2f37a10b/lib/gcc/x86_64-pc-linux-gnu/11.2.0/adalib/ -static-libgcc /home/runner/.config/alire/cache/dependencies/gnat_native_11.2.4_2f37a10b/lib/gcc/x86_64-pc-linux-gnu/11.2.0/adalib/libgnat.a -ldl -Wl,-rpath-link,/home/runner/.config/alire/cache/dependencies/gnat_native_11.2.4_2f37a10b/lib/gcc/x86_64-pc-linux-gnu/11.2.0//adalib -Wl,-z,origin,-rpath,$ORIGIN//obj:$ORIGIN/../../../../../..//.config/alire/cache/dependencies/gnat_native_11.2.4_2f37a10b/lib/gcc/x86_64-pc-linux-gnu/11.2.0/adalib -o /home/runner/work/alire-crates-ci/alire-crates-ci/test/c18d5caa-7845-4d76-b917-e89705acb5f2/ini_files_10.0.0_6f2bab21//rosetta_updt_cfg 
   link of rosetta_updt_cfg_reset.adb failed
   failed command was: /home/runner/.config/alire/cache/dependencies/gnat_native_11.2.4_2f37a10b/bin/gcc rosetta_updt_cfg_reset.o b__rosetta_updt_cfg_reset.o /home/runner/work/alire-crates-ci/alire-crates-ci/test/c18d5caa-7845-4d76-b917-e89705acb5f2/ini_files_10.0.0_6f2bab21/obj/config.o /home/runner/work/alire-crates-ci/alire-crates-ci/test/c18d5caa-7845-4d76-b917-e89705acb5f2/ini_files_10.0.0_6f2bab21/obj/rosetta_updt_cfg.o -L/home/runner/work/alire-crates-ci/alire-crates-ci/test/c18d5caa-7845-4d76-b917-e89705acb5f2/ini_files_10.0.0_6f2bab21/obj/ -L/home/runner/work/alire-crates-ci/alire-crates-ci/test/c18d5caa-7845-4d76-b917-e89705acb5f2/ini_files_10.0.0_6f2bab21/obj/ -L/home/runner/.config/alire/cache/dependencies/gnat_native_11.2.4_2f37a10b/lib/gcc/x86_64-pc-linux-gnu/11.2.0/adalib/ -static-libgcc /home/runner/.config/alire/cache/dependencies/gnat_native_11.2.4_2f37a10b/lib/gcc/x86_64-pc-linux-gnu/11.2.0/adalib/libgnat.a -ldl -Wl,-rpath-link,/home/runner/.config/alire/cache/dependencies/gnat_native_11.2.4_2f37a10b/lib/gcc/x86_64-pc-linux-gnu/11.2.0//adalib -Wl,-z,origin,-rpath,$ORIGIN//obj:$ORIGIN/../../../../../..//.config/alire/cache/dependencies/gnat_native_11.2.4_2f37a10b/lib/gcc/x86_64-pc-linux-gnu/11.2.0/adalib -o /home/runner/work/alire-crates-ci/alire-crates-ci/test/c18d5caa-7845-4d76-b917-e89705acb5f2/ini_files_10.0.0_6f2bab21//rosetta_updt_cfg_reset 
gprbuild: *** link phase failed
stderr: Command ["gprbuild", "-s", "-j0", "-p", "-P", "/home/runner/work/alire-crates-ci/alire-crates-ci/test/c18d5caa-7845-4d76-b917-e89705acb5f2/ini_files_10.0.0_6f2bab21/ini_files.gpr"] exited with code 4
ERROR: Command ["gprbuild", "-s", "-j0", "-p", "-P", "/home/runner/work/alire-crates-ci/alire-crates-ci/test/c18d5caa-7845-4d76-b917-e89705acb5f2/ini_files_10.0.0_6f2bab21/ini_files.gpr"] exited with code 4
stderr: ALIRE.CHECKED_ERROR
stderr: Command ["gprbuild", "-s", "-j0", "-p", "-P", "/home/runner/work/alire-crates-ci/alire-crates-ci/test/c18d5caa-7845-4d76-b917-e89705acb5f2/ini_files_10.0.0_6f2bab21/ini_files.gpr"] exited with code 4
stderr: raised ALIRE.CHECKED_ERROR : alire-stored-error:1
[/home/runner/work/alire-crates-ci/alire-crates-ci/alire_install/bin/alr]
0xd7ada2 Alire.Raise_Checked_Error at alire.adb:251
0xa423cf Alire.Os_Lib.Subprocess.Checked_Spawn at alire-os_lib-subprocess.adb:110
0xc5cdee Alire.Spawn.Command at alire-spawn.adb:21
0xc5d51c Alire.Spawn.Gprbuild at alire-spawn.adb:41
0xbc1550 Alire.Roots.Build.Build_Single_Release.Call_Gprbuild at alire-roots.adb:140
0xbbfbaf Alire.Roots.Build.Build_Single_Release at alire-roots.adb:171
0xbdb95e Alire.Roots.Traverse.Traverse_Wrap at alire-roots.adb:1364
0xc25a8b Alire.Solutions.Traverse.Visit at alire-solutions.adb:1443
0xc246a2 Alire.Solutions.Traverse at alire-solutions.adb:1518
0xbdbaac Alire.Roots.Traverse at alire-roots.adb:1368
0xbbff40 Alire.Roots.Build at alire-roots.adb:196
0x4a0334 Alr.Commands.Build.Execute at alr-commands-build.adb:58
0x4b065a Alr.Commands.Get.Retrieve at alr-commands-get.adb:187
0x4b4e77 Alr.Commands.Get.Execute at alr-commands-get.adb:348
0x53bb7e Alr.Commands.Sub_Cmd.Execute at clic-subcommand-instance.adb:742
0x54756f Alr.Commands.Execute at alr-commands.adb:492
0x43cb1a Alr.Main at alr-main.adb:10
0x43f3e7 Main at b__alr-main.adb:2132
[/lib/x86_64-linux-gnu/libc.so.6]
0x7f700cc2a1c8
0x7f700cc2a289
[/home/runner/work/alire-crates-ci/alire-crates-ci/alire_install/bin/alr]
0x43c9f8 _start at ???
0xfffffffffffffffe


Warning: ini_files=10.0.0 successfully retrieved but its build failed.
There are no dependencies.
ERROR: Build ended with errors
