Test ran at 2025-01-05 12:31:17.795903+00:00

SOLUTION:
bar_codes=2.0.0: Generate various types of bar codes on different output formats
Origin: source archive abc_002.zip at https://sourceforge.net/projects/ada-bar-codes/files/abc_002.zip with hash sha512:d2aec096122c0b3b2c78a78df03b8ecc62216724b4d6f37b24f36df32244792202986b1f384db68db121693c1c5a761e11d129f6f9b2812c9cf25610033b4054
Properties:
   Author: Gautier de Montmollin
   Description: Generate various types of bar codes on different output formats
   GPR Scenario: Build_Mode := Debug | Fast | Check_2005 | Check_Style
   License: MIT
   Maintainer: fabien.chouteau@gmail.com
   Maintainers_Logins: zertovitch
   Maintainers_Logins: Fabien-Chouteau
   Name: bar_codes
   Project_File: bar_codes_gnat.gpr
   Tag: bar
   Tag: code
   Tag: qr
   Version: 2.0.0


LOG:
Note: Deploying bar_codes=2.0.0...

######################################################################## 100.0%
######################################################################## 100.0%
######################################################################## 100.0%
######################################################################## 100.0%#=#=#                                                                          
##=#=#                                                                         
##=O#- #                                                                       

######################################################################## 100.0%
Note: Building bar_codes/bar_codes_gnat.gpr...
Setup
   [mkdir]        object directory for project Bar_Codes_GNAT
Compile
   [Ada]          bar_codes_demo.adb
   [Ada]          gnat_demo.ads
   [Ada]          bar_codes_test.adb
   [Ada]          gnat_test.ads
   [Ada]          tb_wrap.adb
   [Ada]          bar_codes.adb
   [Ada]          bar_codes-impl.adb
   [Ada]          bar_codes-encode_code_128.adb
   [Ada]          bar_codes-encode_qr.adb
Bind
   [gprbind]      bar_codes_demo.bexch
   [gprbind]      gnat_demo.bexch
   [gprbind]      bar_codes_test.bexch
   [gprbind]      gnat_test.bexch
   [Ada]          bar_codes_demo.ali
   [Ada]          gnat_demo.ali
   [Ada]          bar_codes_test.ali
   [Ada]          gnat_test.ali
Link
   [link]         bar_codes_demo.adb
   [link]         gnat_demo.ads
   [link]         bar_codes_test.adb
   [link]         gnat_test.ads
/home/runner/.config/alire/cache/dependencies/gnat_native_11.2.4_2f37a10b/bin/../lib/gcc/x86_64-pc-linux-gnu/11.2.0/../../../..//home/runner/.config/alire/cache/dependencies/gnat_native_11.2.4_2f37a10b/bin/../lib/gcc/x86_64-pc-linux-gnu/11.2.0/../../../..//home/runner/.config/alire/cache/dependencies/gnat_native_11.2.4_2f37a10b/bin/../lib/gcc/x86_64-pc-linux-gnu/11.2.0/../../../..//home/runner/.config/alire/cache/dependencies/gnat_native_11.2.4_2f37a10b/bin/../lib/gcc/x86_64-pc-linux-gnu/11.2.0/../../../../x86_64-pc-linux-gnu/bin/ld: x86_64-pc-linux-gnu/bin/ld: x86_64-pc-linux-gnu/bin/ld: x86_64-pc-linux-gnu/bin/ld: /lib/x86_64-linux-gnu/libc.so.6/lib/x86_64-linux-gnu/libc.so.6: unknown type [/lib/x86_64-linux-gnu/libc.so.6/lib/x86_64-linux-gnu/libc.so.6: unknown type [0x13: unknown type [: unknown type [0x13] section `0x130x13] section `.relr.dyn] section `] section `.relr.dyn'.relr.dyn.relr.dyn'
''


/home/runner/.config/alire/cache/dependencies/gnat_native_11.2.4_2f37a10b/bin/../lib/gcc/x86_64-pc-linux-gnu/11.2.0/../../../../x86_64-pc-linux-gnu/bin/ld: skipping incompatible /lib/x86_64-linux-gnu/libc.so.6/home/runner/.config/alire/cache/dependencies/gnat_native_11.2.4_2f37a10b/bin/../lib/gcc/x86_64-pc-linux-gnu/11.2.0/../../../../x86_64-pc-linux-gnu/bin/ld/home/runner/.config/alire/cache/dependencies/gnat_native_11.2.4_2f37a10b/bin/../lib/gcc/x86_64-pc-linux-gnu/11.2.0/../../../../x86_64-pc-linux-gnu/bin/ld: skipping incompatible  when searching for : skipping incompatible /lib/x86_64-linux-gnu/libc.so.6/lib/x86_64-linux-gnu/libc.so.6/lib/x86_64-linux-gnu/libc.so.6 when searching for 
 when searching for /lib/x86_64-linux-gnu/libc.so.6/lib/x86_64-linux-gnu/libc.so.6

/home/runner/.config/alire/cache/dependencies/gnat_native_11.2.4_2f37a10b/bin/../lib/gcc/x86_64-pc-linux-gnu/11.2.0/../../../../x86_64-pc-linux-gnu/bin/ld: skipping incompatible /lib/x86_64-linux-gnu/libc.so.6 when searching for /home/runner/.config/alire/cache/dependencies/gnat_native_11.2.4_2f37a10b/bin/../lib/gcc/x86_64-pc-linux-gnu/11.2.0/../../../../x86_64-pc-linux-gnu/bin/ld/lib/x86_64-linux-gnu/libc.so.6/home/runner/.config/alire/cache/dependencies/gnat_native_11.2.4_2f37a10b/bin/../lib/gcc/x86_64-pc-linux-gnu/11.2.0/../../../../x86_64-pc-linux-gnu/bin/ld/home/runner/.config/alire/cache/dependencies/gnat_native_11.2.4_2f37a10b/bin/../lib/gcc/x86_64-pc-linux-gnu/11.2.0/../../../../x86_64-pc-linux-gnu/bin/ld: cannot find 
: cannot find : cannot find /lib/x86_64-linux-gnu/libc.so.6/lib/x86_64-linux-gnu/libc.so.6/lib/x86_64-linux-gnu/libc.so.6


/home/runner/.config/alire/cache/dependencies/gnat_native_11.2.4_2f37a10b/bin/../lib/gcc/x86_64-pc-linux-gnu/11.2.0/../../../../x86_64-pc-linux-gnu/bin/ld: cannot find /lib/x86_64-linux-gnu/libc.so.6
/home/runner/.config/alire/cache/dependencies/gnat_native_11.2.4_2f37a10b/bin/../lib/gcc/x86_64-pc-linux-gnu/11.2.0/../../../../x86_64-pc-linux-gnu/bin/ld: /lib/x86_64-linux-gnu/libc.so.6/home/runner/.config/alire/cache/dependencies/gnat_native_11.2.4_2f37a10b/bin/../lib/gcc/x86_64-pc-linux-gnu/11.2.0/../../../..//home/runner/.config/alire/cache/dependencies/gnat_native_11.2.4_2f37a10b/bin/../lib/gcc/x86_64-pc-linux-gnu/11.2.0/../../../../: unknown type [x86_64-pc-linux-gnu/bin/ld: x86_64-pc-linux-gnu/bin/ld: 0x13/lib/x86_64-linux-gnu/libc.so.6/lib/x86_64-linux-gnu/libc.so.6] section `: unknown type [: unknown type [/home/runner/.config/alire/cache/dependencies/gnat_native_11.2.4_2f37a10b/bin/../lib/gcc/x86_64-pc-linux-gnu/11.2.0/../../../../.relr.dyn0x130x13x86_64-pc-linux-gnu/bin/ld: '] section `] section `/lib/x86_64-linux-gnu/libc.so.6
.relr.dyn.relr.dyn: unknown type [''0x13

] section `.relr.dyn'
/home/runner/.config/alire/cache/dependencies/gnat_native_11.2.4_2f37a10b/bin/../lib/gcc/x86_64-pc-linux-gnu/11.2.0/../../../../x86_64-pc-linux-gnu/bin/ld: skipping incompatible /lib/x86_64-linux-gnu/libc.so.6 when searching for /lib/x86_64-linux-gnu/libc.so.6
/home/runner/.config/alire/cache/dependencies/gnat_native_11.2.4_2f37a10b/bin/../lib/gcc/x86_64-pc-linux-gnu/11.2.0/../../../../x86_64-pc-linux-gnu/bin/ld/home/runner/.config/alire/cache/dependencies/gnat_native_11.2.4_2f37a10b/bin/../lib/gcc/x86_64-pc-linux-gnu/11.2.0/../../../../x86_64-pc-linux-gnu/bin/ld/home/runner/.config/alire/cache/dependencies/gnat_native_11.2.4_2f37a10b/bin/../lib/gcc/x86_64-pc-linux-gnu/11.2.0/../../../../x86_64-pc-linux-gnu/bin/ld: skipping incompatible : skipping incompatible : skipping incompatible /lib/x86_64-linux-gnu/libc.so.6/lib/x86_64-linux-gnu/libc.so.6/lib/x86_64-linux-gnu/libc.so.6 when searching for  when searching for  when searching for /lib/x86_64-linux-gnu/libc.so.6/lib/x86_64-linux-gnu/libc.so.6/lib/x86_64-linux-gnu/libc.so.6


/home/runner/.config/alire/cache/dependencies/gnat_native_11.2.4_2f37a10b/bin/../lib/gcc/x86_64-pc-linux-gnu/11.2.0/../../../../x86_64-pc-linux-gnu/bin/ld: /lib64/ld-linux-x86-64.so.2/home/runner/.config/alire/cache/dependencies/gnat_native_11.2.4_2f37a10b/bin/../lib/gcc/x86_64-pc-linux-gnu/11.2.0/../../../../: unknown type [x86_64-pc-linux-gnu/bin/ld: 0x13/lib64/ld-linux-x86-64.so.2] section `: unknown type [.relr.dyn0x13'] section `
.relr.dyn/home/runner/.config/alire/cache/dependencies/gnat_native_11.2.4_2f37a10b/bin/../lib/gcc/x86_64-pc-linux-gnu/11.2.0/../../../..//home/runner/.config/alire/cache/dependencies/gnat_native_11.2.4_2f37a10b/bin/../lib/gcc/x86_64-pc-linux-gnu/11.2.0/../../../../'x86_64-pc-linux-gnu/bin/ld: x86_64-pc-linux-gnu/bin/ld: 
/lib64/ld-linux-x86-64.so.2/lib64/ld-linux-x86-64.so.2: unknown type [: unknown type [0x130x13] section `] section `.relr.dyn.relr.dyn''

/home/runner/.config/alire/cache/dependencies/gnat_native_11.2.4_2f37a10b/bin/../lib/gcc/x86_64-pc-linux-gnu/11.2.0/../../../../x86_64-pc-linux-gnu/bin/ld: skipping incompatible /lib64/ld-linux-x86-64.so.2 when searching for /lib64/ld-linux-x86-64.so.2
/home/runner/.config/alire/cache/dependencies/gnat_native_11.2.4_2f37a10b/bin/../lib/gcc/x86_64-pc-linux-gnu/11.2.0/../../../../x86_64-pc-linux-gnu/bin/ld: skipping incompatible /lib64/ld-linux-x86-64.so.2 when searching for /lib64/ld-linux-x86-64.so.2
/home/runner/.config/alire/cache/dependencies/gnat_native_11.2.4_2f37a10b/bin/../lib/gcc/x86_64-pc-linux-gnu/11.2.0/../../../../x86_64-pc-linux-gnu/bin/ld/home/runner/.config/alire/cache/dependencies/gnat_native_11.2.4_2f37a10b/bin/../lib/gcc/x86_64-pc-linux-gnu/11.2.0/../../../../x86_64-pc-linux-gnu/bin/ld/home/runner/.config/alire/cache/dependencies/gnat_native_11.2.4_2f37a10b/bin/../lib/gcc/x86_64-pc-linux-gnu/11.2.0/../../../../x86_64-pc-linux-gnu/bin/ld: cannot find : skipping incompatible : skipping incompatible /lib64/ld-linux-x86-64.so.2/home/runner/.config/alire/cache/dependencies/gnat_native_11.2.4_2f37a10b/bin/../lib/gcc/x86_64-pc-linux-gnu/11.2.0/../../../../x86_64-pc-linux-gnu/bin/ld/lib64/ld-linux-x86-64.so.2/lib64/ld-linux-x86-64.so.2
: cannot find  when searching for  when searching for /lib64/ld-linux-x86-64.so.2/lib64/ld-linux-x86-64.so.2/lib64/ld-linux-x86-64.so.2


/home/runner/.config/alire/cache/dependencies/gnat_native_11.2.4_2f37a10b/bin/../lib/gcc/x86_64-pc-linux-gnu/11.2.0/../../../../x86_64-pc-linux-gnu/bin/ld/home/runner/.config/alire/cache/dependencies/gnat_native_11.2.4_2f37a10b/bin/../lib/gcc/x86_64-pc-linux-gnu/11.2.0/../../../../x86_64-pc-linux-gnu/bin/ld: cannot find : cannot find /lib64/ld-linux-x86-64.so.2/lib64/ld-linux-x86-64.so.2

/home/runner/.config/alire/cache/dependencies/gnat_native_11.2.4_2f37a10b/bin/../lib/gcc/x86_64-pc-linux-gnu/11.2.0/../../../../x86_64-pc-linux-gnu/bin/ld: /home/runner/.config/alire/cache/dependencies/gnat_native_11.2.4_2f37a10b/bin/../lib/gcc/x86_64-pc-linux-gnu/11.2.0/../../../..//lib64/ld-linux-x86-64.so.2x86_64-pc-linux-gnu/bin/ld: : unknown type [/lib64/ld-linux-x86-64.so.20x13: unknown type [] section `0x13.relr.dyn] section `'.relr.dyn
'
/home/runner/.config/alire/cache/dependencies/gnat_native_11.2.4_2f37a10b/bin/../lib/gcc/x86_64-pc-linux-gnu/11.2.0/../../../..//home/runner/.config/alire/cache/dependencies/gnat_native_11.2.4_2f37a10b/bin/../lib/gcc/x86_64-pc-linux-gnu/11.2.0/../../../../x86_64-pc-linux-gnu/bin/ld: x86_64-pc-linux-gnu/bin/ld: /lib64/ld-linux-x86-64.so.2/lib64/ld-linux-x86-64.so.2: unknown type [: unknown type [0x130x13] section `] section `.relr.dyn.relr.dyn''

/home/runner/.config/alire/cache/dependencies/gnat_native_11.2.4_2f37a10b/bin/../lib/gcc/x86_64-pc-linux-gnu/11.2.0/../../../../x86_64-pc-linux-gnu/bin/ld/home/runner/.config/alire/cache/dependencies/gnat_native_11.2.4_2f37a10b/bin/../lib/gcc/x86_64-pc-linux-gnu/11.2.0/../../../../x86_64-pc-linux-gnu/bin/ld: skipping incompatible : skipping incompatible /lib64/ld-linux-x86-64.so.2/lib64/ld-linux-x86-64.so.2 when searching for  when searching for /lib64/ld-linux-x86-64.so.2/lib64/ld-linux-x86-64.so.2

/home/runner/.config/alire/cache/dependencies/gnat_native_11.2.4_2f37a10b/bin/../lib/gcc/x86_64-pc-linux-gnu/11.2.0/../../../../x86_64-pc-linux-gnu/bin/ld/home/runner/.config/alire/cache/dependencies/gnat_native_11.2.4_2f37a10b/bin/../lib/gcc/x86_64-pc-linux-gnu/11.2.0/../../../../x86_64-pc-linux-gnu/bin/ld: skipping incompatible : skipping incompatible /lib64/ld-linux-x86-64.so.2/lib64/ld-linux-x86-64.so.2 when searching for  when searching for /lib64/ld-linux-x86-64.so.2/lib64/ld-linux-x86-64.so.2

collect2: error: ld returned 1 exit status
collect2: error: ld returned 1 exit status
collect2: error: ld returned 1 exit status
collect2: error: ld returned 1 exit status
   link of bar_codes_demo.adb failed
   failed command was: /home/runner/.config/alire/cache/dependencies/gnat_native_11.2.4_2f37a10b/bin/gcc bar_codes_demo.o b__bar_codes_demo.o /home/runner/work/alire-crates-ci/alire-crates-ci/test/1562753e-fbb0-4937-8b03-86080bb093f3/bar_codes_2.0.0_d2aec096/obj_debug/bar_codes-encode_code_128.o /home/runner/work/alire-crates-ci/alire-crates-ci/test/1562753e-fbb0-4937-8b03-86080bb093f3/bar_codes_2.0.0_d2aec096/obj_debug/bar_codes-encode_qr.o /home/runner/work/alire-crates-ci/alire-crates-ci/test/1562753e-fbb0-4937-8b03-86080bb093f3/bar_codes_2.0.0_d2aec096/obj_debug/bar_codes.o /home/runner/work/alire-crates-ci/alire-crates-ci/test/1562753e-fbb0-4937-8b03-86080bb093f3/bar_codes_2.0.0_d2aec096/obj_debug/bar_codes-impl.o -L/home/runner/work/alire-crates-ci/alire-crates-ci/test/1562753e-fbb0-4937-8b03-86080bb093f3/bar_codes_2.0.0_d2aec096/obj_debug/ -L/home/runner/work/alire-crates-ci/alire-crates-ci/test/1562753e-fbb0-4937-8b03-86080bb093f3/bar_codes_2.0.0_d2aec096/obj_debug/ -L/home/runner/.config/alire/cache/dependencies/gnat_native_11.2.4_2f37a10b/lib/gcc/x86_64-pc-linux-gnu/11.2.0/adalib/ -static-libgcc /home/runner/.config/alire/cache/dependencies/gnat_native_11.2.4_2f37a10b/lib/gcc/x86_64-pc-linux-gnu/11.2.0/adalib/libgnat.a -ldl -Wl,-rpath-link,/home/runner/.config/alire/cache/dependencies/gnat_native_11.2.4_2f37a10b/lib/gcc/x86_64-pc-linux-gnu/11.2.0//adalib -Wl,-z,origin,-rpath,$ORIGIN//obj_debug:$ORIGIN/../../../../../..//.config/alire/cache/dependencies/gnat_native_11.2.4_2f37a10b/lib/gcc/x86_64-pc-linux-gnu/11.2.0/adalib -o /home/runner/work/alire-crates-ci/alire-crates-ci/test/1562753e-fbb0-4937-8b03-86080bb093f3/bar_codes_2.0.0_d2aec096//bar_codes_demo 
   link of gnat_demo.ads failed
   failed command was: /home/runner/.config/alire/cache/dependencies/gnat_native_11.2.4_2f37a10b/bin/gcc gnat_demo.o b__gnat_demo.o /home/runner/work/alire-crates-ci/alire-crates-ci/test/1562753e-fbb0-4937-8b03-86080bb093f3/bar_codes_2.0.0_d2aec096/obj_debug/bar_codes-encode_code_128.o /home/runner/work/alire-crates-ci/alire-crates-ci/test/1562753e-fbb0-4937-8b03-86080bb093f3/bar_codes_2.0.0_d2aec096/obj_debug/bar_codes-encode_qr.o /home/runner/work/alire-crates-ci/alire-crates-ci/test/1562753e-fbb0-4937-8b03-86080bb093f3/bar_codes_2.0.0_d2aec096/obj_debug/bar_codes.o /home/runner/work/alire-crates-ci/alire-crates-ci/test/1562753e-fbb0-4937-8b03-86080bb093f3/bar_codes_2.0.0_d2aec096/obj_debug/bar_codes-impl.o /home/runner/work/alire-crates-ci/alire-crates-ci/test/1562753e-fbb0-4937-8b03-86080bb093f3/bar_codes_2.0.0_d2aec096/obj_debug/bar_codes_demo.o /home/runner/work/alire-crates-ci/alire-crates-ci/test/1562753e-fbb0-4937-8b03-86080bb093f3/bar_codes_2.0.0_d2aec096/obj_debug/tb_wrap.o -L/home/runner/work/alire-crates-ci/alire-crates-ci/test/1562753e-fbb0-4937-8b03-86080bb093f3/bar_codes_2.0.0_d2aec096/obj_debug/ -L/home/runner/work/alire-crates-ci/alire-crates-ci/test/1562753e-fbb0-4937-8b03-86080bb093f3/bar_codes_2.0.0_d2aec096/obj_debug/ -L/home/runner/.config/alire/cache/dependencies/gnat_native_11.2.4_2f37a10b/lib/gcc/x86_64-pc-linux-gnu/11.2.0/adalib/ -static-libgcc /home/runner/.config/alire/cache/dependencies/gnat_native_11.2.4_2f37a10b/lib/gcc/x86_64-pc-linux-gnu/11.2.0/adalib/libgnat.a -ldl -Wl,-rpath-link,/home/runner/.config/alire/cache/dependencies/gnat_native_11.2.4_2f37a10b/lib/gcc/x86_64-pc-linux-gnu/11.2.0//adalib -Wl,-z,origin,-rpath,$ORIGIN//obj_debug:$ORIGIN/../../../../../..//.config/alire/cache/dependencies/gnat_native_11.2.4_2f37a10b/lib/gcc/x86_64-pc-linux-gnu/11.2.0/adalib -o /home/runner/work/alire-crates-ci/alire-crates-ci/test/1562753e-fbb0-4937-8b03-86080bb093f3/bar_codes_2.0.0_d2aec096//gnat_demo 
   link of bar_codes_test.adb failed
   failed command was: /home/runner/.config/alire/cache/dependencies/gnat_native_11.2.4_2f37a10b/bin/gcc bar_codes_test.o b__bar_codes_test.o /home/runner/work/alire-crates-ci/alire-crates-ci/test/1562753e-fbb0-4937-8b03-86080bb093f3/bar_codes_2.0.0_d2aec096/obj_debug/bar_codes-encode_code_128.o /home/runner/work/alire-crates-ci/alire-crates-ci/test/1562753e-fbb0-4937-8b03-86080bb093f3/bar_codes_2.0.0_d2aec096/obj_debug/bar_codes-encode_qr.o /home/runner/work/alire-crates-ci/alire-crates-ci/test/1562753e-fbb0-4937-8b03-86080bb093f3/bar_codes_2.0.0_d2aec096/obj_debug/bar_codes.o /home/runner/work/alire-crates-ci/alire-crates-ci/test/1562753e-fbb0-4937-8b03-86080bb093f3/bar_codes_2.0.0_d2aec096/obj_debug/bar_codes-impl.o -L/home/runner/work/alire-crates-ci/alire-crates-ci/test/1562753e-fbb0-4937-8b03-86080bb093f3/bar_codes_2.0.0_d2aec096/obj_debug/ -L/home/runner/work/alire-crates-ci/alire-crates-ci/test/1562753e-fbb0-4937-8b03-86080bb093f3/bar_codes_2.0.0_d2aec096/obj_debug/ -L/home/runner/.config/alire/cache/dependencies/gnat_native_11.2.4_2f37a10b/lib/gcc/x86_64-pc-linux-gnu/11.2.0/adalib/ -static-libgcc /home/runner/.config/alire/cache/dependencies/gnat_native_11.2.4_2f37a10b/lib/gcc/x86_64-pc-linux-gnu/11.2.0/adalib/libgnat.a -ldl -Wl,-rpath-link,/home/runner/.config/alire/cache/dependencies/gnat_native_11.2.4_2f37a10b/lib/gcc/x86_64-pc-linux-gnu/11.2.0//adalib -Wl,-z,origin,-rpath,$ORIGIN//obj_debug:$ORIGIN/../../../../../..//.config/alire/cache/dependencies/gnat_native_11.2.4_2f37a10b/lib/gcc/x86_64-pc-linux-gnu/11.2.0/adalib -o /home/runner/work/alire-crates-ci/alire-crates-ci/test/1562753e-fbb0-4937-8b03-86080bb093f3/bar_codes_2.0.0_d2aec096//bar_codes_test 
   link of gnat_test.ads failed
   failed command was: /home/runner/.config/alire/cache/dependencies/gnat_native_11.2.4_2f37a10b/bin/gcc gnat_test.o b__gnat_test.o /home/runner/work/alire-crates-ci/alire-crates-ci/test/1562753e-fbb0-4937-8b03-86080bb093f3/bar_codes_2.0.0_d2aec096/obj_debug/bar_codes-encode_code_128.o /home/runner/work/alire-crates-ci/alire-crates-ci/test/1562753e-fbb0-4937-8b03-86080bb093f3/bar_codes_2.0.0_d2aec096/obj_debug/bar_codes-encode_qr.o /home/runner/work/alire-crates-ci/alire-crates-ci/test/1562753e-fbb0-4937-8b03-86080bb093f3/bar_codes_2.0.0_d2aec096/obj_debug/bar_codes.o /home/runner/work/alire-crates-ci/alire-crates-ci/test/1562753e-fbb0-4937-8b03-86080bb093f3/bar_codes_2.0.0_d2aec096/obj_debug/bar_codes-impl.o /home/runner/work/alire-crates-ci/alire-crates-ci/test/1562753e-fbb0-4937-8b03-86080bb093f3/bar_codes_2.0.0_d2aec096/obj_debug/bar_codes_test.o /home/runner/work/alire-crates-ci/alire-crates-ci/test/1562753e-fbb0-4937-8b03-86080bb093f3/bar_codes_2.0.0_d2aec096/obj_debug/tb_wrap.o -L/home/runner/work/alire-crates-ci/alire-crates-ci/test/1562753e-fbb0-4937-8b03-86080bb093f3/bar_codes_2.0.0_d2aec096/obj_debug/ -L/home/runner/work/alire-crates-ci/alire-crates-ci/test/1562753e-fbb0-4937-8b03-86080bb093f3/bar_codes_2.0.0_d2aec096/obj_debug/ -L/home/runner/.config/alire/cache/dependencies/gnat_native_11.2.4_2f37a10b/lib/gcc/x86_64-pc-linux-gnu/11.2.0/adalib/ -static-libgcc /home/runner/.config/alire/cache/dependencies/gnat_native_11.2.4_2f37a10b/lib/gcc/x86_64-pc-linux-gnu/11.2.0/adalib/libgnat.a -ldl -Wl,-rpath-link,/home/runner/.config/alire/cache/dependencies/gnat_native_11.2.4_2f37a10b/lib/gcc/x86_64-pc-linux-gnu/11.2.0//adalib -Wl,-z,origin,-rpath,$ORIGIN//obj_debug:$ORIGIN/../../../../../..//.config/alire/cache/dependencies/gnat_native_11.2.4_2f37a10b/lib/gcc/x86_64-pc-linux-gnu/11.2.0/adalib -o /home/runner/work/alire-crates-ci/alire-crates-ci/test/1562753e-fbb0-4937-8b03-86080bb093f3/bar_codes_2.0.0_d2aec096//gnat_test 
gprbuild: *** link phase failed
stderr: Command ["gprbuild", "-s", "-j0", "-p", "-P", "/home/runner/work/alire-crates-ci/alire-crates-ci/test/1562753e-fbb0-4937-8b03-86080bb093f3/bar_codes_2.0.0_d2aec096/bar_codes_gnat.gpr"] exited with code 4
ERROR: Command ["gprbuild", "-s", "-j0", "-p", "-P", "/home/runner/work/alire-crates-ci/alire-crates-ci/test/1562753e-fbb0-4937-8b03-86080bb093f3/bar_codes_2.0.0_d2aec096/bar_codes_gnat.gpr"] exited with code 4
stderr: ALIRE.CHECKED_ERROR
stderr: Command ["gprbuild", "-s", "-j0", "-p", "-P", "/home/runner/work/alire-crates-ci/alire-crates-ci/test/1562753e-fbb0-4937-8b03-86080bb093f3/bar_codes_2.0.0_d2aec096/bar_codes_gnat.gpr"] exited with code 4
stderr: raised ALIRE.CHECKED_ERROR : alire-stored-error:1
[/home/runner/work/alire-crates-ci/alire-crates-ci/alire_install/bin/alr]
0xd7ada2 Alire.Raise_Checked_Error at alire.adb:251
0xa423cf Alire.Os_Lib.Subprocess.Checked_Spawn at alire-os_lib-subprocess.adb:110
0xc5cdee Alire.Spawn.Command at alire-spawn.adb:21
0xc5d51c Alire.Spawn.Gprbuild at alire-spawn.adb:41
0xbc1550 Alire.Roots.Build.Build_Single_Release.Call_Gprbuild at alire-roots.adb:140
0xbbfbaf Alire.Roots.Build.Build_Single_Release at alire-roots.adb:171
0xbdb95e Alire.Roots.Traverse.Traverse_Wrap at alire-roots.adb:1364
0xc25a8b Alire.Solutions.Traverse.Visit at alire-solutions.adb:1443
0xc246a2 Alire.Solutions.Traverse at alire-solutions.adb:1518
0xbdbaac Alire.Roots.Traverse at alire-roots.adb:1368
0xbbff40 Alire.Roots.Build at alire-roots.adb:196
0x4a0334 Alr.Commands.Build.Execute at alr-commands-build.adb:58
0x4b065a Alr.Commands.Get.Retrieve at alr-commands-get.adb:187
0x4b4e77 Alr.Commands.Get.Execute at alr-commands-get.adb:348
0x53bb7e Alr.Commands.Sub_Cmd.Execute at clic-subcommand-instance.adb:742
0x54756f Alr.Commands.Execute at alr-commands.adb:492
0x43cb1a Alr.Main at alr-main.adb:10
0x43f3e7 Main at b__alr-main.adb:2132
[/lib/x86_64-linux-gnu/libc.so.6]
0x7f7add22a1c8
0x7f7add22a289
[/home/runner/work/alire-crates-ci/alire-crates-ci/alire_install/bin/alr]
0x43c9f8 _start at ???
0xfffffffffffffffe


Warning: bar_codes=2.0.0 successfully retrieved but its build failed.
There are no dependencies.
ERROR: Build ended with errors
