Test ran at 2024-10-20 00:38:52.448364+00:00

SOLUTION:
resources=0.1.0: Utility library to handle project resources at run-time
Origin: commit a418da627ec3d18f50f60edaee41a2f47f173a0e from https://github.com/alire-project/resources.git
Properties:
   Author: Alire Team
   Description: Utility library to handle project resources at run-time
   License: MIT
   Maintainer: Fabien Chouteau <fabien.chouteau@gmail.com>
   Maintainers_Logins: Fabien-Chouteau
   Maintainers_Logins: mosteo
   Name: resources
   Tag: utils
   Version: 0.1.0
   Website: https://github.com/alire-project/resources


LOG:
Note: Deploying resources=0.1.0...
Note: Building resources/resources.gpr...
Setup
   [mkdir]        object directory for project Resources
   [mkdir]        library directory for project Resources
Compile
   [C]            whereami.c
   [Ada]          resources.adb
In file included from /Library/Developer/CommandLineTools/SDKs/MacOSX.sdk/usr/include/_stdlib.h:62,
                 from /Library/Developer/CommandLineTools/SDKs/MacOSX.sdk/usr/include/stdlib.h:58,
                 from /Users/runner/work/alire-crates-ci/alire-crates-ci/test/d883721e-ca76-455b-a8ea-54a4a003ee22/resources_0.1.0_a418da62/whereami/src/whereami.c:25:
/Library/Developer/CommandLineTools/SDKs/MacOSX.sdk/usr/include/sys/cdefs.h:567:30: error: missing ')' after "__has_attribute"
  567 | #if __has_cpp_attribute(clang::unsafe_buffer_usage)
      |                              ^~
/Library/Developer/CommandLineTools/SDKs/MacOSX.sdk/usr/include/sys/cdefs.h:567:32: error: missing binary operator before token "unsafe_buffer_usage"
  567 | #if __has_cpp_attribute(clang::unsafe_buffer_usage)
      |                                ^~~~~~~~~~~~~~~~~~~

   compilation of whereami.c failed

gprbuild: *** compilation phase failed
stderr: Command ["gprbuild", "-s", "-j0", "-p", "-P", "/Users/runner/work/alire-crates-ci/alire-crates-ci/test/d883721e-ca76-455b-a8ea-54a4a003ee22/resources_0.1.0_a418da62/resources.gpr"] exited with code 4
ERROR: Command ["gprbuild", "-s", "-j0", "-p", "-P", "/Users/runner/work/alire-crates-ci/alire-crates-ci/test/d883721e-ca76-455b-a8ea-54a4a003ee22/resources_0.1.0_a418da62/resources.gpr"] exited with code 4
stderr: ALIRE.CHECKED_ERROR
stderr: Command ["gprbuild", "-s", "-j0", "-p", "-P", "/Users/runner/work/alire-crates-ci/alire-crates-ci/test/d883721e-ca76-455b-a8ea-54a4a003ee22/resources_0.1.0_a418da62/resources.gpr"] exited with code 4
stderr: raised ALIRE.CHECKED_ERROR : alire-stored-error:1
Load address: 0x1024fa000
Call stack traceback locations:
0x102e02415 0x102ad5e83 0x102ce8df9 0x102ce9581 0x102c49ac3 0x102c47f99 0x102c64873 0x102cb0dc1 0x102caf81a 0x102c649b8 0x102c48349 0x1025599c1 0x10256a578 0x10256f01c 0x1025f505c 0x1026003b8 0x1024fb605 0x1024fe914


Warning: resources=0.1.0 successfully retrieved but its build failed.
There are no dependencies.
ERROR: Build ended with errors
