Test ran at 2022-08-08 12:28:43.192233+00:00

SOLUTION:
mathpaqs=20200214.0.0: A collection of mathematical, 100% portable, packages
Origin: source archive mathpaqs_2020_20_14.zip at https://sourceforge.net/projects/mathpaqs/files/mathpaqs_2020_20_14.zip with hash sha512:c897786fb2ca7fb3d7b6fb7e9477d8db0d07587ea55130fa7941bc6afc1f8266d53b8419e60cdc13bb5eeb9c43a0a4e2bdce65f634cf791fdb7765a5c9484192
Properties:
   Author: Gautier de Montmollin
   Description: A collection of mathematical, 100% portable, packages
   Executable: arenstorf
   Executable: arithmetic_compression
   Executable: biomorph
   Executable: champ_vt
   Executable: cr_demo
   Executable: fractal
   Executable: gnat_int
   Executable: ppm2func
   Executable: show_floats_limits
   Executable: test_beta
   Executable: test_cholesky
   Executable: test_copulas
   Executable: test_ert
   Executable: test_estimators
   Executable: test_formulas
   Executable: test_gamma
   Executable: test_generic_real_linear_equations
   Executable: test_normal
   Executable: test_pareto
   Executable: test_poisson
   Executable: test_qr
   Executable: test_random_performance
   Executable: test_rsa
   Executable: test_samples
   Executable: test_sparse
   Executable: test_u_rand
   Executable: test_discrete_random_simulation
   License: MIT
   Maintainer: alejandro@mosteo.com
   Maintainers_Logins: mosteo
   Maintainers_Logins: zertovitch
   Name: mathpaqs
   Version: 20200214.0.0
   Website: https://mathpaqs.sourceforge.io/


LOG:
Note: Deploying mathpaqs=20200214.0.0...
#=#=#                                                                         
##=#=#                                                                        

######################################################################## 100.0%##-=#=-#                                                                      
# #-=#=-#                                                                     

########                                                                  11.6%
####################################                                      50.6%
######################################################################## 100.0%
Note: Building mathpaqs/mathpaqs.gpr...
Setup
   [mkdir]        object directory for project Mathpaqs
Compile
   [Ada]          test_copulas.adb
   [Ada]          test_u_rand.adb
   [Ada]          test_random_performance.adb
   [Ada]          test_discrete_random_simulation.adb
   [Ada]          test_pareto.adb
   [Ada]          test_normal.adb
   [Ada]          test_poisson.adb
   [Ada]          test_samples.adb
   [Ada]          test_estimators.adb
   [Ada]          test_sparse.adb
   [Ada]          test_cholesky.adb
   [Ada]          test_qr.adb
test_sparse.adb:30:03: warning: in instantiation at conjgrad.adb:67
test_sparse.adb:30:03: warning: writable actual for "diag" overlaps with actual for "d"
test_sparse.adb:62:20: warning: formal parameter "n2" is not referenced
   [Ada]          test_generic_real_linear_equations.adb
   [Ada]          test_ert.adb
   [Ada]          test_beta.adb
   [Ada]          test_gamma.adb
   [Ada]          gnat_int.adb
   [Ada]          test_rsa.adb
   [Ada]          test_formulas.adb
test_rsa.adb:38:14: warning: writable actual for "i" overlaps with actual for "ipn"
   [Ada]          fractal.adb
   [Ada]          biomorph.adb
   [Ada]          champ_vt.adb
biomorph.adb:38:13: warning: procedure "Graphe_biomorphe_2" is not referenced
   [Ada]          arenstorf.adb
   [Ada]          cr_demo.adb
   [Ada]          ppm2func.adb
   [Ada]          arithmetic_compression.adb
   [Ada]          show_floats_limits.adb
   [Ada]          u_rand.adb
   [Ada]          beta_function.adb
   [Ada]          error_function.adb
   [Ada]          gamma_function.adb
   [Ada]          generic_random_functions.adb
   [Ada]          phi_function.adb
   [Ada]          samples.adb
   [Ada]          discrete_random_simulation.adb
   [Ada]          copulas.adb
   [Ada]          generic_real_linear_equations.adb
   [Ada]          estimators.adb
   [Ada]          conjgrad.adb
   [Ada]          sparse.adb
   [Ada]          sparse-vector_ops.adb
   [Ada]          euclidean_ring_tools.adb
   [Ada]          test_int.adb
   [Ada]          multi_precision_integers.adb
   [Ada]          multi_precision_integers-io.adb
multi_precision_integers-io.adb:69:16: warning: writable actual for "i1" overlaps with actual for "q"
multi_precision_integers-io.adb:162:17: warning: formal parameter "From" is not referenced
multi_precision_integers-io.adb:163:17: warning: formal parameter "Item" is not referenced
   [Ada]          graph.adb
test_int.adb:87:16: warning: writable actual for "i1" overlaps with actual for "i3"
test_int.adb:89:16: warning: writable actual for "i1" overlaps with actual for "i3"
test_int.adb:242:16: warning: writable actual for "i1" overlaps with actual for "i3"
test_int.adb:259:11: warning: writable actual for "i1" overlaps with actual for "i3"
test_int.adb:260:16: warning: writable actual for "i1" overlaps with actual for "i3"
test_int.adb:277:16: warning: writable actual for "i1" overlaps with actual for "i3"
test_int.adb:420:15: warning: writable actual for "i1" overlaps with actual for "i3"
   [Ada]          test_formulas_pkg.adb
multi_precision_integers.adb:444:07: warning: actuals for this call may be in wrong order
multi_precision_integers.adb:1161:12: warning: actuals for this call may be in wrong order
multi_precision_integers.adb:1337:23: warning: writable actual for "i2" overlaps with actual for "i3"
multi_precision_integers.adb:1390:19: warning: writable actual for "i1" overlaps with actual for "i3"
multi_precision_integers.adb:1397:21: warning: writable actual for "i1" overlaps with actual for "q"
multi_precision_integers.adb:1398:21: warning: writable actual for "i1" overlaps with actual for "r"
multi_precision_integers.adb:1400:21: warning: writable actual for "i2" overlaps with actual for "i3"
multi_precision_integers.adb:1401:23: warning: writable actual for "i1" overlaps with actual for "i3"
multi_precision_integers.adb:1402:21: warning: writable actual for "i1" overlaps with actual for "r"
   [Ada]          contours.adb
   [Ada]          generic_integer_arrays.adb
   [Ada]          integer_arrays.ads
graph.adb:44:43: warning: there are no others
graph.adb:48:43: warning: there are no others
graph.adb:238:03: warning: "current_fill_pattern_user" is not modified, could be declared constant
graph.adb:249:03: warning: "multi_page_available" is not modified, could be declared constant
graph.adb:758:23: warning: formal parameter "x" is not referenced
graph.adb:758:25: warning: formal parameter "y" is not referenced
graph.adb:758:36: warning: formal parameter "border" is not referenced
graph.adb:832:20: warning: lower bound check only fails if it is invalid
graph.adb:987:12: warning: "others" choice is redundant
graph.adb:987:12: warning: previous choices cover all values
graph.adb:1146:49: warning: redundant conversion, "dx" is of type "Float"
graph.adb:1147:49: warning: redundant conversion, "dy" is of type "Float"
graph.adb:1170:49: warning: redundant conversion, "dx" is of type "Float"
graph.adb:1171:49: warning: redundant conversion, "dy" is of type "Float"
graph.adb:1204:07: warning: "f" is not modified, could be declared constant
graph.adb:1372:05: warning: "c" is not modified, could be declared constant
graph.adb:1559:27: warning: formal parameter "col" is not referenced
graph.adb:1559:32: warning: formal parameter "r" is not referenced
graph.adb:1559:34: warning: formal parameter "g" is not referenced
graph.adb:1559:36: warning: formal parameter "b" is not referenced
   [Ada]          integer_arrays_io.adb
   [Ada]          real_arrays_io.adb
   [Ada]          dormand_prince_8.ads
   [Ada]          g_matrices.adb
g_matrices.ads:26:17: warning: function "/" is not referenced
   [Ada]          multi_precision_integers-check.adb
   [Ada]          graph-postscript_driver.adb
   [Ada]          time_display.adb
   [Ada]          formulas.adb
Bind
   [gprbind]      test_copulas.bexch
   [gprbind]      test_u_rand.bexch
   [Ada]          test_copulas.ali
   [gprbind]      test_random_performance.bexch
   [Ada]          test_u_rand.ali
   [Ada]          test_random_performance.ali
   [gprbind]      test_discrete_random_simulation.bexch
   [Ada]          test_discrete_random_simulation.ali
   [gprbind]      test_pareto.bexch
   [gprbind]      test_normal.bexch
   [Ada]          test_pareto.ali
   [Ada]          test_normal.ali
   [gprbind]      test_poisson.bexch
   [gprbind]      test_samples.bexch
   [Ada]          test_poisson.ali
   [gprbind]      test_estimators.bexch
   [Ada]          test_samples.ali
   [Ada]          test_estimators.ali
   [gprbind]      test_sparse.bexch
   [gprbind]      test_cholesky.bexch
   [Ada]          test_sparse.ali
   [gprbind]      test_qr.bexch
   [Ada]          test_cholesky.ali
   [Ada]          test_qr.ali
   [gprbind]      test_generic_real_linear_equations.bexch
   [gprbind]      test_ert.bexch
   [Ada]          test_generic_real_linear_equations.ali
   [Ada]          test_ert.ali
   [gprbind]      test_beta.bexch
   [Ada]          test_beta.ali
   [gprbind]      test_gamma.bexch
   [Ada]          test_gamma.ali
   [gprbind]      gnat_int.bexch
   [Ada]          gnat_int.ali
   [gprbind]      test_rsa.bexch
   [Ada]          test_rsa.ali
   [gprbind]      test_formulas.bexch
   [Ada]          test_formulas.ali
   [gprbind]      fractal.bexch
   [Ada]          fractal.ali
   [gprbind]      biomorph.bexch
   [Ada]          biomorph.ali
   [gprbind]      champ_vt.bexch
   [Ada]          champ_vt.ali
   [gprbind]      arenstorf.bexch
   [Ada]          arenstorf.ali
   [gprbind]      cr_demo.bexch
   [Ada]          cr_demo.ali
   [gprbind]      ppm2func.bexch
   [Ada]          ppm2func.ali
   [gprbind]      arithmetic_compression.bexch
   [gprbind]      show_floats_limits.bexch
   [Ada]          arithmetic_compression.ali
   [Ada]          show_floats_limits.ali
Link
   [link]         test_copulas.adb
   [link]         test_u_rand.adb
   [link]         test_random_performance.adb
ld: unknown option: --gc-sections
ld: unknown option: --gc-sections
collect2: error: ld returned 1 exit status
collect2: error: ld returned 1 exit status
ld: unknown option: --gc-sections
collect2: error: ld returned 1 exit status
   link of test_u_rand.adb failed
   failed command was: /users/runner/.config/alire/cache/dependencies/gnat_native_11.2.4_9800548d/bin/gcc test_u_rand.o b__test_u_rand.o /Users/runner/work/alire-crates-ci/alire-crates-ci/test/b09fe416-7840-4e33-a497-baf6970f5057/mathpaqs_20200214.0.0_c897786f/obj_fast/u_rand.o -g -Wl,--gc-sections -L/Users/runner/work/alire-crates-ci/alire-crates-ci/test/b09fe416-7840-4e33-a497-baf6970f5057/mathpaqs_20200214.0.0_c897786f/obj_fast/ -L/Users/runner/work/alire-crates-ci/alire-crates-ci/test/b09fe416-7840-4e33-a497-baf6970f5057/mathpaqs_20200214.0.0_c897786f/obj_fast/ -L/users/runner/.config/alire/cache/dependencies/gnat_native_11.2.4_9800548d/lib/gcc/x86_64-apple-darwin19.6.0/11.2.0/adalib/ /users/runner/.config/alire/cache/dependencies/gnat_native_11.2.4_9800548d/lib/gcc/x86_64-apple-darwin19.6.0/11.2.0/adalib/libgnat.a -Wl,-rpath,@executable_path//obj_fast -Wl,-rpath,@executable_path/../../../../../..//.config/alire/cache/dependencies/gnat_native_11.2.4_9800548d/lib/gcc/x86_64-apple-darwin19.6.0/11.2.0/adalib -o /Users/runner/work/alire-crates-ci/alire-crates-ci/test/b09fe416-7840-4e33-a497-baf6970f5057/mathpaqs_20200214.0.0_c897786f//test_u_rand 
   link of test_copulas.adb failed
   failed command was: /users/runner/.config/alire/cache/dependencies/gnat_native_11.2.4_9800548d/bin/gcc test_copulas.o b__test_copulas.o /Users/runner/work/alire-crates-ci/alire-crates-ci/test/b09fe416-7840-4e33-a497-baf6970f5057/mathpaqs_20200214.0.0_c897786f/obj_fast/error_function.o /Users/runner/work/alire-crates-ci/alire-crates-ci/test/b09fe416-7840-4e33-a497-baf6970f5057/mathpaqs_20200214.0.0_c897786f/obj_fast/gamma_function.o /Users/runner/work/alire-crates-ci/alire-crates-ci/test/b09fe416-7840-4e33-a497-baf6970f5057/mathpaqs_20200214.0.0_c897786f/obj_fast/generic_real_linear_equations.o /Users/runner/work/alire-crates-ci/alire-crates-ci/test/b09fe416-7840-4e33-a497-baf6970f5057/mathpaqs_20200214.0.0_c897786f/obj_fast/phi_function.o /Users/runner/work/alire-crates-ci/alire-crates-ci/test/b09fe416-7840-4e33-a497-baf6970f5057/mathpaqs_20200214.0.0_c897786f/obj_fast/beta_function.o /Users/runner/work/alire-crates-ci/alire-crates-ci/test/b09fe416-7840-4e33-a497-baf6970f5057/mathpaqs_20200214.0.0_c897786f/obj_fast/generic_random_functions.o /Users/runner/work/alire-crates-ci/alire-crates-ci/test/b09fe416-7840-4e33-a497-baf6970f5057/mathpaqs_20200214.0.0_c897786f/obj_fast/copulas.o /Users/runner/work/alire-crates-ci/alire-crates-ci/test/b09fe416-7840-4e33-a497-baf6970f5057/mathpaqs_20200214.0.0_c897786f/obj_fast/u_rand.o -g -Wl,--gc-sections -L/Users/runner/work/alire-crates-ci/alire-crates-ci/test/b09fe416-7840-4e33-a497-baf6970f5057/mathpaqs_20200214.0.0_c897786f/obj_fast/ -L/Users/runner/work/alire-crates-ci/alire-crates-ci/test/b09fe416-7840-4e33-a497-baf6970f5057/mathpaqs_20200214.0.0_c897786f/obj_fast/ -L/users/runner/.config/alire/cache/dependencies/gnat_native_11.2.4_9800548d/lib/gcc/x86_64-apple-darwin19.6.0/11.2.0/adalib/ /users/runner/.config/alire/cache/dependencies/gnat_native_11.2.4_9800548d/lib/gcc/x86_64-apple-darwin19.6.0/11.2.0/adalib/libgnat.a -lm -Wl,-rpath,@executable_path//obj_fast -Wl,-rpath,@executable_path/../../../../../..//.config/alire/cache/dependencies/gnat_native_11.2.4_9800548d/lib/gcc/x86_64-apple-darwin19.6.0/11.2.0/adalib -o /Users/runner/work/alire-crates-ci/alire-crates-ci/test/b09fe416-7840-4e33-a497-baf6970f5057/mathpaqs_20200214.0.0_c897786f//test_copulas 
   link of test_random_performance.adb failed
   failed command was: /users/runner/.config/alire/cache/dependencies/gnat_native_11.2.4_9800548d/bin/gcc test_random_performance.o b__test_random_performance.o /Users/runner/work/alire-crates-ci/alire-crates-ci/test/b09fe416-7840-4e33-a497-baf6970f5057/mathpaqs_20200214.0.0_c897786f/obj_fast/u_rand.o -g -Wl,--gc-sections -L/Users/runner/work/alire-crates-ci/alire-crates-ci/test/b09fe416-7840-4e33-a497-baf6970f5057/mathpaqs_20200214.0.0_c897786f/obj_fast/ -L/Users/runner/work/alire-crates-ci/alire-crates-ci/test/b09fe416-7840-4e33-a497-baf6970f5057/mathpaqs_20200214.0.0_c897786f/obj_fast/ -L/users/runner/.config/alire/cache/dependencies/gnat_native_11.2.4_9800548d/lib/gcc/x86_64-apple-darwin19.6.0/11.2.0/adalib/ /users/runner/.config/alire/cache/dependencies/gnat_native_11.2.4_9800548d/lib/gcc/x86_64-apple-darwin19.6.0/11.2.0/adalib/libgnat.a -Wl,-rpath,@executable_path//obj_fast -Wl,-rpath,@executable_path/../../../../../..//.config/alire/cache/dependencies/gnat_native_11.2.4_9800548d/lib/gcc/x86_64-apple-darwin19.6.0/11.2.0/adalib -o /Users/runner/work/alire-crates-ci/alire-crates-ci/test/b09fe416-7840-4e33-a497-baf6970f5057/mathpaqs_20200214.0.0_c897786f//test_random_performance 
gprbuild: *** link phase failed
stderr: Command ["gprbuild", "-s", "-j0", "-p", "-P", "/Users/runner/work/alire-crates-ci/alire-crates-ci/test/b09fe416-7840-4e33-a497-baf6970f5057/mathpaqs_20200214.0.0_c897786f/mathpaqs.gpr"] exited with code 4
ERROR: Command ["gprbuild", "-s", "-j0", "-p", "-P", "/Users/runner/work/alire-crates-ci/alire-crates-ci/test/b09fe416-7840-4e33-a497-baf6970f5057/mathpaqs_20200214.0.0_c897786f/mathpaqs.gpr"] exited with code 4
stderr: ALIRE.CHECKED_ERROR
stderr: Command ["gprbuild", "-s", "-j0", "-p", "-P", "/Users/runner/work/alire-crates-ci/alire-crates-ci/test/b09fe416-7840-4e33-a497-baf6970f5057/mathpaqs_20200214.0.0_c897786f/mathpaqs.gpr"] exited with code 4
stderr: raised ALIRE.CHECKED_ERROR : alire-stored-error:1
Load address: 0x108d8e000
Call stack traceback locations:
0x10969612d 0x10936b867 0x10957e0d9 0x10957e861 0x1094dedc7 0x1094dd29d 0x1094f9b77 0x1095460a9 0x109544b02 0x1094f9cbc 0x1094dd64d 0x108df0f01 0x108e01ab8 0x108e0655c 0x108e8c59c 0x108e978f8 0x108d92b45 0x108d95e54


Warning: mathpaqs=20200214.0.0 successfully retrieved but its build failed.
There are no dependencies.
ERROR: Build ended with errors
