Test ran at 2024-06-29 01:36:57.170919+00:00

SOLUTION:
resources=0.1.0: Utility library to handle project resources at run-time
Origin: commit a418da627ec3d18f50f60edaee41a2f47f173a0e from https://github.com/alire-project/resources.git
Properties:
   Author: Alire Team
   Description: Utility library to handle project resources at run-time
   License: MIT
   Maintainer: Fabien Chouteau <fabien.chouteau@gmail.com>
   Maintainers_Logins: Fabien-Chouteau
   Maintainers_Logins: mosteo
   Name: resources
   Tag: utils
   Version: 0.1.0
   Website: https://github.com/alire-project/resources


LOG:
Note: Deploying resources=0.1.0...
Note: Building resources/resources.gpr...
Setup
   [mkdir]        object directory for project Resources
   [mkdir]        library directory for project Resources
Compile
   [C]            whereami.c
   [Ada]          resources.adb
In file included from /Library/Developer/CommandLineTools/SDKs/MacOSX.sdk/usr/include/stdlib.h:62,
                 from /Users/runner/work/alire-crates-ci/alire-crates-ci/test/e6f1af4f-9c49-4956-93a6-f6e5ef3ebc5b/resources_0.1.0_a418da62/whereami/src/whereami.c:25:
/Library/Developer/CommandLineTools/SDKs/MacOSX.sdk/usr/include/sys/cdefs.h:554:30: error: missing ')' after "__has_attribute"
  554 | #if __has_cpp_attribute(clang::unsafe_buffer_usage)
      |                              ^~
/Library/Developer/CommandLineTools/SDKs/MacOSX.sdk/usr/include/sys/cdefs.h:554:32: error: missing binary operator before token "unsafe_buffer_usage"
  554 | #if __has_cpp_attribute(clang::unsafe_buffer_usage)
      |                                ^~~~~~~~~~~~~~~~~~~

   compilation of whereami.c failed

gprbuild: *** compilation phase failed
stderr: Command ["gprbuild", "-s", "-j0", "-p", "-P", "/Users/runner/work/alire-crates-ci/alire-crates-ci/test/e6f1af4f-9c49-4956-93a6-f6e5ef3ebc5b/resources_0.1.0_a418da62/resources.gpr"] exited with code 4
ERROR: Command ["gprbuild", "-s", "-j0", "-p", "-P", "/Users/runner/work/alire-crates-ci/alire-crates-ci/test/e6f1af4f-9c49-4956-93a6-f6e5ef3ebc5b/resources_0.1.0_a418da62/resources.gpr"] exited with code 4
stderr: ALIRE.CHECKED_ERROR
stderr: Command ["gprbuild", "-s", "-j0", "-p", "-P", "/Users/runner/work/alire-crates-ci/alire-crates-ci/test/e6f1af4f-9c49-4956-93a6-f6e5ef3ebc5b/resources_0.1.0_a418da62/resources.gpr"] exited with code 4
stderr: raised ALIRE.CHECKED_ERROR : alire-stored-error:1
Load address: 0x102983000
Call stack traceback locations:
0x10328b415 0x102f5ee83 0x103171df9 0x103172581 0x1030d2ac3 0x1030d0f99 0x1030ed873 0x103139dc1 0x10313881a 0x1030ed9b8 0x1030d1349 0x1029e29c1 0x1029f3578 0x1029f801c 0x102a7e05c 0x102a893b8 0x102984605 0x102987914


Warning: resources=0.1.0 successfully retrieved but its build failed.
There are no dependencies.
ERROR: Build ended with errors
